#
# There is insufficient memory for the Java Runtime Environment to continue.
# Native memory allocation (mmap) failed to map 51380224 bytes for Failed to commit area from 0x000000008f000000 to 0x0000000092100000 of length 51380224.
# Possible reasons:
#   The system is out of physical RAM or swap space
#   The process is running with CompressedOops enabled, and the Java Heap may be blocking the growth of the native heap
# Possible solutions:
#   Reduce memory load on the system
#   Increase physical memory or swap space
#   Check if swap backing store is full
#   Decrease Java heap size (-Xmx/-Xms)
#   Decrease number of Java threads
#   Decrease Java thread stack sizes (-Xss)
#   Set larger code cache with -XX:ReservedCodeCacheSize=
#   JVM is running with Unscaled Compressed Oops mode in which the Java heap is
#     placed in the first 4GB address space. The Java Heap base address is the
#     maximum limit for the native heap growth. Please use -XX:HeapBaseMinAddress
#     to set the Java Heap base and to place the Java Heap above 4GB virtual address.
# This output file may be truncated or incomplete.
#
#  Out of Memory Error (src/hotspot/os/windows/os_windows.cpp:3627), pid=14692, tid=15928
#
# JRE version: OpenJDK Runtime Environment (11.0.15) (build 11.0.15+0-b2043.56-9505619)
# Java VM: OpenJDK 64-Bit Server VM (11.0.15+0-b2043.56-9505619, mixed mode, tiered, compressed oops, g1 gc, windows-amd64)
# No core dump will be written. Minidumps are not enabled by default on client versions of Windows
#

---------------  S U M M A R Y ------------

Command Line: --add-opens=java.base/java.util=ALL-UNNAMED --add-opens=java.base/java.lang=ALL-UNNAMED --add-opens=java.base/java.lang.invoke=ALL-UNNAMED --add-opens=java.base/java.util=ALL-UNNAMED --add-opens=java.prefs/java.util.prefs=ALL-UNNAMED --add-opens=java.prefs/java.util.prefs=ALL-UNNAMED --add-opens=java.base/java.nio.charset=ALL-UNNAMED --add-opens=java.base/java.net=ALL-UNNAMED --add-opens=java.base/java.util.concurrent.atomic=ALL-UNNAMED -Xmx2048m -Dfile.encoding=UTF-8 -Duser.country=ID -Duser.language=en -Duser.variant org.gradle.launcher.daemon.bootstrap.GradleDaemon 7.5

Host: AMD A8-7410 APU with AMD Radeon R5 Graphics    , 4 cores, 3G,  Windows 10 , 64 bit Build 19041 (10.0.19041.2364)
Time: Fri Feb 17 19:40:53 2023 SE Asia Standard Time elapsed time: 60.792789 seconds (0d 0h 1m 0s)

---------------  T H R E A D  ---------------

Current thread (0x0000023c44796800):  VMThread "VM Thread" [stack: 0x000000bbb9700000,0x000000bbb9800000] [id=15928]

Stack: [0x000000bbb9700000,0x000000bbb9800000]
[error occurred during error reporting (printing stack bounds), id 0xc0000005, EXCEPTION_ACCESS_VIOLATION (0xc0000005) at pc=0x0000023c2df0112d]

Native frames: (J=compiled Java code, j=interpreted, Vv=VM code, C=native code)
V  [jvm.dll+0x64135a]
V  [jvm.dll+0x7d39f9]
V  [jvm.dll+0x7d51b9]
V  [jvm.dll+0x7d5805]
V  [jvm.dll+0x7d57bb]
V  [jvm.dll+0x640655]
V  [jvm.dll+0x640d68]
C  [ntdll.dll+0xa241f]
C  [ntdll.dll+0x514a4]
C  [ntdll.dll+0xa0f4e]
C  0x0000023c2df0112d

VM_Operation (0x000000bbba9f6370): G1CollectForAllocation, mode: safepoint, requested by thread 0x0000023c46236800


---------------  P R O C E S S  ---------------

Threads class SMR info:
_java_thread_list=0x0000023c48da0700, length=78, elements={
0x0000023c2a3d4800, 0x0000023c44799000, 0x0000023c447a5000, 0x0000023c447fa800,
0x0000023c447fc000, 0x0000023c447fd000, 0x0000023c44801000, 0x0000023c44818000,
0x0000023c4482d800, 0x0000023c44a6b800, 0x0000023c463a1800, 0x0000023c44c56000,
0x0000023c459f5800, 0x0000023c460b3000, 0x0000023c4697e800, 0x0000023c44e7d000,
0x0000023c46236800, 0x0000023c45c98000, 0x0000023c45c9a000, 0x0000023c45c9a800,
0x0000023c44ea0800, 0x0000023c44ea1800, 0x0000023c44ea2800, 0x0000023c44ea0000,
0x0000023c44ea3000, 0x0000023c44ea4000, 0x0000023c44e9e000, 0x0000023c44ea4800,
0x0000023c44e9f000, 0x0000023c4548d000, 0x0000023c4548e000, 0x0000023c4548f000,
0x0000023c4548b800, 0x0000023c4548f800, 0x0000023c45490800, 0x0000023c45491000,
0x0000023c4548c800, 0x0000023c49899000, 0x0000023c4989d000, 0x0000023c4989f800,
0x0000023c4989a800, 0x0000023c49899800, 0x0000023c4989b800, 0x0000023c498a2000,
0x0000023c498a1000, 0x0000023c4989c000, 0x0000023c4989d800, 0x0000023c4989e800,
0x0000023c498a4000, 0x0000023c498a5000, 0x0000023c498a2800, 0x0000023c498a6000,
0x0000023c498a3800, 0x0000023c498a0000, 0x0000023c498a7800, 0x0000023c498a6800,
0x0000023c49677000, 0x0000023c4967c800, 0x0000023c4967a000, 0x0000023c49679000,
0x0000023c4967d800, 0x0000023c4967b000, 0x0000023c4967b800, 0x0000023c49677800,
0x0000023c49678800, 0x0000023c49a64800, 0x0000023c49a65000, 0x0000023c49a61000,
0x0000023c49a66000, 0x0000023c49a60000, 0x0000023c49a62000, 0x0000023c49a67800,
0x0000023c49a67000, 0x0000023c49a68800, 0x0000023c49a62800, 0x0000023c49a69000,
0x0000023c49a63800, 0x0000023c49a6e000
}

Java Threads: ( => current thread )
  0x0000023c2a3d4800 JavaThread "main" [_thread_blocked, id=6828, stack(0x000000bbb9100000,0x000000bbb9200000)]
  0x0000023c44799000 JavaThread "Reference Handler" daemon [_thread_blocked, id=11792, stack(0x000000bbb9800000,0x000000bbb9900000)]
  0x0000023c447a5000 JavaThread "Finalizer" daemon [_thread_blocked, id=14512, stack(0x000000bbb9900000,0x000000bbb9a00000)]
  0x0000023c447fa800 JavaThread "Signal Dispatcher" daemon [_thread_blocked, id=10904, stack(0x000000bbb9a00000,0x000000bbb9b00000)]
  0x0000023c447fc000 JavaThread "Attach Listener" daemon [_thread_blocked, id=9876, stack(0x000000bbb9b00000,0x000000bbb9c00000)]
  0x0000023c447fd000 JavaThread "Service Thread" daemon [_thread_blocked, id=4200, stack(0x000000bbb9c00000,0x000000bbb9d00000)]
  0x0000023c44801000 JavaThread "C2 CompilerThread0" daemon [_thread_blocked, id=17840, stack(0x000000bbb9d00000,0x000000bbb9e00000)]
  0x0000023c44818000 JavaThread "C1 CompilerThread0" daemon [_thread_blocked, id=17440, stack(0x000000bbb9e00000,0x000000bbb9f00000)]
  0x0000023c4482d800 JavaThread "Sweeper thread" daemon [_thread_blocked, id=5960, stack(0x000000bbb9f00000,0x000000bbba000000)]
  0x0000023c44a6b800 JavaThread "Common-Cleaner" daemon [_thread_blocked, id=17340, stack(0x000000bbba000000,0x000000bbba100000)]
  0x0000023c463a1800 JavaThread "Daemon health stats" [_thread_blocked, id=16612, stack(0x000000bbba300000,0x000000bbba400000)]
  0x0000023c44c56000 JavaThread "Incoming local TCP Connector on port 62502" [_thread_in_native, id=7188, stack(0x000000bbba400000,0x000000bbba500000)]
  0x0000023c459f5800 JavaThread "Daemon periodic checks" [_thread_blocked, id=8908, stack(0x000000bbba500000,0x000000bbba600000)]
  0x0000023c460b3000 JavaThread "Daemon" [_thread_blocked, id=16412, stack(0x000000bbba600000,0x000000bbba700000)]
  0x0000023c4697e800 JavaThread "Handler for socket connection from /127.0.0.1:62502 to /127.0.0.1:62505" [_thread_in_native, id=7072, stack(0x000000bbba700000,0x000000bbba800000)]
  0x0000023c44e7d000 JavaThread "Cancel handler" [_thread_blocked, id=12828, stack(0x000000bbba800000,0x000000bbba900000)]
  0x0000023c46236800 JavaThread "Daemon worker" [_thread_blocked, id=5764, stack(0x000000bbba900000,0x000000bbbaa00000)]
  0x0000023c45c98000 JavaThread "Asynchronous log dispatcher for DefaultDaemonConnection: socket connection from /127.0.0.1:62502 to /127.0.0.1:62505" [_thread_blocked, id=5444, stack(0x000000bbbaa00000,0x000000bbbab00000)]
  0x0000023c45c9a000 JavaThread "Stdin handler" [_thread_blocked, id=17480, stack(0x000000bbbab00000,0x000000bbbac00000)]
  0x0000023c45c9a800 JavaThread "Daemon client event forwarder" [_thread_blocked, id=10332, stack(0x000000bbbac00000,0x000000bbbad00000)]
  0x0000023c44ea0800 JavaThread "Cache worker for journal cache (C:\Users\dwise\.gradle\caches\journal-1)" [_thread_blocked, id=13552, stack(0x000000bbbaf00000,0x000000bbbb000000)]
  0x0000023c44ea1800 JavaThread "File lock request listener" [_thread_in_native, id=6036, stack(0x000000bbbb000000,0x000000bbbb100000)]
  0x0000023c44ea2800 JavaThread "Cache worker for file hash cache (C:\Users\dwise\.gradle\caches\7.5\fileHashes)" [_thread_blocked, id=14428, stack(0x000000bbbb100000,0x000000bbbb200000)]
  0x0000023c44ea0000 JavaThread "File watcher server" daemon [_thread_in_native, id=5460, stack(0x000000bbbb200000,0x000000bbbb300000)]
  0x0000023c44ea3000 JavaThread "File watcher consumer" daemon [_thread_blocked, id=8896, stack(0x000000bbbb300000,0x000000bbbb400000)]
  0x0000023c44ea4000 JavaThread "jar transforms" [_thread_blocked, id=12036, stack(0x000000bbbb400000,0x000000bbbb500000)]
  0x0000023c44e9e000 JavaThread "jar transforms Thread 2" [_thread_blocked, id=14732, stack(0x000000bbbb500000,0x000000bbbb600000)]
  0x0000023c44ea4800 JavaThread "jar transforms Thread 3" [_thread_blocked, id=2860, stack(0x000000bbbb600000,0x000000bbbb700000)]
  0x0000023c44e9f000 JavaThread "jar transforms Thread 4" [_thread_blocked, id=2728, stack(0x000000bbbb700000,0x000000bbbb800000)]
  0x0000023c4548d000 JavaThread "Cache worker for checksums cache (C:\Users\dwise\OneDrive\Documents\bwa\kantinE-KTP\.gradle\7.5\checksums)" [_thread_blocked, id=13028, stack(0x000000bbbb800000,0x000000bbbb900000)]
  0x0000023c4548e000 JavaThread "Cache worker for cache directory md-rule (C:\Users\dwise\.gradle\caches\7.5\md-rule)" [_thread_blocked, id=6804, stack(0x000000bbbb900000,0x000000bbbba00000)]
  0x0000023c4548f000 JavaThread "Cache worker for file content cache (C:\Users\dwise\.gradle\caches\7.5\fileContent)" [_thread_blocked, id=14748, stack(0x000000bbbba00000,0x000000bbbbb00000)]
  0x0000023c4548b800 JavaThread "Cache worker for file hash cache (C:\Users\dwise\OneDrive\Documents\bwa\kantinE-KTP\.gradle\7.5\fileHashes)" [_thread_blocked, id=17256, stack(0x000000bbbbb00000,0x000000bbbbc00000)]
  0x0000023c4548f800 JavaThread "Cache worker for cache directory md-supplier (C:\Users\dwise\.gradle\caches\7.5\md-supplier)" [_thread_blocked, id=13220, stack(0x000000bbbbc00000,0x000000bbbbd00000)]
  0x0000023c45490800 JavaThread "Cache worker for execution history cache (C:\Users\dwise\.gradle\caches\7.5\executionHistory)" [_thread_blocked, id=16028, stack(0x000000bbbbd00000,0x000000bbbbe00000)]
  0x0000023c45491000 JavaThread "Cache worker for dependencies-accessors (C:\Users\dwise\OneDrive\Documents\bwa\kantinE-KTP\.gradle\7.5\dependencies-accessors)" [_thread_blocked, id=10744, stack(0x000000bbbbe00000,0x000000bbbbf00000)]
  0x0000023c4548c800 JavaThread "Cache worker for Build Output Cleanup Cache (C:\Users\dwise\OneDrive\Documents\bwa\kantinE-KTP\.gradle\buildOutputCleanup)" [_thread_blocked, id=16876, stack(0x000000bbbbf00000,0x000000bbbc000000)]
  0x0000023c49899000 JavaThread "Unconstrained build operations" [_thread_blocked, id=17888, stack(0x000000bbbc000000,0x000000bbbc100000)]
  0x0000023c4989d000 JavaThread "Unconstrained build operations Thread 2" [_thread_blocked, id=18328, stack(0x000000bbbc100000,0x000000bbbc200000)]
  0x0000023c4989f800 JavaThread "Unconstrained build operations Thread 3" [_thread_blocked, id=16988, stack(0x000000bbbc200000,0x000000bbbc300000)]
  0x0000023c4989a800 JavaThread "Unconstrained build operations Thread 4" [_thread_blocked, id=6024, stack(0x000000bbbc300000,0x000000bbbc400000)]
  0x0000023c49899800 JavaThread "Unconstrained build operations Thread 5" [_thread_blocked, id=15056, stack(0x000000bbbc400000,0x000000bbbc500000)]
  0x0000023c4989b800 JavaThread "Unconstrained build operations Thread 6" [_thread_blocked, id=17300, stack(0x000000bbbc500000,0x000000bbbc600000)]
  0x0000023c498a2000 JavaThread "Unconstrained build operations Thread 7" [_thread_blocked, id=17608, stack(0x000000bbbc600000,0x000000bbbc700000)]
  0x0000023c498a1000 JavaThread "Unconstrained build operations Thread 8" [_thread_blocked, id=17080, stack(0x000000bbbc700000,0x000000bbbc800000)]
  0x0000023c4989c000 JavaThread "Unconstrained build operations Thread 9" [_thread_blocked, id=10888, stack(0x000000bbbc800000,0x000000bbbc900000)]
  0x0000023c4989d800 JavaThread "Unconstrained build operations Thread 10" [_thread_blocked, id=17196, stack(0x000000bbbc900000,0x000000bbbca00000)]
  0x0000023c4989e800 JavaThread "Unconstrained build operations Thread 11" [_thread_blocked, id=10420, stack(0x000000bbbca00000,0x000000bbbcb00000)]
  0x0000023c498a4000 JavaThread "Unconstrained build operations Thread 12" [_thread_blocked, id=11924, stack(0x000000bbbcb00000,0x000000bbbcc00000)]
  0x0000023c498a5000 JavaThread "Unconstrained build operations Thread 13" [_thread_blocked, id=5804, stack(0x000000bbbcc00000,0x000000bbbcd00000)]
  0x0000023c498a2800 JavaThread "Unconstrained build operations Thread 14" [_thread_blocked, id=16300, stack(0x000000bbbcd00000,0x000000bbbce00000)]
  0x0000023c498a6000 JavaThread "Unconstrained build operations Thread 15" [_thread_blocked, id=17788, stack(0x000000bbbce00000,0x000000bbbcf00000)]
  0x0000023c498a3800 JavaThread "Unconstrained build operations Thread 16" [_thread_blocked, id=17620, stack(0x000000bbbcf00000,0x000000bbbd000000)]
  0x0000023c498a0000 JavaThread "Unconstrained build operations Thread 17" [_thread_blocked, id=6600, stack(0x000000bbbd000000,0x000000bbbd100000)]
  0x0000023c498a7800 JavaThread "Unconstrained build operations Thread 18" [_thread_blocked, id=1972, stack(0x000000bbbd100000,0x000000bbbd200000)]
  0x0000023c498a6800 JavaThread "Unconstrained build operations Thread 19" [_thread_blocked, id=17784, stack(0x000000bbbd200000,0x000000bbbd300000)]
  0x0000023c49677000 JavaThread "Unconstrained build operations Thread 20" [_thread_blocked, id=17336, stack(0x000000bbbd300000,0x000000bbbd400000)]
  0x0000023c4967c800 JavaThread "Unconstrained build operations Thread 21" [_thread_blocked, id=17872, stack(0x000000bbbd400000,0x000000bbbd500000)]
  0x0000023c4967a000 JavaThread "Unconstrained build operations Thread 22" [_thread_blocked, id=2068, stack(0x000000bbbd500000,0x000000bbbd600000)]
  0x0000023c49679000 JavaThread "Unconstrained build operations Thread 23" [_thread_blocked, id=9188, stack(0x000000bbbd600000,0x000000bbbd700000)]
  0x0000023c4967d800 JavaThread "Unconstrained build operations Thread 24" [_thread_blocked, id=524, stack(0x000000bbbd700000,0x000000bbbd800000)]
  0x0000023c4967b000 JavaThread "Unconstrained build operations Thread 25" [_thread_blocked, id=608, stack(0x000000bbbd800000,0x000000bbbd900000)]
  0x0000023c4967b800 JavaThread "Unconstrained build operations Thread 26" [_thread_blocked, id=10700, stack(0x000000bbbd900000,0x000000bbbda00000)]
  0x0000023c49677800 JavaThread "Unconstrained build operations Thread 27" [_thread_blocked, id=1264, stack(0x000000bbbda00000,0x000000bbbdb00000)]
  0x0000023c49678800 JavaThread "Unconstrained build operations Thread 28" [_thread_blocked, id=8208, stack(0x000000bbbdb00000,0x000000bbbdc00000)]
  0x0000023c49a64800 JavaThread "Unconstrained build operations Thread 29" [_thread_blocked, id=16220, stack(0x000000bbbdc00000,0x000000bbbdd00000)]
  0x0000023c49a65000 JavaThread "Unconstrained build operations Thread 30" [_thread_blocked, id=15420, stack(0x000000bbbdd00000,0x000000bbbde00000)]
  0x0000023c49a61000 JavaThread "Unconstrained build operations Thread 31" [_thread_blocked, id=2460, stack(0x000000bbbde00000,0x000000bbbdf00000)]
  0x0000023c49a66000 JavaThread "Unconstrained build operations Thread 32" [_thread_blocked, id=16728, stack(0x000000bbbdf00000,0x000000bbbe000000)]
  0x0000023c49a60000 JavaThread "Unconstrained build operations Thread 33" [_thread_blocked, id=11448, stack(0x000000bbbe000000,0x000000bbbe100000)]
  0x0000023c49a62000 JavaThread "Unconstrained build operations Thread 34" [_thread_blocked, id=6632, stack(0x000000bbbe100000,0x000000bbbe200000)]
  0x0000023c49a67800 JavaThread "Unconstrained build operations Thread 35" [_thread_blocked, id=13160, stack(0x000000bbbe200000,0x000000bbbe300000)]
  0x0000023c49a67000 JavaThread "Unconstrained build operations Thread 36" [_thread_blocked, id=9804, stack(0x000000bbbe300000,0x000000bbbe400000)]
  0x0000023c49a68800 JavaThread "Unconstrained build operations Thread 37" [_thread_blocked, id=1200, stack(0x000000bbbe400000,0x000000bbbe500000)]
  0x0000023c49a62800 JavaThread "Unconstrained build operations Thread 38" [_thread_blocked, id=11512, stack(0x000000bbbe500000,0x000000bbbe600000)]
  0x0000023c49a69000 JavaThread "Unconstrained build operations Thread 39" [_thread_blocked, id=13420, stack(0x000000bbbe600000,0x000000bbbe700000)]
  0x0000023c49a63800 JavaThread "Unconstrained build operations Thread 40" [_thread_blocked, id=8412, stack(0x000000bbbe700000,0x000000bbbe800000)]
  0x0000023c49a6e000 JavaThread "Memory manager" [_thread_blocked, id=15048, stack(0x000000bbbea00000,0x000000bbbeb00000)]

Other Threads:
=>0x0000023c44796800 VMThread "VM Thread" [stack: 0x000000bbb9700000,0x000000bbb9800000] [id=15928]
  0x0000023c44a72000 WatcherThread [stack: 0x000000bbba100000,0x000000bbba200000] [id=2356]
  0x0000023c2a3ec800 GCTaskThread "GC Thread#0" [stack: 0x000000bbb9200000,0x000000bbb9300000] [id=17184]
  0x0000023c44db1000 GCTaskThread "GC Thread#1" [stack: 0x000000bbba200000,0x000000bbba300000] [id=11724]
  0x0000023c45c99000 GCTaskThread "GC Thread#2" [stack: 0x000000bbbad00000,0x000000bbbae00000] [id=10304]
  0x0000023c458bb000 GCTaskThread "GC Thread#3" [stack: 0x000000bbbae00000,0x000000bbbaf00000] [id=16744]
  0x0000023c2a41f000 ConcurrentGCThread "G1 Main Marker" [stack: 0x000000bbb9300000,0x000000bbb9400000] [id=16496]
  0x0000023c2a420000 ConcurrentGCThread "G1 Conc#0" [stack: 0x000000bbb9400000,0x000000bbb9500000] [id=18424]
  0x0000023c2a465000 ConcurrentGCThread "G1 Refine#0" [stack: 0x000000bbb9500000,0x000000bbb9600000] [id=2108]
  0x0000023c2a466000 ConcurrentGCThread "G1 Young RemSet Sampling" [stack: 0x000000bbb9600000,0x000000bbb9700000] [id=18292]

Threads with active compile tasks:
C2 CompilerThread0    60848 7744 %     4       org.gradle.internal.instantiation.generator.AbstractClassGenerator::inspectType @ 77 (560 bytes)

VM state:at safepoint (normal execution)

VM Mutex/Monitor currently owned by a thread:  ([mutex/lock_event])
[0x0000023c2a3d0fa0] Threads_lock - owner thread: 0x0000023c44796800
[0x0000023c2a3cf650] Heap_lock - owner thread: 0x0000023c46236800

Heap address: 0x0000000080000000, size: 2048 MB, Compressed Oops mode: 32-bit
Narrow klass base: 0x0000000000000000, Narrow klass shift: 3
Compressed class space size: 1073741824 Address: 0x0000000100000000

Heap:
 garbage-first heap   total 295936K, used 130592K [0x0000000080000000, 0x0000000100000000)
  region size 1024K, 8 young (8192K), 8 survivors (8192K)
 Metaspace       used 74274K, capacity 76294K, committed 76464K, reserved 1116160K
  class space    used 9415K, capacity 10185K, committed 10240K, reserved 1048576K
Heap Regions: E=young(eden), S=young(survivor), O=old, HS=humongous(starts), HC=humongous(continues), CS=collection set, F=free, A=archive, TAMS=top-at-mark-start (previous, next)
|   0|0x0000000080000000, 0x0000000080100000, 0x0000000080100000|100%|HS|  |TAMS 0x0000000080100000, 0x0000000080100000| Complete 
|   1|0x0000000080100000, 0x0000000080200000, 0x0000000080200000|100%|HC|  |TAMS 0x0000000080200000, 0x0000000080200000| Complete 
|   2|0x0000000080200000, 0x0000000080300000, 0x0000000080300000|100%|HC|  |TAMS 0x0000000080300000, 0x0000000080300000| Complete 
|   3|0x0000000080300000, 0x0000000080400000, 0x0000000080400000|100%| O|  |TAMS 0x0000000080400000, 0x0000000080400000| Untracked 
|   4|0x0000000080400000, 0x0000000080500000, 0x0000000080500000|100%| O|  |TAMS 0x0000000080500000, 0x0000000080500000| Untracked 
|   5|0x0000000080500000, 0x0000000080600000, 0x0000000080600000|100%| O|  |TAMS 0x0000000080600000, 0x0000000080600000| Untracked 
|   6|0x0000000080600000, 0x0000000080700000, 0x0000000080700000|100%| O|  |TAMS 0x0000000080700000, 0x0000000080700000| Untracked 
|   7|0x0000000080700000, 0x0000000080800000, 0x0000000080800000|100%| O|  |TAMS 0x0000000080800000, 0x0000000080800000| Untracked 
|   8|0x0000000080800000, 0x0000000080900000, 0x0000000080900000|100%| O|  |TAMS 0x0000000080900000, 0x0000000080900000| Untracked 
|   9|0x0000000080900000, 0x0000000080a00000, 0x0000000080a00000|100%| O|  |TAMS 0x0000000080a00000, 0x0000000080a00000| Untracked 
|  10|0x0000000080a00000, 0x0000000080b00000, 0x0000000080b00000|100%| O|  |TAMS 0x0000000080b00000, 0x0000000080b00000| Untracked 
|  11|0x0000000080b00000, 0x0000000080c00000, 0x0000000080c00000|100%| O|  |TAMS 0x0000000080c00000, 0x0000000080c00000| Untracked 
|  12|0x0000000080c00000, 0x0000000080d00000, 0x0000000080d00000|100%| O|  |TAMS 0x0000000080d00000, 0x0000000080d00000| Untracked 
|  13|0x0000000080d00000, 0x0000000080e00000, 0x0000000080e00000|100%| O|  |TAMS 0x0000000080e00000, 0x0000000080e00000| Untracked 
|  14|0x0000000080e00000, 0x0000000080f00000, 0x0000000080f00000|100%| O|  |TAMS 0x0000000080f00000, 0x0000000080f00000| Untracked 
|  15|0x0000000080f00000, 0x0000000081000000, 0x0000000081000000|100%| O|  |TAMS 0x0000000081000000, 0x0000000081000000| Untracked 
|  16|0x0000000081000000, 0x0000000081100000, 0x0000000081100000|100%| O|  |TAMS 0x0000000081100000, 0x0000000081100000| Untracked 
|  17|0x0000000081100000, 0x0000000081200000, 0x0000000081200000|100%|HS|  |TAMS 0x0000000081200000, 0x0000000081200000| Complete 
|  18|0x0000000081200000, 0x0000000081300000, 0x0000000081300000|100%|HC|  |TAMS 0x0000000081300000, 0x0000000081300000| Complete 
|  19|0x0000000081300000, 0x0000000081400000, 0x0000000081400000|100%|HS|  |TAMS 0x0000000081400000, 0x0000000081400000| Complete 
|  20|0x0000000081400000, 0x0000000081500000, 0x0000000081500000|100%|HC|  |TAMS 0x0000000081500000, 0x0000000081500000| Complete 
|  21|0x0000000081500000, 0x0000000081600000, 0x0000000081600000|100%|HC|  |TAMS 0x0000000081600000, 0x0000000081600000| Complete 
|  22|0x0000000081600000, 0x0000000081700000, 0x0000000081700000|100%|HS|  |TAMS 0x0000000081700000, 0x0000000081700000| Complete 
|  23|0x0000000081700000, 0x0000000081800000, 0x0000000081800000|100%|HC|  |TAMS 0x0000000081800000, 0x0000000081800000| Complete 
|  24|0x0000000081800000, 0x0000000081900000, 0x0000000081900000|100%|HC|  |TAMS 0x0000000081900000, 0x0000000081900000| Complete 
|  25|0x0000000081900000, 0x0000000081a00000, 0x0000000081a00000|100%| O|  |TAMS 0x0000000081a00000, 0x0000000081a00000| Untracked 
|  26|0x0000000081a00000, 0x0000000081b00000, 0x0000000081b00000|100%|HS|  |TAMS 0x0000000081b00000, 0x0000000081b00000| Complete 
|  27|0x0000000081b00000, 0x0000000081c00000, 0x0000000081c00000|100%|HC|  |TAMS 0x0000000081c00000, 0x0000000081c00000| Complete 
|  28|0x0000000081c00000, 0x0000000081d00000, 0x0000000081d00000|100%|HS|  |TAMS 0x0000000081d00000, 0x0000000081d00000| Complete 
|  29|0x0000000081d00000, 0x0000000081e00000, 0x0000000081e00000|100%|HC|  |TAMS 0x0000000081e00000, 0x0000000081e00000| Complete 
|  30|0x0000000081e00000, 0x0000000081f00000, 0x0000000081f00000|100%|HC|  |TAMS 0x0000000081f00000, 0x0000000081f00000| Complete 
|  31|0x0000000081f00000, 0x0000000082000000, 0x0000000082000000|100%|HC|  |TAMS 0x0000000082000000, 0x0000000082000000| Complete 
|  32|0x0000000082000000, 0x0000000082100000, 0x0000000082100000|100%|HC|  |TAMS 0x0000000082100000, 0x0000000082100000| Complete 
|  33|0x0000000082100000, 0x0000000082200000, 0x0000000082200000|100%|HC|  |TAMS 0x0000000082200000, 0x0000000082200000| Complete 
|  34|0x0000000082200000, 0x0000000082300000, 0x0000000082300000|100%|HC|  |TAMS 0x0000000082300000, 0x0000000082300000| Complete 
|  35|0x0000000082300000, 0x0000000082400000, 0x0000000082400000|100%|HC|  |TAMS 0x0000000082400000, 0x0000000082400000| Complete 
|  36|0x0000000082400000, 0x0000000082500000, 0x0000000082500000|100%|HC|  |TAMS 0x0000000082500000, 0x0000000082500000| Complete 
|  37|0x0000000082500000, 0x0000000082600000, 0x0000000082600000|100%|HC|  |TAMS 0x0000000082600000, 0x0000000082600000| Complete 
|  38|0x0000000082600000, 0x0000000082700000, 0x0000000082700000|100%| O|  |TAMS 0x0000000082700000, 0x0000000082700000| Untracked 
|  39|0x0000000082700000, 0x0000000082800000, 0x0000000082800000|100%| O|  |TAMS 0x0000000082800000, 0x0000000082800000| Untracked 
|  40|0x0000000082800000, 0x0000000082900000, 0x0000000082900000|100%| O|  |TAMS 0x0000000082900000, 0x0000000082900000| Untracked 
|  41|0x0000000082900000, 0x0000000082a00000, 0x0000000082a00000|100%|HS|  |TAMS 0x0000000082a00000, 0x0000000082a00000| Complete 
|  42|0x0000000082a00000, 0x0000000082b00000, 0x0000000082b00000|100%|HC|  |TAMS 0x0000000082b00000, 0x0000000082b00000| Complete 
|  43|0x0000000082b00000, 0x0000000082c00000, 0x0000000082c00000|100%| O|  |TAMS 0x0000000082c00000, 0x0000000082c00000| Untracked 
|  44|0x0000000082c00000, 0x0000000082d00000, 0x0000000082d00000|100%|HS|  |TAMS 0x0000000082d00000, 0x0000000082d00000| Complete 
|  45|0x0000000082d00000, 0x0000000082e00000, 0x0000000082e00000|100%|HC|  |TAMS 0x0000000082e00000, 0x0000000082e00000| Complete 
|  46|0x0000000082e00000, 0x0000000082f00000, 0x0000000082f00000|100%|HC|  |TAMS 0x0000000082f00000, 0x0000000082f00000| Complete 
|  47|0x0000000082f00000, 0x0000000083000000, 0x0000000083000000|100%|HC|  |TAMS 0x0000000083000000, 0x0000000083000000| Complete 
|  48|0x0000000083000000, 0x0000000083100000, 0x0000000083100000|100%|HC|  |TAMS 0x0000000083100000, 0x0000000083100000| Complete 
|  49|0x0000000083100000, 0x0000000083200000, 0x0000000083200000|100%| O|  |TAMS 0x0000000083200000, 0x0000000083200000| Untracked 
|  50|0x0000000083200000, 0x0000000083300000, 0x0000000083300000|100%| O|  |TAMS 0x0000000083300000, 0x0000000083300000| Untracked 
|  51|0x0000000083300000, 0x0000000083400000, 0x0000000083400000|100%| O|  |TAMS 0x0000000083400000, 0x0000000083400000| Untracked 
|  52|0x0000000083400000, 0x0000000083500000, 0x0000000083500000|100%| O|  |TAMS 0x0000000083500000, 0x0000000083500000| Untracked 
|  53|0x0000000083500000, 0x0000000083600000, 0x0000000083600000|100%| O|  |TAMS 0x0000000083600000, 0x0000000083600000| Untracked 
|  54|0x0000000083600000, 0x0000000083700000, 0x0000000083700000|100%| O|  |TAMS 0x0000000083700000, 0x0000000083700000| Untracked 
|  55|0x0000000083700000, 0x0000000083800000, 0x0000000083800000|100%| O|  |TAMS 0x0000000083800000, 0x0000000083800000| Untracked 
|  56|0x0000000083800000, 0x0000000083900000, 0x0000000083900000|100%| O|  |TAMS 0x0000000083900000, 0x0000000083900000| Untracked 
|  57|0x0000000083900000, 0x0000000083a00000, 0x0000000083a00000|100%|HS|  |TAMS 0x0000000083a00000, 0x0000000083a00000| Complete 
|  58|0x0000000083a00000, 0x0000000083b00000, 0x0000000083b00000|100%|HC|  |TAMS 0x0000000083b00000, 0x0000000083b00000| Complete 
|  59|0x0000000083b00000, 0x0000000083c00000, 0x0000000083c00000|100%|HC|  |TAMS 0x0000000083c00000, 0x0000000083c00000| Complete 
|  60|0x0000000083c00000, 0x0000000083d00000, 0x0000000083d00000|100%|HC|  |TAMS 0x0000000083d00000, 0x0000000083d00000| Complete 
|  61|0x0000000083d00000, 0x0000000083e00000, 0x0000000083e00000|100%|HC|  |TAMS 0x0000000083e00000, 0x0000000083e00000| Complete 
|  62|0x0000000083e00000, 0x0000000083f00000, 0x0000000083f00000|100%|HC|  |TAMS 0x0000000083f00000, 0x0000000083f00000| Complete 
|  63|0x0000000083f00000, 0x0000000084000000, 0x0000000084000000|100%|HC|  |TAMS 0x0000000084000000, 0x0000000084000000| Complete 
|  64|0x0000000084000000, 0x0000000084100000, 0x0000000084100000|100%|HC|  |TAMS 0x0000000084100000, 0x0000000084100000| Complete 
|  65|0x0000000084100000, 0x0000000084200000, 0x0000000084200000|100%|HC|  |TAMS 0x0000000084200000, 0x0000000084200000| Complete 
|  66|0x0000000084200000, 0x0000000084300000, 0x0000000084300000|100%|HC|  |TAMS 0x0000000084300000, 0x0000000084300000| Complete 
|  67|0x0000000084300000, 0x0000000084400000, 0x0000000084400000|100%|HS|  |TAMS 0x0000000084400000, 0x0000000084400000| Complete 
|  68|0x0000000084400000, 0x0000000084500000, 0x0000000084500000|100%|HC|  |TAMS 0x0000000084500000, 0x0000000084500000| Complete 
|  69|0x0000000084500000, 0x0000000084600000, 0x0000000084600000|100%|HS|  |TAMS 0x0000000084600000, 0x0000000084600000| Complete 
|  70|0x0000000084600000, 0x0000000084700000, 0x0000000084700000|100%|HC|  |TAMS 0x0000000084700000, 0x0000000084700000| Complete 
|  71|0x0000000084700000, 0x0000000084800000, 0x0000000084800000|100%|HC|  |TAMS 0x0000000084800000, 0x0000000084800000| Complete 
|  72|0x0000000084800000, 0x0000000084900000, 0x0000000084900000|100%|HS|  |TAMS 0x0000000084900000, 0x0000000084900000| Complete 
|  73|0x0000000084900000, 0x0000000084a00000, 0x0000000084a00000|100%|HC|  |TAMS 0x0000000084a00000, 0x0000000084a00000| Complete 
|  74|0x0000000084a00000, 0x0000000084b00000, 0x0000000084b00000|100%| O|  |TAMS 0x0000000084b00000, 0x0000000084b00000| Untracked 
|  75|0x0000000084b00000, 0x0000000084c00000, 0x0000000084c00000|100%|HS|  |TAMS 0x0000000084c00000, 0x0000000084c00000| Complete 
|  76|0x0000000084c00000, 0x0000000084d00000, 0x0000000084d00000|100%|HC|  |TAMS 0x0000000084d00000, 0x0000000084d00000| Complete 
|  77|0x0000000084d00000, 0x0000000084e00000, 0x0000000084e00000|100%|HC|  |TAMS 0x0000000084e00000, 0x0000000084e00000| Complete 
|  78|0x0000000084e00000, 0x0000000084f00000, 0x0000000084f00000|100%| O|  |TAMS 0x0000000084f00000, 0x0000000084f00000| Untracked 
|  79|0x0000000084f00000, 0x0000000085000000, 0x0000000085000000|100%| O|  |TAMS 0x0000000085000000, 0x0000000085000000| Untracked 
|  80|0x0000000085000000, 0x0000000085100000, 0x0000000085100000|100%| O|  |TAMS 0x0000000085100000, 0x0000000085100000| Untracked 
|  81|0x0000000085100000, 0x0000000085200000, 0x0000000085200000|100%| O|  |TAMS 0x0000000085200000, 0x0000000085200000| Untracked 
|  82|0x0000000085200000, 0x0000000085300000, 0x0000000085300000|100%| O|  |TAMS 0x0000000085300000, 0x0000000085300000| Untracked 
|  83|0x0000000085300000, 0x0000000085400000, 0x0000000085400000|100%| O|  |TAMS 0x0000000085400000, 0x0000000085400000| Untracked 
|  84|0x0000000085400000, 0x0000000085500000, 0x0000000085500000|100%| O|  |TAMS 0x0000000085500000, 0x0000000085500000| Untracked 
|  85|0x0000000085500000, 0x0000000085600000, 0x0000000085600000|100%| O|  |TAMS 0x0000000085600000, 0x0000000085600000| Untracked 
|  86|0x0000000085600000, 0x0000000085700000, 0x0000000085700000|100%| O|  |TAMS 0x0000000085700000, 0x0000000085700000| Untracked 
|  87|0x0000000085700000, 0x0000000085800000, 0x0000000085800000|100%| O|  |TAMS 0x0000000085800000, 0x0000000085800000| Untracked 
|  88|0x0000000085800000, 0x0000000085900000, 0x0000000085900000|100%|HS|  |TAMS 0x0000000085900000, 0x0000000085900000| Complete 
|  89|0x0000000085900000, 0x0000000085a00000, 0x0000000085a00000|100%|HC|  |TAMS 0x0000000085a00000, 0x0000000085a00000| Complete 
|  90|0x0000000085a00000, 0x0000000085b00000, 0x0000000085b00000|100%|HC|  |TAMS 0x0000000085b00000, 0x0000000085b00000| Complete 
|  91|0x0000000085b00000, 0x0000000085c00000, 0x0000000085c00000|100%|HC|  |TAMS 0x0000000085c00000, 0x0000000085c00000| Complete 
|  92|0x0000000085c00000, 0x0000000085d00000, 0x0000000085d00000|100%|HC|  |TAMS 0x0000000085d00000, 0x0000000085d00000| Complete 
|  93|0x0000000085d00000, 0x0000000085e00000, 0x0000000085e00000|100%|HS|  |TAMS 0x0000000085e00000, 0x0000000085e00000| Complete 
|  94|0x0000000085e00000, 0x0000000085f00000, 0x0000000085f00000|100%|HS|  |TAMS 0x0000000085f00000, 0x0000000085f00000| Complete 
|  95|0x0000000085f00000, 0x0000000086000000, 0x0000000086000000|100%|HS|  |TAMS 0x0000000086000000, 0x0000000086000000| Complete 
|  96|0x0000000086000000, 0x0000000086100000, 0x0000000086100000|100%|HS|  |TAMS 0x0000000086100000, 0x0000000086100000| Complete 
|  97|0x0000000086100000, 0x0000000086200000, 0x0000000086200000|100%|HC|  |TAMS 0x0000000086200000, 0x0000000086200000| Complete 
|  98|0x0000000086200000, 0x0000000086300000, 0x0000000086300000|100%|HC|  |TAMS 0x0000000086300000, 0x0000000086300000| Complete 
|  99|0x0000000086300000, 0x0000000086400000, 0x0000000086400000|100%| O|  |TAMS 0x0000000086300000, 0x0000000086400000| Untracked 
| 100|0x0000000086400000, 0x0000000086500000, 0x0000000086500000|100%| O|  |TAMS 0x0000000086500000, 0x0000000086500000| Untracked 
| 101|0x0000000086500000, 0x0000000086600000, 0x0000000086600000|100%| O|  |TAMS 0x0000000086600000, 0x0000000086600000| Untracked 
| 102|0x0000000086600000, 0x0000000086700000, 0x0000000086700000|100%| O|  |TAMS 0x0000000086700000, 0x0000000086700000| Untracked 
| 103|0x0000000086700000, 0x0000000086800000, 0x0000000086800000|100%| O|  |TAMS 0x0000000086800000, 0x0000000086800000| Untracked 
| 104|0x0000000086800000, 0x0000000086900000, 0x0000000086900000|100%| O|  |TAMS 0x0000000086800000, 0x0000000086900000| Untracked 
| 105|0x0000000086900000, 0x000000008694a400, 0x0000000086a00000| 29%| O|  |TAMS 0x0000000086900000, 0x000000008694a400| Untracked 
| 106|0x0000000086a00000, 0x0000000086a00000, 0x0000000086b00000|  0%| F|  |TAMS 0x0000000086a00000, 0x0000000086a00000| Untracked 
| 107|0x0000000086b00000, 0x0000000086b00000, 0x0000000086c00000|  0%| F|  |TAMS 0x0000000086b00000, 0x0000000086b00000| Untracked 
| 108|0x0000000086c00000, 0x0000000086d00000, 0x0000000086d00000|100%| O|  |TAMS 0x0000000086d00000, 0x0000000086d00000| Untracked 
| 109|0x0000000086d00000, 0x0000000086e00000, 0x0000000086e00000|100%| O|  |TAMS 0x0000000086e00000, 0x0000000086e00000| Untracked 
| 110|0x0000000086e00000, 0x0000000086f00000, 0x0000000086f00000|100%| O|  |TAMS 0x0000000086f00000, 0x0000000086f00000| Untracked 
| 111|0x0000000086f00000, 0x0000000087000000, 0x0000000087000000|100%| O|  |TAMS 0x0000000087000000, 0x0000000087000000| Untracked 
| 112|0x0000000087000000, 0x0000000087100000, 0x0000000087100000|100%| O|  |TAMS 0x0000000087100000, 0x0000000087100000| Untracked 
| 113|0x0000000087100000, 0x0000000087200000, 0x0000000087200000|100%| O|  |TAMS 0x0000000087200000, 0x0000000087200000| Untracked 
| 114|0x0000000087200000, 0x0000000087300000, 0x0000000087300000|100%| O|  |TAMS 0x0000000087300000, 0x0000000087300000| Untracked 
| 115|0x0000000087300000, 0x0000000087400000, 0x0000000087400000|100%| O|  |TAMS 0x0000000087400000, 0x0000000087400000| Untracked 
| 116|0x0000000087400000, 0x0000000087500000, 0x0000000087500000|100%| O|  |TAMS 0x0000000087500000, 0x0000000087500000| Untracked 
| 117|0x0000000087500000, 0x0000000087600000, 0x0000000087600000|100%| O|  |TAMS 0x0000000087600000, 0x0000000087600000| Untracked 
| 118|0x0000000087600000, 0x0000000087700000, 0x0000000087700000|100%| O|  |TAMS 0x0000000087700000, 0x0000000087700000| Untracked 
| 119|0x0000000087700000, 0x0000000087800000, 0x0000000087800000|100%| O|  |TAMS 0x0000000087800000, 0x0000000087800000| Untracked 
| 120|0x0000000087800000, 0x0000000087900000, 0x0000000087900000|100%| O|  |TAMS 0x0000000087900000, 0x0000000087900000| Untracked 
| 121|0x0000000087900000, 0x0000000087a00000, 0x0000000087a00000|100%| O|  |TAMS 0x0000000087a00000, 0x0000000087a00000| Untracked 
| 122|0x0000000087a00000, 0x0000000087b00000, 0x0000000087b00000|100%| O|  |TAMS 0x0000000087adb000, 0x0000000087b00000| Untracked 
| 123|0x0000000087b00000, 0x0000000087b00000, 0x0000000087c00000|  0%| F|  |TAMS 0x0000000087b00000, 0x0000000087b00000| Untracked 
| 124|0x0000000087c00000, 0x0000000087c00000, 0x0000000087d00000|  0%| F|  |TAMS 0x0000000087c00000, 0x0000000087c00000| Untracked 
| 125|0x0000000087d00000, 0x0000000087d00000, 0x0000000087e00000|  0%| F|  |TAMS 0x0000000087d00000, 0x0000000087d00000| Untracked 
| 126|0x0000000087e00000, 0x0000000087e00000, 0x0000000087f00000|  0%| F|  |TAMS 0x0000000087e00000, 0x0000000087e00000| Untracked 
| 127|0x0000000087f00000, 0x0000000087f00000, 0x0000000088000000|  0%| F|  |TAMS 0x0000000087f00000, 0x0000000087f00000| Untracked 
| 128|0x0000000088000000, 0x0000000088000000, 0x0000000088100000|  0%| F|  |TAMS 0x0000000088000000, 0x0000000088000000| Untracked 
| 129|0x0000000088100000, 0x0000000088100000, 0x0000000088200000|  0%| F|  |TAMS 0x0000000088100000, 0x0000000088100000| Untracked 
| 130|0x0000000088200000, 0x0000000088200000, 0x0000000088300000|  0%| F|  |TAMS 0x0000000088200000, 0x0000000088200000| Untracked 
| 131|0x0000000088300000, 0x0000000088300000, 0x0000000088400000|  0%| F|  |TAMS 0x0000000088300000, 0x0000000088300000| Untracked 
| 132|0x0000000088400000, 0x0000000088400000, 0x0000000088500000|  0%| F|  |TAMS 0x0000000088400000, 0x0000000088400000| Untracked 
| 133|0x0000000088500000, 0x0000000088500000, 0x0000000088600000|  0%| F|  |TAMS 0x0000000088500000, 0x0000000088500000| Untracked 
| 134|0x0000000088600000, 0x0000000088600000, 0x0000000088700000|  0%| F|  |TAMS 0x0000000088600000, 0x0000000088600000| Untracked 
| 135|0x0000000088700000, 0x0000000088700000, 0x0000000088800000|  0%| F|  |TAMS 0x0000000088700000, 0x0000000088700000| Untracked 
| 136|0x0000000088800000, 0x0000000088800000, 0x0000000088900000|  0%| F|  |TAMS 0x0000000088800000, 0x0000000088800000| Untracked 
| 137|0x0000000088900000, 0x0000000088900000, 0x0000000088a00000|  0%| F|  |TAMS 0x0000000088900000, 0x0000000088900000| Untracked 
| 138|0x0000000088a00000, 0x0000000088a00000, 0x0000000088b00000|  0%| F|  |TAMS 0x0000000088a00000, 0x0000000088a00000| Untracked 
| 139|0x0000000088b00000, 0x0000000088b00000, 0x0000000088c00000|  0%| F|  |TAMS 0x0000000088b00000, 0x0000000088b00000| Untracked 
| 140|0x0000000088c00000, 0x0000000088c00000, 0x0000000088d00000|  0%| F|  |TAMS 0x0000000088c00000, 0x0000000088c00000| Untracked 
| 141|0x0000000088d00000, 0x0000000088d00000, 0x0000000088e00000|  0%| F|  |TAMS 0x0000000088d00000, 0x0000000088d00000| Untracked 
| 142|0x0000000088e00000, 0x0000000088e00000, 0x0000000088f00000|  0%| F|  |TAMS 0x0000000088e00000, 0x0000000088e00000| Untracked 
| 143|0x0000000088f00000, 0x0000000088f00000, 0x0000000089000000|  0%| F|  |TAMS 0x0000000088f00000, 0x0000000088f00000| Untracked 
| 144|0x0000000089000000, 0x0000000089000000, 0x0000000089100000|  0%| F|  |TAMS 0x0000000089000000, 0x0000000089000000| Untracked 
| 145|0x0000000089100000, 0x0000000089100000, 0x0000000089200000|  0%| F|  |TAMS 0x0000000089100000, 0x0000000089100000| Untracked 
| 146|0x0000000089200000, 0x0000000089200000, 0x0000000089300000|  0%| F|  |TAMS 0x0000000089200000, 0x0000000089200000| Untracked 
| 147|0x0000000089300000, 0x0000000089300000, 0x0000000089400000|  0%| F|  |TAMS 0x0000000089300000, 0x0000000089300000| Untracked 
| 148|0x0000000089400000, 0x0000000089400000, 0x0000000089500000|  0%| F|  |TAMS 0x0000000089400000, 0x0000000089400000| Untracked 
| 149|0x0000000089500000, 0x0000000089500000, 0x0000000089600000|  0%| F|  |TAMS 0x0000000089500000, 0x0000000089500000| Untracked 
| 150|0x0000000089600000, 0x0000000089600000, 0x0000000089700000|  0%| F|  |TAMS 0x0000000089600000, 0x0000000089600000| Untracked 
| 151|0x0000000089700000, 0x0000000089700000, 0x0000000089800000|  0%| F|  |TAMS 0x0000000089700000, 0x0000000089700000| Untracked 
| 152|0x0000000089800000, 0x0000000089800000, 0x0000000089900000|  0%| F|  |TAMS 0x0000000089800000, 0x0000000089800000| Untracked 
| 153|0x0000000089900000, 0x0000000089900000, 0x0000000089a00000|  0%| F|  |TAMS 0x0000000089900000, 0x0000000089900000| Untracked 
| 154|0x0000000089a00000, 0x0000000089a00000, 0x0000000089b00000|  0%| F|  |TAMS 0x0000000089a00000, 0x0000000089a00000| Untracked 
| 155|0x0000000089b00000, 0x0000000089b00000, 0x0000000089c00000|  0%| F|  |TAMS 0x0000000089b00000, 0x0000000089b00000| Untracked 
| 156|0x0000000089c00000, 0x0000000089c00000, 0x0000000089d00000|  0%| F|  |TAMS 0x0000000089c00000, 0x0000000089c00000| Untracked 
| 157|0x0000000089d00000, 0x0000000089d00000, 0x0000000089e00000|  0%| F|  |TAMS 0x0000000089d00000, 0x0000000089d00000| Untracked 
| 158|0x0000000089e00000, 0x0000000089e00000, 0x0000000089f00000|  0%| F|  |TAMS 0x0000000089e00000, 0x0000000089e00000| Untracked 
| 159|0x0000000089f00000, 0x0000000089f00000, 0x000000008a000000|  0%| F|  |TAMS 0x0000000089f00000, 0x0000000089f00000| Untracked 
| 160|0x000000008a000000, 0x000000008a000000, 0x000000008a100000|  0%| F|  |TAMS 0x000000008a000000, 0x000000008a000000| Untracked 
| 161|0x000000008a100000, 0x000000008a100000, 0x000000008a200000|  0%| F|  |TAMS 0x000000008a100000, 0x000000008a100000| Untracked 
| 162|0x000000008a200000, 0x000000008a200000, 0x000000008a300000|  0%| F|  |TAMS 0x000000008a200000, 0x000000008a200000| Untracked 
| 163|0x000000008a300000, 0x000000008a300000, 0x000000008a400000|  0%| F|  |TAMS 0x000000008a300000, 0x000000008a300000| Untracked 
| 164|0x000000008a400000, 0x000000008a400000, 0x000000008a500000|  0%| F|  |TAMS 0x000000008a400000, 0x000000008a400000| Untracked 
| 165|0x000000008a500000, 0x000000008a500000, 0x000000008a600000|  0%| F|  |TAMS 0x000000008a500000, 0x000000008a500000| Untracked 
| 166|0x000000008a600000, 0x000000008a600000, 0x000000008a700000|  0%| F|  |TAMS 0x000000008a600000, 0x000000008a600000| Untracked 
| 167|0x000000008a700000, 0x000000008a700000, 0x000000008a800000|  0%| F|  |TAMS 0x000000008a700000, 0x000000008a700000| Untracked 
| 168|0x000000008a800000, 0x000000008a800000, 0x000000008a900000|  0%| F|  |TAMS 0x000000008a800000, 0x000000008a800000| Untracked 
| 169|0x000000008a900000, 0x000000008a93dd58, 0x000000008aa00000| 24%| S|CS|TAMS 0x000000008a900000, 0x000000008a900000| Complete 
| 170|0x000000008aa00000, 0x000000008ab00000, 0x000000008ab00000|100%| S|CS|TAMS 0x000000008aa00000, 0x000000008aa00000| Complete 
| 171|0x000000008ab00000, 0x000000008ac00000, 0x000000008ac00000|100%| S|CS|TAMS 0x000000008ab00000, 0x000000008ab00000| Complete 
| 172|0x000000008ac00000, 0x000000008ad00000, 0x000000008ad00000|100%| S|CS|TAMS 0x000000008ac00000, 0x000000008ac00000| Complete 
| 173|0x000000008ad00000, 0x000000008ae00000, 0x000000008ae00000|100%| S|CS|TAMS 0x000000008ad00000, 0x000000008ad00000| Complete 
| 174|0x000000008ae00000, 0x000000008af00000, 0x000000008af00000|100%| S|CS|TAMS 0x000000008ae00000, 0x000000008ae00000| Complete 
| 175|0x000000008af00000, 0x000000008b000000, 0x000000008b000000|100%| S|CS|TAMS 0x000000008af00000, 0x000000008af00000| Complete 
| 176|0x000000008b000000, 0x000000008b000000, 0x000000008b100000|  0%| F|  |TAMS 0x000000008b000000, 0x000000008b000000| Untracked 
| 177|0x000000008b100000, 0x000000008b100000, 0x000000008b200000|  0%| F|  |TAMS 0x000000008b100000, 0x000000008b100000| Untracked 
| 178|0x000000008b200000, 0x000000008b200000, 0x000000008b300000|  0%| F|  |TAMS 0x000000008b200000, 0x000000008b200000| Untracked 
| 179|0x000000008b300000, 0x000000008b300000, 0x000000008b400000|  0%| F|  |TAMS 0x000000008b300000, 0x000000008b300000| Untracked 
| 180|0x000000008b400000, 0x000000008b400000, 0x000000008b500000|  0%| F|  |TAMS 0x000000008b400000, 0x000000008b400000| Untracked 
| 181|0x000000008b500000, 0x000000008b500000, 0x000000008b600000|  0%| F|  |TAMS 0x000000008b500000, 0x000000008b500000| Untracked 
| 182|0x000000008b600000, 0x000000008b700000, 0x000000008b700000|100%| S|CS|TAMS 0x000000008b600000, 0x000000008b600000| Complete 
| 183|0x000000008b700000, 0x000000008b700000, 0x000000008b800000|  0%| F|  |TAMS 0x000000008b700000, 0x000000008b700000| Untracked 
| 184|0x000000008b800000, 0x000000008b800000, 0x000000008b900000|  0%| F|  |TAMS 0x000000008b800000, 0x000000008b800000| Untracked 
| 185|0x000000008b900000, 0x000000008b900000, 0x000000008ba00000|  0%| F|  |TAMS 0x000000008b900000, 0x000000008b900000| Untracked 
| 186|0x000000008ba00000, 0x000000008ba00000, 0x000000008bb00000|  0%| F|  |TAMS 0x000000008ba00000, 0x000000008ba00000| Untracked 
| 187|0x000000008bb00000, 0x000000008bb00000, 0x000000008bc00000|  0%| F|  |TAMS 0x000000008bb00000, 0x000000008bb00000| Untracked 
| 188|0x000000008bc00000, 0x000000008bc00000, 0x000000008bd00000|  0%| F|  |TAMS 0x000000008bc00000, 0x000000008bc00000| Untracked 
| 189|0x000000008bd00000, 0x000000008bd00000, 0x000000008be00000|  0%| F|  |TAMS 0x000000008bd00000, 0x000000008bd00000| Untracked 
| 190|0x000000008be00000, 0x000000008be00000, 0x000000008bf00000|  0%| F|  |TAMS 0x000000008be00000, 0x000000008be00000| Untracked 
| 191|0x000000008bf00000, 0x000000008bf00000, 0x000000008c000000|  0%| F|  |TAMS 0x000000008bf00000, 0x000000008bf00000| Untracked 
| 192|0x000000008c000000, 0x000000008c000000, 0x000000008c100000|  0%| F|  |TAMS 0x000000008c000000, 0x000000008c000000| Untracked 
| 193|0x000000008c100000, 0x000000008c100000, 0x000000008c200000|  0%| F|  |TAMS 0x000000008c100000, 0x000000008c100000| Untracked 
| 194|0x000000008c200000, 0x000000008c200000, 0x000000008c300000|  0%| F|  |TAMS 0x000000008c200000, 0x000000008c200000| Untracked 
| 195|0x000000008c300000, 0x000000008c300000, 0x000000008c400000|  0%| F|  |TAMS 0x000000008c300000, 0x000000008c300000| Untracked 
| 196|0x000000008c400000, 0x000000008c400000, 0x000000008c500000|  0%| F|  |TAMS 0x000000008c400000, 0x000000008c400000| Untracked 
| 197|0x000000008c500000, 0x000000008c500000, 0x000000008c600000|  0%| F|  |TAMS 0x000000008c500000, 0x000000008c500000| Untracked 
| 198|0x000000008c600000, 0x000000008c600000, 0x000000008c700000|  0%| F|  |TAMS 0x000000008c600000, 0x000000008c600000| Untracked 
| 199|0x000000008c700000, 0x000000008c700000, 0x000000008c800000|  0%| F|  |TAMS 0x000000008c700000, 0x000000008c700000| Untracked 
| 200|0x000000008c800000, 0x000000008c800000, 0x000000008c900000|  0%| F|  |TAMS 0x000000008c800000, 0x000000008c800000| Untracked 
| 201|0x000000008c900000, 0x000000008c900000, 0x000000008ca00000|  0%| F|  |TAMS 0x000000008c900000, 0x000000008c900000| Untracked 
| 202|0x000000008ca00000, 0x000000008ca00000, 0x000000008cb00000|  0%| F|  |TAMS 0x000000008ca00000, 0x000000008ca00000| Untracked 
| 203|0x000000008cb00000, 0x000000008cb00000, 0x000000008cc00000|  0%| F|  |TAMS 0x000000008cb00000, 0x000000008cb00000| Untracked 
| 204|0x000000008cc00000, 0x000000008cc00000, 0x000000008cd00000|  0%| F|  |TAMS 0x000000008cc00000, 0x000000008cc00000| Untracked 
| 205|0x000000008cd00000, 0x000000008cd00000, 0x000000008ce00000|  0%| F|  |TAMS 0x000000008cd00000, 0x000000008cd00000| Untracked 
| 206|0x000000008ce00000, 0x000000008ce00000, 0x000000008cf00000|  0%| F|  |TAMS 0x000000008ce00000, 0x000000008ce00000| Untracked 
| 207|0x000000008cf00000, 0x000000008cf00000, 0x000000008d000000|  0%| F|  |TAMS 0x000000008cf00000, 0x000000008cf00000| Untracked 
| 208|0x000000008d000000, 0x000000008d000000, 0x000000008d100000|  0%| F|  |TAMS 0x000000008d000000, 0x000000008d000000| Untracked 
| 209|0x000000008d100000, 0x000000008d100000, 0x000000008d200000|  0%| F|  |TAMS 0x000000008d100000, 0x000000008d100000| Untracked 
| 210|0x000000008d200000, 0x000000008d200000, 0x000000008d300000|  0%| F|  |TAMS 0x000000008d200000, 0x000000008d200000| Untracked 
| 211|0x000000008d300000, 0x000000008d300000, 0x000000008d400000|  0%| F|  |TAMS 0x000000008d300000, 0x000000008d300000| Untracked 
| 212|0x000000008d400000, 0x000000008d400000, 0x000000008d500000|  0%| F|  |TAMS 0x000000008d400000, 0x000000008d400000| Untracked 
| 213|0x000000008d500000, 0x000000008d500000, 0x000000008d600000|  0%| F|  |TAMS 0x000000008d500000, 0x000000008d500000| Untracked 
| 214|0x000000008d600000, 0x000000008d600000, 0x000000008d700000|  0%| F|  |TAMS 0x000000008d600000, 0x000000008d600000| Untracked 
| 215|0x000000008d700000, 0x000000008d700000, 0x000000008d800000|  0%| F|  |TAMS 0x000000008d700000, 0x000000008d700000| Untracked 
| 216|0x000000008d800000, 0x000000008d800000, 0x000000008d900000|  0%| F|  |TAMS 0x000000008d800000, 0x000000008d800000| Untracked 
| 217|0x000000008d900000, 0x000000008d900000, 0x000000008da00000|  0%| F|  |TAMS 0x000000008d900000, 0x000000008d900000| Untracked 
| 218|0x000000008da00000, 0x000000008da00000, 0x000000008db00000|  0%| F|  |TAMS 0x000000008da00000, 0x000000008da00000| Untracked 
| 219|0x000000008db00000, 0x000000008db00000, 0x000000008dc00000|  0%| F|  |TAMS 0x000000008db00000, 0x000000008db00000| Untracked 
| 220|0x000000008dc00000, 0x000000008dc00000, 0x000000008dd00000|  0%| F|  |TAMS 0x000000008dc00000, 0x000000008dc00000| Untracked 
| 221|0x000000008dd00000, 0x000000008dd00000, 0x000000008de00000|  0%| F|  |TAMS 0x000000008dd00000, 0x000000008dd00000| Untracked 
| 222|0x000000008de00000, 0x000000008de00000, 0x000000008df00000|  0%| F|  |TAMS 0x000000008de00000, 0x000000008de00000| Untracked 
| 223|0x000000008df00000, 0x000000008df00000, 0x000000008e000000|  0%| F|  |TAMS 0x000000008df00000, 0x000000008df00000| Untracked 
| 224|0x000000008e000000, 0x000000008e000000, 0x000000008e100000|  0%| F|  |TAMS 0x000000008e000000, 0x000000008e000000| Untracked 
| 225|0x000000008e100000, 0x000000008e100000, 0x000000008e200000|  0%| F|  |TAMS 0x000000008e100000, 0x000000008e100000| Untracked 
| 226|0x000000008e200000, 0x000000008e200000, 0x000000008e300000|  0%| F|  |TAMS 0x000000008e200000, 0x000000008e200000| Untracked 
| 227|0x000000008e300000, 0x000000008e300000, 0x000000008e400000|  0%| F|  |TAMS 0x000000008e300000, 0x000000008e300000| Untracked 
| 228|0x000000008e400000, 0x000000008e400000, 0x000000008e500000|  0%| F|  |TAMS 0x000000008e400000, 0x000000008e400000| Untracked 
| 229|0x000000008e500000, 0x000000008e500000, 0x000000008e600000|  0%| F|  |TAMS 0x000000008e500000, 0x000000008e500000| Untracked 
| 230|0x000000008e600000, 0x000000008e600000, 0x000000008e700000|  0%| F|  |TAMS 0x000000008e600000, 0x000000008e600000| Untracked 
| 231|0x000000008e700000, 0x000000008e700000, 0x000000008e800000|  0%| F|  |TAMS 0x000000008e700000, 0x000000008e700000| Untracked 
| 232|0x000000008e800000, 0x000000008e800000, 0x000000008e900000|  0%| F|  |TAMS 0x000000008e800000, 0x000000008e800000| Untracked 
| 233|0x000000008e900000, 0x000000008e900000, 0x000000008ea00000|  0%| F|  |TAMS 0x000000008e900000, 0x000000008e900000| Untracked 
| 234|0x000000008ea00000, 0x000000008ea00000, 0x000000008eb00000|  0%| F|  |TAMS 0x000000008ea00000, 0x000000008ea00000| Untracked 
| 235|0x000000008eb00000, 0x000000008eb00000, 0x000000008ec00000|  0%| F|  |TAMS 0x000000008eb00000, 0x000000008eb00000| Untracked 
| 236|0x000000008ec00000, 0x000000008ec00000, 0x000000008ed00000|  0%| F|  |TAMS 0x000000008ec00000, 0x000000008ec00000| Untracked 
| 237|0x000000008ed00000, 0x000000008ed00000, 0x000000008ee00000|  0%| F|  |TAMS 0x000000008ed00000, 0x000000008ed00000| Untracked 
| 238|0x000000008ee00000, 0x000000008ee00000, 0x000000008ef00000|  0%| F|  |TAMS 0x000000008ee00000, 0x000000008ee00000| Untracked 
| 239|0x000000008ef00000, 0x000000008ef00000, 0x000000008f000000|  0%| F|  |TAMS 0x000000008ef00000, 0x000000008ef00000| Untracked 

Card table byte_map: [0x0000023c3d300000,0x0000023c3d700000] _byte_map_base: 0x0000023c3cf00000

Marking Bits (Prev, Next): (CMBitMap*) 0x0000023c2a416220, (CMBitMap*) 0x0000023c2a4161e8
 Prev Bits: [0x0000023c3fb00000, 0x0000023c41b00000)
 Next Bits: [0x0000023c3db00000, 0x0000023c3fb00000)

Polling page: 0x0000023c29bb0000

Metaspace:

Usage:
  Non-class:     64.56 MB capacity,    63.34 MB ( 98%) used,     1.02 MB (  2%) free+waste,   202.38 KB ( <1%) overhead. 
      Class:      9.95 MB capacity,     9.19 MB ( 92%) used,   674.45 KB (  7%) free+waste,    95.50 KB ( <1%) overhead. 
       Both:     74.51 MB capacity,    72.53 MB ( 97%) used,     1.68 MB (  2%) free+waste,   297.88 KB ( <1%) overhead. 

Virtual space:
  Non-class space:       66.00 MB reserved,      64.67 MB ( 98%) committed 
      Class space:        1.00 GB reserved,      10.00 MB ( <1%) committed 
             Both:        1.06 GB reserved,      74.67 MB (  7%) committed 

Chunk freelists:
   Non-Class:  51.00 KB
       Class:  23.00 KB
        Both:  74.00 KB

MaxMetaspaceSize: 17179869184.00 GB
CompressedClassSpaceSize: 1.00 GB
Initial GC threshold: 20.80 MB
Current GC threshold: 114.45 MB
CDS: off

CodeHeap 'non-profiled nmethods': size=120064Kb used=3741Kb max_used=3741Kb free=116322Kb
 bounds [0x0000023c359c0000, 0x0000023c35d70000, 0x0000023c3cf00000]
CodeHeap 'profiled nmethods': size=120000Kb used=16336Kb max_used=16336Kb free=103663Kb
 bounds [0x0000023c2e490000, 0x0000023c2f490000, 0x0000023c359c0000]
CodeHeap 'non-nmethods': size=5696Kb used=2364Kb max_used=2401Kb free=3331Kb
 bounds [0x0000023c2df00000, 0x0000023c2e170000, 0x0000023c2e490000]
 total_blobs=8507 nmethods=7624 adapters=796
 compilation: enabled
              stopped_count=0, restarted_count=0
 full_count=0

Compilation events (20 events):
Event: 60.592 Thread 0x0000023c44818000 7763       3       com.android.utils.StringHelper::appendCapitalized (206 bytes)
Event: 60.598 Thread 0x0000023c44818000 nmethod 7763 0x0000023c2f47e610 code [0x0000023c2f47eb60, 0x0000023c2f480e48]
Event: 60.598 Thread 0x0000023c44818000 7765       3       org.gradle.api.internal.DefaultMutationGuard::newActionWithMutation (11 bytes)
Event: 60.599 Thread 0x0000023c44818000 nmethod 7765 0x0000023c2f481b90 code [0x0000023c2f481d60, 0x0000023c2f482038]
Event: 60.599 Thread 0x0000023c44818000 7766       3       org.gradle.api.internal.DefaultMutationGuard$2::<init> (20 bytes)
Event: 60.599 Thread 0x0000023c44818000 nmethod 7766 0x0000023c2f482190 code [0x0000023c2f482340, 0x0000023c2f482558]
Event: 60.599 Thread 0x0000023c44818000 7764       3       org.gradle.api.internal.DelegatingDomainObjectSet::configureEach (11 bytes)
Event: 60.600 Thread 0x0000023c44818000 nmethod 7764 0x0000023c2f482610 code [0x0000023c2f4827c0, 0x0000023c2f482988]
Event: 60.600 Thread 0x0000023c44818000 7767       3       org.gradle.api.internal.AbstractMutationGuard::withMutationDisabled (7 bytes)
Event: 60.600 Thread 0x0000023c44818000 nmethod 7767 0x0000023c2f482a90 code [0x0000023c2f482c40, 0x0000023c2f482e08]
Event: 60.600 Thread 0x0000023c44818000 7768       1       org.gradle.api.attributes.Category$Impl::isImmutable (3 bytes)
Event: 60.600 Thread 0x0000023c44818000 nmethod 7768 0x0000023c35d66f90 code [0x0000023c35d67140, 0x0000023c35d671f8]
Event: 60.600 Thread 0x0000023c44818000 7769       1       org.gradle.api.internal.artifacts.configurations.DefaultConfiguration::getDependencies (5 bytes)
Event: 60.600 Thread 0x0000023c44818000 nmethod 7769 0x0000023c35d67290 code [0x0000023c35d67440, 0x0000023c35d674f8]
Event: 60.605 Thread 0x0000023c44818000 7772       3       java.lang.invoke.LambdaForm$DMH/0x0000000100997440::invokeStatic (21 bytes)
Event: 60.605 Thread 0x0000023c44818000 nmethod 7772 0x0000023c2f482e90 code [0x0000023c2f483060, 0x0000023c2f4834b8]
Event: 60.608 Thread 0x0000023c44818000 7773       3       jdk.internal.reflect.ClassFileAssembler::opc_aload_1 (24 bytes)
Event: 60.608 Thread 0x0000023c44818000 nmethod 7773 0x0000023c2f483610 code [0x0000023c2f4837e0, 0x0000023c2f483b28]
Event: 60.696 Thread 0x0000023c44818000 7774       3       java.lang.invoke.LambdaForm$MH/0x000000010025e840::linkToTargetMethod (15 bytes)
Event: 60.696 Thread 0x0000023c44818000 nmethod 7774 0x0000023c2f483c90 code [0x0000023c2f483e60, 0x0000023c2f484298]

GC Heap History (20 events):
Event: 36.750 GC heap after
{Heap after GC invocations=42 (full 0):
 garbage-first heap   total 168960K, used 62067K [0x0000000080000000, 0x0000000100000000)
  region size 1024K, 4 young (4096K), 4 survivors (4096K)
 Metaspace       used 43204K, capacity 44345K, committed 44592K, reserved 1087488K
  class space    used 5493K, capacity 5899K, committed 6016K, reserved 1048576K
}
Event: 38.363 GC heap before
{Heap before GC invocations=42 (full 0):
 garbage-first heap   total 168960K, used 102003K [0x0000000080000000, 0x0000000100000000)
  region size 1024K, 28 young (28672K), 4 survivors (4096K)
 Metaspace       used 44745K, capacity 45957K, committed 46128K, reserved 1089536K
  class space    used 5713K, capacity 6153K, committed 6272K, reserved 1048576K
}
Event: 38.467 GC heap after
{Heap after GC invocations=43 (full 0):
 garbage-first heap   total 168960K, used 82528K [0x0000000080000000, 0x0000000100000000)
  region size 1024K, 6 young (6144K), 6 survivors (6144K)
 Metaspace       used 44745K, capacity 45957K, committed 46128K, reserved 1089536K
  class space    used 5713K, capacity 6153K, committed 6272K, reserved 1048576K
}
Event: 39.839 GC heap before
{Heap before GC invocations=44 (full 0):
 garbage-first heap   total 168960K, used 98912K [0x0000000080000000, 0x0000000100000000)
  region size 1024K, 21 young (21504K), 6 survivors (6144K)
 Metaspace       used 45437K, capacity 46741K, committed 47024K, reserved 1089536K
  class space    used 5791K, capacity 6284K, committed 6400K, reserved 1048576K
}
Event: 39.870 GC heap after
{Heap after GC invocations=45 (full 0):
 garbage-first heap   total 168960K, used 88063K [0x0000000080000000, 0x0000000100000000)
  region size 1024K, 6 young (6144K), 6 survivors (6144K)
 Metaspace       used 45437K, capacity 46741K, committed 47024K, reserved 1089536K
  class space    used 5791K, capacity 6284K, committed 6400K, reserved 1048576K
}
Event: 41.209 GC heap before
{Heap before GC invocations=46 (full 0):
 garbage-first heap   total 168960K, used 121855K [0x0000000080000000, 0x0000000100000000)
  region size 1024K, 38 young (38912K), 6 survivors (6144K)
 Metaspace       used 47438K, capacity 48785K, committed 48944K, reserved 1091584K
  class space    used 5979K, capacity 6470K, committed 6528K, reserved 1048576K
}
Event: 41.224 GC heap after
{Heap after GC invocations=47 (full 0):
 garbage-first heap   total 168960K, used 89914K [0x0000000080000000, 0x0000000100000000)
  region size 1024K, 5 young (5120K), 5 survivors (5120K)
 Metaspace       used 47438K, capacity 48785K, committed 48944K, reserved 1091584K
  class space    used 5979K, capacity 6470K, committed 6528K, reserved 1048576K
}
Event: 42.034 GC heap before
{Heap before GC invocations=47 (full 0):
 garbage-first heap   total 168960K, used 110394K [0x0000000080000000, 0x0000000100000000)
  region size 1024K, 26 young (26624K), 5 survivors (5120K)
 Metaspace       used 48752K, capacity 50138K, committed 50224K, reserved 1093632K
  class space    used 6194K, capacity 6730K, committed 6784K, reserved 1048576K
}
Event: 42.059 GC heap after
{Heap after GC invocations=48 (full 0):
 garbage-first heap   total 245760K, used 91235K [0x0000000080000000, 0x0000000100000000)
  region size 1024K, 2 young (2048K), 2 survivors (2048K)
 Metaspace       used 48752K, capacity 50138K, committed 50224K, reserved 1093632K
  class space    used 6194K, capacity 6730K, committed 6784K, reserved 1048576K
}
Event: 46.304 GC heap before
{Heap before GC invocations=49 (full 0):
 garbage-first heap   total 245760K, used 167011K [0x0000000080000000, 0x0000000100000000)
  region size 1024K, 72 young (73728K), 2 survivors (2048K)
 Metaspace       used 52509K, capacity 54086K, committed 54320K, reserved 1095680K
  class space    used 6699K, capacity 7290K, committed 7296K, reserved 1048576K
}
Event: 46.325 GC heap after
{Heap after GC invocations=50 (full 0):
 garbage-first heap   total 245760K, used 100128K [0x0000000080000000, 0x0000000100000000)
  region size 1024K, 6 young (6144K), 6 survivors (6144K)
 Metaspace       used 52509K, capacity 54086K, committed 54320K, reserved 1095680K
  class space    used 6699K, capacity 7290K, committed 7296K, reserved 1048576K
}
Event: 51.376 GC heap before
{Heap before GC invocations=50 (full 0):
 garbage-first heap   total 245760K, used 187168K [0x0000000080000000, 0x0000000100000000)
  region size 1024K, 84 young (86016K), 6 survivors (6144K)
 Metaspace       used 60753K, capacity 62602K, committed 62640K, reserved 1103872K
  class space    used 7710K, capacity 8418K, committed 8448K, reserved 1048576K
}
Event: 51.459 GC heap after
{Heap after GC invocations=51 (full 0):
 garbage-first heap   total 245760K, used 116059K [0x0000000080000000, 0x0000000100000000)
  region size 1024K, 11 young (11264K), 11 survivors (11264K)
 Metaspace       used 60753K, capacity 62602K, committed 62640K, reserved 1103872K
  class space    used 7710K, capacity 8418K, committed 8448K, reserved 1048576K
}
Event: 53.578 GC heap before
{Heap before GC invocations=51 (full 0):
 garbage-first heap   total 245760K, used 148827K [0x0000000080000000, 0x0000000100000000)
  region size 1024K, 39 young (39936K), 11 survivors (11264K)
 Metaspace       used 64266K, capacity 66121K, committed 66480K, reserved 1107968K
  class space    used 8135K, capacity 8847K, committed 8960K, reserved 1048576K
}
Event: 53.682 GC heap after
{Heap after GC invocations=52 (full 0):
 garbage-first heap   total 245760K, used 125608K [0x0000000080000000, 0x0000000100000000)
  region size 1024K, 6 young (6144K), 6 survivors (6144K)
 Metaspace       used 64266K, capacity 66121K, committed 66480K, reserved 1107968K
  class space    used 8135K, capacity 8847K, committed 8960K, reserved 1048576K
}
Event: 56.595 GC heap before
{Heap before GC invocations=53 (full 0):
 garbage-first heap   total 245760K, used 175784K [0x0000000080000000, 0x0000000100000000)
  region size 1024K, 54 young (55296K), 6 survivors (6144K)
 Metaspace       used 67935K, capacity 69808K, committed 69936K, reserved 1110016K
  class space    used 8619K, capacity 9337K, committed 9344K, reserved 1048576K
}
Event: 56.621 GC heap after
{Heap after GC invocations=54 (full 0):
 garbage-first heap   total 245760K, used 123756K [0x0000000080000000, 0x0000000100000000)
  region size 1024K, 3 young (3072K), 3 survivors (3072K)
 Metaspace       used 67935K, capacity 69808K, committed 69936K, reserved 1110016K
  class space    used 8619K, capacity 9337K, committed 9344K, reserved 1048576K
}
Event: 58.731 GC heap before
{Heap before GC invocations=55 (full 0):
 garbage-first heap   total 245760K, used 181100K [0x0000000080000000, 0x0000000100000000)
  region size 1024K, 58 young (59392K), 3 survivors (3072K)
 Metaspace       used 71406K, capacity 73308K, committed 73520K, reserved 1114112K
  class space    used 9056K, capacity 9792K, committed 9856K, reserved 1048576K
}
Event: 58.777 GC heap after
{Heap after GC invocations=56 (full 0):
 garbage-first heap   total 245760K, used 126662K [0x0000000080000000, 0x0000000100000000)
  region size 1024K, 6 young (6144K), 6 survivors (6144K)
 Metaspace       used 71406K, capacity 73308K, committed 73520K, reserved 1114112K
  class space    used 9056K, capacity 9792K, committed 9856K, reserved 1048576K
}
Event: 60.717 GC heap before
{Heap before GC invocations=56 (full 0):
 garbage-first heap   total 245760K, used 185030K [0x0000000080000000, 0x0000000100000000)
  region size 1024K, 63 young (64512K), 6 survivors (6144K)
 Metaspace       used 74274K, capacity 76294K, committed 76464K, reserved 1116160K
  class space    used 9415K, capacity 10185K, committed 10240K, reserved 1048576K
}

Deoptimization events (20 events):
Event: 58.843 Thread 0x0000023c46236800 Uncommon trap: trap_request=0xffffff4d fr.pc=0x0000023c35bfab68 relative=0x0000000000000688
Event: 58.843 Thread 0x0000023c46236800 Uncommon trap: reason=unstable_if action=reinterpret pc=0x0000023c35bfab68 method=java.lang.PublicMethods$MethodList.filter([Ljava/lang/reflect/Method;Ljava/lang/String;[Ljava/lang/Class;Z)Ljava/lang/PublicMethods$MethodList; @ 43 c2
Event: 58.843 Thread 0x0000023c46236800 DEOPT PACKING pc=0x0000023c35bfab68 sp=0x000000bbba9f30d0
Event: 58.843 Thread 0x0000023c46236800 DEOPT UNPACKING pc=0x0000023c2df4a1af sp=0x000000bbba9f3090 mode 2
Event: 58.851 Thread 0x0000023c46236800 Uncommon trap: trap_request=0xffffffc6 fr.pc=0x0000023c35bc7170 relative=0x0000000000002910
Event: 58.851 Thread 0x0000023c46236800 Uncommon trap: reason=bimorphic_or_optimized_type_check action=maybe_recompile pc=0x0000023c35bc7170 method=org.codehaus.groovy.runtime.metaclass.MetaMethodIndex.isOverridden(Lgroovy/lang/MetaMethod;Lgroovy/lang/MetaMethod;)Z @ 37 c2
Event: 58.851 Thread 0x0000023c46236800 DEOPT PACKING pc=0x0000023c35bc7170 sp=0x000000bbba9f4de0
Event: 58.851 Thread 0x0000023c46236800 DEOPT UNPACKING pc=0x0000023c2df4a1af sp=0x000000bbba9f4d88 mode 2
Event: 58.866 Thread 0x0000023c46236800 Uncommon trap: trap_request=0xffffffc6 fr.pc=0x0000023c35bc7170 relative=0x0000000000002910
Event: 58.866 Thread 0x0000023c46236800 Uncommon trap: reason=bimorphic_or_optimized_type_check action=maybe_recompile pc=0x0000023c35bc7170 method=org.codehaus.groovy.runtime.metaclass.MetaMethodIndex.isOverridden(Lgroovy/lang/MetaMethod;Lgroovy/lang/MetaMethod;)Z @ 37 c2
Event: 58.866 Thread 0x0000023c46236800 DEOPT PACKING pc=0x0000023c35bc7170 sp=0x000000bbba9f4e80
Event: 58.866 Thread 0x0000023c46236800 DEOPT UNPACKING pc=0x0000023c2df4a1af sp=0x000000bbba9f4e28 mode 2
Event: 58.867 Thread 0x0000023c46236800 Uncommon trap: trap_request=0xffffffc6 fr.pc=0x0000023c35bc9d14 relative=0x00000000000054b4
Event: 58.867 Thread 0x0000023c46236800 Uncommon trap: reason=bimorphic_or_optimized_type_check action=maybe_recompile pc=0x0000023c35bc9d14 method=org.codehaus.groovy.runtime.metaclass.MetaMethodIndex.isOverridden(Lgroovy/lang/MetaMethod;Lgroovy/lang/MetaMethod;)Z @ 10 c2
Event: 58.867 Thread 0x0000023c46236800 DEOPT PACKING pc=0x0000023c35bc9d14 sp=0x000000bbba9f4e40
Event: 58.867 Thread 0x0000023c46236800 DEOPT UNPACKING pc=0x0000023c2df4a1af sp=0x000000bbba9f4de8 mode 2
Event: 59.334 Thread 0x0000023c46236800 DEOPT PACKING pc=0x0000023c2f25a9a9 sp=0x000000bbba9f4840
Event: 59.334 Thread 0x0000023c46236800 DEOPT UNPACKING pc=0x0000023c2df4a95e sp=0x000000bbba9f3d50 mode 0
Event: 60.429 Thread 0x0000023c46236800 DEOPT PACKING pc=0x0000023c2f25d2a7 sp=0x000000bbba9f7990
Event: 60.429 Thread 0x0000023c46236800 DEOPT UNPACKING pc=0x0000023c2df4a95e sp=0x000000bbba9f6e40 mode 0

Classes redefined (0 events):
No events

Internal exceptions (20 events):
Event: 59.178 Thread 0x0000023c46236800 Exception <a 'java/lang/ClassNotFoundException'{0x000000008dd24ed8}: com/android/build/gradle/internal/CompileOptionsBeanInfo> (0x000000008dd24ed8) thrown at [src/hotspot/share/classfile/systemDictionary.cpp, line 230]
Event: 59.183 Thread 0x0000023c46236800 Exception <a 'java/lang/ClassNotFoundException'{0x000000008dd42718}: com/android/build/gradle/internal/CompileOptionsCustomizer> (0x000000008dd42718) thrown at [src/hotspot/share/classfile/systemDictionary.cpp, line 230]
Event: 59.192 Thread 0x0000023c46236800 Exception <a 'java/lang/ClassNotFoundException'{0x000000008dd6e5d0}: com/android/build/gradle/internal/CompileOptions$AgpDecoratedCustomizer> (0x000000008dd6e5d0) thrown at [src/hotspot/share/classfile/systemDictionary.cpp, line 230]
Event: 59.195 Thread 0x0000023c46236800 Exception <a 'java/lang/ClassNotFoundException'{0x000000008dd9e2b0}: com/android/build/gradle/internal/CompileOptions$AgpDecorated_DecoratedCustomizer> (0x000000008dd9e2b0) thrown at [src/hotspot/share/classfile/systemDictionary.cpp, line 230]
Event: 59.255 Thread 0x0000023c46236800 Exception <a 'java/lang/ClassNotFoundException'{0x000000008db169e8}: org/jetbrains/kotlin/gradle/dsl/KotlinJvmOptionsImplBeanInfo> (0x000000008db169e8) thrown at [src/hotspot/share/classfile/systemDictionary.cpp, line 230]
Event: 59.256 Thread 0x0000023c46236800 Exception <a 'java/lang/ClassNotFoundException'{0x000000008db34ae0}: org/jetbrains/kotlin/gradle/dsl/KotlinJvmOptionsBaseBeanInfo> (0x000000008db34ae0) thrown at [src/hotspot/share/classfile/systemDictionary.cpp, line 230]
Event: 59.258 Thread 0x0000023c46236800 Exception <a 'java/lang/ClassNotFoundException'{0x000000008db52fa0}: org/jetbrains/kotlin/gradle/dsl/KotlinJvmOptionsBaseCustomizer> (0x000000008db52fa0) thrown at [src/hotspot/share/classfile/systemDictionary.cpp, line 230]
Event: 59.265 Thread 0x0000023c46236800 Exception <a 'java/lang/ClassNotFoundException'{0x000000008db89d40}: org/jetbrains/kotlin/gradle/dsl/KotlinJvmOptionsImplCustomizer> (0x000000008db89d40) thrown at [src/hotspot/share/classfile/systemDictionary.cpp, line 230]
Event: 59.291 Thread 0x0000023c46236800 Exception <a 'java/lang/ClassNotFoundException'{0x000000008da345e0}: com/android/build/gradle/internal/dsl/ViewBindingOptionsImpl$AgpDecorated_DecoratedBeanInfo> (0x000000008da345e0) thrown at [src/hotspot/share/classfile/systemDictionary.cpp, line 230]
Event: 59.293 Thread 0x0000023c46236800 Exception <a 'java/lang/ClassNotFoundException'{0x000000008da55d30}: com/android/build/gradle/internal/dsl/ViewBindingOptionsImpl$AgpDecoratedBeanInfo> (0x000000008da55d30) thrown at [src/hotspot/share/classfile/systemDictionary.cpp, line 230]
Event: 59.297 Thread 0x0000023c46236800 Exception <a 'java/lang/ClassNotFoundException'{0x000000008da756d0}: com/android/build/gradle/internal/dsl/ViewBindingOptionsImplBeanInfo> (0x000000008da756d0) thrown at [src/hotspot/share/classfile/systemDictionary.cpp, line 230]
Event: 59.301 Thread 0x0000023c46236800 Exception <a 'java/lang/ClassNotFoundException'{0x000000008da956b0}: com/android/build/gradle/internal/dsl/ViewBindingOptionsImplCustomizer> (0x000000008da956b0) thrown at [src/hotspot/share/classfile/systemDictionary.cpp, line 230]
Event: 59.305 Thread 0x0000023c46236800 Exception <a 'java/lang/ClassNotFoundException'{0x000000008dabc2e8}: com/android/build/gradle/internal/dsl/ViewBindingOptionsImpl$AgpDecoratedCustomizer> (0x000000008dabc2e8) thrown at [src/hotspot/share/classfile/systemDictionary.cpp, line 230]
Event: 59.308 Thread 0x0000023c46236800 Exception <a 'java/lang/ClassNotFoundException'{0x000000008dae2aa0}: com/android/build/gradle/internal/dsl/ViewBindingOptionsImpl$AgpDecorated_DecoratedCustomizer> (0x000000008dae2aa0) thrown at [src/hotspot/share/classfile/systemDictionary.cpp, line 230]
Event: 59.629 Thread 0x0000023c46236800 Exception <a 'java/lang/ClassNotFoundException'{0x000000008d0685a8}: com/android/build/gradle/internal/dsl/ProductFlavor$AgpDecorated_DecoratedBeanInfo> (0x000000008d0685a8) thrown at [src/hotspot/share/classfile/systemDictionary.cpp, line 230]
Event: 59.630 Thread 0x0000023c46236800 Exception <a 'java/lang/ClassNotFoundException'{0x000000008d089990}: com/android/build/gradle/internal/dsl/ProductFlavor$AgpDecoratedBeanInfo> (0x000000008d089990) thrown at [src/hotspot/share/classfile/systemDictionary.cpp, line 230]
Event: 59.631 Thread 0x0000023c46236800 Exception <a 'java/lang/ClassNotFoundException'{0x000000008d0a8dc8}: com/android/build/gradle/internal/dsl/ProductFlavorBeanInfo> (0x000000008d0a8dc8) thrown at [src/hotspot/share/classfile/systemDictionary.cpp, line 230]
Event: 59.633 Thread 0x0000023c46236800 Exception <a 'java/lang/ClassNotFoundException'{0x000000008d0c82a8}: com/android/build/gradle/internal/dsl/ProductFlavorCustomizer> (0x000000008d0c82a8) thrown at [src/hotspot/share/classfile/systemDictionary.cpp, line 230]
Event: 59.637 Thread 0x0000023c46236800 Exception <a 'java/lang/ClassNotFoundException'{0x000000008cf13c38}: com/android/build/gradle/internal/dsl/ProductFlavor$AgpDecoratedCustomizer> (0x000000008cf13c38) thrown at [src/hotspot/share/classfile/systemDictionary.cpp, line 230]
Event: 59.641 Thread 0x0000023c46236800 Exception <a 'java/lang/ClassNotFoundException'{0x000000008cf7f278}: com/android/build/gradle/internal/dsl/ProductFlavor$AgpDecorated_DecoratedCustomizer> (0x000000008cf7f278) thrown at [src/hotspot/share/classfile/systemDictionary.cpp, line 230]

Events (20 events):
Event: 60.690 loading class com/android/build/api/component/impl/features/RenderscriptCreationConfigImpl done
Event: 60.692 loading class com/android/build/api/component/impl/features/RenderscriptCreationConfigImpl$renderscript$2
Event: 60.692 loading class com/android/build/api/component/impl/features/RenderscriptCreationConfigImpl$renderscript$2 done
Event: 60.701 loading class com/android/build/gradle/internal/TaskManager$createAssembleTask$1
Event: 60.701 loading class com/android/build/gradle/internal/TaskManager$createAssembleTask$1 done
Event: 60.702 loading class com/android/build/gradle/internal/TaskManager$createAssembleTask$2
Event: 60.702 loading class com/android/build/gradle/internal/TaskManager$createAssembleTask$2 done
Event: 60.704 loading class com/android/build/gradle/internal/TaskManager$createTasksForVariant$1
Event: 60.704 loading class com/android/build/gradle/internal/TaskManager$createTasksForVariant$1 done
Event: 60.706 loading class com/android/build/gradle/internal/TaskManager$createBundleTask$1
Event: 60.706 loading class com/android/build/gradle/internal/TaskManager$createBundleTask$1 done
Event: 60.709 loading class com/android/build/gradle/internal/TaskManager$createBundleTask$2
Event: 60.709 loading class com/android/build/gradle/internal/TaskManager$createBundleTask$2 done
Event: 60.711 loading class com/android/build/gradle/internal/tasks/AppPreBuildTask
Event: 60.711 loading class com/android/build/gradle/internal/tasks/AppPreBuildTask done
Event: 60.714 loading class com/android/build/gradle/internal/tasks/AppPreBuildTask$Companion
Event: 60.714 loading class com/android/build/gradle/internal/tasks/AppPreBuildTask$Companion done
Event: 60.716 loading class com/android/build/gradle/internal/tasks/AppPreBuildTask$EmptyCreationAction
Event: 60.716 loading class com/android/build/gradle/internal/tasks/AppPreBuildTask$EmptyCreationAction done
Event: 60.717 Executing VM operation: G1CollectForAllocation


Dynamic libraries:
0x00007ff750090000 - 0x00007ff75009a000 	C:\Program Files\Android\Android Studio\jbr\bin\java.exe
0x00007ff9ad830000 - 0x00007ff9ada28000 	C:\WINDOWS\SYSTEM32\ntdll.dll
0x00007ff9ad690000 - 0x00007ff9ad74f000 	C:\WINDOWS\System32\KERNEL32.DLL
0x00007ff9ab450000 - 0x00007ff9ab722000 	C:\WINDOWS\System32\KERNELBASE.dll
0x00007ff9ab060000 - 0x00007ff9ab160000 	C:\WINDOWS\System32\ucrtbase.dll
0x00007ff99de30000 - 0x00007ff99de47000 	C:\Program Files\Android\Android Studio\jbr\bin\jli.dll
0x00007ff98cb70000 - 0x00007ff98cb8b000 	C:\Program Files\Android\Android Studio\jbr\bin\VCRUNTIME140.dll
0x00007ff9ac540000 - 0x00007ff9ac6e1000 	C:\WINDOWS\System32\USER32.dll
0x00007ff9ab030000 - 0x00007ff9ab052000 	C:\WINDOWS\System32\win32u.dll
0x00007ff9ac850000 - 0x00007ff9ac87b000 	C:\WINDOWS\System32\GDI32.dll
0x00007ff9aaf20000 - 0x00007ff9ab02f000 	C:\WINDOWS\System32\gdi32full.dll
0x00007ff9ab1e0000 - 0x00007ff9ab27d000 	C:\WINDOWS\System32\msvcp_win.dll
0x00007ff99c760000 - 0x00007ff99c9fa000 	C:\WINDOWS\WinSxS\amd64_microsoft.windows.common-controls_6595b64144ccf1df_6.0.19041.1110_none_60b5254171f9507e\COMCTL32.dll
0x00007ff9ac490000 - 0x00007ff9ac52e000 	C:\WINDOWS\System32\msvcrt.dll
0x00007ff9ac810000 - 0x00007ff9ac842000 	C:\WINDOWS\System32\IMM32.DLL
0x00007ff9a23c0000 - 0x00007ff9a23cc000 	C:\Program Files\Android\Android Studio\jbr\bin\vcruntime140_1.dll
0x00007ff983cc0000 - 0x00007ff983d4d000 	C:\Program Files\Android\Android Studio\jbr\bin\msvcp140.dll
0x00007ff973720000 - 0x00007ff9742dc000 	C:\Program Files\Android\Android Studio\jbr\bin\server\jvm.dll
0x00007ff9accc0000 - 0x00007ff9acd6e000 	C:\WINDOWS\System32\ADVAPI32.dll
0x00007ff9ad750000 - 0x00007ff9ad7ec000 	C:\WINDOWS\System32\sechost.dll
0x00007ff9ad3a0000 - 0x00007ff9ad4c5000 	C:\WINDOWS\System32\RPCRT4.dll
0x00007ff9ac880000 - 0x00007ff9ac888000 	C:\WINDOWS\System32\PSAPI.DLL
0x00007ff9a4820000 - 0x00007ff9a4829000 	C:\WINDOWS\SYSTEM32\WSOCK32.dll
0x00007ff9ad2d0000 - 0x00007ff9ad33b000 	C:\WINDOWS\System32\WS2_32.dll
0x00007ff9a2630000 - 0x00007ff9a2657000 	C:\WINDOWS\SYSTEM32\WINMM.dll
0x00007ff9a2620000 - 0x00007ff9a262a000 	C:\WINDOWS\SYSTEM32\VERSION.dll
0x00007ff9a9770000 - 0x00007ff9a9782000 	C:\WINDOWS\SYSTEM32\kernel.appcore.dll
0x00007ff9a4810000 - 0x00007ff9a4820000 	C:\Program Files\Android\Android Studio\jbr\bin\verify.dll
0x00007ff9a9550000 - 0x00007ff9a9734000 	C:\WINDOWS\SYSTEM32\DBGHELP.DLL
0x00007ff999900000 - 0x00007ff999935000 	C:\WINDOWS\SYSTEM32\dbgcore.DLL
0x00007ff9ab730000 - 0x00007ff9ab7b2000 	C:\WINDOWS\System32\bcryptPrimitives.dll
0x00007ff9a3db0000 - 0x00007ff9a3dd8000 	C:\Program Files\Android\Android Studio\jbr\bin\java.dll
0x00007ff9a4800000 - 0x00007ff9a480a000 	C:\Program Files\Android\Android Studio\jbr\bin\jimage.dll
0x00007ff9a2580000 - 0x00007ff9a2598000 	C:\Program Files\Android\Android Studio\jbr\bin\zip.dll
0x00007ff9ab870000 - 0x00007ff9abfb4000 	C:\WINDOWS\System32\SHELL32.dll
0x00007ff9a8cf0000 - 0x00007ff9a9482000 	C:\WINDOWS\SYSTEM32\windows.storage.dll
0x00007ff9acdf0000 - 0x00007ff9ad145000 	C:\WINDOWS\System32\combase.dll
0x00007ff9aa980000 - 0x00007ff9aa9b0000 	C:\WINDOWS\SYSTEM32\Wldp.dll
0x00007ff9ac9c0000 - 0x00007ff9aca6d000 	C:\WINDOWS\System32\SHCORE.dll
0x00007ff9ad340000 - 0x00007ff9ad395000 	C:\WINDOWS\System32\shlwapi.dll
0x00007ff9aae60000 - 0x00007ff9aae7f000 	C:\WINDOWS\SYSTEM32\profapi.dll
0x00007ff9a2560000 - 0x00007ff9a2579000 	C:\Program Files\Android\Android Studio\jbr\bin\net.dll
0x00007ff9a17d0000 - 0x00007ff9a18dc000 	C:\WINDOWS\SYSTEM32\WINHTTP.dll
0x00007ff9aa6e0000 - 0x00007ff9aa74a000 	C:\WINDOWS\system32\mswsock.dll
0x00007ff9a24f0000 - 0x00007ff9a2503000 	C:\Program Files\Android\Android Studio\jbr\bin\nio.dll
0x00007ff999530000 - 0x00007ff999557000 	C:\Users\dwise\.gradle\native\e1d6ef7f7dcc3fd88c89a11ec53ec762bb8ba0a96d01ffa2cd45eb1d1d8dd5c5\windows-amd64\native-platform.dll
0x00007ff962030000 - 0x00007ff962174000 	C:\Users\dwise\.gradle\native\0d407fdbe67a94daf76414ababcb853783967236a71b16ec16e742cd7a986fd3\windows-amd64\native-platform-file-events.dll
0x00007ff9a47e0000 - 0x00007ff9a47ea000 	C:\Program Files\Android\Android Studio\jbr\bin\management.dll
0x00007ff9a2270000 - 0x00007ff9a227b000 	C:\Program Files\Android\Android Studio\jbr\bin\management_ext.dll
0x00007ff9aa8e0000 - 0x00007ff9aa8f8000 	C:\WINDOWS\SYSTEM32\CRYPTSP.dll
0x00007ff9a9f20000 - 0x00007ff9a9f54000 	C:\WINDOWS\system32\rsaenh.dll
0x00007ff9ab1b0000 - 0x00007ff9ab1d7000 	C:\WINDOWS\System32\bcrypt.dll
0x00007ff9aae20000 - 0x00007ff9aae4e000 	C:\WINDOWS\SYSTEM32\USERENV.dll
0x00007ff9aa8d0000 - 0x00007ff9aa8dc000 	C:\WINDOWS\SYSTEM32\CRYPTBASE.dll
0x00007ff9aa360000 - 0x00007ff9aa39b000 	C:\WINDOWS\SYSTEM32\IPHLPAPI.DLL
0x00007ff9ac530000 - 0x00007ff9ac538000 	C:\WINDOWS\System32\NSI.dll
0x00007ff9a1a60000 - 0x00007ff9a1a77000 	C:\WINDOWS\SYSTEM32\dhcpcsvc6.DLL
0x00007ff9a1b60000 - 0x00007ff9a1b7d000 	C:\WINDOWS\SYSTEM32\dhcpcsvc.DLL
0x00007ff9aa3c0000 - 0x00007ff9aa48a000 	C:\WINDOWS\SYSTEM32\DNSAPI.dll

dbghelp: loaded successfully - version: 4.0.5 - missing functions: none
symbol engine: initialized successfully - sym options: 0x614 - pdb path: .;C:\Program Files\Android\Android Studio\jbr\bin;C:\WINDOWS\SYSTEM32;C:\WINDOWS\WinSxS\amd64_microsoft.windows.common-controls_6595b64144ccf1df_6.0.19041.1110_none_60b5254171f9507e;C:\Program Files\Android\Android Studio\jbr\bin\server;C:\Users\dwise\.gradle\native\e1d6ef7f7dcc3fd88c89a11ec53ec762bb8ba0a96d01ffa2cd45eb1d1d8dd5c5\windows-amd64;C:\Users\dwise\.gradle\native\0d407fdbe67a94daf76414ababcb853783967236a71b16ec16e742cd7a986fd3\windows-amd64

VM Arguments:
jvm_args: --add-opens=java.base/java.util=ALL-UNNAMED --add-opens=java.base/java.lang=ALL-UNNAMED --add-opens=java.base/java.lang.invoke=ALL-UNNAMED --add-opens=java.base/java.util=ALL-UNNAMED --add-opens=java.prefs/java.util.prefs=ALL-UNNAMED --add-opens=java.prefs/java.util.prefs=ALL-UNNAMED --add-opens=java.base/java.nio.charset=ALL-UNNAMED --add-opens=java.base/java.net=ALL-UNNAMED --add-opens=java.base/java.util.concurrent.atomic=ALL-UNNAMED -Xmx2048m -Dfile.encoding=UTF-8 -Duser.country=ID -Duser.language=en -Duser.variant 
java_command: org.gradle.launcher.daemon.bootstrap.GradleDaemon 7.5
java_class_path (initial): C:\Users\dwise\.gradle\wrapper\dists\gradle-7.5-bin\f1w0cc9nuo0eivz97x2xlu9sv\gradle-7.5\lib\gradle-launcher-7.5.jar
Launcher Type: SUN_STANDARD

[Global flags]
     intx CICompilerCount                          = 3                                         {product} {ergonomic}
     uint ConcGCThreads                            = 1                                         {product} {ergonomic}
     uint G1ConcRefinementThreads                  = 4                                         {product} {ergonomic}
   size_t G1HeapRegionSize                         = 1048576                                   {product} {ergonomic}
    uintx GCDrainStackTargetSize                   = 64                                        {product} {ergonomic}
   size_t InitialHeapSize                          = 58720256                                  {product} {ergonomic}
   size_t MarkStackSize                            = 4194304                                   {product} {ergonomic}
   size_t MaxHeapSize                              = 2147483648                                {product} {command line}
   size_t MaxNewSize                               = 1287651328                                {product} {ergonomic}
   size_t MinHeapDeltaBytes                        = 1048576                                   {product} {ergonomic}
    uintx NonNMethodCodeHeapSize                   = 5830732                                {pd product} {ergonomic}
    uintx NonProfiledCodeHeapSize                  = 122913754                              {pd product} {ergonomic}
    uintx ProfiledCodeHeapSize                     = 122913754                              {pd product} {ergonomic}
    uintx ReservedCodeCacheSize                    = 251658240                              {pd product} {ergonomic}
     bool SegmentedCodeCache                       = true                                      {product} {ergonomic}
     bool UseCompressedClassPointers               = true                                 {lp64_product} {ergonomic}
     bool UseCompressedOops                        = true                                 {lp64_product} {ergonomic}
     bool UseG1GC                                  = true                                      {product} {ergonomic}
     bool UseLargePagesIndividualAllocation        = false                                  {pd product} {ergonomic}

Logging:
Log output configuration:
 #0: stdout all=warning uptime,level,tags
 #1: stderr all=off uptime,level,tags

Environment Variables:
PATH=C:\Python310\Scripts\;C:\Python310\;C:\Program Files (x86)\Common Files\Intel\Shared Files\cpp\bin\Intel64;C:\Program Files\Eclipse Adoptium\jdk-17.0.1.12-hotspot\bin;C:\WINDOWS\system32;C:\WINDOWS;C:\WINDOWS\System32\Wbem;C:\WINDOWS\System32\WindowsPowerShell\v1.0\;C:\WINDOWS\System32\OpenSSH\;C:\Program Files\Git\cmd;C:\xampp\php;C:\composer;C:\Program Files\Dart\dart-sdk\bin;C:\Program Files\nodejs\;C:\ProgramData\chocolatey\bin;C:\Users\dwise\AppData\Local\Programs\Python\Python38\Scripts\;C:\Users\dwise\AppData\Local\Programs\Python\Python38\;C:\Users\dwise\AppData\Local\Microsoft\WindowsApps;C:\Users\dwise\AppData\Local\Programs\Microsoft VS Code\bin;C:\Users\dwise\AppData\Local\GitHubDesktop\bin;C:\Users\dwise\AppData\Roaming\Composer\vendor\bin;C:\Users\dwise\OneDrive\Documents\flutter\flutter\bin;C:\Users\dwise\AppData\Roaming\npm
USERNAME=dwise
OS=Windows_NT
PROCESSOR_IDENTIFIER=AMD64 Family 22 Model 48 Stepping 1, AuthenticAMD



---------------  S Y S T E M  ---------------

OS: Windows 10 , 64 bit Build 19041 (10.0.19041.2364)
OS uptime: 1 days 11:27 hours

CPU:total 4 (initial active 4) (4 cores per cpu, 1 threads per core) family 22 model 48 stepping 1 microcode 0x0, cmov, cx8, fxsr, mmx, sse, sse2, sse3, ssse3, sse4.1, sse4.2, popcnt, avx, aes, clmul, mmxext, 3dnowpref, lzcnt, sse4a, tsc, tscinvbit, tscinv, bmi1

Memory: 4k page, system-wide physical 3550M (187M free)
TotalPageFile size 14302M (AvailPageFile size 25M)
current process WorkingSet (physical memory assigned to process): 297M, peak: 297M
current process commit charge ("private bytes"): 480M, peak: 529M

vm_info: OpenJDK 64-Bit Server VM (11.0.15+0-b2043.56-9505619) for windows-amd64 JRE (11.0.15+0-b2043.56-9505619), built on Jan 19 2023 02:48:00 by "builduser" with unknown MS VC++:1929

END.
