#
# There is insufficient memory for the Java Runtime Environment to continue.
# Native memory allocation (malloc) failed to allocate 1050256 bytes for Chunk::new
# Possible reasons:
#   The system is out of physical RAM or swap space
#   The process is running with CompressedOops enabled, and the Java Heap may be blocking the growth of the native heap
# Possible solutions:
#   Reduce memory load on the system
#   Increase physical memory or swap space
#   Check if swap backing store is full
#   Decrease Java heap size (-Xmx/-Xms)
#   Decrease number of Java threads
#   Decrease Java thread stack sizes (-Xss)
#   Set larger code cache with -XX:ReservedCodeCacheSize=
#   JVM is running with Unscaled Compressed Oops mode in which the Java heap is
#     placed in the first 4GB address space. The Java Heap base address is the
#     maximum limit for the native heap growth. Please use -XX:HeapBaseMinAddress
#     to set the Java Heap base and to place the Java Heap above 4GB virtual address.
# This output file may be truncated or incomplete.
#
#  Out of Memory Error (src/hotspot/share/memory/arena.cpp:197), pid=17108, tid=16304
#
# JRE version: OpenJDK Runtime Environment (11.0.15) (build 11.0.15+0-b2043.56-9505619)
# Java VM: OpenJDK 64-Bit Server VM (11.0.15+0-b2043.56-9505619, mixed mode, tiered, compressed oops, g1 gc, windows-amd64)
# No core dump will be written. Minidumps are not enabled by default on client versions of Windows
#

---------------  S U M M A R Y ------------

Command Line: --add-opens=java.base/java.util=ALL-UNNAMED --add-opens=java.base/java.lang=ALL-UNNAMED --add-opens=java.base/java.lang.invoke=ALL-UNNAMED --add-opens=java.base/java.util=ALL-UNNAMED --add-opens=java.prefs/java.util.prefs=ALL-UNNAMED --add-opens=java.prefs/java.util.prefs=ALL-UNNAMED --add-opens=java.base/java.nio.charset=ALL-UNNAMED --add-opens=java.base/java.net=ALL-UNNAMED --add-opens=java.base/java.util.concurrent.atomic=ALL-UNNAMED -Xmx2048m -Dfile.encoding=UTF-8 -Duser.country=ID -Duser.language=en -Duser.variant org.gradle.launcher.daemon.bootstrap.GradleDaemon 7.5

Host: AMD A8-7410 APU with AMD Radeon R5 Graphics    , 4 cores, 3G,  Windows 10 , 64 bit Build 19041 (10.0.19041.2364)
Time: Fri Feb 17 19:50:02 2023 SE Asia Standard Time elapsed time: 61.288006 seconds (0d 0h 1m 1s)

---------------  T H R E A D  ---------------

Current thread (0x000002124f813000):  JavaThread "C2 CompilerThread0" daemon [_thread_in_native, id=16304, stack(0x000000469c400000,0x000000469c500000)]


Current CompileTask:
C2:  61288 7180       4       java.lang.invoke.InvokerBytecodeGenerator::emitImplicitConversion (159 bytes)

Stack: [0x000000469c400000,0x000000469c500000]
Native frames: (J=compiled Java code, j=interpreted, Vv=VM code, C=native code)
V  [jvm.dll+0x64135a]
V  [jvm.dll+0x7d39f9]
V  [jvm.dll+0x7d51b9]
V  [jvm.dll+0x7d58a3]
V  [jvm.dll+0x2691c5]
V  [jvm.dll+0xc1a5c]
V  [jvm.dll+0xc200c]
V  [jvm.dll+0x3774a7]
V  [jvm.dll+0x342495]
V  [jvm.dll+0x34186a]
V  [jvm.dll+0x2214bd]
V  [jvm.dll+0x220498]
V  [jvm.dll+0x19e851]
V  [jvm.dll+0x230479]
V  [jvm.dll+0x22e5ef]
V  [jvm.dll+0x794de1]
V  [jvm.dll+0x78dc24]
V  [jvm.dll+0x6400f6]
C  [ucrtbase.dll+0x21bb2]
C  [KERNEL32.DLL+0x17614]
C  [ntdll.dll+0x526a1]


---------------  P R O C E S S  ---------------

Threads class SMR info:
_java_thread_list=0x00000212543b4450, length=77, elements={
0x0000021233c75000, 0x000002124f7ad000, 0x000002124f7b8000, 0x000002124f80c800,
0x000002124f80d800, 0x000002124f80f000, 0x000002124f813000, 0x000002124f814000,
0x000002124f826800, 0x0000021250276800, 0x0000021251932800, 0x00000212517c1800,
0x00000212517c2000, 0x0000021250fb0800, 0x0000021251a9d000, 0x0000021251ae8800,
0x0000021251ae9000, 0x0000021250ec7000, 0x0000021250e60800, 0x0000021251cb7000,
0x0000021251370800, 0x0000021251372000, 0x0000021251371800, 0x0000021251374000,
0x0000021251373000, 0x000002125136f000, 0x000002125136e000, 0x0000021251374800,
0x000002125136f800, 0x0000021250f50800, 0x0000021250f53800, 0x0000021250f52800,
0x0000021250f54800, 0x0000021250f55000, 0x0000021250f56000, 0x0000021250f5a000,
0x0000021250f5c800, 0x0000021250f58800, 0x0000021250f5e000, 0x0000021250f5b000,
0x0000021250f5d800, 0x0000021250f5f000, 0x0000021250f5b800, 0x00000212503f0800,
0x00000212503f5000, 0x00000212503f5800, 0x00000212503f4000, 0x00000212503f3000,
0x00000212503f6800, 0x00000212503f7000, 0x00000212503f1800, 0x00000212503f2800,
0x00000212503fa800, 0x00000212503f9000, 0x00000212503fd000, 0x00000212503fb800,
0x00000212503fc000, 0x00000212503fd800, 0x00000212503f8000, 0x00000212503fe800,
0x00000212503ff800, 0x00000212503f9800, 0x000002125232b800, 0x000002125232c800,
0x000002125232d800, 0x000002125232b000, 0x0000021252327800, 0x000002125232a000,
0x000002125232e000, 0x0000021252329800, 0x0000021252328800, 0x0000021252333000,
0x0000021252334000, 0x0000021252330000, 0x000002125232f000, 0x0000021252334800,
0x0000021252336800
}

Java Threads: ( => current thread )
  0x0000021233c75000 JavaThread "main" [_thread_blocked, id=7648, stack(0x000000469b800000,0x000000469b900000)]
  0x000002124f7ad000 JavaThread "Reference Handler" daemon [_thread_blocked, id=13600, stack(0x000000469bf00000,0x000000469c000000)]
  0x000002124f7b8000 JavaThread "Finalizer" daemon [_thread_blocked, id=7072, stack(0x000000469c000000,0x000000469c100000)]
  0x000002124f80c800 JavaThread "Signal Dispatcher" daemon [_thread_blocked, id=16684, stack(0x000000469c100000,0x000000469c200000)]
  0x000002124f80d800 JavaThread "Attach Listener" daemon [_thread_blocked, id=17876, stack(0x000000469c200000,0x000000469c300000)]
  0x000002124f80f000 JavaThread "Service Thread" daemon [_thread_blocked, id=12652, stack(0x000000469c300000,0x000000469c400000)]
=>0x000002124f813000 JavaThread "C2 CompilerThread0" daemon [_thread_in_native, id=16304, stack(0x000000469c400000,0x000000469c500000)]
  0x000002124f814000 JavaThread "C1 CompilerThread0" daemon [_thread_blocked, id=18108, stack(0x000000469c500000,0x000000469c600000)]
  0x000002124f826800 JavaThread "Sweeper thread" daemon [_thread_blocked, id=5056, stack(0x000000469c600000,0x000000469c700000)]
  0x0000021250276800 JavaThread "Common-Cleaner" daemon [_thread_blocked, id=6024, stack(0x000000469c700000,0x000000469c800000)]
  0x0000021251932800 JavaThread "Daemon health stats" [_thread_blocked, id=1444, stack(0x000000469ca00000,0x000000469cb00000)]
  0x00000212517c1800 JavaThread "Incoming local TCP Connector on port 50891" [_thread_in_native, id=2484, stack(0x000000469cb00000,0x000000469cc00000)]
  0x00000212517c2000 JavaThread "Daemon periodic checks" [_thread_blocked, id=896, stack(0x000000469cc00000,0x000000469cd00000)]
  0x0000021250fb0800 JavaThread "Daemon" [_thread_blocked, id=8664, stack(0x000000469cd00000,0x000000469ce00000)]
  0x0000021251a9d000 JavaThread "Handler for socket connection from /127.0.0.1:50891 to /127.0.0.1:50892" [_thread_in_native, id=13368, stack(0x000000469ce00000,0x000000469cf00000)]
  0x0000021251ae8800 JavaThread "Cancel handler" [_thread_blocked, id=6632, stack(0x000000469cf00000,0x000000469d000000)]
  0x0000021251ae9000 JavaThread "Daemon worker" [_thread_in_Java, id=14488, stack(0x000000469d000000,0x000000469d100000)]
  0x0000021250ec7000 JavaThread "Asynchronous log dispatcher for DefaultDaemonConnection: socket connection from /127.0.0.1:50891 to /127.0.0.1:50892" [_thread_blocked, id=16852, stack(0x000000469d100000,0x000000469d200000)]
  0x0000021250e60800 JavaThread "Stdin handler" [_thread_blocked, id=16924, stack(0x000000469d200000,0x000000469d300000)]
  0x0000021251cb7000 JavaThread "Daemon client event forwarder" [_thread_blocked, id=4152, stack(0x000000469d300000,0x000000469d400000)]
  0x0000021251370800 JavaThread "Cache worker for journal cache (C:\Users\dwise\.gradle\caches\journal-1)" [_thread_blocked, id=10332, stack(0x000000469d600000,0x000000469d700000)]
  0x0000021251372000 JavaThread "File lock request listener" [_thread_in_native, id=2044, stack(0x000000469d700000,0x000000469d800000)]
  0x0000021251371800 JavaThread "Cache worker for file hash cache (C:\Users\dwise\.gradle\caches\7.5\fileHashes)" [_thread_blocked, id=18036, stack(0x000000469d800000,0x000000469d900000)]
  0x0000021251374000 JavaThread "File watcher server" daemon [_thread_in_native, id=16200, stack(0x000000469d900000,0x000000469da00000)]
  0x0000021251373000 JavaThread "File watcher consumer" daemon [_thread_blocked, id=18260, stack(0x000000469da00000,0x000000469db00000)]
  0x000002125136f000 JavaThread "jar transforms" [_thread_blocked, id=16772, stack(0x000000469db00000,0x000000469dc00000)]
  0x000002125136e000 JavaThread "jar transforms Thread 2" [_thread_blocked, id=5180, stack(0x000000469dc00000,0x000000469dd00000)]
  0x0000021251374800 JavaThread "jar transforms Thread 3" [_thread_blocked, id=5452, stack(0x000000469dd00000,0x000000469de00000)]
  0x000002125136f800 JavaThread "jar transforms Thread 4" [_thread_blocked, id=10248, stack(0x000000469de00000,0x000000469df00000)]
  0x0000021250f50800 JavaThread "Cache worker for checksums cache (C:\Users\dwise\OneDrive\Documents\bwa\kantinE-KTP\.gradle\7.5\checksums)" [_thread_blocked, id=7012, stack(0x000000469df00000,0x000000469e000000)]
  0x0000021250f53800 JavaThread "Cache worker for cache directory md-rule (C:\Users\dwise\.gradle\caches\7.5\md-rule)" [_thread_blocked, id=3312, stack(0x000000469e000000,0x000000469e100000)]
  0x0000021250f52800 JavaThread "Cache worker for file content cache (C:\Users\dwise\.gradle\caches\7.5\fileContent)" [_thread_blocked, id=10028, stack(0x000000469e100000,0x000000469e200000)]
  0x0000021250f54800 JavaThread "Cache worker for file hash cache (C:\Users\dwise\OneDrive\Documents\bwa\kantinE-KTP\.gradle\7.5\fileHashes)" [_thread_blocked, id=6092, stack(0x000000469e200000,0x000000469e300000)]
  0x0000021250f55000 JavaThread "Cache worker for cache directory md-supplier (C:\Users\dwise\.gradle\caches\7.5\md-supplier)" [_thread_blocked, id=18288, stack(0x000000469e300000,0x000000469e400000)]
  0x0000021250f56000 JavaThread "Cache worker for execution history cache (C:\Users\dwise\.gradle\caches\7.5\executionHistory)" [_thread_blocked, id=4704, stack(0x000000469e400000,0x000000469e500000)]
  0x0000021250f5a000 JavaThread "Cache worker for dependencies-accessors (C:\Users\dwise\OneDrive\Documents\bwa\kantinE-KTP\.gradle\7.5\dependencies-accessors)" [_thread_blocked, id=940, stack(0x000000469e700000,0x000000469e800000)]
  0x0000021250f5c800 JavaThread "Cache worker for Build Output Cleanup Cache (C:\Users\dwise\OneDrive\Documents\bwa\kantinE-KTP\.gradle\buildOutputCleanup)" [_thread_blocked, id=18188, stack(0x000000469e800000,0x000000469e900000)]
  0x0000021250f58800 JavaThread "Unconstrained build operations" [_thread_blocked, id=6564, stack(0x000000469e900000,0x000000469ea00000)]
  0x0000021250f5e000 JavaThread "Unconstrained build operations Thread 2" [_thread_blocked, id=16536, stack(0x000000469ea00000,0x000000469eb00000)]
  0x0000021250f5b000 JavaThread "Unconstrained build operations Thread 3" [_thread_blocked, id=16992, stack(0x000000469eb00000,0x000000469ec00000)]
  0x0000021250f5d800 JavaThread "Unconstrained build operations Thread 4" [_thread_blocked, id=13572, stack(0x000000469ec00000,0x000000469ed00000)]
  0x0000021250f5f000 JavaThread "Unconstrained build operations Thread 5" [_thread_blocked, id=17596, stack(0x000000469ed00000,0x000000469ee00000)]
  0x0000021250f5b800 JavaThread "Unconstrained build operations Thread 6" [_thread_blocked, id=7520, stack(0x000000469ee00000,0x000000469ef00000)]
  0x00000212503f0800 JavaThread "Unconstrained build operations Thread 7" [_thread_blocked, id=608, stack(0x000000469ef00000,0x000000469f000000)]
  0x00000212503f5000 JavaThread "Unconstrained build operations Thread 8" [_thread_blocked, id=12520, stack(0x000000469f000000,0x000000469f100000)]
  0x00000212503f5800 JavaThread "Unconstrained build operations Thread 9" [_thread_blocked, id=17012, stack(0x000000469f100000,0x000000469f200000)]
  0x00000212503f4000 JavaThread "Unconstrained build operations Thread 10" [_thread_blocked, id=10672, stack(0x000000469f200000,0x000000469f300000)]
  0x00000212503f3000 JavaThread "Unconstrained build operations Thread 11" [_thread_blocked, id=1032, stack(0x000000469f300000,0x000000469f400000)]
  0x00000212503f6800 JavaThread "Unconstrained build operations Thread 12" [_thread_blocked, id=17532, stack(0x000000469f400000,0x000000469f500000)]
  0x00000212503f7000 JavaThread "Unconstrained build operations Thread 13" [_thread_blocked, id=3184, stack(0x000000469f500000,0x000000469f600000)]
  0x00000212503f1800 JavaThread "Unconstrained build operations Thread 14" [_thread_blocked, id=12448, stack(0x000000469f600000,0x000000469f700000)]
  0x00000212503f2800 JavaThread "Unconstrained build operations Thread 15" [_thread_blocked, id=10072, stack(0x000000469f700000,0x000000469f800000)]
  0x00000212503fa800 JavaThread "Unconstrained build operations Thread 16" [_thread_blocked, id=11356, stack(0x000000469f800000,0x000000469f900000)]
  0x00000212503f9000 JavaThread "Unconstrained build operations Thread 17" [_thread_blocked, id=6128, stack(0x000000469f900000,0x000000469fa00000)]
  0x00000212503fd000 JavaThread "Unconstrained build operations Thread 18" [_thread_blocked, id=13744, stack(0x000000469fa00000,0x000000469fb00000)]
  0x00000212503fb800 JavaThread "Unconstrained build operations Thread 19" [_thread_blocked, id=16588, stack(0x000000469fb00000,0x000000469fc00000)]
  0x00000212503fc000 JavaThread "Unconstrained build operations Thread 20" [_thread_blocked, id=16960, stack(0x000000469fc00000,0x000000469fd00000)]
  0x00000212503fd800 JavaThread "Unconstrained build operations Thread 21" [_thread_blocked, id=11536, stack(0x000000469fd00000,0x000000469fe00000)]
  0x00000212503f8000 JavaThread "Unconstrained build operations Thread 22" [_thread_blocked, id=17284, stack(0x000000469fe00000,0x000000469ff00000)]
  0x00000212503fe800 JavaThread "Unconstrained build operations Thread 23" [_thread_blocked, id=9336, stack(0x000000469ff00000,0x00000046a0000000)]
  0x00000212503ff800 JavaThread "Unconstrained build operations Thread 24" [_thread_blocked, id=11316, stack(0x00000046a0000000,0x00000046a0100000)]
  0x00000212503f9800 JavaThread "Unconstrained build operations Thread 25" [_thread_blocked, id=9364, stack(0x00000046a0100000,0x00000046a0200000)]
  0x000002125232b800 JavaThread "Unconstrained build operations Thread 26" [_thread_blocked, id=16496, stack(0x00000046a0200000,0x00000046a0300000)]
  0x000002125232c800 JavaThread "Unconstrained build operations Thread 27" [_thread_blocked, id=17344, stack(0x00000046a0300000,0x00000046a0400000)]
  0x000002125232d800 JavaThread "Unconstrained build operations Thread 28" [_thread_blocked, id=17004, stack(0x00000046a0400000,0x00000046a0500000)]
  0x000002125232b000 JavaThread "Unconstrained build operations Thread 29" [_thread_blocked, id=3396, stack(0x00000046a0500000,0x00000046a0600000)]
  0x0000021252327800 JavaThread "Unconstrained build operations Thread 30" [_thread_blocked, id=15552, stack(0x00000046a0600000,0x00000046a0700000)]
  0x000002125232a000 JavaThread "Unconstrained build operations Thread 31" [_thread_blocked, id=4488, stack(0x00000046a0700000,0x00000046a0800000)]
  0x000002125232e000 JavaThread "Unconstrained build operations Thread 32" [_thread_blocked, id=14340, stack(0x00000046a0800000,0x00000046a0900000)]
  0x0000021252329800 JavaThread "Unconstrained build operations Thread 33" [_thread_blocked, id=16824, stack(0x00000046a0900000,0x00000046a0a00000)]
  0x0000021252328800 JavaThread "Unconstrained build operations Thread 34" [_thread_blocked, id=17456, stack(0x00000046a0a00000,0x00000046a0b00000)]
  0x0000021252333000 JavaThread "Unconstrained build operations Thread 35" [_thread_blocked, id=13536, stack(0x00000046a0b00000,0x00000046a0c00000)]
  0x0000021252334000 JavaThread "Unconstrained build operations Thread 36" [_thread_blocked, id=17312, stack(0x00000046a0c00000,0x00000046a0d00000)]
  0x0000021252330000 JavaThread "Unconstrained build operations Thread 37" [_thread_blocked, id=16624, stack(0x00000046a0d00000,0x00000046a0e00000)]
  0x000002125232f000 JavaThread "Unconstrained build operations Thread 38" [_thread_blocked, id=17184, stack(0x00000046a0e00000,0x00000046a0f00000)]
  0x0000021252334800 JavaThread "Unconstrained build operations Thread 39" [_thread_blocked, id=16568, stack(0x00000046a0f00000,0x00000046a1000000)]
  0x0000021252336800 JavaThread "Unconstrained build operations Thread 40" [_thread_blocked, id=16144, stack(0x00000046a1000000,0x00000046a1100000)]

Other Threads:
  0x000002124f7ab000 VMThread "VM Thread" [stack: 0x000000469be00000,0x000000469bf00000] [id=18200]
  0x00000212502ce000 WatcherThread [stack: 0x000000469c800000,0x000000469c900000] [id=10480]
  0x0000021233c8c800 GCTaskThread "GC Thread#0" [stack: 0x000000469b900000,0x000000469ba00000] [id=15780]
  0x00000212503a6000 GCTaskThread "GC Thread#1" [stack: 0x000000469c900000,0x000000469ca00000] [id=10872]
  0x0000021251cb7800 GCTaskThread "GC Thread#2" [stack: 0x000000469d400000,0x000000469d500000] [id=10564]
  0x0000021252166800 GCTaskThread "GC Thread#3" [stack: 0x000000469d500000,0x000000469d600000] [id=12108]
  0x0000021233cbf000 ConcurrentGCThread "G1 Main Marker" [stack: 0x000000469ba00000,0x000000469bb00000] [id=5600]
  0x0000021233cc0000 ConcurrentGCThread "G1 Conc#0" [stack: 0x000000469bb00000,0x000000469bc00000] [id=16904]
  0x0000021233d08000 ConcurrentGCThread "G1 Refine#0" [stack: 0x000000469bc00000,0x000000469bd00000] [id=12204]
  0x0000021233d09000 ConcurrentGCThread "G1 Young RemSet Sampling" [stack: 0x000000469bd00000,0x000000469be00000] [id=15492]

Threads with active compile tasks:
C2 CompilerThread0    61395 7180       4       java.lang.invoke.InvokerBytecodeGenerator::emitImplicitConversion (159 bytes)

VM state:not at safepoint (normal execution)

VM Mutex/Monitor currently owned by a thread: None

Heap address: 0x0000000080000000, size: 2048 MB, Compressed Oops mode: 32-bit
Narrow klass base: 0x0000000000000000, Narrow klass shift: 3
Compressed class space size: 1073741824 Address: 0x0000000100000000

Heap:
 garbage-first heap   total 218112K, used 123832K [0x0000000080000000, 0x0000000100000000)
  region size 1024K, 8 young (8192K), 4 survivors (4096K)
 Metaspace       used 65433K, capacity 67312K, committed 67376K, reserved 1107968K
  class space    used 8328K, capacity 9066K, committed 9088K, reserved 1048576K
Heap Regions: E=young(eden), S=young(survivor), O=old, HS=humongous(starts), HC=humongous(continues), CS=collection set, F=free, A=archive, TAMS=top-at-mark-start (previous, next)
|   0|0x0000000080000000, 0x0000000080100000, 0x0000000080100000|100%|HS|  |TAMS 0x0000000080100000, 0x0000000080000000| Complete 
|   1|0x0000000080100000, 0x0000000080200000, 0x0000000080200000|100%|HC|  |TAMS 0x0000000080200000, 0x0000000080100000| Complete 
|   2|0x0000000080200000, 0x0000000080300000, 0x0000000080300000|100%|HC|  |TAMS 0x0000000080300000, 0x0000000080200000| Complete 
|   3|0x0000000080300000, 0x0000000080400000, 0x0000000080400000|100%| O|  |TAMS 0x0000000080400000, 0x0000000080300000| Untracked 
|   4|0x0000000080400000, 0x0000000080500000, 0x0000000080500000|100%| O|  |TAMS 0x0000000080500000, 0x0000000080400000| Untracked 
|   5|0x0000000080500000, 0x0000000080600000, 0x0000000080600000|100%| O|  |TAMS 0x0000000080600000, 0x0000000080500000| Untracked 
|   6|0x0000000080600000, 0x0000000080700000, 0x0000000080700000|100%| O|  |TAMS 0x0000000080700000, 0x0000000080600000| Untracked 
|   7|0x0000000080700000, 0x0000000080800000, 0x0000000080800000|100%| O|  |TAMS 0x0000000080800000, 0x0000000080700000| Untracked 
|   8|0x0000000080800000, 0x0000000080900000, 0x0000000080900000|100%| O|  |TAMS 0x0000000080900000, 0x0000000080800000| Untracked 
|   9|0x0000000080900000, 0x0000000080a00000, 0x0000000080a00000|100%| O|  |TAMS 0x0000000080a00000, 0x0000000080900000| Untracked 
|  10|0x0000000080a00000, 0x0000000080b00000, 0x0000000080b00000|100%| O|  |TAMS 0x0000000080b00000, 0x0000000080a00000| Untracked 
|  11|0x0000000080b00000, 0x0000000080c00000, 0x0000000080c00000|100%| O|  |TAMS 0x0000000080c00000, 0x0000000080b00000| Untracked 
|  12|0x0000000080c00000, 0x0000000080d00000, 0x0000000080d00000|100%| O|  |TAMS 0x0000000080d00000, 0x0000000080c00000| Untracked 
|  13|0x0000000080d00000, 0x0000000080e00000, 0x0000000080e00000|100%| O|  |TAMS 0x0000000080e00000, 0x0000000080d00000| Untracked 
|  14|0x0000000080e00000, 0x0000000080f00000, 0x0000000080f00000|100%| O|  |TAMS 0x0000000080f00000, 0x0000000080e00000| Untracked 
|  15|0x0000000080f00000, 0x0000000081000000, 0x0000000081000000|100%| O|  |TAMS 0x0000000081000000, 0x0000000080f00000| Untracked 
|  16|0x0000000081000000, 0x0000000081100000, 0x0000000081100000|100%| O|  |TAMS 0x0000000081100000, 0x0000000081000000| Untracked 
|  17|0x0000000081100000, 0x0000000081200000, 0x0000000081200000|100%|HS|  |TAMS 0x0000000081200000, 0x0000000081100000| Complete 
|  18|0x0000000081200000, 0x0000000081300000, 0x0000000081300000|100%|HC|  |TAMS 0x0000000081300000, 0x0000000081200000| Complete 
|  19|0x0000000081300000, 0x0000000081400000, 0x0000000081400000|100%|HS|  |TAMS 0x0000000081400000, 0x0000000081300000| Complete 
|  20|0x0000000081400000, 0x0000000081500000, 0x0000000081500000|100%|HC|  |TAMS 0x0000000081500000, 0x0000000081400000| Complete 
|  21|0x0000000081500000, 0x0000000081600000, 0x0000000081600000|100%|HC|  |TAMS 0x0000000081600000, 0x0000000081500000| Complete 
|  22|0x0000000081600000, 0x0000000081700000, 0x0000000081700000|100%|HS|  |TAMS 0x0000000081700000, 0x0000000081600000| Complete 
|  23|0x0000000081700000, 0x0000000081800000, 0x0000000081800000|100%|HC|  |TAMS 0x0000000081800000, 0x0000000081700000| Complete 
|  24|0x0000000081800000, 0x0000000081900000, 0x0000000081900000|100%|HC|  |TAMS 0x0000000081900000, 0x0000000081800000| Complete 
|  25|0x0000000081900000, 0x0000000081a00000, 0x0000000081a00000|100%| O|  |TAMS 0x0000000081a00000, 0x0000000081900000| Untracked 
|  26|0x0000000081a00000, 0x0000000081b00000, 0x0000000081b00000|100%| O|  |TAMS 0x0000000081b00000, 0x0000000081a00000| Untracked 
|  27|0x0000000081b00000, 0x0000000081c00000, 0x0000000081c00000|100%|HS|  |TAMS 0x0000000081c00000, 0x0000000081b00000| Complete 
|  28|0x0000000081c00000, 0x0000000081d00000, 0x0000000081d00000|100%|HC|  |TAMS 0x0000000081d00000, 0x0000000081c00000| Complete 
|  29|0x0000000081d00000, 0x0000000081e00000, 0x0000000081e00000|100%| O|  |TAMS 0x0000000081e00000, 0x0000000081d00000| Untracked 
|  30|0x0000000081e00000, 0x0000000081f00000, 0x0000000081f00000|100%| O|  |TAMS 0x0000000081f00000, 0x0000000081e00000| Untracked 
|  31|0x0000000081f00000, 0x0000000082000000, 0x0000000082000000|100%| O|  |TAMS 0x0000000082000000, 0x0000000081f00000| Untracked 
|  32|0x0000000082000000, 0x0000000082100000, 0x0000000082100000|100%|HS|  |TAMS 0x0000000082100000, 0x0000000082000000| Complete 
|  33|0x0000000082100000, 0x0000000082200000, 0x0000000082200000|100%|HC|  |TAMS 0x0000000082200000, 0x0000000082100000| Complete 
|  34|0x0000000082200000, 0x0000000082300000, 0x0000000082300000|100%|HC|  |TAMS 0x0000000082300000, 0x0000000082200000| Complete 
|  35|0x0000000082300000, 0x0000000082400000, 0x0000000082400000|100%|HC|  |TAMS 0x0000000082400000, 0x0000000082300000| Complete 
|  36|0x0000000082400000, 0x0000000082500000, 0x0000000082500000|100%|HC|  |TAMS 0x0000000082500000, 0x0000000082400000| Complete 
|  37|0x0000000082500000, 0x0000000082600000, 0x0000000082600000|100%| O|  |TAMS 0x0000000082600000, 0x0000000082500000| Untracked 
|  38|0x0000000082600000, 0x0000000082700000, 0x0000000082700000|100%|HS|  |TAMS 0x0000000082700000, 0x0000000082600000| Complete 
|  39|0x0000000082700000, 0x0000000082800000, 0x0000000082800000|100%|HC|  |TAMS 0x0000000082800000, 0x0000000082700000| Complete 
|  40|0x0000000082800000, 0x0000000082900000, 0x0000000082900000|100%|HC|  |TAMS 0x0000000082900000, 0x0000000082800000| Complete 
|  41|0x0000000082900000, 0x0000000082a00000, 0x0000000082a00000|100%|HC|  |TAMS 0x0000000082a00000, 0x0000000082900000| Complete 
|  42|0x0000000082a00000, 0x0000000082b00000, 0x0000000082b00000|100%|HC|  |TAMS 0x0000000082b00000, 0x0000000082a00000| Complete 
|  43|0x0000000082b00000, 0x0000000082c00000, 0x0000000082c00000|100%|HC|  |TAMS 0x0000000082c00000, 0x0000000082b00000| Complete 
|  44|0x0000000082c00000, 0x0000000082d00000, 0x0000000082d00000|100%|HC|  |TAMS 0x0000000082d00000, 0x0000000082c00000| Complete 
|  45|0x0000000082d00000, 0x0000000082e00000, 0x0000000082e00000|100%|HC|  |TAMS 0x0000000082e00000, 0x0000000082d00000| Complete 
|  46|0x0000000082e00000, 0x0000000082f00000, 0x0000000082f00000|100%|HC|  |TAMS 0x0000000082f00000, 0x0000000082e00000| Complete 
|  47|0x0000000082f00000, 0x0000000083000000, 0x0000000083000000|100%|HC|  |TAMS 0x0000000083000000, 0x0000000082f00000| Complete 
|  48|0x0000000083000000, 0x0000000083100000, 0x0000000083100000|100%|HS|  |TAMS 0x0000000083100000, 0x0000000083000000| Complete 
|  49|0x0000000083100000, 0x0000000083200000, 0x0000000083200000|100%|HC|  |TAMS 0x0000000083200000, 0x0000000083100000| Complete 
|  50|0x0000000083200000, 0x0000000083300000, 0x0000000083300000|100%| O|  |TAMS 0x0000000083300000, 0x0000000083200000| Untracked 
|  51|0x0000000083300000, 0x0000000083400000, 0x0000000083400000|100%| O|  |TAMS 0x0000000083400000, 0x0000000083300000| Untracked 
|  52|0x0000000083400000, 0x0000000083500000, 0x0000000083500000|100%| O|  |TAMS 0x0000000083500000, 0x0000000083400000| Untracked 
|  53|0x0000000083500000, 0x0000000083600000, 0x0000000083600000|100%| O|  |TAMS 0x0000000083600000, 0x0000000083500000| Untracked 
|  54|0x0000000083600000, 0x0000000083700000, 0x0000000083700000|100%| O|  |TAMS 0x0000000083700000, 0x0000000083600000| Untracked 
|  55|0x0000000083700000, 0x0000000083800000, 0x0000000083800000|100%| O|  |TAMS 0x0000000083800000, 0x0000000083700000| Untracked 
|  56|0x0000000083800000, 0x0000000083900000, 0x0000000083900000|100%| O|  |TAMS 0x0000000083900000, 0x0000000083800000| Untracked 
|  57|0x0000000083900000, 0x0000000083a00000, 0x0000000083a00000|100%| O|  |TAMS 0x0000000083a00000, 0x0000000083900000| Untracked 
|  58|0x0000000083a00000, 0x0000000083b00000, 0x0000000083b00000|100%| O|  |TAMS 0x0000000083b00000, 0x0000000083a00000| Untracked 
|  59|0x0000000083b00000, 0x0000000083c00000, 0x0000000083c00000|100%| O|  |TAMS 0x0000000083c00000, 0x0000000083b00000| Untracked 
|  60|0x0000000083c00000, 0x0000000083d00000, 0x0000000083d00000|100%| O|  |TAMS 0x0000000083d00000, 0x0000000083c00000| Untracked 
|  61|0x0000000083d00000, 0x0000000083e00000, 0x0000000083e00000|100%| O|  |TAMS 0x0000000083e00000, 0x0000000083d00000| Untracked 
|  62|0x0000000083e00000, 0x0000000083f00000, 0x0000000083f00000|100%| O|  |TAMS 0x0000000083f00000, 0x0000000083e00000| Untracked 
|  63|0x0000000083f00000, 0x0000000084000000, 0x0000000084000000|100%| O|  |TAMS 0x0000000084000000, 0x0000000083f00000| Untracked 
|  64|0x0000000084000000, 0x0000000084100000, 0x0000000084100000|100%|HS|  |TAMS 0x0000000084100000, 0x0000000084000000| Complete 
|  65|0x0000000084100000, 0x0000000084200000, 0x0000000084200000|100%|HC|  |TAMS 0x0000000084200000, 0x0000000084100000| Complete 
|  66|0x0000000084200000, 0x0000000084300000, 0x0000000084300000|100%|HC|  |TAMS 0x0000000084300000, 0x0000000084200000| Complete 
|  67|0x0000000084300000, 0x0000000084400000, 0x0000000084400000|100%|HC|  |TAMS 0x0000000084400000, 0x0000000084300000| Complete 
|  68|0x0000000084400000, 0x0000000084500000, 0x0000000084500000|100%|HC|  |TAMS 0x0000000084500000, 0x0000000084400000| Complete 
|  69|0x0000000084500000, 0x0000000084600000, 0x0000000084600000|100%|HC|  |TAMS 0x0000000084600000, 0x0000000084500000| Complete 
|  70|0x0000000084600000, 0x0000000084700000, 0x0000000084700000|100%|HC|  |TAMS 0x0000000084700000, 0x0000000084600000| Complete 
|  71|0x0000000084700000, 0x0000000084800000, 0x0000000084800000|100%|HC|  |TAMS 0x0000000084800000, 0x0000000084700000| Complete 
|  72|0x0000000084800000, 0x0000000084900000, 0x0000000084900000|100%|HC|  |TAMS 0x0000000084900000, 0x0000000084800000| Complete 
|  73|0x0000000084900000, 0x0000000084a00000, 0x0000000084a00000|100%|HC|  |TAMS 0x0000000084a00000, 0x0000000084900000| Complete 
|  74|0x0000000084a00000, 0x0000000084b00000, 0x0000000084b00000|100%|HS|  |TAMS 0x0000000084b00000, 0x0000000084a00000| Complete 
|  75|0x0000000084b00000, 0x0000000084c00000, 0x0000000084c00000|100%|HC|  |TAMS 0x0000000084c00000, 0x0000000084b00000| Complete 
|  76|0x0000000084c00000, 0x0000000084d00000, 0x0000000084d00000|100%| O|  |TAMS 0x0000000084d00000, 0x0000000084c00000| Untracked 
|  77|0x0000000084d00000, 0x0000000084e00000, 0x0000000084e00000|100%|HS|  |TAMS 0x0000000084e00000, 0x0000000084d00000| Complete 
|  78|0x0000000084e00000, 0x0000000084f00000, 0x0000000084f00000|100%|HC|  |TAMS 0x0000000084f00000, 0x0000000084e00000| Complete 
|  79|0x0000000084f00000, 0x0000000085000000, 0x0000000085000000|100%|HC|  |TAMS 0x0000000085000000, 0x0000000084f00000| Complete 
|  80|0x0000000085000000, 0x0000000085100000, 0x0000000085100000|100%|HS|  |TAMS 0x0000000085100000, 0x0000000085000000| Complete 
|  81|0x0000000085100000, 0x0000000085200000, 0x0000000085200000|100%|HC|  |TAMS 0x0000000085200000, 0x0000000085100000| Complete 
|  82|0x0000000085200000, 0x0000000085300000, 0x0000000085300000|100%|HS|  |TAMS 0x0000000085300000, 0x0000000085200000| Complete 
|  83|0x0000000085300000, 0x0000000085400000, 0x0000000085400000|100%|HC|  |TAMS 0x0000000085400000, 0x0000000085300000| Complete 
|  84|0x0000000085400000, 0x0000000085500000, 0x0000000085500000|100%|HC|  |TAMS 0x0000000085500000, 0x0000000085400000| Complete 
|  85|0x0000000085500000, 0x0000000085600000, 0x0000000085600000|100%| O|  |TAMS 0x0000000085600000, 0x0000000085500000| Untracked 
|  86|0x0000000085600000, 0x0000000085700000, 0x0000000085700000|100%| O|  |TAMS 0x0000000085700000, 0x0000000085600000| Untracked 
|  87|0x0000000085700000, 0x0000000085800000, 0x0000000085800000|100%| O|  |TAMS 0x0000000085800000, 0x0000000085700000| Untracked 
|  88|0x0000000085800000, 0x0000000085900000, 0x0000000085900000|100%| O|  |TAMS 0x0000000085900000, 0x0000000085800000| Untracked 
|  89|0x0000000085900000, 0x0000000085a00000, 0x0000000085a00000|100%| O|  |TAMS 0x0000000085a00000, 0x0000000085900000| Untracked 
|  90|0x0000000085a00000, 0x0000000085b00000, 0x0000000085b00000|100%|HS|  |TAMS 0x0000000085b00000, 0x0000000085a00000| Complete 
|  91|0x0000000085b00000, 0x0000000085c00000, 0x0000000085c00000|100%|HC|  |TAMS 0x0000000085c00000, 0x0000000085b00000| Complete 
|  92|0x0000000085c00000, 0x0000000085d00000, 0x0000000085d00000|100%|HC|  |TAMS 0x0000000085d00000, 0x0000000085c00000| Complete 
|  93|0x0000000085d00000, 0x0000000085e00000, 0x0000000085e00000|100%|HC|  |TAMS 0x0000000085e00000, 0x0000000085d00000| Complete 
|  94|0x0000000085e00000, 0x0000000085f00000, 0x0000000085f00000|100%|HC|  |TAMS 0x0000000085f00000, 0x0000000085e00000| Complete 
|  95|0x0000000085f00000, 0x0000000086000000, 0x0000000086000000|100%| O|  |TAMS 0x0000000086000000, 0x0000000085f00000| Untracked 
|  96|0x0000000086000000, 0x0000000086100000, 0x0000000086100000|100%| O|  |TAMS 0x0000000086100000, 0x0000000086000000| Untracked 
|  97|0x0000000086100000, 0x0000000086200000, 0x0000000086200000|100%| O|  |TAMS 0x0000000086200000, 0x0000000086100000| Untracked 
|  98|0x0000000086200000, 0x0000000086300000, 0x0000000086300000|100%|HS|  |TAMS 0x0000000086300000, 0x0000000086200000| Complete 
|  99|0x0000000086300000, 0x0000000086400000, 0x0000000086400000|100%|HS|  |TAMS 0x0000000086400000, 0x0000000086300000| Complete 
| 100|0x0000000086400000, 0x0000000086500000, 0x0000000086500000|100%|HS|  |TAMS 0x0000000086500000, 0x0000000086400000| Complete 
| 101|0x0000000086500000, 0x0000000086600000, 0x0000000086600000|100%| O|  |TAMS 0x0000000086600000, 0x0000000086500000| Untracked 
| 102|0x0000000086600000, 0x0000000086700000, 0x0000000086700000|100%|HS|  |TAMS 0x0000000086700000, 0x0000000086600000| Complete 
| 103|0x0000000086700000, 0x0000000086800000, 0x0000000086800000|100%|HC|  |TAMS 0x0000000086800000, 0x0000000086700000| Complete 
| 104|0x0000000086800000, 0x0000000086900000, 0x0000000086900000|100%|HC|  |TAMS 0x0000000086900000, 0x0000000086800000| Complete 
| 105|0x0000000086900000, 0x0000000086a00000, 0x0000000086a00000|100%| O|  |TAMS 0x0000000086a00000, 0x0000000086900000| Untracked 
| 106|0x0000000086a00000, 0x0000000086b00000, 0x0000000086b00000|100%| O|  |TAMS 0x0000000086b00000, 0x0000000086a00000| Untracked 
| 107|0x0000000086b00000, 0x0000000086c00000, 0x0000000086c00000|100%| O|  |TAMS 0x0000000086c00000, 0x0000000086b00000| Untracked 
| 108|0x0000000086c00000, 0x0000000086d00000, 0x0000000086d00000|100%| O|  |TAMS 0x0000000086d00000, 0x0000000086c00000| Untracked 
| 109|0x0000000086d00000, 0x0000000086e00000, 0x0000000086e00000|100%| O|  |TAMS 0x0000000086e00000, 0x0000000086d00000| Untracked 
| 110|0x0000000086e00000, 0x0000000086f00000, 0x0000000086f00000|100%| O|  |TAMS 0x0000000086f00000, 0x0000000086e00000| Untracked 
| 111|0x0000000086f00000, 0x0000000087000000, 0x0000000087000000|100%| O|  |TAMS 0x0000000087000000, 0x0000000086f00000| Untracked 
| 112|0x0000000087000000, 0x0000000087100000, 0x0000000087100000|100%| O|  |TAMS 0x0000000087100000, 0x0000000087000000| Untracked 
| 113|0x0000000087100000, 0x00000000871fd600, 0x0000000087200000| 98%| O|  |TAMS 0x00000000871fd600, 0x0000000087100000| Untracked 
| 114|0x0000000087200000, 0x0000000087200000, 0x0000000087300000|  0%| F|  |TAMS 0x0000000087200000, 0x0000000087200000| Untracked 
| 115|0x0000000087300000, 0x0000000087300000, 0x0000000087400000|  0%| F|  |TAMS 0x0000000087300000, 0x0000000087300000| Untracked 
| 116|0x0000000087400000, 0x0000000087400000, 0x0000000087500000|  0%| F|  |TAMS 0x0000000087400000, 0x0000000087400000| Untracked 
| 117|0x0000000087500000, 0x0000000087500000, 0x0000000087600000|  0%| F|  |TAMS 0x0000000087500000, 0x0000000087500000| Untracked 
| 118|0x0000000087600000, 0x0000000087600000, 0x0000000087700000|  0%| F|  |TAMS 0x0000000087600000, 0x0000000087600000| Untracked 
| 119|0x0000000087700000, 0x0000000087700000, 0x0000000087800000|  0%| F|  |TAMS 0x0000000087700000, 0x0000000087700000| Untracked 
| 120|0x0000000087800000, 0x0000000087800000, 0x0000000087900000|  0%| F|  |TAMS 0x0000000087800000, 0x0000000087800000| Untracked 
| 121|0x0000000087900000, 0x0000000087900000, 0x0000000087a00000|  0%| F|  |TAMS 0x0000000087900000, 0x0000000087900000| Untracked 
| 122|0x0000000087a00000, 0x0000000087a00000, 0x0000000087b00000|  0%| F|  |TAMS 0x0000000087a00000, 0x0000000087a00000| Untracked 
| 123|0x0000000087b00000, 0x0000000087b00000, 0x0000000087c00000|  0%| F|  |TAMS 0x0000000087b00000, 0x0000000087b00000| Untracked 
| 124|0x0000000087c00000, 0x0000000087c00000, 0x0000000087d00000|  0%| F|  |TAMS 0x0000000087c00000, 0x0000000087c00000| Untracked 
| 125|0x0000000087d00000, 0x0000000087d00000, 0x0000000087e00000|  0%| F|  |TAMS 0x0000000087d00000, 0x0000000087d00000| Untracked 
| 126|0x0000000087e00000, 0x0000000087e00000, 0x0000000087f00000|  0%| F|  |TAMS 0x0000000087e00000, 0x0000000087e00000| Untracked 
| 127|0x0000000087f00000, 0x0000000087f00000, 0x0000000088000000|  0%| F|  |TAMS 0x0000000087f00000, 0x0000000087f00000| Untracked 
| 128|0x0000000088000000, 0x0000000088000000, 0x0000000088100000|  0%| F|  |TAMS 0x0000000088000000, 0x0000000088000000| Untracked 
| 129|0x0000000088100000, 0x0000000088100000, 0x0000000088200000|  0%| F|  |TAMS 0x0000000088100000, 0x0000000088100000| Untracked 
| 130|0x0000000088200000, 0x0000000088200000, 0x0000000088300000|  0%| F|  |TAMS 0x0000000088200000, 0x0000000088200000| Untracked 
| 131|0x0000000088300000, 0x0000000088300000, 0x0000000088400000|  0%| F|  |TAMS 0x0000000088300000, 0x0000000088300000| Untracked 
| 132|0x0000000088400000, 0x0000000088400000, 0x0000000088500000|  0%| F|  |TAMS 0x0000000088400000, 0x0000000088400000| Untracked 
| 133|0x0000000088500000, 0x0000000088500000, 0x0000000088600000|  0%| F|  |TAMS 0x0000000088500000, 0x0000000088500000| Untracked 
| 134|0x0000000088600000, 0x0000000088600000, 0x0000000088700000|  0%| F|  |TAMS 0x0000000088600000, 0x0000000088600000| Untracked 
| 135|0x0000000088700000, 0x0000000088700000, 0x0000000088800000|  0%| F|  |TAMS 0x0000000088700000, 0x0000000088700000| Untracked 
| 136|0x0000000088800000, 0x0000000088800000, 0x0000000088900000|  0%| F|  |TAMS 0x0000000088800000, 0x0000000088800000| Untracked 
| 137|0x0000000088900000, 0x0000000088900000, 0x0000000088a00000|  0%| F|  |TAMS 0x0000000088900000, 0x0000000088900000| Untracked 
| 138|0x0000000088a00000, 0x0000000088a00000, 0x0000000088b00000|  0%| F|  |TAMS 0x0000000088a00000, 0x0000000088a00000| Untracked 
| 139|0x0000000088b00000, 0x0000000088b00000, 0x0000000088c00000|  0%| F|  |TAMS 0x0000000088b00000, 0x0000000088b00000| Untracked 
| 140|0x0000000088c00000, 0x0000000088c00000, 0x0000000088d00000|  0%| F|  |TAMS 0x0000000088c00000, 0x0000000088c00000| Untracked 
| 141|0x0000000088d00000, 0x0000000088d00000, 0x0000000088e00000|  0%| F|  |TAMS 0x0000000088d00000, 0x0000000088d00000| Untracked 
| 142|0x0000000088e00000, 0x0000000088e00000, 0x0000000088f00000|  0%| F|  |TAMS 0x0000000088e00000, 0x0000000088e00000| Untracked 
| 143|0x0000000088f00000, 0x0000000088f00000, 0x0000000089000000|  0%| F|  |TAMS 0x0000000088f00000, 0x0000000088f00000| Untracked 
| 144|0x0000000089000000, 0x0000000089000000, 0x0000000089100000|  0%| F|  |TAMS 0x0000000089000000, 0x0000000089000000| Untracked 
| 145|0x0000000089100000, 0x0000000089100000, 0x0000000089200000|  0%| F|  |TAMS 0x0000000089100000, 0x0000000089100000| Untracked 
| 146|0x0000000089200000, 0x0000000089200000, 0x0000000089300000|  0%| F|  |TAMS 0x0000000089200000, 0x0000000089200000| Untracked 
| 147|0x0000000089300000, 0x0000000089300000, 0x0000000089400000|  0%| F|  |TAMS 0x0000000089300000, 0x0000000089300000| Untracked 
| 148|0x0000000089400000, 0x0000000089400000, 0x0000000089500000|  0%| F|  |TAMS 0x0000000089400000, 0x0000000089400000| Untracked 
| 149|0x0000000089500000, 0x0000000089500000, 0x0000000089600000|  0%| F|  |TAMS 0x0000000089500000, 0x0000000089500000| Untracked 
| 150|0x0000000089600000, 0x0000000089600000, 0x0000000089700000|  0%| F|  |TAMS 0x0000000089600000, 0x0000000089600000| Untracked 
| 151|0x0000000089700000, 0x0000000089700000, 0x0000000089800000|  0%| F|  |TAMS 0x0000000089700000, 0x0000000089700000| Untracked 
| 152|0x0000000089800000, 0x0000000089800000, 0x0000000089900000|  0%| F|  |TAMS 0x0000000089800000, 0x0000000089800000| Untracked 
| 153|0x0000000089900000, 0x0000000089900000, 0x0000000089a00000|  0%| F|  |TAMS 0x0000000089900000, 0x0000000089900000| Untracked 
| 154|0x0000000089a00000, 0x0000000089a00000, 0x0000000089b00000|  0%| F|  |TAMS 0x0000000089a00000, 0x0000000089a00000| Untracked 
| 155|0x0000000089b00000, 0x0000000089b00000, 0x0000000089c00000|  0%| F|  |TAMS 0x0000000089b00000, 0x0000000089b00000| Untracked 
| 156|0x0000000089c00000, 0x0000000089c00000, 0x0000000089d00000|  0%| F|  |TAMS 0x0000000089c00000, 0x0000000089c00000| Untracked 
| 157|0x0000000089d00000, 0x0000000089d00000, 0x0000000089e00000|  0%| F|  |TAMS 0x0000000089d00000, 0x0000000089d00000| Untracked 
| 158|0x0000000089e00000, 0x0000000089e00000, 0x0000000089f00000|  0%| F|  |TAMS 0x0000000089e00000, 0x0000000089e00000| Untracked 
| 159|0x0000000089f00000, 0x0000000089f00000, 0x000000008a000000|  0%| F|  |TAMS 0x0000000089f00000, 0x0000000089f00000| Untracked 
| 160|0x000000008a000000, 0x000000008a000000, 0x000000008a100000|  0%| F|  |TAMS 0x000000008a000000, 0x000000008a000000| Untracked 
| 161|0x000000008a100000, 0x000000008a100000, 0x000000008a200000|  0%| F|  |TAMS 0x000000008a100000, 0x000000008a100000| Untracked 
| 162|0x000000008a200000, 0x000000008a200000, 0x000000008a300000|  0%| F|  |TAMS 0x000000008a200000, 0x000000008a200000| Untracked 
| 163|0x000000008a300000, 0x000000008a300000, 0x000000008a400000|  0%| F|  |TAMS 0x000000008a300000, 0x000000008a300000| Untracked 
| 164|0x000000008a400000, 0x000000008a400000, 0x000000008a500000|  0%| F|  |TAMS 0x000000008a400000, 0x000000008a400000| Untracked 
| 165|0x000000008a500000, 0x000000008a500000, 0x000000008a600000|  0%| F|  |TAMS 0x000000008a500000, 0x000000008a500000| Untracked 
| 166|0x000000008a600000, 0x000000008a6f0a98, 0x000000008a700000| 94%| S|CS|TAMS 0x000000008a600000, 0x000000008a600000| Complete 
| 167|0x000000008a700000, 0x000000008a800000, 0x000000008a800000|100%| S|CS|TAMS 0x000000008a700000, 0x000000008a700000| Complete 
| 168|0x000000008a800000, 0x000000008a900000, 0x000000008a900000|100%| S|CS|TAMS 0x000000008a800000, 0x000000008a800000| Complete 
| 169|0x000000008a900000, 0x000000008aa00000, 0x000000008aa00000|100%| S|CS|TAMS 0x000000008a900000, 0x000000008a900000| Complete 
| 170|0x000000008aa00000, 0x000000008aa00000, 0x000000008ab00000|  0%| F|  |TAMS 0x000000008aa00000, 0x000000008aa00000| Untracked 
| 171|0x000000008ab00000, 0x000000008ab00000, 0x000000008ac00000|  0%| F|  |TAMS 0x000000008ab00000, 0x000000008ab00000| Untracked 
| 172|0x000000008ac00000, 0x000000008ac00000, 0x000000008ad00000|  0%| F|  |TAMS 0x000000008ac00000, 0x000000008ac00000| Untracked 
| 173|0x000000008ad00000, 0x000000008ad00000, 0x000000008ae00000|  0%| F|  |TAMS 0x000000008ad00000, 0x000000008ad00000| Untracked 
| 174|0x000000008ae00000, 0x000000008ae00000, 0x000000008af00000|  0%| F|  |TAMS 0x000000008ae00000, 0x000000008ae00000| Untracked 
| 175|0x000000008af00000, 0x000000008af00000, 0x000000008b000000|  0%| F|  |TAMS 0x000000008af00000, 0x000000008af00000| Untracked 
| 176|0x000000008b000000, 0x000000008b000000, 0x000000008b100000|  0%| F|  |TAMS 0x000000008b000000, 0x000000008b000000| Untracked 
| 177|0x000000008b100000, 0x000000008b100000, 0x000000008b200000|  0%| F|  |TAMS 0x000000008b100000, 0x000000008b100000| Untracked 
| 178|0x000000008b200000, 0x000000008b200000, 0x000000008b300000|  0%| F|  |TAMS 0x000000008b200000, 0x000000008b200000| Untracked 
| 179|0x000000008b300000, 0x000000008b300000, 0x000000008b400000|  0%| F|  |TAMS 0x000000008b300000, 0x000000008b300000| Untracked 
| 180|0x000000008b400000, 0x000000008b400000, 0x000000008b500000|  0%| F|  |TAMS 0x000000008b400000, 0x000000008b400000| Untracked 
| 181|0x000000008b500000, 0x000000008b500000, 0x000000008b600000|  0%| F|  |TAMS 0x000000008b500000, 0x000000008b500000| Untracked 
| 182|0x000000008b600000, 0x000000008b600000, 0x000000008b700000|  0%| F|  |TAMS 0x000000008b600000, 0x000000008b600000| Untracked 
| 183|0x000000008b700000, 0x000000008b700000, 0x000000008b800000|  0%| F|  |TAMS 0x000000008b700000, 0x000000008b700000| Untracked 
| 184|0x000000008b800000, 0x000000008b800000, 0x000000008b900000|  0%| F|  |TAMS 0x000000008b800000, 0x000000008b800000| Untracked 
| 185|0x000000008b900000, 0x000000008b900000, 0x000000008ba00000|  0%| F|  |TAMS 0x000000008b900000, 0x000000008b900000| Untracked 
| 186|0x000000008ba00000, 0x000000008ba00000, 0x000000008bb00000|  0%| F|  |TAMS 0x000000008ba00000, 0x000000008ba00000| Untracked 
| 187|0x000000008bb00000, 0x000000008bb00000, 0x000000008bc00000|  0%| F|  |TAMS 0x000000008bb00000, 0x000000008bb00000| Untracked 
| 188|0x000000008bc00000, 0x000000008bc00000, 0x000000008bd00000|  0%| F|  |TAMS 0x000000008bc00000, 0x000000008bc00000| Untracked 
| 189|0x000000008bd00000, 0x000000008bd00000, 0x000000008be00000|  0%| F|  |TAMS 0x000000008bd00000, 0x000000008bd00000| Untracked 
| 190|0x000000008be00000, 0x000000008be00000, 0x000000008bf00000|  0%| F|  |TAMS 0x000000008be00000, 0x000000008be00000| Untracked 
| 191|0x000000008bf00000, 0x000000008bf00000, 0x000000008c000000|  0%| F|  |TAMS 0x000000008bf00000, 0x000000008bf00000| Untracked 
| 192|0x000000008c000000, 0x000000008c000000, 0x000000008c100000|  0%| F|  |TAMS 0x000000008c000000, 0x000000008c000000| Untracked 
| 193|0x000000008c100000, 0x000000008c100000, 0x000000008c200000|  0%| F|  |TAMS 0x000000008c100000, 0x000000008c100000| Untracked 
| 194|0x000000008c200000, 0x000000008c200000, 0x000000008c300000|  0%| F|  |TAMS 0x000000008c200000, 0x000000008c200000| Untracked 
| 195|0x000000008c300000, 0x000000008c300000, 0x000000008c400000|  0%| F|  |TAMS 0x000000008c300000, 0x000000008c300000| Untracked 
| 196|0x000000008c400000, 0x000000008c400000, 0x000000008c500000|  0%| F|  |TAMS 0x000000008c400000, 0x000000008c400000| Untracked 
| 197|0x000000008c500000, 0x000000008c500000, 0x000000008c600000|  0%| F|  |TAMS 0x000000008c500000, 0x000000008c500000| Untracked 
| 198|0x000000008c600000, 0x000000008c600000, 0x000000008c700000|  0%| F|  |TAMS 0x000000008c600000, 0x000000008c600000| Untracked 
| 199|0x000000008c700000, 0x000000008c700000, 0x000000008c800000|  0%| F|  |TAMS 0x000000008c700000, 0x000000008c700000| Untracked 
| 200|0x000000008c800000, 0x000000008c800000, 0x000000008c900000|  0%| F|  |TAMS 0x000000008c800000, 0x000000008c800000| Untracked 
| 201|0x000000008c900000, 0x000000008c900000, 0x000000008ca00000|  0%| F|  |TAMS 0x000000008c900000, 0x000000008c900000| Untracked 
| 202|0x000000008ca00000, 0x000000008ca00000, 0x000000008cb00000|  0%| F|  |TAMS 0x000000008ca00000, 0x000000008ca00000| Untracked 
| 203|0x000000008cb00000, 0x000000008cb00000, 0x000000008cc00000|  0%| F|  |TAMS 0x000000008cb00000, 0x000000008cb00000| Untracked 
| 204|0x000000008cc00000, 0x000000008cc00000, 0x000000008cd00000|  0%| F|  |TAMS 0x000000008cc00000, 0x000000008cc00000| Untracked 
| 205|0x000000008cd00000, 0x000000008cd00000, 0x000000008ce00000|  0%| F|  |TAMS 0x000000008cd00000, 0x000000008cd00000| Untracked 
| 206|0x000000008ce00000, 0x000000008ce00000, 0x000000008cf00000|  0%| F|  |TAMS 0x000000008ce00000, 0x000000008ce00000| Untracked 
| 207|0x000000008cf00000, 0x000000008cf00000, 0x000000008d000000|  0%| F|  |TAMS 0x000000008cf00000, 0x000000008cf00000| Untracked 
| 208|0x000000008d000000, 0x000000008d000000, 0x000000008d100000|  0%| F|  |TAMS 0x000000008d000000, 0x000000008d000000| Untracked 
| 209|0x000000008d100000, 0x000000008d183c68, 0x000000008d200000| 51%| E|  |TAMS 0x000000008d100000, 0x000000008d100000| Complete 
| 210|0x000000008d200000, 0x000000008d300000, 0x000000008d300000|100%| E|CS|TAMS 0x000000008d200000, 0x000000008d200000| Complete 
| 211|0x000000008d300000, 0x000000008d400000, 0x000000008d400000|100%| E|CS|TAMS 0x000000008d300000, 0x000000008d300000| Complete 
| 212|0x000000008d400000, 0x000000008d500000, 0x000000008d500000|100%| E|CS|TAMS 0x000000008d400000, 0x000000008d400000| Complete 

Card table byte_map: [0x00000212489b0000,0x0000021248db0000] _byte_map_base: 0x00000212485b0000

Marking Bits (Prev, Next): (CMBitMap*) 0x0000021233cb5fa8, (CMBitMap*) 0x0000021233cb5fe0
 Prev Bits: [0x00000212491b0000, 0x000002124b1b0000)
 Next Bits: [0x000002124b1b0000, 0x000002124d1b0000)

Polling page: 0x0000021233b30000

Metaspace:

Usage:
  Non-class:     56.88 MB capacity,    55.78 MB ( 98%) used,   943.11 KB (  2%) free+waste,   187.38 KB ( <1%) overhead. 
      Class:      8.85 MB capacity,     8.14 MB ( 92%) used,   644.93 KB (  7%) free+waste,    89.69 KB ( <1%) overhead. 
       Both:     65.73 MB capacity,    63.91 MB ( 97%) used,     1.55 MB (  2%) free+waste,   277.06 KB ( <1%) overhead. 

Virtual space:
  Non-class space:       58.00 MB reserved,      56.92 MB ( 98%) committed 
      Class space:        1.00 GB reserved,       8.88 MB ( <1%) committed 
             Both:        1.06 GB reserved,      65.80 MB (  6%) committed 

Chunk freelists:
   Non-Class:  42.00 KB
       Class:  0 bytes
        Both:  42.00 KB

MaxMetaspaceSize: 17179869184.00 GB
CompressedClassSpaceSize: 1.00 GB
Initial GC threshold: 20.80 MB
Current GC threshold: 109.25 MB
CDS: off

CodeHeap 'non-profiled nmethods': size=120064Kb used=3599Kb max_used=3599Kb free=116464Kb
 bounds [0x0000021240a50000, 0x0000021240de0000, 0x0000021247f90000]
CodeHeap 'profiled nmethods': size=120000Kb used=15151Kb max_used=15151Kb free=104848Kb
 bounds [0x0000021239520000, 0x000002123a3f0000, 0x0000021240a50000]
CodeHeap 'non-nmethods': size=5696Kb used=2343Kb max_used=2365Kb free=3352Kb
 bounds [0x0000021238f90000, 0x0000021239200000, 0x0000021239520000]
 total_blobs=7980 nmethods=7122 adapters=771
 compilation: enabled
              stopped_count=0, restarted_count=0
 full_count=0

Compilation events (20 events):
Event: 60.977 Thread 0x000002124f814000 7162       3       java.lang.invoke.ClassSpecializer::classBCName (33 bytes)
Event: 60.978 Thread 0x000002124f814000 nmethod 7162 0x000002123a3e5a90 code [0x000002123a3e5c40, 0x000002123a3e5d68]
Event: 60.978 Thread 0x000002124f814000 7165       3       java.util.List::of (66 bytes)
Event: 60.978 Thread 0x000002124f813000 nmethod 7164 0x0000021240dd1d10 code [0x0000021240dd1ea0, 0x0000021240dd1f18]
Event: 60.979 Thread 0x000002124f814000 nmethod 7165 0x000002123a3e5e10 code [0x000002123a3e60a0, 0x000002123a3e6d78]
Event: 60.985 Thread 0x000002124f814000 7167       3       java.lang.invoke.ClassSpecializer$Factory$1Var::emitVarInstruction (73 bytes)
Event: 60.987 Thread 0x000002124f814000 nmethod 7167 0x000002123a3e7210 code [0x000002123a3e74c0, 0x000002123a3e7ff8]
Event: 60.987 Thread 0x000002124f814000 7168       3       java.lang.invoke.ClassSpecializer$Factory::typeLoadOp (90 bytes)
Event: 60.989 Thread 0x000002124f814000 nmethod 7168 0x000002123a3e8490 code [0x000002123a3e8700, 0x000002123a3e90f8]
Event: 60.991 Thread 0x000002124f813000 7171       4       java.lang.StringBuilder::toString (35 bytes)
Event: 61.002 Thread 0x000002124f813000 nmethod 7171 0x0000021240dd2f10 code [0x0000021240dd30c0, 0x0000021240dd3488]
Event: 61.002 Thread 0x000002124f814000 7174       3       java.lang.invoke.BoundMethodHandle::speciesDataFor (32 bytes)
Event: 61.003 Thread 0x000002124f814000 nmethod 7174 0x000002123a3e9410 code [0x000002123a3e95e0, 0x000002123a3e9938]
Event: 61.004 Thread 0x000002124f814000 7175       3       java.lang.invoke.ClassSpecializer::className (33 bytes)
Event: 61.005 Thread 0x000002124f814000 nmethod 7175 0x000002123a3e9a90 code [0x000002123a3e9c60, 0x000002123a3e9e48]
Event: 61.009 Thread 0x000002124f814000 7177       3       sun.invoke.util.VerifyType::isNullReferenceConversion (45 bytes)
Event: 61.009 Thread 0x000002124f814000 nmethod 7177 0x000002123a3e9f10 code [0x000002123a3ea100, 0x000002123a3ea418]
Event: 61.010 Thread 0x000002124f814000 7178       3       java.lang.invoke.LambdaFormBuffer::growNames (281 bytes)
Event: 61.012 Thread 0x000002124f814000 nmethod 7178 0x000002123a3ea510 code [0x000002123a3ea7c0, 0x000002123a3eb818]
Event: 61.013 Thread 0x000002124f813000 7180       4       java.lang.invoke.InvokerBytecodeGenerator::emitImplicitConversion (159 bytes)

GC Heap History (20 events):
Event: 44.437 GC heap before
{Heap before GC invocations=70 (full 0):
 garbage-first heap   total 146432K, used 102345K [0x0000000080000000, 0x0000000100000000)
  region size 1024K, 12 young (12288K), 2 survivors (2048K)
 Metaspace       used 48799K, capacity 50152K, committed 50224K, reserved 1093632K
  class space    used 6197K, capacity 6730K, committed 6784K, reserved 1048576K
}
Event: 44.446 GC heap after
{Heap after GC invocations=71 (full 0):
 garbage-first heap   total 146432K, used 93733K [0x0000000080000000, 0x0000000100000000)
  region size 1024K, 2 young (2048K), 2 survivors (2048K)
 Metaspace       used 48799K, capacity 50152K, committed 50224K, reserved 1093632K
  class space    used 6197K, capacity 6730K, committed 6784K, reserved 1048576K
}
Event: 45.554 GC heap before
{Heap before GC invocations=72 (full 0):
 garbage-first heap   total 146432K, used 118309K [0x0000000080000000, 0x0000000100000000)
  region size 1024K, 21 young (21504K), 2 survivors (2048K)
 Metaspace       used 50131K, capacity 51618K, committed 51760K, reserved 1093632K
  class space    used 6429K, capacity 7007K, committed 7040K, reserved 1048576K
}
Event: 45.565 GC heap after
{Heap after GC invocations=73 (full 0):
 garbage-first heap   total 146432K, used 100300K [0x0000000080000000, 0x0000000100000000)
  region size 1024K, 3 young (3072K), 3 survivors (3072K)
 Metaspace       used 50131K, capacity 51618K, committed 51760K, reserved 1093632K
  class space    used 6429K, capacity 7007K, committed 7040K, reserved 1048576K
}
Event: 46.469 GC heap before
{Heap before GC invocations=73 (full 0):
 garbage-first heap   total 146432K, used 116684K [0x0000000080000000, 0x0000000100000000)
  region size 1024K, 20 young (20480K), 3 survivors (3072K)
 Metaspace       used 51303K, capacity 52890K, committed 53040K, reserved 1095680K
  class space    used 6601K, capacity 7174K, committed 7296K, reserved 1048576K
}
Event: 46.483 GC heap after
{Heap after GC invocations=74 (full 0):
 garbage-first heap   total 146432K, used 101324K [0x0000000080000000, 0x0000000100000000)
  region size 1024K, 3 young (3072K), 3 survivors (3072K)
 Metaspace       used 51303K, capacity 52890K, committed 53040K, reserved 1095680K
  class space    used 6601K, capacity 7174K, committed 7296K, reserved 1048576K
}
Event: 48.120 GC heap before
{Heap before GC invocations=75 (full 0):
 garbage-first heap   total 146432K, used 118732K [0x0000000080000000, 0x0000000100000000)
  region size 1024K, 21 young (21504K), 3 survivors (3072K)
 Metaspace       used 52305K, capacity 53889K, committed 54064K, reserved 1095680K
  class space    used 6703K, capacity 7290K, committed 7296K, reserved 1048576K
}
Event: 48.134 GC heap after
{Heap after GC invocations=76 (full 0):
 garbage-first heap   total 181248K, used 102022K [0x0000000080000000, 0x0000000100000000)
  region size 1024K, 2 young (2048K), 2 survivors (2048K)
 Metaspace       used 52305K, capacity 53889K, committed 54064K, reserved 1095680K
  class space    used 6703K, capacity 7290K, committed 7296K, reserved 1048576K
}
Event: 49.286 GC heap before
{Heap before GC invocations=76 (full 0):
 garbage-first heap   total 181248K, used 119430K [0x0000000080000000, 0x0000000100000000)
  region size 1024K, 21 young (21504K), 2 survivors (2048K)
 Metaspace       used 52753K, capacity 54355K, committed 54448K, reserved 1095680K
  class space    used 6739K, capacity 7332K, committed 7424K, reserved 1048576K
}
Event: 49.299 GC heap after
{Heap after GC invocations=77 (full 0):
 garbage-first heap   total 181248K, used 103165K [0x0000000080000000, 0x0000000100000000)
  region size 1024K, 3 young (3072K), 3 survivors (3072K)
 Metaspace       used 52753K, capacity 54355K, committed 54448K, reserved 1095680K
  class space    used 6739K, capacity 7332K, committed 7424K, reserved 1048576K
}
Event: 49.622 GC heap before
{Heap before GC invocations=78 (full 0):
 garbage-first heap   total 181248K, used 109309K [0x0000000080000000, 0x0000000100000000)
  region size 1024K, 8 young (8192K), 3 survivors (3072K)
 Metaspace       used 52758K, capacity 54355K, committed 54448K, reserved 1095680K
  class space    used 6739K, capacity 7332K, committed 7424K, reserved 1048576K
}
Event: 49.636 GC heap after
{Heap after GC invocations=79 (full 0):
 garbage-first heap   total 181248K, used 109343K [0x0000000080000000, 0x0000000100000000)
  region size 1024K, 5 young (5120K), 5 survivors (5120K)
 Metaspace       used 52758K, capacity 54355K, committed 54448K, reserved 1095680K
  class space    used 6739K, capacity 7332K, committed 7424K, reserved 1048576K
}
Event: 51.317 GC heap before
{Heap before GC invocations=80 (full 0):
 garbage-first heap   total 181248K, used 139039K [0x0000000080000000, 0x0000000100000000)
  region size 1024K, 31 young (31744K), 5 survivors (5120K)
 Metaspace       used 55540K, capacity 57173K, committed 57392K, reserved 1099776K
  class space    used 7198K, capacity 7804K, committed 7808K, reserved 1048576K
}
Event: 51.333 GC heap after
{Heap after GC invocations=81 (full 0):
 garbage-first heap   total 181248K, used 117390K [0x0000000080000000, 0x0000000100000000)
  region size 1024K, 4 young (4096K), 4 survivors (4096K)
 Metaspace       used 55540K, capacity 57173K, committed 57392K, reserved 1099776K
  class space    used 7198K, capacity 7804K, committed 7808K, reserved 1048576K
}
Event: 52.503 GC heap before
{Heap before GC invocations=81 (full 0):
 garbage-first heap   total 181248K, used 140942K [0x0000000080000000, 0x0000000100000000)
  region size 1024K, 27 young (27648K), 4 survivors (4096K)
 Metaspace       used 55887K, capacity 57506K, committed 57776K, reserved 1099776K
  class space    used 7234K, capacity 7851K, committed 7936K, reserved 1048576K
}
Event: 52.528 GC heap after
{Heap after GC invocations=82 (full 0):
 garbage-first heap   total 218112K, used 117749K [0x0000000080000000, 0x0000000100000000)
  region size 1024K, 1 young (1024K), 1 survivors (1024K)
 Metaspace       used 55887K, capacity 57506K, committed 57776K, reserved 1099776K
  class space    used 7234K, capacity 7851K, committed 7936K, reserved 1048576K
}
Event: 55.154 GC heap before
{Heap before GC invocations=83 (full 0):
 garbage-first heap   total 218112K, used 153589K [0x0000000080000000, 0x0000000100000000)
  region size 1024K, 36 young (36864K), 1 survivors (1024K)
 Metaspace       used 59500K, capacity 61177K, committed 61232K, reserved 1101824K
  class space    used 7655K, capacity 8306K, committed 8320K, reserved 1048576K
}
Event: 55.171 GC heap after
{Heap after GC invocations=84 (full 0):
 garbage-first heap   total 218112K, used 119393K [0x0000000080000000, 0x0000000100000000)
  region size 1024K, 3 young (3072K), 3 survivors (3072K)
 Metaspace       used 59500K, capacity 61177K, committed 61232K, reserved 1101824K
  class space    used 7655K, capacity 8306K, committed 8320K, reserved 1048576K
}
Event: 60.560 GC heap before
{Heap before GC invocations=84 (full 0):
 garbage-first heap   total 218112K, used 160353K [0x0000000080000000, 0x0000000100000000)
  region size 1024K, 43 young (44032K), 3 survivors (3072K)
 Metaspace       used 65030K, capacity 66914K, committed 67120K, reserved 1107968K
  class space    used 8260K, capacity 8976K, committed 9088K, reserved 1048576K
}
Event: 60.579 GC heap after
{Heap after GC invocations=85 (full 0):
 garbage-first heap   total 218112K, used 120760K [0x0000000080000000, 0x0000000100000000)
  region size 1024K, 4 young (4096K), 4 survivors (4096K)
 Metaspace       used 65030K, capacity 66914K, committed 67120K, reserved 1107968K
  class space    used 8260K, capacity 8976K, committed 9088K, reserved 1048576K
}

Deoptimization events (20 events):
Event: 56.328 Thread 0x0000021251ae9000 Uncommon trap: trap_request=0xffffff4d fr.pc=0x0000021240a80944 relative=0x0000000000000404
Event: 56.328 Thread 0x0000021251ae9000 Uncommon trap: reason=unstable_if action=reinterpret pc=0x0000021240a80944 method=java.lang.AbstractStringBuilder.putStringAt(ILjava/lang/String;)V @ 8 c2
Event: 56.328 Thread 0x0000021251ae9000 DEOPT PACKING pc=0x0000021240a80944 sp=0x000000469d0f4a50
Event: 56.328 Thread 0x0000021251ae9000 DEOPT UNPACKING pc=0x0000021238fda1af sp=0x000000469d0f49c0 mode 2
Event: 58.168 Thread 0x0000021251ae9000 Uncommon trap: trap_request=0xffffff4d fr.pc=0x0000021240c8b804 relative=0x0000000000000324
Event: 58.168 Thread 0x0000021251ae9000 Uncommon trap: reason=unstable_if action=reinterpret pc=0x0000021240c8b804 method=org.gradle.internal.instantiation.generator.AbstractClassGenerator$InjectionAnnotationValidator.validateMethod(Ljava/lang/reflect/Method;Lorg/gradle/internal/reflect/Propert
Event: 58.168 Thread 0x0000021251ae9000 DEOPT PACKING pc=0x0000021240c8b804 sp=0x000000469d0f6c10
Event: 58.168 Thread 0x0000021251ae9000 DEOPT UNPACKING pc=0x0000021238fda1af sp=0x000000469d0f6bc0 mode 2
Event: 58.168 Thread 0x0000021251ae9000 Uncommon trap: trap_request=0xffffff4d fr.pc=0x0000021240d1c378 relative=0x0000000000000458
Event: 58.168 Thread 0x0000021251ae9000 Uncommon trap: reason=unstable_if action=reinterpret pc=0x0000021240d1c378 method=org.gradle.internal.instantiation.generator.AbstractClassGenerator$InjectionAnnotationValidator.validateMethod(Ljava/lang/reflect/Method;Lorg/gradle/internal/reflect/Propert
Event: 58.168 Thread 0x0000021251ae9000 DEOPT PACKING pc=0x0000021240d1c378 sp=0x000000469d0f6b30
Event: 58.168 Thread 0x0000021251ae9000 DEOPT UNPACKING pc=0x0000021238fda1af sp=0x000000469d0f6b10 mode 2
Event: 60.428 Thread 0x0000021251ae9000 Uncommon trap: trap_request=0xffffffde fr.pc=0x0000021240c2f2dc relative=0x00000000000011dc
Event: 60.429 Thread 0x0000021251ae9000 Uncommon trap: reason=class_check action=maybe_recompile pc=0x0000021240c2f2dc method=jdk.internal.loader.BuiltinClassLoader.loadClassOrNull(Ljava/lang/String;Z)Ljava/lang/Class; @ 86 c2
Event: 60.429 Thread 0x0000021251ae9000 DEOPT PACKING pc=0x0000021240c2f2dc sp=0x000000469d0f5090
Event: 60.429 Thread 0x0000021251ae9000 DEOPT UNPACKING pc=0x0000021238fda1af sp=0x000000469d0f5048 mode 2
Event: 60.581 Thread 0x0000021250276800 Uncommon trap: trap_request=0xffffffde fr.pc=0x0000021240ba106c relative=0x000000000000052c
Event: 60.585 Thread 0x0000021250276800 Uncommon trap: reason=class_check action=maybe_recompile pc=0x0000021240ba106c method=jdk.internal.ref.PhantomCleanable.clean()V @ 12 c2
Event: 60.585 Thread 0x0000021250276800 DEOPT PACKING pc=0x0000021240ba106c sp=0x000000469c7ff440
Event: 60.585 Thread 0x0000021250276800 DEOPT UNPACKING pc=0x0000021238fda1af sp=0x000000469c7ff420 mode 2

Classes redefined (0 events):
No events

Internal exceptions (20 events):
Event: 52.652 Thread 0x0000021251ae9000 Exception <a 'java/lang/ClassNotFoundException'{0x000000008ce4cfc8}: org/apache/groovy/parser/antlr4/util/StringUtils$3BeanInfo> (0x000000008ce4cfc8) thrown at [src/hotspot/share/classfile/systemDictionary.cpp, line 230]
Event: 52.676 Thread 0x0000021251ae9000 Exception <a 'java/lang/ClassNotFoundException'{0x000000008cd8ac28}: org/apache/groovy/parser/antlr4/util/StringUtils$3Customizer> (0x000000008cd8ac28) thrown at [src/hotspot/share/classfile/systemDictionary.cpp, line 230]
Event: 52.845 Thread 0x0000021251ae9000 Exception <a 'java/lang/NoSuchMethodError'{0x000000008cc787c8}: 'void java.lang.invoke.DirectMethodHandle$Holder.invokeSpecialIFC(java.lang.Object, java.lang.Object, java.lang.Object)'> (0x000000008cc787c8) thrown at [src/hotspot/share/interpreter/linkResolver.cpp, line 773]
Event: 53.514 Thread 0x0000021251ae9000 Exception <a 'java/lang/NoSuchMethodError'{0x000000008c7939e8}: 'int java.lang.invoke.DirectMethodHandle$Holder.invokeStatic(java.lang.Object, int, java.lang.Object, java.lang.Object)'> (0x000000008c7939e8) thrown at [src/hotspot/share/interpreter/linkResolver.cpp, line 773]
Event: 54.178 Thread 0x0000021251374800 Exception <a 'sun/nio/fs/WindowsException'{0x000000008c1983f8}> (0x000000008c1983f8) thrown at [src/hotspot/share/prims/jni.cpp, line 617]
Event: 54.192 Thread 0x0000021251374800 Exception <a 'sun/nio/fs/WindowsException'{0x000000008c1b8970}> (0x000000008c1b8970) thrown at [src/hotspot/share/prims/jni.cpp, line 617]
Event: 54.195 Thread 0x0000021251374800 Exception <a 'sun/nio/fs/WindowsException'{0x000000008c1b8ae8}> (0x000000008c1b8ae8) thrown at [src/hotspot/share/prims/jni.cpp, line 617]
Event: 54.217 Thread 0x0000021251ae9000 Exception <a 'java/lang/ClassNotFoundException'{0x000000008c046a18}: build_3vo4hfj68iatk96unplt2vdv6BeanInfo> (0x000000008c046a18) thrown at [src/hotspot/share/classfile/systemDictionary.cpp, line 230]
Event: 54.218 Thread 0x0000021251ae9000 Exception <a 'java/lang/ClassNotFoundException'{0x000000008c052a78}: build_3vo4hfj68iatk96unplt2vdv6Customizer> (0x000000008c052a78) thrown at [src/hotspot/share/classfile/systemDictionary.cpp, line 230]
Event: 54.970 Thread 0x0000021251ae9000 Exception <a 'java/lang/NoSuchMethodError'{0x000000008b31b928}: 'java.lang.Object java.lang.invoke.DirectMethodHandle$Holder.invokeStatic(java.lang.Object, java.lang.Object, java.lang.Object, java.lang.Object, int)'> (0x000000008b31b928) thrown at [src/hotspot/share/interpreter/linkResolver.cpp, line 773]
Event: 54.977 Thread 0x0000021251ae9000 Exception <a 'java/lang/NoSuchMethodError'{0x000000008b320628}: 'java.lang.Object java.lang.invoke.DirectMethodHandle$Holder.invokeSpecial(java.lang.Object, java.lang.Object, java.lang.Object, java.lang.Object, java.lang.Object, int)'> (0x000000008b320628) thrown at [src/hotspot/share/interpreter/linkResolver.cpp, line 773]
Event: 54.991 Thread 0x0000021251ae9000 Exception <a 'java/lang/NoSuchMethodError'{0x000000008b324f10}: 'java.lang.Object java.lang.invoke.Invokers$Holder.linkToTargetMethod(java.lang.Object, java.lang.Object, java.lang.Object, int, java.lang.Object)'> (0x000000008b324f10) thrown at [src/hotspot/share/interpreter/linkResolver.cpp, line 773]
Event: 55.041 Thread 0x0000021251ae9000 Exception <a 'java/lang/NoSuchMethodError'{0x000000008b3f0698}: 'java.lang.Object java.lang.invoke.Invokers$Holder.linkToTargetMethod(java.lang.Object, int, int, java.lang.Object)'> (0x000000008b3f0698) thrown at [src/hotspot/share/interpreter/linkResolver.cpp, line 773]
Event: 55.048 Thread 0x0000021251ae9000 Exception <a 'java/lang/NoSuchMethodError'{0x000000008b209060}: 'java.lang.Object java.lang.invoke.DirectMethodHandle$Holder.invokeStatic(java.lang.Object, java.lang.Object, int, int, java.lang.Object, java.lang.Object)'> (0x000000008b209060) thrown at [src/hotspot/share/interpreter/linkResolver.cpp, line 773]
Event: 57.605 Thread 0x0000021251ae9000 Exception <a 'java/lang/NoSuchMethodError'{0x000000008c5217b8}: 'java.lang.Object java.lang.invoke.DirectMethodHandle$Holder.invokeStatic(java.lang.Object, java.lang.Object, java.lang.Object, java.lang.Object, java.lang.Object, java.lang.Object, java.lang.Object, java.lang.Object, java.lang.Object, java.lang.Object, java.lang.Object, java.lang.Object, java.lang.Object, int)'> (0x000000008c5217b8) thrown at [src/hotspot/share/interpreter/linkResolver.cpp, line 773]
Event: 57.627 Thread 0x0000021251ae9000 Exception <a 'java/lang/NoSuchMethodError'{0x000000008c52f1a0}: 'java.lang.Object java.lang.invoke.DirectMethodHandle$Holder.invokeStatic(java.lang.Object, java.lang.Object, java.lang.Object, java.lang.Object, java.lang.Object, java.lang.Object, java.lang.Object, java.lang.Object, java.lang.Object, java.lang.Object, java.lang.Object, java.lang.Object, java.lang.Object, int, int)'> (0x000000008c52f1a0) thrown at [src/hotspot/share/interpreter/linkResolver.cpp, line 773]
Event: 57.955 Thread 0x0000021251ae9000 Exception <a 'java/lang/NoSuchMethodError'{0x000000008c391370}: 'int java.lang.invoke.DirectMethodHandle$Holder.invokeInterface(java.lang.Object, java.lang.Object, java.lang.Object, java.lang.Object)'> (0x000000008c391370) thrown at [src/hotspot/share/interpreter/linkResolver.cpp, line 773]
Event: 60.952 Thread 0x0000021251ae9000 Exception <a 'java/lang/NoSuchMethodError'{0x000000008d3fdba8}: 'java.lang.Object java.lang.invoke.DirectMethodHandle$Holder.invokeSpecial(java.lang.Object, java.lang.Object, int, int, int, java.lang.Object, java.lang.Object, java.lang.Object, java.lang.Object)'> (0x000000008d3fdba8) thrown at [src/hotspot/share/interpreter/linkResolver.cpp, line 773]
Event: 60.954 Thread 0x0000021251ae9000 Exception <a 'java/lang/NoSuchMethodError'{0x000000008d202c88}: 'java.lang.Object java.lang.invoke.DelegatingMethodHandle$Holder.reinvoke_L(java.lang.Object, int, int, int, java.lang.Object, java.lang.Object, java.lang.Object, java.lang.Object)'> (0x000000008d202c88) thrown at [src/hotspot/share/interpreter/linkResolver.cpp, line 773]
Event: 60.957 Thread 0x0000021251ae9000 Exception <a 'java/lang/NoSuchMethodError'{0x000000008d20b690}: 'java.lang.Object java.lang.invoke.DirectMethodHandle$Holder.invokeStatic(java.lang.Object, java.lang.Object, java.lang.Object, java.lang.Object, java.lang.Object, int)'> (0x000000008d20b690) thrown at [src/hotspot/share/interpreter/linkResolver.cpp, line 773]

Events (20 events):
Event: 60.982 loading class java/lang/invoke/BoundMethodHandle$Species_LLIILL
Event: 60.982 loading class java/lang/invoke/BoundMethodHandle$Species_LLIILL done
Event: 60.990 loading class java/lang/invoke/BoundMethodHandle$Species_LLIILLL
Event: 60.990 loading class java/lang/invoke/BoundMethodHandle$Species_LLIILLL done
Event: 61.002 loading class java/lang/invoke/BoundMethodHandle$Species_LLIILLLL
Event: 61.003 loading class java/lang/invoke/BoundMethodHandle$Species_LLIILLLL done
Event: 61.015 loading class com/android/build/gradle/internal/utils/GradlePluginUtils$enforceMinimumVersionsOfPlugins$1
Event: 61.015 loading class com/android/build/gradle/internal/utils/GradlePluginUtils$enforceMinimumVersionsOfPlugins$1 done
Event: 61.017 loading class org/gradle/api/plugins/JavaBasePlugin
Event: 61.017 loading class org/gradle/api/plugins/JavaBasePlugin done
Event: 61.018 loading class org/gradle/api/plugins/JavaBasePlugin
Event: 61.018 loading class org/gradle/api/plugins/JavaBasePlugin done
Event: 61.070 loading class org/gradle/api/plugins/PluginContainer
Event: 61.070 loading class org/gradle/api/plugins/PluginContainer done
Event: 61.079 loading class org/gradle/api/plugins/JavaPluginExtension
Event: 61.079 loading class org/gradle/api/plugins/JavaPluginExtension done
Event: 61.104 loading class org/gradle/api/tasks/SourceSet
Event: 61.104 loading class org/gradle/api/tasks/SourceSet done
Event: 61.129 loading class org/gradle/language/jvm/tasks/ProcessResources
Event: 61.129 loading class org/gradle/language/jvm/tasks/ProcessResources done


Dynamic libraries:
0x00007ff7263e0000 - 0x00007ff7263ea000 	C:\Program Files\Android\Android Studio\jbr\bin\java.exe
0x00007ff9ad830000 - 0x00007ff9ada28000 	C:\WINDOWS\SYSTEM32\ntdll.dll
0x00007ff9ad690000 - 0x00007ff9ad74f000 	C:\WINDOWS\System32\KERNEL32.DLL
0x00007ff9ab450000 - 0x00007ff9ab722000 	C:\WINDOWS\System32\KERNELBASE.dll
0x00007ff9ab060000 - 0x00007ff9ab160000 	C:\WINDOWS\System32\ucrtbase.dll
0x00007ff99de30000 - 0x00007ff99de4b000 	C:\Program Files\Android\Android Studio\jbr\bin\VCRUNTIME140.dll
0x00007ff990350000 - 0x00007ff990367000 	C:\Program Files\Android\Android Studio\jbr\bin\jli.dll
0x00007ff9ac540000 - 0x00007ff9ac6e1000 	C:\WINDOWS\System32\USER32.dll
0x00007ff9ab030000 - 0x00007ff9ab052000 	C:\WINDOWS\System32\win32u.dll
0x00007ff9ac850000 - 0x00007ff9ac87b000 	C:\WINDOWS\System32\GDI32.dll
0x00007ff9aaf20000 - 0x00007ff9ab02f000 	C:\WINDOWS\System32\gdi32full.dll
0x00007ff9ab1e0000 - 0x00007ff9ab27d000 	C:\WINDOWS\System32\msvcp_win.dll
0x00007ff99c760000 - 0x00007ff99c9fa000 	C:\WINDOWS\WinSxS\amd64_microsoft.windows.common-controls_6595b64144ccf1df_6.0.19041.1110_none_60b5254171f9507e\COMCTL32.dll
0x00007ff9ac490000 - 0x00007ff9ac52e000 	C:\WINDOWS\System32\msvcrt.dll
0x00007ff9ac810000 - 0x00007ff9ac842000 	C:\WINDOWS\System32\IMM32.DLL
0x00007ff9a26d0000 - 0x00007ff9a26dc000 	C:\Program Files\Android\Android Studio\jbr\bin\vcruntime140_1.dll
0x00007ff97fa50000 - 0x00007ff97fadd000 	C:\Program Files\Android\Android Studio\jbr\bin\msvcp140.dll
0x00007ff973720000 - 0x00007ff9742dc000 	C:\Program Files\Android\Android Studio\jbr\bin\server\jvm.dll
0x00007ff9accc0000 - 0x00007ff9acd6e000 	C:\WINDOWS\System32\ADVAPI32.dll
0x00007ff9ad750000 - 0x00007ff9ad7ec000 	C:\WINDOWS\System32\sechost.dll
0x00007ff9ad3a0000 - 0x00007ff9ad4c5000 	C:\WINDOWS\System32\RPCRT4.dll
0x00007ff9ac880000 - 0x00007ff9ac888000 	C:\WINDOWS\System32\PSAPI.DLL
0x00007ff9a2630000 - 0x00007ff9a2657000 	C:\WINDOWS\SYSTEM32\WINMM.dll
0x00007ff9a4820000 - 0x00007ff9a4829000 	C:\WINDOWS\SYSTEM32\WSOCK32.dll
0x00007ff9ad2d0000 - 0x00007ff9ad33b000 	C:\WINDOWS\System32\WS2_32.dll
0x00007ff9a2620000 - 0x00007ff9a262a000 	C:\WINDOWS\SYSTEM32\VERSION.dll
0x00007ff9a9770000 - 0x00007ff9a9782000 	C:\WINDOWS\SYSTEM32\kernel.appcore.dll
0x00007ff9a4810000 - 0x00007ff9a4820000 	C:\Program Files\Android\Android Studio\jbr\bin\verify.dll
0x00007ff9a9550000 - 0x00007ff9a9734000 	C:\WINDOWS\SYSTEM32\DBGHELP.DLL
0x00007ff999900000 - 0x00007ff999935000 	C:\WINDOWS\SYSTEM32\dbgcore.DLL
0x00007ff9ab730000 - 0x00007ff9ab7b2000 	C:\WINDOWS\System32\bcryptPrimitives.dll
0x00007ff9a3db0000 - 0x00007ff9a3dd8000 	C:\Program Files\Android\Android Studio\jbr\bin\java.dll
0x00007ff9a4800000 - 0x00007ff9a480a000 	C:\Program Files\Android\Android Studio\jbr\bin\jimage.dll
0x00007ff9a2580000 - 0x00007ff9a2598000 	C:\Program Files\Android\Android Studio\jbr\bin\zip.dll
0x00007ff9ab870000 - 0x00007ff9abfb4000 	C:\WINDOWS\System32\SHELL32.dll
0x00007ff9a8cf0000 - 0x00007ff9a9482000 	C:\WINDOWS\SYSTEM32\windows.storage.dll
0x00007ff9acdf0000 - 0x00007ff9ad145000 	C:\WINDOWS\System32\combase.dll
0x00007ff9aa980000 - 0x00007ff9aa9b0000 	C:\WINDOWS\SYSTEM32\Wldp.dll
0x00007ff9ac9c0000 - 0x00007ff9aca6d000 	C:\WINDOWS\System32\SHCORE.dll
0x00007ff9ad340000 - 0x00007ff9ad395000 	C:\WINDOWS\System32\shlwapi.dll
0x00007ff9aae60000 - 0x00007ff9aae7f000 	C:\WINDOWS\SYSTEM32\profapi.dll
0x00007ff9a2560000 - 0x00007ff9a2579000 	C:\Program Files\Android\Android Studio\jbr\bin\net.dll
0x00007ff9a17d0000 - 0x00007ff9a18dc000 	C:\WINDOWS\SYSTEM32\WINHTTP.dll
0x00007ff9aa6e0000 - 0x00007ff9aa74a000 	C:\WINDOWS\system32\mswsock.dll
0x00007ff9a24f0000 - 0x00007ff9a2503000 	C:\Program Files\Android\Android Studio\jbr\bin\nio.dll
0x00007ff999530000 - 0x00007ff999557000 	C:\Users\dwise\.gradle\native\e1d6ef7f7dcc3fd88c89a11ec53ec762bb8ba0a96d01ffa2cd45eb1d1d8dd5c5\windows-amd64\native-platform.dll
0x00007ff962030000 - 0x00007ff962174000 	C:\Users\dwise\.gradle\native\0d407fdbe67a94daf76414ababcb853783967236a71b16ec16e742cd7a986fd3\windows-amd64\native-platform-file-events.dll
0x00007ff9a47e0000 - 0x00007ff9a47ea000 	C:\Program Files\Android\Android Studio\jbr\bin\management.dll
0x00007ff9a2270000 - 0x00007ff9a227b000 	C:\Program Files\Android\Android Studio\jbr\bin\management_ext.dll
0x00007ff9aa8e0000 - 0x00007ff9aa8f8000 	C:\WINDOWS\SYSTEM32\CRYPTSP.dll
0x00007ff9a9f20000 - 0x00007ff9a9f54000 	C:\WINDOWS\system32\rsaenh.dll
0x00007ff9ab1b0000 - 0x00007ff9ab1d7000 	C:\WINDOWS\System32\bcrypt.dll
0x00007ff9aae20000 - 0x00007ff9aae4e000 	C:\WINDOWS\SYSTEM32\USERENV.dll
0x00007ff9aa8d0000 - 0x00007ff9aa8dc000 	C:\WINDOWS\SYSTEM32\CRYPTBASE.dll
0x00007ff9aa360000 - 0x00007ff9aa39b000 	C:\WINDOWS\SYSTEM32\IPHLPAPI.DLL
0x00007ff9ac530000 - 0x00007ff9ac538000 	C:\WINDOWS\System32\NSI.dll
0x00007ff9a1a60000 - 0x00007ff9a1a77000 	C:\WINDOWS\SYSTEM32\dhcpcsvc6.DLL
0x00007ff9a1b60000 - 0x00007ff9a1b7d000 	C:\WINDOWS\SYSTEM32\dhcpcsvc.DLL
0x00007ff9aa3c0000 - 0x00007ff9aa48a000 	C:\WINDOWS\SYSTEM32\DNSAPI.dll

dbghelp: loaded successfully - version: 4.0.5 - missing functions: none
symbol engine: initialized successfully - sym options: 0x614 - pdb path: .;C:\Program Files\Android\Android Studio\jbr\bin;C:\WINDOWS\SYSTEM32;C:\WINDOWS\WinSxS\amd64_microsoft.windows.common-controls_6595b64144ccf1df_6.0.19041.1110_none_60b5254171f9507e;C:\Program Files\Android\Android Studio\jbr\bin\server;C:\Users\dwise\.gradle\native\e1d6ef7f7dcc3fd88c89a11ec53ec762bb8ba0a96d01ffa2cd45eb1d1d8dd5c5\windows-amd64;C:\Users\dwise\.gradle\native\0d407fdbe67a94daf76414ababcb853783967236a71b16ec16e742cd7a986fd3\windows-amd64

VM Arguments:
jvm_args: --add-opens=java.base/java.util=ALL-UNNAMED --add-opens=java.base/java.lang=ALL-UNNAMED --add-opens=java.base/java.lang.invoke=ALL-UNNAMED --add-opens=java.base/java.util=ALL-UNNAMED --add-opens=java.prefs/java.util.prefs=ALL-UNNAMED --add-opens=java.prefs/java.util.prefs=ALL-UNNAMED --add-opens=java.base/java.nio.charset=ALL-UNNAMED --add-opens=java.base/java.net=ALL-UNNAMED --add-opens=java.base/java.util.concurrent.atomic=ALL-UNNAMED -Xmx2048m -Dfile.encoding=UTF-8 -Duser.country=ID -Duser.language=en -Duser.variant 
java_command: org.gradle.launcher.daemon.bootstrap.GradleDaemon 7.5
java_class_path (initial): C:\Users\dwise\.gradle\wrapper\dists\gradle-7.5-bin\f1w0cc9nuo0eivz97x2xlu9sv\gradle-7.5\lib\gradle-launcher-7.5.jar
Launcher Type: SUN_STANDARD

[Global flags]
     intx CICompilerCount                          = 3                                         {product} {ergonomic}
     uint ConcGCThreads                            = 1                                         {product} {ergonomic}
     uint G1ConcRefinementThreads                  = 4                                         {product} {ergonomic}
   size_t G1HeapRegionSize                         = 1048576                                   {product} {ergonomic}
    uintx GCDrainStackTargetSize                   = 64                                        {product} {ergonomic}
   size_t InitialHeapSize                          = 58720256                                  {product} {ergonomic}
   size_t MarkStackSize                            = 4194304                                   {product} {ergonomic}
   size_t MaxHeapSize                              = 2147483648                                {product} {command line}
   size_t MaxNewSize                               = 1287651328                                {product} {ergonomic}
   size_t MinHeapDeltaBytes                        = 1048576                                   {product} {ergonomic}
    uintx NonNMethodCodeHeapSize                   = 5830732                                {pd product} {ergonomic}
    uintx NonProfiledCodeHeapSize                  = 122913754                              {pd product} {ergonomic}
    uintx ProfiledCodeHeapSize                     = 122913754                              {pd product} {ergonomic}
    uintx ReservedCodeCacheSize                    = 251658240                              {pd product} {ergonomic}
     bool SegmentedCodeCache                       = true                                      {product} {ergonomic}
     bool UseCompressedClassPointers               = true                                 {lp64_product} {ergonomic}
     bool UseCompressedOops                        = true                                 {lp64_product} {ergonomic}
     bool UseG1GC                                  = true                                      {product} {ergonomic}
     bool UseLargePagesIndividualAllocation        = false                                  {pd product} {ergonomic}

Logging:
Log output configuration:
 #0: stdout all=warning uptime,level,tags
 #1: stderr all=off uptime,level,tags

Environment Variables:
PATH=C:\Python310\Scripts\;C:\Python310\;C:\Program Files (x86)\Common Files\Intel\Shared Files\cpp\bin\Intel64;C:\Program Files\Eclipse Adoptium\jdk-17.0.1.12-hotspot\bin;C:\WINDOWS\system32;C:\WINDOWS;C:\WINDOWS\System32\Wbem;C:\WINDOWS\System32\WindowsPowerShell\v1.0\;C:\WINDOWS\System32\OpenSSH\;C:\Program Files\Git\cmd;C:\xampp\php;C:\composer;C:\Program Files\Dart\dart-sdk\bin;C:\Program Files\nodejs\;C:\ProgramData\chocolatey\bin;C:\Users\dwise\AppData\Local\Programs\Python\Python38\Scripts\;C:\Users\dwise\AppData\Local\Programs\Python\Python38\;C:\Users\dwise\AppData\Local\Microsoft\WindowsApps;C:\Users\dwise\AppData\Local\Programs\Microsoft VS Code\bin;C:\Users\dwise\AppData\Local\GitHubDesktop\bin;C:\Users\dwise\AppData\Roaming\Composer\vendor\bin;C:\Users\dwise\OneDrive\Documents\flutter\flutter\bin;C:\Users\dwise\AppData\Roaming\npm
USERNAME=dwise
OS=Windows_NT
PROCESSOR_IDENTIFIER=AMD64 Family 22 Model 48 Stepping 1, AuthenticAMD



---------------  S Y S T E M  ---------------

OS: Windows 10 , 64 bit Build 19041 (10.0.19041.2364)
OS uptime: 1 days 11:36 hours

CPU:total 4 (initial active 4) (4 cores per cpu, 1 threads per core) family 22 model 48 stepping 1 microcode 0x0, cmov, cx8, fxsr, mmx, sse, sse2, sse3, ssse3, sse4.1, sse4.2, popcnt, avx, aes, clmul, mmxext, 3dnowpref, lzcnt, sse4a, tsc, tscinvbit, tscinv, bmi1

Memory: 4k page, system-wide physical 3550M (176M free)
TotalPageFile size 14302M (AvailPageFile size 5M)
current process WorkingSet (physical memory assigned to process): 278M, peak: 313M
current process commit charge ("private bytes"): 437M, peak: 437M

vm_info: OpenJDK 64-Bit Server VM (11.0.15+0-b2043.56-9505619) for windows-amd64 JRE (11.0.15+0-b2043.56-9505619), built on Jan 19 2023 02:48:00 by "builduser" with unknown MS VC++:1929

END.
