#
# There is insufficient memory for the Java Runtime Environment to continue.
# Native memory allocation (mmap) failed to map 1048576 bytes for Failed to commit area from 0x000000008cc00000 to 0x000000008cd00000 of length 1048576.
# Possible reasons:
#   The system is out of physical RAM or swap space
#   The process is running with CompressedOops enabled, and the Java Heap may be blocking the growth of the native heap
# Possible solutions:
#   Reduce memory load on the system
#   Increase physical memory or swap space
#   Check if swap backing store is full
#   Decrease Java heap size (-Xmx/-Xms)
#   Decrease number of Java threads
#   Decrease Java thread stack sizes (-Xss)
#   Set larger code cache with -XX:ReservedCodeCacheSize=
#   JVM is running with Unscaled Compressed Oops mode in which the Java heap is
#     placed in the first 4GB address space. The Java Heap base address is the
#     maximum limit for the native heap growth. Please use -XX:HeapBaseMinAddress
#     to set the Java Heap base and to place the Java Heap above 4GB virtual address.
# This output file may be truncated or incomplete.
#
#  Out of Memory Error (src/hotspot/os/windows/os_windows.cpp:3627), pid=16280, tid=6232
#
# JRE version: OpenJDK Runtime Environment (11.0.15) (build 11.0.15+0-b2043.56-9505619)
# Java VM: OpenJDK 64-Bit Server VM (11.0.15+0-b2043.56-9505619, mixed mode, tiered, compressed oops, g1 gc, windows-amd64)
# No core dump will be written. Minidumps are not enabled by default on client versions of Windows
#

---------------  S U M M A R Y ------------

Command Line: --add-opens=java.base/java.util=ALL-UNNAMED --add-opens=java.base/java.lang=ALL-UNNAMED --add-opens=java.base/java.lang.invoke=ALL-UNNAMED --add-opens=java.base/java.util=ALL-UNNAMED --add-opens=java.prefs/java.util.prefs=ALL-UNNAMED --add-opens=java.prefs/java.util.prefs=ALL-UNNAMED --add-opens=java.base/java.nio.charset=ALL-UNNAMED --add-opens=java.base/java.net=ALL-UNNAMED --add-opens=java.base/java.util.concurrent.atomic=ALL-UNNAMED -Xmx2048m -Dfile.encoding=UTF-8 -Duser.country=ID -Duser.language=en -Duser.variant org.gradle.launcher.daemon.bootstrap.GradleDaemon 7.5

Host: AMD A8-7410 APU with AMD Radeon R5 Graphics    , 4 cores, 3G,  Windows 10 , 64 bit Build 19041 (10.0.19041.2364)
Time: Fri Feb 17 19:33:49 2023 SE Asia Standard Time elapsed time: 136.790798 seconds (0d 0h 2m 16s)

---------------  T H R E A D  ---------------

Current thread (0x000001701ded0800):  GCTaskThread "GC Thread#0" [stack: 0x0000003fa6a00000,0x0000003fa6b00000] [id=6232]

Stack: [0x0000003fa6a00000,0x0000003fa6b00000]
[error occurred during error reporting (printing stack bounds), id 0xc0000005, EXCEPTION_ACCESS_VIOLATION (0xc0000005) at pc=0x00000170219e112d]

Native frames: (J=compiled Java code, j=interpreted, Vv=VM code, C=native code)
V  [jvm.dll+0x64135a]
V  [jvm.dll+0x7d39f9]
V  [jvm.dll+0x7d51b9]
V  [jvm.dll+0x7d5805]
V  [jvm.dll+0x7d57bb]
V  [jvm.dll+0x640655]
V  [jvm.dll+0x640d68]
C  [ntdll.dll+0xa241f]
C  [ntdll.dll+0x514a4]
C  [ntdll.dll+0xa0f4e]
C  0x00000170219e112d


---------------  P R O C E S S  ---------------

Threads class SMR info:
_java_thread_list=0x0000017041151820, length=85, elements={
0x000001701deb7800, 0x0000017037a90800, 0x0000017037a94000, 0x0000017037af1800,
0x0000017037af2000, 0x0000017037af3800, 0x0000017037af8000, 0x0000017037afc800,
0x0000017037b0c000, 0x0000017038577000, 0x000001703a692000, 0x0000017039f69000,
0x0000017039ef9800, 0x0000017039c77000, 0x0000017039f97800, 0x000001703980b800,
0x000001703980b000, 0x0000017039809800, 0x000001703980c800, 0x0000017039807000,
0x0000017039807800, 0x000001703a58d000, 0x000001703a58e800, 0x000001703a58f800,
0x000001703a591000, 0x000001703a592000, 0x000001703d1d2000, 0x000001703d1d3000,
0x000001703d1d3800, 0x000001703d1d4800, 0x000001703d1d5800, 0x000001703d1d6000,
0x000001703d1db000, 0x000001703d1dc000, 0x000001703d1d7000, 0x000001703d1dd800,
0x000001703d1d8800, 0x000001703d1de800, 0x000001703d1dc800, 0x000001703d1df000,
0x000001703d1d9800, 0x000001703d1da000, 0x000001703d1e0000, 0x000001703a58d800,
0x000001703a58c000, 0x000001703a592800, 0x000001703a596000, 0x000001703a599000,
0x000001703a597800, 0x000001703a593800, 0x000001703a598800, 0x000001703a594000,
0x000001703a59a000, 0x000001703a596800, 0x000001703a59b000, 0x000001703a595000,
0x000001703980a000, 0x0000017039808800, 0x000001703980d800, 0x000001703fd6f000,
0x000001703fd70000, 0x000001703fd71800, 0x000001703fd6e800, 0x000001703fd73000,
0x000001703fd72800, 0x000001703fd71000, 0x000001703fd75800, 0x000001703fd77800,
0x000001703fd79000, 0x000001703fd78000, 0x000001703fd7a000, 0x000001703fd74000,
0x000001703fd7a800, 0x000001703fd76800, 0x000001703fd75000, 0x000001703fd7d000,
0x000001703fd7b800, 0x000001703fd7c000, 0x000001703ff9d000, 0x000001703ff9e800,
0x000001703ff9e000, 0x000001703ff9f800, 0x000001703ffa1000, 0x000001703ffa2000,
0x000001703ff9c800
}

Java Threads: ( => current thread )
  0x000001701deb7800 JavaThread "main" [_thread_blocked, id=13160, stack(0x0000003fa6900000,0x0000003fa6a00000)]
  0x0000017037a90800 JavaThread "Reference Handler" daemon [_thread_blocked, id=11008, stack(0x0000003fa7000000,0x0000003fa7100000)]
  0x0000017037a94000 JavaThread "Finalizer" daemon [_thread_blocked, id=17796, stack(0x0000003fa7100000,0x0000003fa7200000)]
  0x0000017037af1800 JavaThread "Signal Dispatcher" daemon [_thread_blocked, id=11868, stack(0x0000003fa7200000,0x0000003fa7300000)]
  0x0000017037af2000 JavaThread "Attach Listener" daemon [_thread_blocked, id=17356, stack(0x0000003fa7300000,0x0000003fa7400000)]
  0x0000017037af3800 JavaThread "Service Thread" daemon [_thread_blocked, id=17708, stack(0x0000003fa7400000,0x0000003fa7500000)]
  0x0000017037af8000 JavaThread "C2 CompilerThread0" daemon [_thread_blocked, id=17016, stack(0x0000003fa7500000,0x0000003fa7600000)]
  0x0000017037afc800 JavaThread "C1 CompilerThread0" daemon [_thread_blocked, id=15048, stack(0x0000003fa7600000,0x0000003fa7700000)]
  0x0000017037b0c000 JavaThread "Sweeper thread" daemon [_thread_blocked, id=11088, stack(0x0000003fa7700000,0x0000003fa7800000)]
  0x0000017038577000 JavaThread "Common-Cleaner" daemon [_thread_blocked, id=16692, stack(0x0000003fa7800000,0x0000003fa7900000)]
  0x000001703a692000 JavaThread "Daemon health stats" [_thread_blocked, id=15568, stack(0x0000003fa7b00000,0x0000003fa7c00000)]
  0x0000017039f69000 JavaThread "Incoming local TCP Connector on port 59137" [_thread_in_native, id=18288, stack(0x0000003fa7c00000,0x0000003fa7d00000)]
  0x0000017039ef9800 JavaThread "Daemon periodic checks" [_thread_blocked, id=11512, stack(0x0000003fa7d00000,0x0000003fa7e00000)]
  0x0000017039c77000 JavaThread "Daemon" [_thread_blocked, id=11352, stack(0x0000003fa7e00000,0x0000003fa7f00000)]
  0x0000017039f97800 JavaThread "Daemon worker" [_thread_blocked, id=17628, stack(0x0000003fa8100000,0x0000003fa8200000)]
  0x000001703980b800 JavaThread "Cache worker for journal cache (C:\Users\dwise\.gradle\caches\journal-1)" [_thread_blocked, id=8412, stack(0x0000003fa8700000,0x0000003fa8800000)]
  0x000001703980b000 JavaThread "File lock request listener" [_thread_in_native, id=16756, stack(0x0000003fa8800000,0x0000003fa8900000)]
  0x0000017039809800 JavaThread "Cache worker for file hash cache (C:\Users\dwise\.gradle\caches\7.5\fileHashes)" [_thread_blocked, id=15184, stack(0x0000003fa8900000,0x0000003fa8a00000)]
  0x000001703980c800 JavaThread "File watcher server" daemon [_thread_in_native, id=6976, stack(0x0000003fa8a00000,0x0000003fa8b00000)]
  0x0000017039807000 JavaThread "File watcher consumer" daemon [_thread_blocked, id=16504, stack(0x0000003fa8b00000,0x0000003fa8c00000)]
  0x0000017039807800 JavaThread "Cache worker for file content cache (C:\Users\dwise\.gradle\caches\7.5\fileContent)" [_thread_blocked, id=12284, stack(0x0000003fa8e00000,0x0000003fa8f00000)]
  0x000001703a58d000 JavaThread "Cache worker for execution history cache (C:\Users\dwise\.gradle\caches\7.5\executionHistory)" [_thread_blocked, id=16976, stack(0x0000003fa9100000,0x0000003fa9200000)]
  0x000001703a58e800 JavaThread "jar transforms" [_thread_blocked, id=1572, stack(0x0000003fa9200000,0x0000003fa9300000)]
  0x000001703a58f800 JavaThread "jar transforms Thread 2" [_thread_blocked, id=17780, stack(0x0000003fa9300000,0x0000003fa9400000)]
  0x000001703a591000 JavaThread "jar transforms Thread 3" [_thread_blocked, id=16544, stack(0x0000003fa9400000,0x0000003fa9500000)]
  0x000001703a592000 JavaThread "jar transforms Thread 4" [_thread_blocked, id=10004, stack(0x0000003fa9500000,0x0000003fa9600000)]
  0x000001703d1d2000 JavaThread "Memory manager" [_thread_blocked, id=18056, stack(0x0000003fac400000,0x0000003fac500000)]
  0x000001703d1d3000 JavaThread "pool-3-thread-1" [_thread_blocked, id=756, stack(0x0000003fac500000,0x0000003fac600000)]
  0x000001703d1d3800 JavaThread "Handler for socket connection from /127.0.0.1:59137 to /127.0.0.1:60074" [_thread_in_native, id=5676, stack(0x0000003fa7f00000,0x0000003fa8000000)]
  0x000001703d1d4800 JavaThread "Cancel handler" [_thread_blocked, id=9804, stack(0x0000003fa8000000,0x0000003fa8100000)]
  0x000001703d1d5800 JavaThread "Asynchronous log dispatcher for DefaultDaemonConnection: socket connection from /127.0.0.1:59137 to /127.0.0.1:60074" [_thread_blocked, id=18344, stack(0x0000003fa8200000,0x0000003fa8300000)]
  0x000001703d1d6000 JavaThread "Daemon client event forwarder" [_thread_blocked, id=15920, stack(0x0000003fa8400000,0x0000003fa8500000)]
  0x000001703d1db000 JavaThread "Cache worker for checksums cache (C:\Users\dwise\OneDrive\Documents\bwa\kantinE-KTP\.gradle\7.5\checksums)" [_thread_blocked, id=16392, stack(0x0000003fa8c00000,0x0000003fa8d00000)]
  0x000001703d1dc000 JavaThread "Cache worker for cache directory md-rule (C:\Users\dwise\.gradle\caches\7.5\md-rule)" [_thread_blocked, id=5696, stack(0x0000003fa8d00000,0x0000003fa8e00000)]
  0x000001703d1d7000 JavaThread "Cache worker for file hash cache (C:\Users\dwise\OneDrive\Documents\bwa\kantinE-KTP\.gradle\7.5\fileHashes)" [_thread_blocked, id=1396, stack(0x0000003fa8f00000,0x0000003fa9000000)]
  0x000001703d1dd800 JavaThread "Cache worker for cache directory md-supplier (C:\Users\dwise\.gradle\caches\7.5\md-supplier)" [_thread_blocked, id=16404, stack(0x0000003fa9000000,0x0000003fa9100000)]
  0x000001703d1d8800 JavaThread "Cache worker for dependencies-accessors (C:\Users\dwise\OneDrive\Documents\bwa\kantinE-KTP\.gradle\7.5\dependencies-accessors)" [_thread_blocked, id=13504, stack(0x0000003fa9600000,0x0000003fa9700000)]
  0x000001703d1de800 JavaThread "Cache worker for Build Output Cleanup Cache (C:\Users\dwise\OneDrive\Documents\bwa\kantinE-KTP\.gradle\buildOutputCleanup)" [_thread_blocked, id=13436, stack(0x0000003fa9700000,0x0000003fa9800000)]
  0x000001703d1dc800 JavaThread "Unconstrained build operations" [_thread_blocked, id=14876, stack(0x0000003fa9900000,0x0000003fa9a00000)]
  0x000001703d1df000 JavaThread "Unconstrained build operations Thread 2" [_thread_blocked, id=7484, stack(0x0000003fa9a00000,0x0000003fa9b00000)]
  0x000001703d1d9800 JavaThread "Unconstrained build operations Thread 3" [_thread_blocked, id=2064, stack(0x0000003fa9b00000,0x0000003fa9c00000)]
  0x000001703d1da000 JavaThread "Unconstrained build operations Thread 4" [_thread_blocked, id=17632, stack(0x0000003fa9c00000,0x0000003fa9d00000)]
  0x000001703d1e0000 JavaThread "Unconstrained build operations Thread 5" [_thread_blocked, id=12936, stack(0x0000003fa9d00000,0x0000003fa9e00000)]
  0x000001703a58d800 JavaThread "Unconstrained build operations Thread 6" [_thread_blocked, id=17168, stack(0x0000003fa9e00000,0x0000003fa9f00000)]
  0x000001703a58c000 JavaThread "Unconstrained build operations Thread 7" [_thread_blocked, id=16616, stack(0x0000003fa9f00000,0x0000003faa000000)]
  0x000001703a592800 JavaThread "Unconstrained build operations Thread 8" [_thread_blocked, id=12572, stack(0x0000003faa000000,0x0000003faa100000)]
  0x000001703a596000 JavaThread "Unconstrained build operations Thread 9" [_thread_blocked, id=18004, stack(0x0000003faa100000,0x0000003faa200000)]
  0x000001703a599000 JavaThread "Unconstrained build operations Thread 10" [_thread_blocked, id=17392, stack(0x0000003faa200000,0x0000003faa300000)]
  0x000001703a597800 JavaThread "Unconstrained build operations Thread 11" [_thread_blocked, id=5172, stack(0x0000003faa300000,0x0000003faa400000)]
  0x000001703a593800 JavaThread "Unconstrained build operations Thread 12" [_thread_blocked, id=2856, stack(0x0000003faa400000,0x0000003faa500000)]
  0x000001703a598800 JavaThread "Unconstrained build operations Thread 13" [_thread_blocked, id=16516, stack(0x0000003faa500000,0x0000003faa600000)]
  0x000001703a594000 JavaThread "Unconstrained build operations Thread 14" [_thread_blocked, id=14232, stack(0x0000003faa600000,0x0000003faa700000)]
  0x000001703a59a000 JavaThread "Unconstrained build operations Thread 15" [_thread_blocked, id=13416, stack(0x0000003faa700000,0x0000003faa800000)]
  0x000001703a596800 JavaThread "Unconstrained build operations Thread 16" [_thread_blocked, id=13872, stack(0x0000003faa800000,0x0000003faa900000)]
  0x000001703a59b000 JavaThread "Unconstrained build operations Thread 17" [_thread_blocked, id=4736, stack(0x0000003faa900000,0x0000003faaa00000)]
  0x000001703a595000 JavaThread "Unconstrained build operations Thread 18" [_thread_blocked, id=12736, stack(0x0000003faaa00000,0x0000003faab00000)]
  0x000001703980a000 JavaThread "Unconstrained build operations Thread 19" [_thread_blocked, id=3492, stack(0x0000003faab00000,0x0000003faac00000)]
  0x0000017039808800 JavaThread "Unconstrained build operations Thread 20" [_thread_blocked, id=14168, stack(0x0000003faac00000,0x0000003faad00000)]
  0x000001703980d800 JavaThread "Unconstrained build operations Thread 21" [_thread_blocked, id=204, stack(0x0000003faad00000,0x0000003faae00000)]
  0x000001703fd6f000 JavaThread "Unconstrained build operations Thread 22" [_thread_blocked, id=12508, stack(0x0000003faae00000,0x0000003faaf00000)]
  0x000001703fd70000 JavaThread "Unconstrained build operations Thread 23" [_thread_blocked, id=17492, stack(0x0000003faaf00000,0x0000003fab000000)]
  0x000001703fd71800 JavaThread "Unconstrained build operations Thread 24" [_thread_blocked, id=12360, stack(0x0000003fab000000,0x0000003fab100000)]
  0x000001703fd6e800 JavaThread "Unconstrained build operations Thread 25" [_thread_blocked, id=4532, stack(0x0000003fab100000,0x0000003fab200000)]
  0x000001703fd73000 JavaThread "Unconstrained build operations Thread 26" [_thread_blocked, id=1360, stack(0x0000003fab200000,0x0000003fab300000)]
  0x000001703fd72800 JavaThread "Unconstrained build operations Thread 27" [_thread_blocked, id=16508, stack(0x0000003fab300000,0x0000003fab400000)]
  0x000001703fd71000 JavaThread "Unconstrained build operations Thread 28" [_thread_blocked, id=16772, stack(0x0000003fab400000,0x0000003fab500000)]
  0x000001703fd75800 JavaThread "Unconstrained build operations Thread 29" [_thread_blocked, id=17964, stack(0x0000003fab500000,0x0000003fab600000)]
  0x000001703fd77800 JavaThread "Unconstrained build operations Thread 30" [_thread_blocked, id=464, stack(0x0000003fab600000,0x0000003fab700000)]
  0x000001703fd79000 JavaThread "Unconstrained build operations Thread 31" [_thread_blocked, id=13404, stack(0x0000003fab700000,0x0000003fab800000)]
  0x000001703fd78000 JavaThread "Unconstrained build operations Thread 32" [_thread_blocked, id=12700, stack(0x0000003fab800000,0x0000003fab900000)]
  0x000001703fd7a000 JavaThread "Unconstrained build operations Thread 33" [_thread_blocked, id=18252, stack(0x0000003fab900000,0x0000003faba00000)]
  0x000001703fd74000 JavaThread "Unconstrained build operations Thread 34" [_thread_blocked, id=17636, stack(0x0000003faba00000,0x0000003fabb00000)]
  0x000001703fd7a800 JavaThread "Unconstrained build operations Thread 35" [_thread_blocked, id=17116, stack(0x0000003fabb00000,0x0000003fabc00000)]
  0x000001703fd76800 JavaThread "Unconstrained build operations Thread 36" [_thread_blocked, id=14568, stack(0x0000003fabc00000,0x0000003fabd00000)]
  0x000001703fd75000 JavaThread "Unconstrained build operations Thread 37" [_thread_blocked, id=17876, stack(0x0000003fabd00000,0x0000003fabe00000)]
  0x000001703fd7d000 JavaThread "Unconstrained build operations Thread 38" [_thread_blocked, id=17052, stack(0x0000003fabe00000,0x0000003fabf00000)]
  0x000001703fd7b800 JavaThread "Unconstrained build operations Thread 39" [_thread_blocked, id=8736, stack(0x0000003fabf00000,0x0000003fac000000)]
  0x000001703fd7c000 JavaThread "Unconstrained build operations Thread 40" [_thread_blocked, id=6952, stack(0x0000003fac000000,0x0000003fac100000)]
  0x000001703ff9d000 JavaThread "pool-6-thread-1" [_thread_blocked, id=15844, stack(0x0000003fac100000,0x0000003fac200000)]
  0x000001703ff9e800 JavaThread "included builds" [_thread_blocked, id=2476, stack(0x0000003fac600000,0x0000003fac700000)]
  0x000001703ff9e000 JavaThread "Execution worker" [_thread_blocked, id=11692, stack(0x0000003fac800000,0x0000003fac900000)]
  0x000001703ff9f800 JavaThread "Execution worker Thread 2" [_thread_blocked, id=12740, stack(0x0000003fac900000,0x0000003faca00000)]
  0x000001703ffa1000 JavaThread "Execution worker Thread 3" [_thread_blocked, id=6092, stack(0x0000003faca00000,0x0000003facb00000)]
  0x000001703ffa2000 JavaThread "Cache worker for execution history cache (C:\Users\dwise\OneDrive\Documents\bwa\kantinE-KTP\.gradle\7.5\executionHistory)" [_thread_blocked, id=17768, stack(0x0000003facb00000,0x0000003facc00000)]
  0x000001703ff9c800 JavaThread "idea-tooling-model-converter" [_thread_blocked, id=17108, stack(0x0000003facc00000,0x0000003facd00000)]

Other Threads:
  0x0000017037a8e800 VMThread "VM Thread" [stack: 0x0000003fa6f00000,0x0000003fa7000000] [id=18136]
  0x000001703858f000 WatcherThread [stack: 0x0000003fa7900000,0x0000003fa7a00000] [id=15420]
=>0x000001701ded0800 GCTaskThread "GC Thread#0" [stack: 0x0000003fa6a00000,0x0000003fa6b00000] [id=6232]
  0x0000017038a2c800 GCTaskThread "GC Thread#1" [stack: 0x0000003fa7a00000,0x0000003fa7b00000] [id=16548]
  0x0000017039e92800 GCTaskThread "GC Thread#2" [stack: 0x0000003fa8500000,0x0000003fa8600000] [id=16984]
  0x0000017039f9f800 GCTaskThread "GC Thread#3" [stack: 0x0000003fa8600000,0x0000003fa8700000] [id=16432]
  0x000001701df02800 ConcurrentGCThread "G1 Main Marker" [stack: 0x0000003fa6b00000,0x0000003fa6c00000] [id=18224]
  0x000001701df04000 ConcurrentGCThread "G1 Conc#0" [stack: 0x0000003fa6c00000,0x0000003fa6d00000] [id=17920]
  0x000001701df4a000 ConcurrentGCThread "G1 Refine#0" [stack: 0x0000003fa6d00000,0x0000003fa6e00000] [id=13992]
  0x000001701df4b000 ConcurrentGCThread "G1 Young RemSet Sampling" [stack: 0x0000003fa6e00000,0x0000003fa6f00000] [id=16128]

Threads with active compile tasks:

VM state:at safepoint (normal execution)

VM Mutex/Monitor currently owned by a thread:  ([mutex/lock_event])
[0x000001701dea4140] FreeList_lock - owner thread: 0x000001701ded0800
[0x000001701deb3410] Threads_lock - owner thread: 0x0000017037a8e800
[0x000001701deb2c30] Heap_lock - owner thread: 0x000001703fd6e800

Heap address: 0x0000000080000000, size: 2048 MB, Compressed Oops mode: 32-bit
Narrow klass base: 0x0000000000000000, Narrow klass shift: 3
Compressed class space size: 1073741824 Address: 0x0000000100000000

Heap:
 garbage-first heap   total 209920K, used 207022K [0x0000000080000000, 0x0000000100000000)
  region size 1024K, 10 young (10240K), 1 survivors (1024K)
 Metaspace       used 117191K, capacity 120514K, committed 120624K, reserved 1155072K
  class space    used 14773K, capacity 15941K, committed 16000K, reserved 1048576K
Heap Regions: E=young(eden), S=young(survivor), O=old, HS=humongous(starts), HC=humongous(continues), CS=collection set, F=free, A=archive, TAMS=top-at-mark-start (previous, next)
|   0|0x0000000080000000, 0x0000000080100000, 0x0000000080100000|100%|HS|  |TAMS 0x0000000080100000, 0x0000000080100000| Complete 
|   1|0x0000000080100000, 0x0000000080200000, 0x0000000080200000|100%|HC|  |TAMS 0x0000000080200000, 0x0000000080200000| Complete 
|   2|0x0000000080200000, 0x0000000080300000, 0x0000000080300000|100%|HC|  |TAMS 0x0000000080300000, 0x0000000080300000| Complete 
|   3|0x0000000080300000, 0x0000000080400000, 0x0000000080400000|100%| O|  |TAMS 0x0000000080400000, 0x0000000080400000| Untracked 
|   4|0x0000000080400000, 0x0000000080500000, 0x0000000080500000|100%| O|  |TAMS 0x0000000080500000, 0x0000000080500000| Untracked 
|   5|0x0000000080500000, 0x0000000080600000, 0x0000000080600000|100%| O|  |TAMS 0x0000000080600000, 0x0000000080600000| Untracked 
|   6|0x0000000080600000, 0x0000000080700000, 0x0000000080700000|100%| O|  |TAMS 0x0000000080700000, 0x0000000080700000| Untracked 
|   7|0x0000000080700000, 0x0000000080800000, 0x0000000080800000|100%| O|  |TAMS 0x0000000080800000, 0x0000000080800000| Untracked 
|   8|0x0000000080800000, 0x0000000080900000, 0x0000000080900000|100%| O|  |TAMS 0x0000000080900000, 0x0000000080900000| Untracked 
|   9|0x0000000080900000, 0x0000000080a00000, 0x0000000080a00000|100%| O|  |TAMS 0x0000000080a00000, 0x0000000080a00000| Untracked 
|  10|0x0000000080a00000, 0x0000000080b00000, 0x0000000080b00000|100%| O|  |TAMS 0x0000000080b00000, 0x0000000080b00000| Untracked 
|  11|0x0000000080b00000, 0x0000000080c00000, 0x0000000080c00000|100%| O|  |TAMS 0x0000000080c00000, 0x0000000080c00000| Untracked 
|  12|0x0000000080c00000, 0x0000000080d00000, 0x0000000080d00000|100%| O|  |TAMS 0x0000000080d00000, 0x0000000080d00000| Untracked 
|  13|0x0000000080d00000, 0x0000000080e00000, 0x0000000080e00000|100%| O|  |TAMS 0x0000000080e00000, 0x0000000080e00000| Untracked 
|  14|0x0000000080e00000, 0x0000000080f00000, 0x0000000080f00000|100%| O|  |TAMS 0x0000000080f00000, 0x0000000080f00000| Untracked 
|  15|0x0000000080f00000, 0x0000000081000000, 0x0000000081000000|100%| O|  |TAMS 0x0000000081000000, 0x0000000081000000| Untracked 
|  16|0x0000000081000000, 0x0000000081100000, 0x0000000081100000|100%| O|  |TAMS 0x0000000081100000, 0x0000000081100000| Untracked 
|  17|0x0000000081100000, 0x0000000081200000, 0x0000000081200000|100%| O|  |TAMS 0x0000000081200000, 0x0000000081200000| Untracked 
|  18|0x0000000081200000, 0x0000000081300000, 0x0000000081300000|100%| O|  |TAMS 0x0000000081300000, 0x0000000081300000| Untracked 
|  19|0x0000000081300000, 0x0000000081400000, 0x0000000081400000|100%| O|  |TAMS 0x0000000081400000, 0x0000000081400000| Untracked 
|  20|0x0000000081400000, 0x0000000081500000, 0x0000000081500000|100%| O|  |TAMS 0x0000000081500000, 0x0000000081500000| Untracked 
|  21|0x0000000081500000, 0x0000000081600000, 0x0000000081600000|100%| O|  |TAMS 0x0000000081600000, 0x0000000081600000| Untracked 
|  22|0x0000000081600000, 0x0000000081700000, 0x0000000081700000|100%| O|  |TAMS 0x0000000081700000, 0x0000000081700000| Untracked 
|  23|0x0000000081700000, 0x0000000081800000, 0x0000000081800000|100%| O|  |TAMS 0x0000000081800000, 0x0000000081800000| Untracked 
|  24|0x0000000081800000, 0x0000000081900000, 0x0000000081900000|100%| O|  |TAMS 0x0000000081900000, 0x0000000081900000| Untracked 
|  25|0x0000000081900000, 0x0000000081a00000, 0x0000000081a00000|100%| O|  |TAMS 0x0000000081a00000, 0x0000000081a00000| Untracked 
|  26|0x0000000081a00000, 0x0000000081b00000, 0x0000000081b00000|100%| O|  |TAMS 0x0000000081b00000, 0x0000000081b00000| Untracked 
|  27|0x0000000081b00000, 0x0000000081c00000, 0x0000000081c00000|100%| O|  |TAMS 0x0000000081c00000, 0x0000000081c00000| Untracked 
|  28|0x0000000081c00000, 0x0000000081d00000, 0x0000000081d00000|100%| O|  |TAMS 0x0000000081d00000, 0x0000000081d00000| Untracked 
|  29|0x0000000081d00000, 0x0000000081e00000, 0x0000000081e00000|100%| O|  |TAMS 0x0000000081e00000, 0x0000000081e00000| Untracked 
|  30|0x0000000081e00000, 0x0000000081f00000, 0x0000000081f00000|100%| O|  |TAMS 0x0000000081f00000, 0x0000000081f00000| Untracked 
|  31|0x0000000081f00000, 0x0000000082000000, 0x0000000082000000|100%| O|  |TAMS 0x0000000082000000, 0x0000000082000000| Untracked 
|  32|0x0000000082000000, 0x0000000082100000, 0x0000000082100000|100%| O|  |TAMS 0x0000000082100000, 0x0000000082100000| Untracked 
|  33|0x0000000082100000, 0x0000000082200000, 0x0000000082200000|100%| O|  |TAMS 0x0000000082200000, 0x0000000082200000| Untracked 
|  34|0x0000000082200000, 0x0000000082300000, 0x0000000082300000|100%| O|  |TAMS 0x0000000082300000, 0x0000000082300000| Untracked 
|  35|0x0000000082300000, 0x0000000082400000, 0x0000000082400000|100%|HS|  |TAMS 0x0000000082400000, 0x0000000082400000| Complete 
|  36|0x0000000082400000, 0x0000000082500000, 0x0000000082500000|100%|HS|  |TAMS 0x0000000082500000, 0x0000000082500000| Complete 
|  37|0x0000000082500000, 0x0000000082600000, 0x0000000082600000|100%| O|  |TAMS 0x0000000082600000, 0x0000000082600000| Untracked 
|  38|0x0000000082600000, 0x0000000082700000, 0x0000000082700000|100%| O|  |TAMS 0x0000000082700000, 0x0000000082700000| Untracked 
|  39|0x0000000082700000, 0x0000000082800000, 0x0000000082800000|100%|HS|  |TAMS 0x0000000082800000, 0x0000000082800000| Complete 
|  40|0x0000000082800000, 0x0000000082900000, 0x0000000082900000|100%|HS|  |TAMS 0x0000000082900000, 0x0000000082900000| Complete 
|  41|0x0000000082900000, 0x0000000082a00000, 0x0000000082a00000|100%|HC|  |TAMS 0x0000000082a00000, 0x0000000082a00000| Complete 
|  42|0x0000000082a00000, 0x0000000082b00000, 0x0000000082b00000|100%|HC|  |TAMS 0x0000000082b00000, 0x0000000082b00000| Complete 
|  43|0x0000000082b00000, 0x0000000082c00000, 0x0000000082c00000|100%| O|  |TAMS 0x0000000082c00000, 0x0000000082c00000| Untracked 
|  44|0x0000000082c00000, 0x0000000082d00000, 0x0000000082d00000|100%| O|  |TAMS 0x0000000082d00000, 0x0000000082d00000| Untracked 
|  45|0x0000000082d00000, 0x0000000082e00000, 0x0000000082e00000|100%| O|  |TAMS 0x0000000082e00000, 0x0000000082e00000| Untracked 
|  46|0x0000000082e00000, 0x0000000082f00000, 0x0000000082f00000|100%| O|  |TAMS 0x0000000082f00000, 0x0000000082f00000| Untracked 
|  47|0x0000000082f00000, 0x0000000083000000, 0x0000000083000000|100%| O|  |TAMS 0x0000000083000000, 0x0000000083000000| Untracked 
|  48|0x0000000083000000, 0x0000000083100000, 0x0000000083100000|100%| O|  |TAMS 0x0000000083100000, 0x0000000083100000| Untracked 
|  49|0x0000000083100000, 0x0000000083200000, 0x0000000083200000|100%| O|  |TAMS 0x0000000083200000, 0x0000000083200000| Untracked 
|  50|0x0000000083200000, 0x0000000083300000, 0x0000000083300000|100%| O|  |TAMS 0x0000000083300000, 0x0000000083300000| Untracked 
|  51|0x0000000083300000, 0x0000000083400000, 0x0000000083400000|100%| O|  |TAMS 0x0000000083400000, 0x0000000083400000| Untracked 
|  52|0x0000000083400000, 0x0000000083500000, 0x0000000083500000|100%| O|  |TAMS 0x0000000083500000, 0x0000000083500000| Untracked 
|  53|0x0000000083500000, 0x0000000083600000, 0x0000000083600000|100%| O|  |TAMS 0x0000000083600000, 0x0000000083600000| Untracked 
|  54|0x0000000083600000, 0x0000000083700000, 0x0000000083700000|100%| O|  |TAMS 0x0000000083700000, 0x0000000083700000| Untracked 
|  55|0x0000000083700000, 0x0000000083800000, 0x0000000083800000|100%| O|  |TAMS 0x0000000083800000, 0x0000000083800000| Untracked 
|  56|0x0000000083800000, 0x0000000083900000, 0x0000000083900000|100%| O|  |TAMS 0x0000000083900000, 0x0000000083900000| Untracked 
|  57|0x0000000083900000, 0x0000000083a00000, 0x0000000083a00000|100%| O|  |TAMS 0x0000000083a00000, 0x0000000083a00000| Untracked 
|  58|0x0000000083a00000, 0x0000000083b00000, 0x0000000083b00000|100%| O|  |TAMS 0x0000000083b00000, 0x0000000083b00000| Untracked 
|  59|0x0000000083b00000, 0x0000000083c00000, 0x0000000083c00000|100%| O|  |TAMS 0x0000000083c00000, 0x0000000083c00000| Untracked 
|  60|0x0000000083c00000, 0x0000000083d00000, 0x0000000083d00000|100%| O|  |TAMS 0x0000000083d00000, 0x0000000083d00000| Untracked 
|  61|0x0000000083d00000, 0x0000000083e00000, 0x0000000083e00000|100%| O|  |TAMS 0x0000000083e00000, 0x0000000083e00000| Untracked 
|  62|0x0000000083e00000, 0x0000000083f00000, 0x0000000083f00000|100%| O|  |TAMS 0x0000000083f00000, 0x0000000083f00000| Untracked 
|  63|0x0000000083f00000, 0x0000000084000000, 0x0000000084000000|100%| O|  |TAMS 0x0000000084000000, 0x0000000084000000| Untracked 
|  64|0x0000000084000000, 0x0000000084100000, 0x0000000084100000|100%| O|  |TAMS 0x0000000084100000, 0x0000000084100000| Untracked 
|  65|0x0000000084100000, 0x0000000084200000, 0x0000000084200000|100%| O|  |TAMS 0x0000000084200000, 0x0000000084200000| Untracked 
|  66|0x0000000084200000, 0x0000000084300000, 0x0000000084300000|100%| O|  |TAMS 0x0000000084300000, 0x0000000084300000| Untracked 
|  67|0x0000000084300000, 0x0000000084400000, 0x0000000084400000|100%| O|  |TAMS 0x0000000084400000, 0x0000000084400000| Untracked 
|  68|0x0000000084400000, 0x0000000084500000, 0x0000000084500000|100%| O|  |TAMS 0x0000000084500000, 0x0000000084500000| Untracked 
|  69|0x0000000084500000, 0x0000000084600000, 0x0000000084600000|100%| O|  |TAMS 0x0000000084600000, 0x0000000084600000| Untracked 
|  70|0x0000000084600000, 0x0000000084700000, 0x0000000084700000|100%| O|  |TAMS 0x0000000084700000, 0x0000000084700000| Untracked 
|  71|0x0000000084700000, 0x0000000084800000, 0x0000000084800000|100%| O|  |TAMS 0x0000000084800000, 0x0000000084800000| Untracked 
|  72|0x0000000084800000, 0x0000000084900000, 0x0000000084900000|100%| O|  |TAMS 0x0000000084900000, 0x0000000084900000| Untracked 
|  73|0x0000000084900000, 0x0000000084a00000, 0x0000000084a00000|100%| O|  |TAMS 0x0000000084a00000, 0x0000000084a00000| Untracked 
|  74|0x0000000084a00000, 0x0000000084b00000, 0x0000000084b00000|100%| O|  |TAMS 0x0000000084b00000, 0x0000000084b00000| Untracked 
|  75|0x0000000084b00000, 0x0000000084c00000, 0x0000000084c00000|100%| O|  |TAMS 0x0000000084c00000, 0x0000000084c00000| Untracked 
|  76|0x0000000084c00000, 0x0000000084d00000, 0x0000000084d00000|100%| O|  |TAMS 0x0000000084d00000, 0x0000000084d00000| Untracked 
|  77|0x0000000084d00000, 0x0000000084e00000, 0x0000000084e00000|100%| O|  |TAMS 0x0000000084e00000, 0x0000000084e00000| Untracked 
|  78|0x0000000084e00000, 0x0000000084f00000, 0x0000000084f00000|100%| O|  |TAMS 0x0000000084f00000, 0x0000000084f00000| Untracked 
|  79|0x0000000084f00000, 0x0000000085000000, 0x0000000085000000|100%| O|  |TAMS 0x0000000085000000, 0x0000000085000000| Untracked 
|  80|0x0000000085000000, 0x0000000085100000, 0x0000000085100000|100%|HS|  |TAMS 0x0000000085100000, 0x0000000085100000| Complete 
|  81|0x0000000085100000, 0x0000000085200000, 0x0000000085200000|100%|HC|  |TAMS 0x0000000085200000, 0x0000000085200000| Complete 
|  82|0x0000000085200000, 0x0000000085300000, 0x0000000085300000|100%|HS|  |TAMS 0x0000000085300000, 0x0000000085300000| Complete 
|  83|0x0000000085300000, 0x0000000085400000, 0x0000000085400000|100%|HC|  |TAMS 0x0000000085400000, 0x0000000085400000| Complete 
|  84|0x0000000085400000, 0x0000000085500000, 0x0000000085500000|100%|HC|  |TAMS 0x0000000085500000, 0x0000000085500000| Complete 
|  85|0x0000000085500000, 0x0000000085600000, 0x0000000085600000|100%|HS|  |TAMS 0x0000000085600000, 0x0000000085600000| Complete 
|  86|0x0000000085600000, 0x0000000085700000, 0x0000000085700000|100%|HC|  |TAMS 0x0000000085700000, 0x0000000085700000| Complete 
|  87|0x0000000085700000, 0x0000000085800000, 0x0000000085800000|100%|HC|  |TAMS 0x0000000085800000, 0x0000000085800000| Complete 
|  88|0x0000000085800000, 0x0000000085900000, 0x0000000085900000|100%|HS|  |TAMS 0x0000000085900000, 0x0000000085900000| Complete 
|  89|0x0000000085900000, 0x0000000085a00000, 0x0000000085a00000|100%|HC|  |TAMS 0x0000000085a00000, 0x0000000085a00000| Complete 
|  90|0x0000000085a00000, 0x0000000085b00000, 0x0000000085b00000|100%|HS|  |TAMS 0x0000000085b00000, 0x0000000085b00000| Complete 
|  91|0x0000000085b00000, 0x0000000085c00000, 0x0000000085c00000|100%|HC|  |TAMS 0x0000000085c00000, 0x0000000085c00000| Complete 
|  92|0x0000000085c00000, 0x0000000085d00000, 0x0000000085d00000|100%|HC|  |TAMS 0x0000000085d00000, 0x0000000085d00000| Complete 
|  93|0x0000000085d00000, 0x0000000085e00000, 0x0000000085e00000|100%|HC|  |TAMS 0x0000000085e00000, 0x0000000085e00000| Complete 
|  94|0x0000000085e00000, 0x0000000085f00000, 0x0000000085f00000|100%|HC|  |TAMS 0x0000000085f00000, 0x0000000085f00000| Complete 
|  95|0x0000000085f00000, 0x0000000086000000, 0x0000000086000000|100%|HC|  |TAMS 0x0000000086000000, 0x0000000086000000| Complete 
|  96|0x0000000086000000, 0x0000000086100000, 0x0000000086100000|100%|HC|  |TAMS 0x0000000086100000, 0x0000000086100000| Complete 
|  97|0x0000000086100000, 0x0000000086200000, 0x0000000086200000|100%|HC|  |TAMS 0x0000000086200000, 0x0000000086200000| Complete 
|  98|0x0000000086200000, 0x0000000086300000, 0x0000000086300000|100%|HC|  |TAMS 0x0000000086300000, 0x0000000086300000| Complete 
|  99|0x0000000086300000, 0x0000000086400000, 0x0000000086400000|100%|HC|  |TAMS 0x0000000086400000, 0x0000000086400000| Complete 
| 100|0x0000000086400000, 0x0000000086500000, 0x0000000086500000|100%|HS|  |TAMS 0x0000000086500000, 0x0000000086500000| Complete 
| 101|0x0000000086500000, 0x0000000086600000, 0x0000000086600000|100%|HC|  |TAMS 0x0000000086600000, 0x0000000086600000| Complete 
| 102|0x0000000086600000, 0x0000000086700000, 0x0000000086700000|100%|HS|  |TAMS 0x0000000086700000, 0x0000000086700000| Complete 
| 103|0x0000000086700000, 0x0000000086800000, 0x0000000086800000|100%|HC|  |TAMS 0x0000000086800000, 0x0000000086800000| Complete 
| 104|0x0000000086800000, 0x0000000086900000, 0x0000000086900000|100%|HC|  |TAMS 0x0000000086900000, 0x0000000086900000| Complete 
| 105|0x0000000086900000, 0x0000000086a00000, 0x0000000086a00000|100%|HC|  |TAMS 0x0000000086a00000, 0x0000000086a00000| Complete 
| 106|0x0000000086a00000, 0x0000000086b00000, 0x0000000086b00000|100%|HC|  |TAMS 0x0000000086b00000, 0x0000000086b00000| Complete 
| 107|0x0000000086b00000, 0x0000000086c00000, 0x0000000086c00000|100%| O|  |TAMS 0x0000000086c00000, 0x0000000086c00000| Untracked 
| 108|0x0000000086c00000, 0x0000000086d00000, 0x0000000086d00000|100%|HS|  |TAMS 0x0000000086d00000, 0x0000000086d00000| Complete 
| 109|0x0000000086d00000, 0x0000000086e00000, 0x0000000086e00000|100%|HC|  |TAMS 0x0000000086e00000, 0x0000000086e00000| Complete 
| 110|0x0000000086e00000, 0x0000000086f00000, 0x0000000086f00000|100%|HC|  |TAMS 0x0000000086f00000, 0x0000000086f00000| Complete 
| 111|0x0000000086f00000, 0x0000000087000000, 0x0000000087000000|100%|HC|  |TAMS 0x0000000087000000, 0x0000000087000000| Complete 
| 112|0x0000000087000000, 0x0000000087100000, 0x0000000087100000|100%|HC|  |TAMS 0x0000000087100000, 0x0000000087100000| Complete 
| 113|0x0000000087100000, 0x0000000087200000, 0x0000000087200000|100%|HC|  |TAMS 0x0000000087200000, 0x0000000087200000| Complete 
| 114|0x0000000087200000, 0x0000000087300000, 0x0000000087300000|100%|HC|  |TAMS 0x0000000087300000, 0x0000000087300000| Complete 
| 115|0x0000000087300000, 0x0000000087400000, 0x0000000087400000|100%|HC|  |TAMS 0x0000000087400000, 0x0000000087400000| Complete 
| 116|0x0000000087400000, 0x0000000087500000, 0x0000000087500000|100%|HC|  |TAMS 0x0000000087500000, 0x0000000087500000| Complete 
| 117|0x0000000087500000, 0x0000000087600000, 0x0000000087600000|100%|HC|  |TAMS 0x0000000087600000, 0x0000000087600000| Complete 
| 118|0x0000000087600000, 0x0000000087700000, 0x0000000087700000|100%|HS|  |TAMS 0x0000000087700000, 0x0000000087700000| Complete 
| 119|0x0000000087700000, 0x0000000087800000, 0x0000000087800000|100%|HC|  |TAMS 0x0000000087800000, 0x0000000087800000| Complete 
| 120|0x0000000087800000, 0x0000000087900000, 0x0000000087900000|100%|HS|  |TAMS 0x0000000087900000, 0x0000000087900000| Complete 
| 121|0x0000000087900000, 0x0000000087a00000, 0x0000000087a00000|100%|HC|  |TAMS 0x0000000087a00000, 0x0000000087a00000| Complete 
| 122|0x0000000087a00000, 0x0000000087b00000, 0x0000000087b00000|100%|HC|  |TAMS 0x0000000087b00000, 0x0000000087b00000| Complete 
| 123|0x0000000087b00000, 0x0000000087c00000, 0x0000000087c00000|100%| O|  |TAMS 0x0000000087c00000, 0x0000000087c00000| Untracked 
| 124|0x0000000087c00000, 0x0000000087d00000, 0x0000000087d00000|100%| O|  |TAMS 0x0000000087d00000, 0x0000000087d00000| Untracked 
| 125|0x0000000087d00000, 0x0000000087e00000, 0x0000000087e00000|100%| O|  |TAMS 0x0000000087e00000, 0x0000000087e00000| Untracked 
| 126|0x0000000087e00000, 0x0000000087f00000, 0x0000000087f00000|100%| O|  |TAMS 0x0000000087f00000, 0x0000000087f00000| Untracked 
| 127|0x0000000087f00000, 0x0000000088000000, 0x0000000088000000|100%| O|  |TAMS 0x0000000088000000, 0x0000000088000000| Untracked 
| 128|0x0000000088000000, 0x0000000088100000, 0x0000000088100000|100%|HS|  |TAMS 0x0000000088100000, 0x0000000088100000| Complete 
| 129|0x0000000088100000, 0x0000000088200000, 0x0000000088200000|100%|HC|  |TAMS 0x0000000088200000, 0x0000000088200000| Complete 
| 130|0x0000000088200000, 0x0000000088300000, 0x0000000088300000|100%|HS|  |TAMS 0x0000000088300000, 0x0000000088300000| Complete 
| 131|0x0000000088300000, 0x0000000088400000, 0x0000000088400000|100%|HC|  |TAMS 0x0000000088400000, 0x0000000088400000| Complete 
| 132|0x0000000088400000, 0x0000000088500000, 0x0000000088500000|100%|HC|  |TAMS 0x0000000088500000, 0x0000000088500000| Complete 
| 133|0x0000000088500000, 0x0000000088600000, 0x0000000088600000|100%| O|  |TAMS 0x0000000088600000, 0x0000000088600000| Untracked 
| 134|0x0000000088600000, 0x0000000088700000, 0x0000000088700000|100%| O|  |TAMS 0x0000000088700000, 0x0000000088700000| Untracked 
| 135|0x0000000088700000, 0x0000000088800000, 0x0000000088800000|100%|HS|  |TAMS 0x0000000088800000, 0x0000000088800000| Complete 
| 136|0x0000000088800000, 0x0000000088900000, 0x0000000088900000|100%|HC|  |TAMS 0x0000000088900000, 0x0000000088900000| Complete 
| 137|0x0000000088900000, 0x0000000088a00000, 0x0000000088a00000|100%|HC|  |TAMS 0x0000000088a00000, 0x0000000088a00000| Complete 
| 138|0x0000000088a00000, 0x0000000088b00000, 0x0000000088b00000|100%|HC|  |TAMS 0x0000000088b00000, 0x0000000088b00000| Complete 
| 139|0x0000000088b00000, 0x0000000088c00000, 0x0000000088c00000|100%|HC|  |TAMS 0x0000000088c00000, 0x0000000088c00000| Complete 
| 140|0x0000000088c00000, 0x0000000088d00000, 0x0000000088d00000|100%| O|  |TAMS 0x0000000088d00000, 0x0000000088d00000| Untracked 
| 141|0x0000000088d00000, 0x0000000088e00000, 0x0000000088e00000|100%| O|  |TAMS 0x0000000088e00000, 0x0000000088e00000| Untracked 
| 142|0x0000000088e00000, 0x0000000088f00000, 0x0000000088f00000|100%| O|  |TAMS 0x0000000088f00000, 0x0000000088f00000| Untracked 
| 143|0x0000000088f00000, 0x0000000089000000, 0x0000000089000000|100%| O|  |TAMS 0x0000000089000000, 0x0000000089000000| Untracked 
| 144|0x0000000089000000, 0x0000000089100000, 0x0000000089100000|100%| O|  |TAMS 0x0000000089100000, 0x0000000089100000| Untracked 
| 145|0x0000000089100000, 0x0000000089200000, 0x0000000089200000|100%| O|  |TAMS 0x0000000089200000, 0x0000000089200000| Untracked 
| 146|0x0000000089200000, 0x0000000089300000, 0x0000000089300000|100%|HS|  |TAMS 0x0000000089300000, 0x0000000089300000| Complete 
| 147|0x0000000089300000, 0x0000000089400000, 0x0000000089400000|100%|HC|  |TAMS 0x0000000089400000, 0x0000000089400000| Complete 
| 148|0x0000000089400000, 0x0000000089500000, 0x0000000089500000|100%|HS|  |TAMS 0x0000000089500000, 0x0000000089500000| Complete 
| 149|0x0000000089500000, 0x0000000089600000, 0x0000000089600000|100%|HC|  |TAMS 0x0000000089600000, 0x0000000089600000| Complete 
| 150|0x0000000089600000, 0x0000000089700000, 0x0000000089700000|100%|HC|  |TAMS 0x0000000089700000, 0x0000000089700000| Complete 
| 151|0x0000000089700000, 0x0000000089800000, 0x0000000089800000|100%| O|  |TAMS 0x0000000089800000, 0x0000000089800000| Untracked 
| 152|0x0000000089800000, 0x0000000089900000, 0x0000000089900000|100%|HS|  |TAMS 0x0000000089900000, 0x0000000089900000| Complete 
| 153|0x0000000089900000, 0x0000000089a00000, 0x0000000089a00000|100%|HC|  |TAMS 0x0000000089a00000, 0x0000000089a00000| Complete 
| 154|0x0000000089a00000, 0x0000000089b00000, 0x0000000089b00000|100%|HC|  |TAMS 0x0000000089b00000, 0x0000000089b00000| Complete 
| 155|0x0000000089b00000, 0x0000000089c00000, 0x0000000089c00000|100%|HS|  |TAMS 0x0000000089c00000, 0x0000000089c00000| Complete 
| 156|0x0000000089c00000, 0x0000000089d00000, 0x0000000089d00000|100%|HC|  |TAMS 0x0000000089d00000, 0x0000000089d00000| Complete 
| 157|0x0000000089d00000, 0x0000000089e00000, 0x0000000089e00000|100%|HS|  |TAMS 0x0000000089e00000, 0x0000000089e00000| Complete 
| 158|0x0000000089e00000, 0x0000000089f00000, 0x0000000089f00000|100%|HC|  |TAMS 0x0000000089f00000, 0x0000000089f00000| Complete 
| 159|0x0000000089f00000, 0x000000008a000000, 0x000000008a000000|100%|HC|  |TAMS 0x000000008a000000, 0x000000008a000000| Complete 
| 160|0x000000008a000000, 0x000000008a100000, 0x000000008a100000|100%|HC|  |TAMS 0x000000008a100000, 0x000000008a100000| Complete 
| 161|0x000000008a100000, 0x000000008a200000, 0x000000008a200000|100%|HC|  |TAMS 0x000000008a200000, 0x000000008a200000| Complete 
| 162|0x000000008a200000, 0x000000008a300000, 0x000000008a300000|100%|HC|  |TAMS 0x000000008a300000, 0x000000008a300000| Complete 
| 163|0x000000008a300000, 0x000000008a400000, 0x000000008a400000|100%|HC|  |TAMS 0x000000008a400000, 0x000000008a400000| Complete 
| 164|0x000000008a400000, 0x000000008a500000, 0x000000008a500000|100%|HC|  |TAMS 0x000000008a500000, 0x000000008a500000| Complete 
| 165|0x000000008a500000, 0x000000008a600000, 0x000000008a600000|100%|HC|  |TAMS 0x000000008a600000, 0x000000008a600000| Complete 
| 166|0x000000008a600000, 0x000000008a700000, 0x000000008a700000|100%|HC|  |TAMS 0x000000008a700000, 0x000000008a700000| Complete 
| 167|0x000000008a700000, 0x000000008a800000, 0x000000008a800000|100%| O|  |TAMS 0x000000008a800000, 0x000000008a800000| Untracked 
| 168|0x000000008a800000, 0x000000008a900000, 0x000000008a900000|100%|HS|  |TAMS 0x000000008a900000, 0x000000008a900000| Complete 
| 169|0x000000008a900000, 0x000000008aa00000, 0x000000008aa00000|100%|HC|  |TAMS 0x000000008aa00000, 0x000000008aa00000| Complete 
| 170|0x000000008aa00000, 0x000000008ab00000, 0x000000008ab00000|100%| O|  |TAMS 0x000000008ab00000, 0x000000008ab00000| Untracked 
| 171|0x000000008ab00000, 0x000000008ac00000, 0x000000008ac00000|100%| O|  |TAMS 0x000000008ac00000, 0x000000008ac00000| Untracked 
| 172|0x000000008ac00000, 0x000000008ad00000, 0x000000008ad00000|100%|HS|  |TAMS 0x000000008ad00000, 0x000000008ad00000| Complete 
| 173|0x000000008ad00000, 0x000000008ae00000, 0x000000008ae00000|100%|HC|  |TAMS 0x000000008ae00000, 0x000000008ae00000| Complete 
| 174|0x000000008ae00000, 0x000000008af00000, 0x000000008af00000|100%|HC|  |TAMS 0x000000008af00000, 0x000000008af00000| Complete 
| 175|0x000000008af00000, 0x000000008b000000, 0x000000008b000000|100%|HC|  |TAMS 0x000000008b000000, 0x000000008b000000| Complete 
| 176|0x000000008b000000, 0x000000008b100000, 0x000000008b100000|100%|HC|  |TAMS 0x000000008b100000, 0x000000008b100000| Complete 
| 177|0x000000008b100000, 0x000000008b200000, 0x000000008b200000|100%| O|  |TAMS 0x000000008b200000, 0x000000008b200000| Untracked 
| 178|0x000000008b200000, 0x000000008b300000, 0x000000008b300000|100%| O|  |TAMS 0x000000008b300000, 0x000000008b300000| Untracked 
| 179|0x000000008b300000, 0x000000008b400000, 0x000000008b400000|100%| O|  |TAMS 0x000000008b400000, 0x000000008b400000| Untracked 
| 180|0x000000008b400000, 0x000000008b500000, 0x000000008b500000|100%| S|  |TAMS 0x000000008b400000, 0x000000008b400000| Complete 
| 181|0x000000008b500000, 0x000000008b600000, 0x000000008b600000|100%| O|  |TAMS 0x000000008b600000, 0x000000008b600000| Untracked 
| 182|0x000000008b600000, 0x000000008b700000, 0x000000008b700000|100%| O|  |TAMS 0x000000008b700000, 0x000000008b700000| Untracked 
| 183|0x000000008b700000, 0x000000008b800000, 0x000000008b800000|100%| O|  |TAMS 0x000000008b800000, 0x000000008b800000| Untracked 
| 184|0x000000008b800000, 0x000000008b900000, 0x000000008b900000|100%| O|  |TAMS 0x000000008b900000, 0x000000008b900000| Untracked 
| 185|0x000000008b900000, 0x000000008ba00000, 0x000000008ba00000|100%| O|  |TAMS 0x000000008ba00000, 0x000000008ba00000| Untracked 
| 186|0x000000008ba00000, 0x000000008bb00000, 0x000000008bb00000|100%| O|  |TAMS 0x000000008bb00000, 0x000000008bb00000| Untracked 
| 187|0x000000008bb00000, 0x000000008bc00000, 0x000000008bc00000|100%| O|  |TAMS 0x000000008bb00000, 0x000000008bc00000| Untracked 
| 188|0x000000008bc00000, 0x000000008bceb888, 0x000000008bd00000| 92%| E|CS|TAMS 0x000000008bc00000, 0x000000008bceb888| Complete 
| 189|0x000000008bd00000, 0x000000008be00000, 0x000000008be00000|100%| E|CS|TAMS 0x000000008bd00000, 0x000000008be00000| Complete 
| 190|0x000000008be00000, 0x000000008bf00000, 0x000000008bf00000|100%| E|CS|TAMS 0x000000008be00000, 0x000000008bf00000| Complete 
| 191|0x000000008bf00000, 0x000000008c000000, 0x000000008c000000|100%| E|CS|TAMS 0x000000008bf00000, 0x000000008c000000| Complete 
| 192|0x000000008c000000, 0x000000008c100000, 0x000000008c100000|100%| E|CS|TAMS 0x000000008c000000, 0x000000008c100000| Complete 
| 193|0x000000008c100000, 0x000000008c200000, 0x000000008c200000|100%| E|CS|TAMS 0x000000008c100000, 0x000000008c200000| Complete 
| 194|0x000000008c200000, 0x000000008c300000, 0x000000008c300000|100%| E|CS|TAMS 0x000000008c200000, 0x000000008c300000| Complete 
| 195|0x000000008c300000, 0x000000008c400000, 0x000000008c400000|100%| E|CS|TAMS 0x000000008c300000, 0x000000008c400000| Complete 
| 196|0x000000008c400000, 0x000000008c500000, 0x000000008c500000|100%| O|  |TAMS 0x000000008c500000, 0x000000008c500000| Untracked 
| 197|0x000000008c500000, 0x000000008c600000, 0x000000008c600000|100%| O|  |TAMS 0x000000008c600000, 0x000000008c600000| Untracked 
| 198|0x000000008c600000, 0x000000008c700000, 0x000000008c700000|100%| E|CS|TAMS 0x000000008c600000, 0x000000008c700000| Complete 
| 199|0x000000008c700000, 0x000000008c800000, 0x000000008c800000|100%| O|  |TAMS 0x000000008c800000, 0x000000008c800000| Untracked 
| 200|0x000000008c800000, 0x000000008c900000, 0x000000008c900000|100%| O|  |TAMS 0x000000008c900000, 0x000000008c900000| Untracked 
| 201|0x000000008c900000, 0x000000008ca00000, 0x000000008ca00000|100%| E|CS|TAMS 0x000000008c900000, 0x000000008ca00000| Complete 
| 202|0x000000008ca00000, 0x000000008cb00000, 0x000000008cb00000|100%| O|  |TAMS 0x000000008ca7b000, 0x000000008cb00000| Untracked 
| 203|0x000000008cb00000, 0x000000008cb40200, 0x000000008cc00000| 25%| O|  |TAMS 0x000000008cb00000, 0x000000008cc00000| Untracked 

Card table byte_map: [0x0000017030de0000,0x00000170311e0000] _byte_map_base: 0x00000170309e0000

Marking Bits (Prev, Next): (CMBitMap*) 0x000001701def9ea8, (CMBitMap*) 0x000001701def9ee0
 Prev Bits: [0x00000170315e0000, 0x00000170335e0000)
 Next Bits: [0x00000170335e0000, 0x00000170355e0000)

Polling page: 0x000001701be80000

Metaspace:

Usage:
  Non-class:    102.12 MB capacity,   100.02 MB ( 98%) used,     1.77 MB (  2%) free+waste,   346.62 KB ( <1%) overhead. 
      Class:     15.57 MB capacity,    14.43 MB ( 93%) used,  1011.48 KB (  6%) free+waste,   156.25 KB ( <1%) overhead. 
       Both:    117.69 MB capacity,   114.45 MB ( 97%) used,     2.75 MB (  2%) free+waste,   502.88 KB ( <1%) overhead. 

Virtual space:
  Non-class space:      104.00 MB reserved,     102.17 MB ( 98%) committed 
      Class space:        1.00 GB reserved,      15.62 MB (  2%) committed 
             Both:        1.10 GB reserved,     117.80 MB ( 10%) committed 

Chunk freelists:
   Non-Class:  51.00 KB
       Class:  0 bytes
        Both:  51.00 KB

MaxMetaspaceSize: 17179869184.00 GB
CompressedClassSpaceSize: 1.00 GB
Initial GC threshold: 20.80 MB
Current GC threshold: 195.91 MB
CDS: off

CodeHeap 'non-profiled nmethods': size=120064Kb used=6910Kb max_used=6910Kb free=113153Kb
 bounds [0x00000170294a0000, 0x0000017029b60000, 0x00000170309e0000]
CodeHeap 'profiled nmethods': size=120000Kb used=29425Kb max_used=29425Kb free=90574Kb
 bounds [0x0000017021f70000, 0x0000017023c30000, 0x00000170294a0000]
CodeHeap 'non-nmethods': size=5696Kb used=2450Kb max_used=2504Kb free=3245Kb
 bounds [0x00000170219e0000, 0x0000017021c60000, 0x0000017021f70000]
 total_blobs=14308 nmethods=13322 adapters=899
 compilation: enabled
              stopped_count=0, restarted_count=0
 full_count=0

Compilation events (20 events):
Event: 136.619 Thread 0x0000017037afc800 13617       3       org.gradle.internal.execution.fingerprint.InputFingerprinter$FileValueSupplier::<init> (32 bytes)
Event: 136.620 Thread 0x0000017037afc800 nmethod 13617 0x0000017023c27c10 code [0x0000017023c27de0, 0x0000017023c28118]
Event: 136.627 Thread 0x0000017037afc800 13618       3       org.gradle.internal.component.model.ImmutableModuleSources::getSource (50 bytes)
Event: 136.629 Thread 0x0000017037afc800 nmethod 13618 0x0000017023c28210 code [0x0000017023c28440, 0x0000017023c28ba8]
Event: 136.632 Thread 0x0000017037af8000 13619       4       com.google.common.collect.ImmutableList$Builder::build (17 bytes)
Event: 136.640 Thread 0x0000017037afc800 13620  s    3       sun.nio.ch.ChannelInputStream::read (77 bytes)
Event: 136.643 Thread 0x0000017037afc800 nmethod 13620 0x0000017023c28e90 code [0x0000017023c29100, 0x0000017023c29cd8]
Event: 136.645 Thread 0x0000017037af8000 nmethod 13619 0x0000017029b5ea90 code [0x0000017029b5ec40, 0x0000017029b5f038]
Event: 136.645 Thread 0x0000017037af8000 13621       4       java.util.stream.ReferencePipeline::map (26 bytes)
Event: 136.657 Thread 0x0000017037afc800 13622       3       sun.nio.ch.Util$BufferCache::get (164 bytes)
Event: 136.657 Thread 0x0000017037af8000 nmethod 13621 0x0000017029b5f290 code [0x0000017029b5f440, 0x0000017029b5f7f8]
Event: 136.658 Thread 0x0000017037afc800 nmethod 13622 0x0000017023c2a110 code [0x0000017023c2a340, 0x0000017023c2acd8]
Event: 136.659 Thread 0x0000017037afc800 13623       3       java.nio.MappedByteBuffer::flip (5 bytes)
Event: 136.660 Thread 0x0000017037afc800 nmethod 13623 0x0000017023c2b010 code [0x0000017023c2b1e0, 0x0000017023c2b418]
Event: 136.660 Thread 0x0000017037afc800 13624       3       sun.nio.ch.Util::isBufferTooLarge (8 bytes)
Event: 136.661 Thread 0x0000017037afc800 nmethod 13624 0x0000017023c2b510 code [0x0000017023c2b6c0, 0x0000017023c2b878]
Event: 136.661 Thread 0x0000017037afc800 13625       3       sun.nio.ch.Util$BufferCache::offerFirst (73 bytes)
Event: 136.661 Thread 0x0000017037afc800 nmethod 13625 0x0000017023c2b990 code [0x0000017023c2bb60, 0x0000017023c2be98]
Event: 136.668 Thread 0x0000017037afc800 13626   !   3       com.google.common.collect.RegularImmutableSortedSet::indexOf (35 bytes)
Event: 136.668 Thread 0x0000017037afc800 nmethod 13626 0x0000017023c2bf90 code [0x0000017023c2c160, 0x0000017023c2c3a8]

GC Heap History (20 events):
Event: 127.684 GC heap after
{Heap after GC invocations=134 (full 0):
 garbage-first heap   total 199680K, used 189515K [0x0000000080000000, 0x0000000100000000)
  region size 1024K, 2 young (2048K), 2 survivors (2048K)
 Metaspace       used 112347K, capacity 115389K, committed 115632K, reserved 1148928K
  class space    used 14214K, capacity 15275K, committed 15360K, reserved 1048576K
}
Event: 128.235 GC heap before
{Heap before GC invocations=135 (full 0):
 garbage-first heap   total 199680K, used 196683K [0x0000000080000000, 0x0000000100000000)
  region size 1024K, 9 young (9216K), 2 survivors (2048K)
 Metaspace       used 112781K, capacity 115876K, committed 116016K, reserved 1150976K
  class space    used 14280K, capacity 15368K, committed 15488K, reserved 1048576K
}
Event: 128.245 GC heap after
{Heap after GC invocations=136 (full 0):
 garbage-first heap   total 200704K, used 190342K [0x0000000080000000, 0x0000000100000000)
  region size 1024K, 2 young (2048K), 2 survivors (2048K)
 Metaspace       used 112781K, capacity 115876K, committed 116016K, reserved 1150976K
  class space    used 14280K, capacity 15368K, committed 15488K, reserved 1048576K
}
Event: 128.648 GC heap before
{Heap before GC invocations=136 (full 0):
 garbage-first heap   total 200704K, used 197510K [0x0000000080000000, 0x0000000100000000)
  region size 1024K, 9 young (9216K), 2 survivors (2048K)
 Metaspace       used 113345K, capacity 116456K, committed 116528K, reserved 1150976K
  class space    used 14346K, capacity 15450K, committed 15488K, reserved 1048576K
}
Event: 128.658 GC heap after
{Heap after GC invocations=137 (full 0):
 garbage-first heap   total 201728K, used 190851K [0x0000000080000000, 0x0000000100000000)
  region size 1024K, 2 young (2048K), 2 survivors (2048K)
 Metaspace       used 113345K, capacity 116456K, committed 116528K, reserved 1150976K
  class space    used 14346K, capacity 15450K, committed 15488K, reserved 1048576K
}
Event: 129.558 GC heap before
{Heap before GC invocations=138 (full 0):
 garbage-first heap   total 201728K, used 196995K [0x0000000080000000, 0x0000000100000000)
  region size 1024K, 9 young (9216K), 2 survivors (2048K)
 Metaspace       used 113798K, capacity 116968K, committed 117168K, reserved 1150976K
  class space    used 14423K, capacity 15552K, committed 15616K, reserved 1048576K
}
Event: 129.569 GC heap after
{Heap after GC invocations=139 (full 0):
 garbage-first heap   total 201728K, used 191875K [0x0000000080000000, 0x0000000100000000)
  region size 1024K, 2 young (2048K), 2 survivors (2048K)
 Metaspace       used 113798K, capacity 116968K, committed 117168K, reserved 1150976K
  class space    used 14423K, capacity 15552K, committed 15616K, reserved 1048576K
}
Event: 130.171 GC heap before
{Heap before GC invocations=139 (full 0):
 garbage-first heap   total 201728K, used 199043K [0x0000000080000000, 0x0000000100000000)
  region size 1024K, 9 young (9216K), 2 survivors (2048K)
 Metaspace       used 114636K, capacity 117811K, committed 118064K, reserved 1150976K
  class space    used 14542K, capacity 15705K, committed 15744K, reserved 1048576K
}
Event: 130.181 GC heap after
{Heap after GC invocations=140 (full 0):
 garbage-first heap   total 202752K, used 192270K [0x0000000080000000, 0x0000000100000000)
  region size 1024K, 1 young (1024K), 1 survivors (1024K)
 Metaspace       used 114636K, capacity 117811K, committed 118064K, reserved 1150976K
  class space    used 14542K, capacity 15705K, committed 15744K, reserved 1048576K
}
Event: 130.994 GC heap before
{Heap before GC invocations=141 (full 0):
 garbage-first heap   total 202752K, used 200462K [0x0000000080000000, 0x0000000100000000)
  region size 1024K, 9 young (9216K), 1 survivors (1024K)
 Metaspace       used 115778K, capacity 118931K, committed 119216K, reserved 1153024K
  class space    used 14640K, capacity 15801K, committed 15872K, reserved 1048576K
}
Event: 131.000 GC heap after
{Heap after GC invocations=142 (full 0):
 garbage-first heap   total 202752K, used 192603K [0x0000000080000000, 0x0000000100000000)
  region size 1024K, 1 young (1024K), 1 survivors (1024K)
 Metaspace       used 115778K, capacity 118931K, committed 119216K, reserved 1153024K
  class space    used 14640K, capacity 15801K, committed 15872K, reserved 1048576K
}
Event: 131.775 GC heap before
{Heap before GC invocations=142 (full 0):
 garbage-first heap   total 202752K, used 199771K [0x0000000080000000, 0x0000000100000000)
  region size 1024K, 9 young (9216K), 1 survivors (1024K)
 Metaspace       used 116562K, capacity 119709K, committed 119856K, reserved 1153024K
  class space    used 14746K, capacity 15886K, committed 16000K, reserved 1048576K
}
Event: 131.805 GC heap after
{Heap after GC invocations=143 (full 0):
 garbage-first heap   total 203776K, used 193555K [0x0000000080000000, 0x0000000100000000)
  region size 1024K, 2 young (2048K), 2 survivors (2048K)
 Metaspace       used 116562K, capacity 119709K, committed 119856K, reserved 1153024K
  class space    used 14746K, capacity 15886K, committed 16000K, reserved 1048576K
}
Event: 133.431 GC heap before
{Heap before GC invocations=144 (full 0):
 garbage-first heap   total 203776K, used 200723K [0x0000000080000000, 0x0000000100000000)
  region size 1024K, 9 young (9216K), 2 survivors (2048K)
 Metaspace       used 116712K, capacity 119932K, committed 120112K, reserved 1153024K
  class space    used 14753K, capacity 15891K, committed 16000K, reserved 1048576K
}
Event: 133.465 GC heap after
{Heap after GC invocations=145 (full 0):
 garbage-first heap   total 204800K, used 195012K [0x0000000080000000, 0x0000000100000000)
  region size 1024K, 2 young (2048K), 2 survivors (2048K)
 Metaspace       used 116712K, capacity 119932K, committed 120112K, reserved 1153024K
  class space    used 14753K, capacity 15891K, committed 16000K, reserved 1048576K
}
Event: 134.352 GC heap before
{Heap before GC invocations=145 (full 0):
 garbage-first heap   total 204800K, used 203204K [0x0000000080000000, 0x0000000100000000)
  region size 1024K, 10 young (10240K), 2 survivors (2048K)
 Metaspace       used 116947K, capacity 120253K, committed 120368K, reserved 1153024K
  class space    used 14760K, capacity 15927K, committed 16000K, reserved 1048576K
}
Event: 134.368 GC heap after
{Heap after GC invocations=146 (full 0):
 garbage-first heap   total 207872K, used 196912K [0x0000000080000000, 0x0000000100000000)
  region size 1024K, 2 young (2048K), 2 survivors (2048K)
 Metaspace       used 116947K, capacity 120253K, committed 120368K, reserved 1153024K
  class space    used 14760K, capacity 15927K, committed 16000K, reserved 1048576K
}
Event: 135.350 GC heap before
{Heap before GC invocations=147 (full 0):
 garbage-first heap   total 207872K, used 204080K [0x0000000080000000, 0x0000000100000000)
  region size 1024K, 10 young (10240K), 2 survivors (2048K)
 Metaspace       used 117106K, capacity 120439K, committed 120624K, reserved 1155072K
  class space    used 14773K, capacity 15941K, committed 16000K, reserved 1048576K
}
Event: 135.369 GC heap after
{Heap after GC invocations=148 (full 0):
 garbage-first heap   total 208896K, used 197806K [0x0000000080000000, 0x0000000100000000)
  region size 1024K, 1 young (1024K), 1 survivors (1024K)
 Metaspace       used 117106K, capacity 120439K, committed 120624K, reserved 1155072K
  class space    used 14773K, capacity 15941K, committed 16000K, reserved 1048576K
}
Event: 136.676 GC heap before
{Heap before GC invocations=148 (full 0):
 garbage-first heap   total 208896K, used 205998K [0x0000000080000000, 0x0000000100000000)
  region size 1024K, 10 young (10240K), 1 survivors (1024K)
 Metaspace       used 117191K, capacity 120514K, committed 120624K, reserved 1155072K
  class space    used 14773K, capacity 15941K, committed 16000K, reserved 1048576K
}

Deoptimization events (20 events):
Event: 134.941 Thread 0x000001703a58d800 Uncommon trap: trap_request=0xffffffde fr.pc=0x0000017029783164 relative=0x00000000000002a4
Event: 134.941 Thread 0x000001703a58d800 Uncommon trap: reason=class_check action=maybe_recompile pc=0x0000017029783164 method=java.util.concurrent.ConcurrentHashMap.get(Ljava/lang/Object;)Ljava/lang/Object; @ 93 c2
Event: 134.941 Thread 0x000001703a58d800 DEOPT PACKING pc=0x0000017029783164 sp=0x0000003fa9efdab0
Event: 134.941 Thread 0x000001703a58d800 DEOPT UNPACKING pc=0x0000017021a2a1af sp=0x0000003fa9efda18 mode 2
Event: 135.222 Thread 0x000001703fd7c000 Uncommon trap: trap_request=0xffffffde fr.pc=0x0000017029783164 relative=0x00000000000002a4
Event: 135.222 Thread 0x000001703fd7c000 Uncommon trap: reason=class_check action=maybe_recompile pc=0x0000017029783164 method=java.util.concurrent.ConcurrentHashMap.get(Ljava/lang/Object;)Ljava/lang/Object; @ 93 c2
Event: 135.222 Thread 0x000001703fd7c000 DEOPT PACKING pc=0x0000017029783164 sp=0x0000003fac0fda20
Event: 135.222 Thread 0x000001703fd7c000 DEOPT UNPACKING pc=0x0000017021a2a1af sp=0x0000003fac0fd988 mode 2
Event: 135.265 Thread 0x000001703fd7c000 Uncommon trap: trap_request=0xffffffde fr.pc=0x0000017029783164 relative=0x00000000000002a4
Event: 135.265 Thread 0x000001703fd7c000 Uncommon trap: reason=class_check action=maybe_recompile pc=0x0000017029783164 method=java.util.concurrent.ConcurrentHashMap.get(Ljava/lang/Object;)Ljava/lang/Object; @ 93 c2
Event: 135.265 Thread 0x000001703fd7c000 DEOPT PACKING pc=0x0000017029783164 sp=0x0000003fac0fdb10
Event: 135.265 Thread 0x000001703fd7c000 DEOPT UNPACKING pc=0x0000017021a2a1af sp=0x0000003fac0fda78 mode 2
Event: 135.850 Thread 0x000001703fd7c000 DEOPT PACKING pc=0x00000170238be9c4 sp=0x0000003fac0fd6d0
Event: 135.850 Thread 0x000001703fd7c000 DEOPT UNPACKING pc=0x0000017021a2a95e sp=0x0000003fac0fcc70 mode 0
Event: 136.319 Thread 0x000001703a58d800 DEOPT PACKING pc=0x00000170238be9c4 sp=0x0000003fa9efcb10
Event: 136.319 Thread 0x000001703a58d800 DEOPT UNPACKING pc=0x0000017021a2a95e sp=0x0000003fa9efc0b0 mode 0
Event: 136.666 Thread 0x000001703d1d9800 Uncommon trap: trap_request=0xffffff4d fr.pc=0x00000170298e54f8 relative=0x00000000000001b8
Event: 136.666 Thread 0x000001703d1d9800 Uncommon trap: reason=unstable_if action=reinterpret pc=0x00000170298e54f8 method=org.gradle.internal.time.MonotonicClock.advance(J)J @ 25 c2
Event: 136.666 Thread 0x000001703d1d9800 DEOPT PACKING pc=0x00000170298e54f8 sp=0x0000003fa9bfc660
Event: 136.666 Thread 0x000001703d1d9800 DEOPT UNPACKING pc=0x0000017021a2a1af sp=0x0000003fa9bfc568 mode 2

Classes redefined (0 events):
No events

Internal exceptions (20 events):
Event: 117.223 Thread 0x0000017039f97800 Exception <a 'java/lang/ClassNotFoundException'{0x000000008bb5de18}: java/util/AbstractMapCustomizer> (0x000000008bb5de18) thrown at [src/hotspot/share/classfile/systemDictionary.cpp, line 230]
Event: 117.228 Thread 0x0000017039f97800 Exception <a 'java/lang/ClassNotFoundException'{0x000000008bb70da8}: java/util/HashMapCustomizer> (0x000000008bb70da8) thrown at [src/hotspot/share/classfile/systemDictionary.cpp, line 230]
Event: 117.240 Thread 0x0000017039f97800 Exception <a 'java/lang/ClassNotFoundException'{0x000000008bb923a8}: java/util/LinkedHashMapCustomizer> (0x000000008bb923a8) thrown at [src/hotspot/share/classfile/systemDictionary.cpp, line 230]
Event: 121.291 Thread 0x000001703ff9c800 Exception <a 'java/lang/NoSuchMethodError'{0x000000008bbe2898}: <clinit>> (0x000000008bbe2898) thrown at [src/hotspot/share/prims/jni.cpp, line 1367]
Event: 121.923 Thread 0x0000017039f97800 Exception <a 'sun/nio/fs/WindowsException'{0x000000008bfa7e50}> (0x000000008bfa7e50) thrown at [src/hotspot/share/prims/jni.cpp, line 617]
Event: 122.705 Thread 0x0000017039f97800 Exception <a 'java/lang/NullPointerException'{0x000000008bd90b10}> (0x000000008bd90b10) thrown at [src/hotspot/share/interpreter/linkResolver.cpp, line 1440]
Event: 123.638 Thread 0x0000017039f97800 Implicit null exception at 0x00000170299b9907 to 0x00000170299bb788
Event: 125.013 Thread 0x0000017039f97800 Exception <a 'sun/nio/fs/WindowsException'{0x000000008bcba6f0}> (0x000000008bcba6f0) thrown at [src/hotspot/share/prims/jni.cpp, line 617]
Event: 125.015 Thread 0x0000017039f97800 Exception <a 'sun/nio/fs/WindowsException'{0x000000008bcbba68}> (0x000000008bcbba68) thrown at [src/hotspot/share/prims/jni.cpp, line 617]
Event: 125.017 Thread 0x0000017039f97800 Exception <a 'sun/nio/fs/WindowsException'{0x000000008bcbce30}> (0x000000008bcbce30) thrown at [src/hotspot/share/prims/jni.cpp, line 617]
Event: 125.018 Thread 0x0000017039f97800 Exception <a 'sun/nio/fs/WindowsException'{0x000000008bcbe1f8}> (0x000000008bcbe1f8) thrown at [src/hotspot/share/prims/jni.cpp, line 617]
Event: 125.397 Thread 0x0000017037a94000 Implicit null exception at 0x00000170299a950d to 0x00000170299a9be4
Event: 126.052 Thread 0x0000017039f97800 Exception <a 'java/lang/NoSuchMethodError'{0x000000008bc2f600}: 'java.lang.Object java.lang.invoke.DirectMethodHandle$Holder.invokeStatic(java.lang.Object, java.lang.Object, java.lang.Object, java.lang.Object, java.lang.Object, java.lang.Object, int)'> (0x000000008bc2f600) thrown at [src/hotspot/share/interpreter/linkResolver.cpp, line 773]
Event: 126.059 Thread 0x0000017039f97800 Exception <a 'java/lang/NoSuchMethodError'{0x000000008bc47788}: 'java.lang.Object java.lang.invoke.DirectMethodHandle$Holder.invokeStatic(java.lang.Object, java.lang.Object, java.lang.Object, java.lang.Object, java.lang.Object, java.lang.Object, int, int)'> (0x000000008bc47788) thrown at [src/hotspot/share/interpreter/linkResolver.cpp, line 773]
Event: 126.063 Thread 0x0000017039f97800 Exception <a 'java/lang/NoSuchMethodError'{0x000000008bc60278}: 'java.lang.Object java.lang.invoke.DirectMethodHandle$Holder.invokeStatic(java.lang.Object, java.lang.Object, java.lang.Object, java.lang.Object, java.lang.Object, java.lang.Object, int, int, java.lang.Object)'> (0x000000008bc60278) thrown at [src/hotspot/share/interpreter/linkResolver.cpp, line 773]
Event: 127.595 Thread 0x0000017039f97800 Exception <a 'java/lang/NoSuchMethodError'{0x000000008bcc1128}: 'int java.lang.invoke.DirectMethodHandle$Holder.invokeSpecialIFC(java.lang.Object, java.lang.Object, java.lang.Object)'> (0x000000008bcc1128) thrown at [src/hotspot/share/interpreter/linkResolver.cpp, line 773]
Event: 129.091 Thread 0x0000017039f97800 Exception <a 'java/lang/NoSuchMethodError'{0x000000008c02b680}: 'void java.lang.invoke.DirectMethodHandle$Holder.invokeStatic(java.lang.Object, java.lang.Object, java.lang.Object, java.lang.Object, int, java.lang.Object, java.lang.Object)'> (0x000000008c02b680) thrown at [src/hotspot/share/interpreter/linkResolver.cpp, line 773]
Event: 129.424 Thread 0x000001703d1da000 Exception <a 'java/lang/IncompatibleClassChangeError'{0x000000008bd1e838}: Found class java.lang.Object, but interface was expected> (0x000000008bd1e838) thrown at [src/hotspot/share/interpreter/linkResolver.cpp, line 839]
Event: 129.588 Thread 0x000001703d1da000 Exception <a 'java/lang/NoSuchMethodError'{0x000000008c38aaf8}: 'int java.lang.invoke.DirectMethodHandle$Holder.invokeStaticInit(java.lang.Object, java.lang.Object, java.lang.Object, java.lang.Object, java.lang.Object)'> (0x000000008c38aaf8) thrown at [src/hotspot/share/interpreter/linkResolver.cpp, line 773]
Event: 134.413 Thread 0x000001703d1d9800 Exception <a 'java/lang/NoSuchMethodError'{0x000000008c6aef08}: 'java.lang.Object java.lang.invoke.DirectMethodHandle$Holder.invokeSpecialIFC(java.lang.Object, java.lang.Object, java.lang.Object)'> (0x000000008c6aef08) thrown at [src/hotspot/share/interpreter/linkResolver.cpp, line 773]

Events (20 events):
Event: 135.842 Executing VM operation: RevokeBias done
Event: 136.090 Executing VM operation: RevokeBias
Event: 136.091 Executing VM operation: RevokeBias done
Event: 136.100 Executing VM operation: RevokeBias
Event: 136.101 Executing VM operation: RevokeBias done
Event: 136.149 Executing VM operation: RevokeBias
Event: 136.150 Executing VM operation: RevokeBias done
Event: 136.163 Executing VM operation: RevokeBias
Event: 136.164 Executing VM operation: RevokeBias done
Event: 136.293 Executing VM operation: RevokeBias
Event: 136.294 Executing VM operation: RevokeBias done
Event: 136.316 Executing VM operation: RevokeBias
Event: 136.318 Executing VM operation: RevokeBias done
Event: 136.348 Executing VM operation: RevokeBias
Event: 136.349 Executing VM operation: RevokeBias done
Event: 136.350 Executing VM operation: BulkRevokeBias
Event: 136.354 Executing VM operation: BulkRevokeBias done
Event: 136.373 Executing VM operation: RevokeBias
Event: 136.374 Executing VM operation: RevokeBias done
Event: 136.673 Executing VM operation: G1CollectForAllocation


Dynamic libraries:
0x00007ff6c4f40000 - 0x00007ff6c4f4a000 	C:\Program Files\Android\Android Studio\jbr\bin\java.exe
0x00007ff9ad830000 - 0x00007ff9ada28000 	C:\WINDOWS\SYSTEM32\ntdll.dll
0x00007ff9ad690000 - 0x00007ff9ad74f000 	C:\WINDOWS\System32\KERNEL32.DLL
0x00007ff9ab450000 - 0x00007ff9ab722000 	C:\WINDOWS\System32\KERNELBASE.dll
0x00007ff9ab060000 - 0x00007ff9ab160000 	C:\WINDOWS\System32\ucrtbase.dll
0x00007ff99ded0000 - 0x00007ff99dee7000 	C:\Program Files\Android\Android Studio\jbr\bin\jli.dll
0x00007ff99de50000 - 0x00007ff99de6b000 	C:\Program Files\Android\Android Studio\jbr\bin\VCRUNTIME140.dll
0x00007ff9ac540000 - 0x00007ff9ac6e1000 	C:\WINDOWS\System32\USER32.dll
0x00007ff9ab030000 - 0x00007ff9ab052000 	C:\WINDOWS\System32\win32u.dll
0x00007ff99c760000 - 0x00007ff99c9fa000 	C:\WINDOWS\WinSxS\amd64_microsoft.windows.common-controls_6595b64144ccf1df_6.0.19041.1110_none_60b5254171f9507e\COMCTL32.dll
0x00007ff9ac850000 - 0x00007ff9ac87b000 	C:\WINDOWS\System32\GDI32.dll
0x00007ff9ac490000 - 0x00007ff9ac52e000 	C:\WINDOWS\System32\msvcrt.dll
0x00007ff9aaf20000 - 0x00007ff9ab02f000 	C:\WINDOWS\System32\gdi32full.dll
0x00007ff9ab1e0000 - 0x00007ff9ab27d000 	C:\WINDOWS\System32\msvcp_win.dll
0x00007ff9ac810000 - 0x00007ff9ac842000 	C:\WINDOWS\System32\IMM32.DLL
0x00007ff9a6af0000 - 0x00007ff9a6afc000 	C:\Program Files\Android\Android Studio\jbr\bin\vcruntime140_1.dll
0x00007ff983cc0000 - 0x00007ff983d4d000 	C:\Program Files\Android\Android Studio\jbr\bin\msvcp140.dll
0x00007ff973720000 - 0x00007ff9742dc000 	C:\Program Files\Android\Android Studio\jbr\bin\server\jvm.dll
0x00007ff9accc0000 - 0x00007ff9acd6e000 	C:\WINDOWS\System32\ADVAPI32.dll
0x00007ff9ad750000 - 0x00007ff9ad7ec000 	C:\WINDOWS\System32\sechost.dll
0x00007ff9ad3a0000 - 0x00007ff9ad4c5000 	C:\WINDOWS\System32\RPCRT4.dll
0x00007ff9ac880000 - 0x00007ff9ac888000 	C:\WINDOWS\System32\PSAPI.DLL
0x00007ff9a4820000 - 0x00007ff9a4829000 	C:\WINDOWS\SYSTEM32\WSOCK32.dll
0x00007ff9a2630000 - 0x00007ff9a2657000 	C:\WINDOWS\SYSTEM32\WINMM.dll
0x00007ff9a2620000 - 0x00007ff9a262a000 	C:\WINDOWS\SYSTEM32\VERSION.dll
0x00007ff9ad2d0000 - 0x00007ff9ad33b000 	C:\WINDOWS\System32\WS2_32.dll
0x00007ff9a9770000 - 0x00007ff9a9782000 	C:\WINDOWS\SYSTEM32\kernel.appcore.dll
0x00007ff9a4810000 - 0x00007ff9a4820000 	C:\Program Files\Android\Android Studio\jbr\bin\verify.dll
0x00007ff9a9550000 - 0x00007ff9a9734000 	C:\WINDOWS\SYSTEM32\DBGHELP.DLL
0x00007ff999900000 - 0x00007ff999935000 	C:\WINDOWS\SYSTEM32\dbgcore.DLL
0x00007ff9ab730000 - 0x00007ff9ab7b2000 	C:\WINDOWS\System32\bcryptPrimitives.dll
0x00007ff9a3db0000 - 0x00007ff9a3dd8000 	C:\Program Files\Android\Android Studio\jbr\bin\java.dll
0x00007ff9a4800000 - 0x00007ff9a480a000 	C:\Program Files\Android\Android Studio\jbr\bin\jimage.dll
0x00007ff9a2580000 - 0x00007ff9a2598000 	C:\Program Files\Android\Android Studio\jbr\bin\zip.dll
0x00007ff9ab870000 - 0x00007ff9abfb4000 	C:\WINDOWS\System32\SHELL32.dll
0x00007ff9a8cf0000 - 0x00007ff9a9482000 	C:\WINDOWS\SYSTEM32\windows.storage.dll
0x00007ff9acdf0000 - 0x00007ff9ad145000 	C:\WINDOWS\System32\combase.dll
0x00007ff9aa980000 - 0x00007ff9aa9b0000 	C:\WINDOWS\SYSTEM32\Wldp.dll
0x00007ff9ac9c0000 - 0x00007ff9aca6d000 	C:\WINDOWS\System32\SHCORE.dll
0x00007ff9ad340000 - 0x00007ff9ad395000 	C:\WINDOWS\System32\shlwapi.dll
0x00007ff9aae60000 - 0x00007ff9aae7f000 	C:\WINDOWS\SYSTEM32\profapi.dll
0x00007ff9a2560000 - 0x00007ff9a2579000 	C:\Program Files\Android\Android Studio\jbr\bin\net.dll
0x00007ff9a17d0000 - 0x00007ff9a18dc000 	C:\WINDOWS\SYSTEM32\WINHTTP.dll
0x00007ff9aa6e0000 - 0x00007ff9aa74a000 	C:\WINDOWS\system32\mswsock.dll
0x00007ff9a24f0000 - 0x00007ff9a2503000 	C:\Program Files\Android\Android Studio\jbr\bin\nio.dll
0x00007ff999530000 - 0x00007ff999557000 	C:\Users\dwise\.gradle\native\e1d6ef7f7dcc3fd88c89a11ec53ec762bb8ba0a96d01ffa2cd45eb1d1d8dd5c5\windows-amd64\native-platform.dll
0x00007ff962030000 - 0x00007ff962174000 	C:\Users\dwise\.gradle\native\0d407fdbe67a94daf76414ababcb853783967236a71b16ec16e742cd7a986fd3\windows-amd64\native-platform-file-events.dll
0x00007ff9a47e0000 - 0x00007ff9a47ea000 	C:\Program Files\Android\Android Studio\jbr\bin\management.dll
0x00007ff9a2270000 - 0x00007ff9a227b000 	C:\Program Files\Android\Android Studio\jbr\bin\management_ext.dll
0x00007ff9aa8e0000 - 0x00007ff9aa8f8000 	C:\WINDOWS\SYSTEM32\CRYPTSP.dll
0x00007ff9a9f20000 - 0x00007ff9a9f54000 	C:\WINDOWS\system32\rsaenh.dll
0x00007ff9ab1b0000 - 0x00007ff9ab1d7000 	C:\WINDOWS\System32\bcrypt.dll
0x00007ff9aae20000 - 0x00007ff9aae4e000 	C:\WINDOWS\SYSTEM32\USERENV.dll
0x00007ff9aa8d0000 - 0x00007ff9aa8dc000 	C:\WINDOWS\SYSTEM32\CRYPTBASE.dll
0x00007ff9aa360000 - 0x00007ff9aa39b000 	C:\WINDOWS\SYSTEM32\IPHLPAPI.DLL
0x00007ff9ac530000 - 0x00007ff9ac538000 	C:\WINDOWS\System32\NSI.dll
0x00007ff9a1a60000 - 0x00007ff9a1a77000 	C:\WINDOWS\SYSTEM32\dhcpcsvc6.DLL
0x00007ff9a1b60000 - 0x00007ff9a1b7d000 	C:\WINDOWS\SYSTEM32\dhcpcsvc.DLL
0x00007ff9aa3c0000 - 0x00007ff9aa48a000 	C:\WINDOWS\SYSTEM32\DNSAPI.dll
0x00007ff99d090000 - 0x00007ff99d0b7000 	C:\Program Files\Android\Android Studio\jbr\bin\sunec.dll
0x00007ff9a1c20000 - 0x00007ff9a1c2a000 	C:\Windows\System32\rasadhlp.dll
0x00007ff99d6c0000 - 0x00007ff99d740000 	C:\WINDOWS\System32\fwpuclnt.dll

dbghelp: loaded successfully - version: 4.0.5 - missing functions: none
symbol engine: initialized successfully - sym options: 0x614 - pdb path: .;C:\Program Files\Android\Android Studio\jbr\bin;C:\WINDOWS\SYSTEM32;C:\WINDOWS\WinSxS\amd64_microsoft.windows.common-controls_6595b64144ccf1df_6.0.19041.1110_none_60b5254171f9507e;C:\Program Files\Android\Android Studio\jbr\bin\server;C:\Users\dwise\.gradle\native\e1d6ef7f7dcc3fd88c89a11ec53ec762bb8ba0a96d01ffa2cd45eb1d1d8dd5c5\windows-amd64;C:\Users\dwise\.gradle\native\0d407fdbe67a94daf76414ababcb853783967236a71b16ec16e742cd7a986fd3\windows-amd64

VM Arguments:
jvm_args: --add-opens=java.base/java.util=ALL-UNNAMED --add-opens=java.base/java.lang=ALL-UNNAMED --add-opens=java.base/java.lang.invoke=ALL-UNNAMED --add-opens=java.base/java.util=ALL-UNNAMED --add-opens=java.prefs/java.util.prefs=ALL-UNNAMED --add-opens=java.prefs/java.util.prefs=ALL-UNNAMED --add-opens=java.base/java.nio.charset=ALL-UNNAMED --add-opens=java.base/java.net=ALL-UNNAMED --add-opens=java.base/java.util.concurrent.atomic=ALL-UNNAMED -Xmx2048m -Dfile.encoding=UTF-8 -Duser.country=ID -Duser.language=en -Duser.variant 
java_command: org.gradle.launcher.daemon.bootstrap.GradleDaemon 7.5
java_class_path (initial): C:\Users\dwise\.gradle\wrapper\dists\gradle-7.5-bin\f1w0cc9nuo0eivz97x2xlu9sv\gradle-7.5\lib\gradle-launcher-7.5.jar
Launcher Type: SUN_STANDARD

[Global flags]
     intx CICompilerCount                          = 3                                         {product} {ergonomic}
     uint ConcGCThreads                            = 1                                         {product} {ergonomic}
     uint G1ConcRefinementThreads                  = 4                                         {product} {ergonomic}
   size_t G1HeapRegionSize                         = 1048576                                   {product} {ergonomic}
    uintx GCDrainStackTargetSize                   = 64                                        {product} {ergonomic}
   size_t InitialHeapSize                          = 58720256                                  {product} {ergonomic}
   size_t MarkStackSize                            = 4194304                                   {product} {ergonomic}
   size_t MaxHeapSize                              = 2147483648                                {product} {command line}
   size_t MaxNewSize                               = 1287651328                                {product} {ergonomic}
   size_t MinHeapDeltaBytes                        = 1048576                                   {product} {ergonomic}
    uintx NonNMethodCodeHeapSize                   = 5830732                                {pd product} {ergonomic}
    uintx NonProfiledCodeHeapSize                  = 122913754                              {pd product} {ergonomic}
    uintx ProfiledCodeHeapSize                     = 122913754                              {pd product} {ergonomic}
    uintx ReservedCodeCacheSize                    = 251658240                              {pd product} {ergonomic}
     bool SegmentedCodeCache                       = true                                      {product} {ergonomic}
     bool UseCompressedClassPointers               = true                                 {lp64_product} {ergonomic}
     bool UseCompressedOops                        = true                                 {lp64_product} {ergonomic}
     bool UseG1GC                                  = true                                      {product} {ergonomic}
     bool UseLargePagesIndividualAllocation        = false                                  {pd product} {ergonomic}

Logging:
Log output configuration:
 #0: stdout all=warning uptime,level,tags
 #1: stderr all=off uptime,level,tags

Environment Variables:
PATH=C:\Python310\Scripts\;C:\Python310\;C:\Program Files (x86)\Common Files\Intel\Shared Files\cpp\bin\Intel64;C:\Program Files\Eclipse Adoptium\jdk-17.0.1.12-hotspot\bin;C:\WINDOWS\system32;C:\WINDOWS;C:\WINDOWS\System32\Wbem;C:\WINDOWS\System32\WindowsPowerShell\v1.0\;C:\WINDOWS\System32\OpenSSH\;C:\Program Files\Git\cmd;C:\xampp\php;C:\composer;C:\Program Files\Dart\dart-sdk\bin;C:\Program Files\nodejs\;C:\ProgramData\chocolatey\bin;C:\Users\dwise\AppData\Local\Programs\Python\Python38\Scripts\;C:\Users\dwise\AppData\Local\Programs\Python\Python38\;C:\Users\dwise\AppData\Local\Microsoft\WindowsApps;C:\Users\dwise\AppData\Local\Programs\Microsoft VS Code\bin;C:\Users\dwise\AppData\Local\GitHubDesktop\bin;C:\Users\dwise\AppData\Roaming\Composer\vendor\bin;C:\Users\dwise\OneDrive\Documents\flutter\flutter\bin;C:\Users\dwise\AppData\Roaming\npm
USERNAME=dwise
OS=Windows_NT
PROCESSOR_IDENTIFIER=AMD64 Family 22 Model 48 Stepping 1, AuthenticAMD



---------------  S Y S T E M  ---------------

OS: Windows 10 , 64 bit Build 19041 (10.0.19041.2364)
OS uptime: 1 days 11:20 hours

CPU:total 4 (initial active 4) (4 cores per cpu, 1 threads per core) family 22 model 48 stepping 1 microcode 0x0, cmov, cx8, fxsr, mmx, sse, sse2, sse3, ssse3, sse4.1, sse4.2, popcnt, avx, aes, clmul, mmxext, 3dnowpref, lzcnt, sse4a, tsc, tscinvbit, tscinv, bmi1

Memory: 4k page, system-wide physical 3550M (208M free)
TotalPageFile size 14302M (AvailPageFile size 11M)
current process WorkingSet (physical memory assigned to process): 200M, peak: 289M
current process commit charge ("private bytes"): 522M, peak: 523M

vm_info: OpenJDK 64-Bit Server VM (11.0.15+0-b2043.56-9505619) for windows-amd64 JRE (11.0.15+0-b2043.56-9505619), built on Jan 19 2023 02:48:00 by "builduser" with unknown MS VC++:1929

END.
