#
# There is insufficient memory for the Java Runtime Environment to continue.
# Native memory allocation (mmap) failed to map 155189248 bytes for Failed to commit area from 0x0000000091a00000 to 0x000000009ae00000 of length 155189248.
# Possible reasons:
#   The system is out of physical RAM or swap space
#   The process is running with CompressedOops enabled, and the Java Heap may be blocking the growth of the native heap
# Possible solutions:
#   Reduce memory load on the system
#   Increase physical memory or swap space
#   Check if swap backing store is full
#   Decrease Java heap size (-Xmx/-Xms)
#   Decrease number of Java threads
#   Decrease Java thread stack sizes (-Xss)
#   Set larger code cache with -XX:ReservedCodeCacheSize=
#   JVM is running with Unscaled Compressed Oops mode in which the Java heap is
#     placed in the first 4GB address space. The Java Heap base address is the
#     maximum limit for the native heap growth. Please use -XX:HeapBaseMinAddress
#     to set the Java Heap base and to place the Java Heap above 4GB virtual address.
# This output file may be truncated or incomplete.
#
#  Out of Memory Error (src/hotspot/os/windows/os_windows.cpp:3627), pid=18052, tid=14508
#
# JRE version: OpenJDK Runtime Environment (11.0.15) (build 11.0.15+0-b2043.56-9505619)
# Java VM: OpenJDK 64-Bit Server VM (11.0.15+0-b2043.56-9505619, mixed mode, tiered, compressed oops, g1 gc, windows-amd64)
# No core dump will be written. Minidumps are not enabled by default on client versions of Windows
#

---------------  S U M M A R Y ------------

Command Line: --add-opens=java.base/java.util=ALL-UNNAMED --add-opens=java.base/java.lang=ALL-UNNAMED --add-opens=java.base/java.lang.invoke=ALL-UNNAMED --add-opens=java.base/java.util=ALL-UNNAMED --add-opens=java.prefs/java.util.prefs=ALL-UNNAMED --add-opens=java.prefs/java.util.prefs=ALL-UNNAMED --add-opens=java.base/java.nio.charset=ALL-UNNAMED --add-opens=java.base/java.net=ALL-UNNAMED --add-opens=java.base/java.util.concurrent.atomic=ALL-UNNAMED -Xmx2048m -Dfile.encoding=UTF-8 -Duser.country=ID -Duser.language=en -Duser.variant org.gradle.launcher.daemon.bootstrap.GradleDaemon 7.5

Host: AMD A8-7410 APU with AMD Radeon R5 Graphics    , 4 cores, 3G,  Windows 10 , 64 bit Build 19041 (10.0.19041.2364)
Time: Fri Feb 17 20:19:36 2023 SE Asia Standard Time elapsed time: 244.316271 seconds (0d 0h 4m 4s)

---------------  T H R E A D  ---------------

Current thread (0x0000022878929800):  VMThread "VM Thread" [stack: 0x000000e948b00000,0x000000e948c00000] [id=14508]

Stack: [0x000000e948b00000,0x000000e948c00000]
[error occurred during error reporting (printing stack bounds), id 0xc0000005, EXCEPTION_ACCESS_VIOLATION (0xc0000005) at pc=0x000002280000112d]

Native frames: (J=compiled Java code, j=interpreted, Vv=VM code, C=native code)
V  [jvm.dll+0x64135a]
V  [jvm.dll+0x7d39f9]
V  [jvm.dll+0x7d51b9]
V  [jvm.dll+0x7d5805]
V  [jvm.dll+0x7d57bb]
V  [jvm.dll+0x640655]
V  [jvm.dll+0x640d68]
C  [ntdll.dll+0xa241f]
C  [ntdll.dll+0x514a4]
C  [ntdll.dll+0xa0f4e]
C  0x000002280000112d

VM_Operation (0x000000e94f2fd130): G1CollectForAllocation, mode: safepoint, requested by thread 0x0000022816421000


---------------  P R O C E S S  ---------------

Threads class SMR info:
_java_thread_list=0x0000022810d239f0, length=98, elements={
0x000002286dd66000, 0x000002287892c800, 0x0000022878930000, 0x000002287898d800,
0x000002287898e800, 0x0000022878992000, 0x0000022878994000, 0x0000022878996000,
0x00000228789b8000, 0x00000228793f8000, 0x000002287ae00800, 0x000002287935a800,
0x0000022879f25000, 0x000002287a556000, 0x0000022879357000, 0x000002287ad12800,
0x000002287ad12000, 0x000002287ad10800, 0x000002287ad0e800, 0x000002287ad0d000,
0x000002287ad0f800, 0x000002287ad0e000, 0x000002287ad13800, 0x000002287ad11000,
0x000002287c1ce800, 0x000002287c1d1000, 0x0000022879e25800, 0x0000022879e2c800,
0x000002280f701800, 0x000002280f702000, 0x000002280f704800, 0x000002280f703000,
0x000002280f704000, 0x000002280f700000, 0x000002280f709000, 0x000002280f709800,
0x000002280f707000, 0x000002280f70a800, 0x000002280f70b000, 0x000002280f708000,
0x000002280f705800, 0x000002280f70c000, 0x000002280f706800, 0x000002280f70d000,
0x000002280f70d800, 0x000002280f70e800, 0x0000022879e25000, 0x0000022879e22800,
0x0000022879e23800, 0x0000022879e21800, 0x0000022879e20000, 0x0000022879e21000,
0x0000022879e24000, 0x0000022879e1f000, 0x0000022879e2a800, 0x0000022879e26800,
0x0000022879e2b800, 0x0000022879e2d000, 0x0000022879e27800, 0x0000022879e29000,
0x0000022879e2e000, 0x0000022879e28000, 0x0000022879e2a000, 0x000002287dcb3800,
0x000002287dcb0800, 0x000002287dcaf800, 0x000002287dcb1000, 0x000002287dcb2000,
0x000002287dcb2800, 0x000002287dcae000, 0x000002287dcb4800, 0x000002287dcae800,
0x000002287dcb6000, 0x000002287dcb8800, 0x000002287dcba000, 0x000002287dcb5000,
0x000002287dcb7000, 0x000002287dcb9800, 0x000002287dcbb000, 0x000002287dcb7800,
0x000002287c1cd000, 0x000002287c1d2000, 0x000002287c1cf800, 0x000002287c1d3800,
0x000002287c1ce000, 0x000002287c1d5800, 0x000002287c1d9800, 0x000002287c1da000,
0x000002287c1db000, 0x000002287c1d6000, 0x000002287c1d7000, 0x000002287c1d8800,
0x000002280f700800, 0x000002281641b000, 0x000002281641c000, 0x000002281641f000,
0x000002281641a000, 0x0000022816421000
}

Java Threads: ( => current thread )
  0x000002286dd66000 JavaThread "main" [_thread_blocked, id=13072, stack(0x000000e948500000,0x000000e948600000)]
  0x000002287892c800 JavaThread "Reference Handler" daemon [_thread_blocked, id=10248, stack(0x000000e948c00000,0x000000e948d00000)]
  0x0000022878930000 JavaThread "Finalizer" daemon [_thread_blocked, id=16480, stack(0x000000e948d00000,0x000000e948e00000)]
  0x000002287898d800 JavaThread "Signal Dispatcher" daemon [_thread_blocked, id=17440, stack(0x000000e948e00000,0x000000e948f00000)]
  0x000002287898e800 JavaThread "Attach Listener" daemon [_thread_blocked, id=17732, stack(0x000000e948f00000,0x000000e949000000)]
  0x0000022878992000 JavaThread "Service Thread" daemon [_thread_blocked, id=9884, stack(0x000000e949000000,0x000000e949100000)]
  0x0000022878994000 JavaThread "C2 CompilerThread0" daemon [_thread_blocked, id=11692, stack(0x000000e949100000,0x000000e949200000)]
  0x0000022878996000 JavaThread "C1 CompilerThread0" daemon [_thread_blocked, id=11236, stack(0x000000e949200000,0x000000e949300000)]
  0x00000228789b8000 JavaThread "Sweeper thread" daemon [_thread_blocked, id=8056, stack(0x000000e949300000,0x000000e949400000)]
  0x00000228793f8000 JavaThread "Common-Cleaner" daemon [_thread_blocked, id=256, stack(0x000000e949400000,0x000000e949500000)]
  0x000002287ae00800 JavaThread "Daemon health stats" [_thread_blocked, id=16488, stack(0x000000e949700000,0x000000e949800000)]
  0x000002287935a800 JavaThread "Incoming local TCP Connector on port 57727" [_thread_in_native, id=16444, stack(0x000000e949800000,0x000000e949900000)]
  0x0000022879f25000 JavaThread "Daemon periodic checks" [_thread_blocked, id=8796, stack(0x000000e949900000,0x000000e949a00000)]
  0x000002287a556000 JavaThread "Daemon" [_thread_blocked, id=9648, stack(0x000000e949a00000,0x000000e949b00000)]
  0x0000022879357000 JavaThread "Daemon worker" [_thread_blocked, id=1872, stack(0x000000e949d00000,0x000000e949e00000)]
  0x000002287ad12800 JavaThread "Cache worker for journal cache (C:\Users\dwise\.gradle\caches\journal-1)" [_thread_blocked, id=16220, stack(0x000000e94a300000,0x000000e94a400000)]
  0x000002287ad12000 JavaThread "File lock request listener" [_thread_in_native, id=18156, stack(0x000000e94a400000,0x000000e94a500000)]
  0x000002287ad10800 JavaThread "Cache worker for file hash cache (C:\Users\dwise\.gradle\caches\7.5\fileHashes)" [_thread_blocked, id=3888, stack(0x000000e94a500000,0x000000e94a600000)]
  0x000002287ad0e800 JavaThread "File watcher server" daemon [_thread_blocked, id=4844, stack(0x000000e94a600000,0x000000e94a700000)]
  0x000002287ad0d000 JavaThread "File watcher consumer" daemon [_thread_blocked, id=11364, stack(0x000000e94a700000,0x000000e94a800000)]
  0x000002287ad0f800 JavaThread "jar transforms" [_thread_blocked, id=13452, stack(0x000000e94a800000,0x000000e94a900000)]
  0x000002287ad0e000 JavaThread "jar transforms Thread 2" [_thread_blocked, id=18352, stack(0x000000e94a900000,0x000000e94aa00000)]
  0x000002287ad13800 JavaThread "jar transforms Thread 3" [_thread_blocked, id=14668, stack(0x000000e94aa00000,0x000000e94ab00000)]
  0x000002287ad11000 JavaThread "jar transforms Thread 4" [_thread_blocked, id=13128, stack(0x000000e94ab00000,0x000000e94ac00000)]
  0x000002287c1ce800 JavaThread "Cache worker for file content cache (C:\Users\dwise\.gradle\caches\7.5\fileContent)" [_thread_blocked, id=14432, stack(0x000000e94ae00000,0x000000e94af00000)]
  0x000002287c1d1000 JavaThread "Cache worker for execution history cache (C:\Users\dwise\.gradle\caches\7.5\executionHistory)" [_thread_blocked, id=10080, stack(0x000000e94b100000,0x000000e94b200000)]
  0x0000022879e25800 JavaThread "Memory manager" [_thread_blocked, id=1200, stack(0x000000e94de00000,0x000000e94df00000)]
  0x0000022879e2c800 JavaThread "pool-3-thread-1" [_thread_blocked, id=2028, stack(0x000000e94df00000,0x000000e94e000000)]
  0x000002280f701800 JavaThread "pool-6-thread-1" [_thread_blocked, id=11964, stack(0x000000e94e000000,0x000000e94e100000)]
  0x000002280f702000 JavaThread "Handler for socket connection from /127.0.0.1:57727 to /127.0.0.1:58266" [_thread_in_native, id=17064, stack(0x000000e949b00000,0x000000e949c00000)]
  0x000002280f704800 JavaThread "Cancel handler" [_thread_blocked, id=8440, stack(0x000000e949c00000,0x000000e949d00000)]
  0x000002280f703000 JavaThread "Asynchronous log dispatcher for DefaultDaemonConnection: socket connection from /127.0.0.1:57727 to /127.0.0.1:58266" [_thread_blocked, id=11948, stack(0x000000e949e00000,0x000000e949f00000)]
  0x000002280f704000 JavaThread "Stdin handler" [_thread_blocked, id=15356, stack(0x000000e949f00000,0x000000e94a000000)]
  0x000002280f700000 JavaThread "Daemon client event forwarder" [_thread_blocked, id=10968, stack(0x000000e94a000000,0x000000e94a100000)]
  0x000002280f709000 JavaThread "Cache worker for checksums cache (C:\Users\dwise\OneDrive\Documents\bwa\kantinE-KTP\.gradle\7.5\checksums)" [_thread_blocked, id=6052, stack(0x000000e94ac00000,0x000000e94ad00000)]
  0x000002280f709800 JavaThread "Cache worker for cache directory md-rule (C:\Users\dwise\.gradle\caches\7.5\md-rule)" [_thread_blocked, id=8988, stack(0x000000e94ad00000,0x000000e94ae00000)]
  0x000002280f707000 JavaThread "Cache worker for file hash cache (C:\Users\dwise\OneDrive\Documents\bwa\kantinE-KTP\.gradle\7.5\fileHashes)" [_thread_blocked, id=15680, stack(0x000000e94af00000,0x000000e94b000000)]
  0x000002280f70a800 JavaThread "Cache worker for cache directory md-supplier (C:\Users\dwise\.gradle\caches\7.5\md-supplier)" [_thread_blocked, id=17280, stack(0x000000e94b000000,0x000000e94b100000)]
  0x000002280f70b000 JavaThread "Cache worker for dependencies-accessors (C:\Users\dwise\OneDrive\Documents\bwa\kantinE-KTP\.gradle\7.5\dependencies-accessors)" [_thread_blocked, id=756, stack(0x000000e94b200000,0x000000e94b300000)]
  0x000002280f708000 JavaThread "Cache worker for Build Output Cleanup Cache (C:\Users\dwise\OneDrive\Documents\bwa\kantinE-KTP\.gradle\buildOutputCleanup)" [_thread_blocked, id=17284, stack(0x000000e94b300000,0x000000e94b400000)]
  0x000002280f705800 JavaThread "Unconstrained build operations" [_thread_blocked, id=15884, stack(0x000000e94b400000,0x000000e94b500000)]
  0x000002280f70c000 JavaThread "Unconstrained build operations Thread 2" [_thread_blocked, id=17204, stack(0x000000e94b500000,0x000000e94b600000)]
  0x000002280f706800 JavaThread "Unconstrained build operations Thread 3" [_thread_blocked, id=14512, stack(0x000000e94b600000,0x000000e94b700000)]
  0x000002280f70d000 JavaThread "Unconstrained build operations Thread 4" [_thread_blocked, id=13764, stack(0x000000e94b700000,0x000000e94b800000)]
  0x000002280f70d800 JavaThread "Unconstrained build operations Thread 5" [_thread_blocked, id=528, stack(0x000000e94b800000,0x000000e94b900000)]
  0x000002280f70e800 JavaThread "Unconstrained build operations Thread 6" [_thread_blocked, id=15412, stack(0x000000e94b900000,0x000000e94ba00000)]
  0x0000022879e25000 JavaThread "Unconstrained build operations Thread 7" [_thread_blocked, id=15540, stack(0x000000e94ba00000,0x000000e94bb00000)]
  0x0000022879e22800 JavaThread "Unconstrained build operations Thread 8" [_thread_blocked, id=17400, stack(0x000000e94bb00000,0x000000e94bc00000)]
  0x0000022879e23800 JavaThread "Unconstrained build operations Thread 9" [_thread_blocked, id=16448, stack(0x000000e94bc00000,0x000000e94bd00000)]
  0x0000022879e21800 JavaThread "Unconstrained build operations Thread 10" [_thread_blocked, id=6112, stack(0x000000e94bd00000,0x000000e94be00000)]
  0x0000022879e20000 JavaThread "Unconstrained build operations Thread 11" [_thread_blocked, id=16760, stack(0x000000e94be00000,0x000000e94bf00000)]
  0x0000022879e21000 JavaThread "Unconstrained build operations Thread 12" [_thread_blocked, id=11756, stack(0x000000e94bf00000,0x000000e94c000000)]
  0x0000022879e24000 JavaThread "Unconstrained build operations Thread 13" [_thread_blocked, id=17024, stack(0x000000e94c000000,0x000000e94c100000)]
  0x0000022879e1f000 JavaThread "Unconstrained build operations Thread 14" [_thread_blocked, id=12376, stack(0x000000e94c100000,0x000000e94c200000)]
  0x0000022879e2a800 JavaThread "Unconstrained build operations Thread 15" [_thread_blocked, id=13732, stack(0x000000e94c200000,0x000000e94c300000)]
  0x0000022879e26800 JavaThread "Unconstrained build operations Thread 16" [_thread_blocked, id=16964, stack(0x000000e94c300000,0x000000e94c400000)]
  0x0000022879e2b800 JavaThread "Unconstrained build operations Thread 17" [_thread_blocked, id=4836, stack(0x000000e94c400000,0x000000e94c500000)]
  0x0000022879e2d000 JavaThread "Unconstrained build operations Thread 18" [_thread_blocked, id=2548, stack(0x000000e94c500000,0x000000e94c600000)]
  0x0000022879e27800 JavaThread "Unconstrained build operations Thread 19" [_thread_blocked, id=5928, stack(0x000000e94c600000,0x000000e94c700000)]
  0x0000022879e29000 JavaThread "Unconstrained build operations Thread 20" [_thread_blocked, id=4264, stack(0x000000e94c700000,0x000000e94c800000)]
  0x0000022879e2e000 JavaThread "Unconstrained build operations Thread 21" [_thread_blocked, id=1264, stack(0x000000e94c800000,0x000000e94c900000)]
  0x0000022879e28000 JavaThread "Unconstrained build operations Thread 22" [_thread_blocked, id=17076, stack(0x000000e94c900000,0x000000e94ca00000)]
  0x0000022879e2a000 JavaThread "Unconstrained build operations Thread 23" [_thread_blocked, id=7756, stack(0x000000e94ca00000,0x000000e94cb00000)]
  0x000002287dcb3800 JavaThread "Unconstrained build operations Thread 24" [_thread_blocked, id=17456, stack(0x000000e94cb00000,0x000000e94cc00000)]
  0x000002287dcb0800 JavaThread "Unconstrained build operations Thread 25" [_thread_blocked, id=16728, stack(0x000000e94cc00000,0x000000e94cd00000)]
  0x000002287dcaf800 JavaThread "Unconstrained build operations Thread 26" [_thread_blocked, id=15992, stack(0x000000e94cd00000,0x000000e94ce00000)]
  0x000002287dcb1000 JavaThread "Unconstrained build operations Thread 27" [_thread_blocked, id=18152, stack(0x000000e94ce00000,0x000000e94cf00000)]
  0x000002287dcb2000 JavaThread "Unconstrained build operations Thread 28" [_thread_blocked, id=16400, stack(0x000000e94cf00000,0x000000e94d000000)]
  0x000002287dcb2800 JavaThread "Unconstrained build operations Thread 29" [_thread_blocked, id=9124, stack(0x000000e94d000000,0x000000e94d100000)]
  0x000002287dcae000 JavaThread "Unconstrained build operations Thread 30" [_thread_blocked, id=13460, stack(0x000000e94d100000,0x000000e94d200000)]
  0x000002287dcb4800 JavaThread "Unconstrained build operations Thread 31" [_thread_blocked, id=10912, stack(0x000000e94d200000,0x000000e94d300000)]
  0x000002287dcae800 JavaThread "Unconstrained build operations Thread 32" [_thread_blocked, id=16980, stack(0x000000e94d300000,0x000000e94d400000)]
  0x000002287dcb6000 JavaThread "Unconstrained build operations Thread 33" [_thread_blocked, id=7648, stack(0x000000e94d400000,0x000000e94d500000)]
  0x000002287dcb8800 JavaThread "Unconstrained build operations Thread 34" [_thread_blocked, id=5436, stack(0x000000e94d500000,0x000000e94d600000)]
  0x000002287dcba000 JavaThread "Unconstrained build operations Thread 35" [_thread_blocked, id=16052, stack(0x000000e94d600000,0x000000e94d700000)]
  0x000002287dcb5000 JavaThread "Unconstrained build operations Thread 36" [_thread_blocked, id=6128, stack(0x000000e94d700000,0x000000e94d800000)]
  0x000002287dcb7000 JavaThread "Unconstrained build operations Thread 37" [_thread_blocked, id=4500, stack(0x000000e94d800000,0x000000e94d900000)]
  0x000002287dcb9800 JavaThread "Unconstrained build operations Thread 38" [_thread_blocked, id=5224, stack(0x000000e94d900000,0x000000e94da00000)]
  0x000002287dcbb000 JavaThread "Unconstrained build operations Thread 39" [_thread_blocked, id=12932, stack(0x000000e94da00000,0x000000e94db00000)]
  0x000002287dcb7800 JavaThread "Unconstrained build operations Thread 40" [_thread_blocked, id=16024, stack(0x000000e94db00000,0x000000e94dc00000)]
  0x000002287c1cd000 JavaThread "build event listener" [_thread_blocked, id=13500, stack(0x000000e94e200000,0x000000e94e300000)]
  0x000002287c1d2000 JavaThread "pool-9-thread-1" [_thread_blocked, id=10256, stack(0x000000e94e100000,0x000000e94e200000)]
  0x000002287c1cf800 JavaThread "build event listener" [_thread_blocked, id=12844, stack(0x000000e94e300000,0x000000e94e400000)]
  0x000002287c1d3800 JavaThread "included builds" [_thread_blocked, id=17340, stack(0x000000e94e400000,0x000000e94e500000)]
  0x000002287c1ce000 JavaThread "Execution worker" [_thread_blocked, id=6188, stack(0x000000e94e500000,0x000000e94e600000)]
  0x000002287c1d5800 JavaThread "Execution worker Thread 2" [_thread_blocked, id=8672, stack(0x000000e94e600000,0x000000e94e700000)]
  0x000002287c1d9800 JavaThread "Execution worker Thread 3" [_thread_blocked, id=17948, stack(0x000000e94e700000,0x000000e94e800000)]
  0x000002287c1da000 JavaThread "Cache worker for execution history cache (C:\Users\dwise\OneDrive\Documents\bwa\kantinE-KTP\.gradle\7.5\executionHistory)" [_thread_blocked, id=3252, stack(0x000000e94e800000,0x000000e94e900000)]
  0x000002287c1db000 JavaThread "WorkerExecutor Queue" [_thread_in_native, id=2948, stack(0x000000e94e900000,0x000000e94ea00000)]
  0x000002287c1d6000 JavaThread "RMI Scheduler(0)" daemon [_thread_blocked, id=18256, stack(0x000000e94ea00000,0x000000e94eb00000)]
  0x000002287c1d7000 JavaThread "RMI RenewClean-[127.0.0.1:17775,org.jetbrains.kotlin.daemon.common.LoopbackNetworkInterface$ClientLoopbackSocketFactory@7c173e72]" daemon [_thread_blocked, id=9336, stack(0x000000e94eb00000,0x000000e94ec00000)]
  0x000002287c1d8800 JavaThread "RMI GC Daemon" daemon [_thread_blocked, id=9992, stack(0x000000e94ec00000,0x000000e94ed00000)]
  0x000002280f700800 JavaThread "RMI TCP Accept-0" daemon [_thread_in_native, id=6564, stack(0x000000e94ed00000,0x000000e94ee00000)]
  0x000002281641b000 JavaThread "RMI Reaper" [_thread_blocked, id=13596, stack(0x000000e94ee00000,0x000000e94ef00000)]
  0x000002281641c000 JavaThread "RMI TCP Connection(1)-127.0.0.1" daemon [_thread_in_native, id=896, stack(0x000000e94ef00000,0x000000e94f000000)]
  0x000002281641f000 JavaThread "WorkerExecutor Queue Thread 2" [_thread_blocked, id=14848, stack(0x000000e94f000000,0x000000e94f100000)]
  0x000002281641a000 JavaThread "WorkerExecutor Queue Thread 3" [_thread_blocked, id=14748, stack(0x000000e94f100000,0x000000e94f200000)]
  0x0000022816421000 JavaThread "WorkerExecutor Queue Thread 4" [_thread_blocked, id=14292, stack(0x000000e94f200000,0x000000e94f300000)]

Other Threads:
=>0x0000022878929800 VMThread "VM Thread" [stack: 0x000000e948b00000,0x000000e948c00000] [id=14508]
  0x000002287943c000 WatcherThread [stack: 0x000000e949500000,0x000000e949600000] [id=17656]
  0x000002286dd7c800 GCTaskThread "GC Thread#0" [stack: 0x000000e948600000,0x000000e948700000] [id=1272]
  0x00000228794bb800 GCTaskThread "GC Thread#1" [stack: 0x000000e949600000,0x000000e949700000] [id=16212]
  0x000002287ad28000 GCTaskThread "GC Thread#2" [stack: 0x000000e94a100000,0x000000e94a200000] [id=6908]
  0x000002287b4c0000 GCTaskThread "GC Thread#3" [stack: 0x000000e94a200000,0x000000e94a300000] [id=1940]
  0x000002286ddaf000 ConcurrentGCThread "G1 Main Marker" [stack: 0x000000e948700000,0x000000e948800000] [id=16920]
  0x000002286ddb0000 ConcurrentGCThread "G1 Conc#0" [stack: 0x000000e948800000,0x000000e948900000] [id=8788]
  0x000002286ddf5000 ConcurrentGCThread "G1 Refine#0" [stack: 0x000000e948900000,0x000000e948a00000] [id=18172]
  0x000002286ddf6000 ConcurrentGCThread "G1 Young RemSet Sampling" [stack: 0x000000e948a00000,0x000000e948b00000] [id=12136]

Threads with active compile tasks:

VM state:at safepoint (normal execution)

VM Mutex/Monitor currently owned by a thread:  ([mutex/lock_event])
[0x000002286dd61a60] Threads_lock - owner thread: 0x0000022878929800
[0x000002286dd61c10] Heap_lock - owner thread: 0x0000022816421000

Heap address: 0x0000000080000000, size: 2048 MB, Compressed Oops mode: 32-bit
Narrow klass base: 0x0000000000000000, Narrow klass shift: 3
Compressed class space size: 1073741824 Address: 0x0000000100000000

Heap:
 garbage-first heap   total 440320K, used 259602K [0x0000000080000000, 0x0000000100000000)
  region size 1024K, 2 young (2048K), 2 survivors (2048K)
 Metaspace       used 123617K, capacity 127643K, committed 127868K, reserved 1161216K
  class space    used 15471K, capacity 16833K, committed 16844K, reserved 1048576K
Heap Regions: E=young(eden), S=young(survivor), O=old, HS=humongous(starts), HC=humongous(continues), CS=collection set, F=free, A=archive, TAMS=top-at-mark-start (previous, next)
|   0|0x0000000080000000, 0x0000000080100000, 0x0000000080100000|100%|HS|  |TAMS 0x0000000080100000, 0x0000000080100000| Complete 
|   1|0x0000000080100000, 0x0000000080200000, 0x0000000080200000|100%|HC|  |TAMS 0x0000000080200000, 0x0000000080200000| Complete 
|   2|0x0000000080200000, 0x0000000080300000, 0x0000000080300000|100%|HC|  |TAMS 0x0000000080300000, 0x0000000080300000| Complete 
|   3|0x0000000080300000, 0x0000000080400000, 0x0000000080400000|100%| O|  |TAMS 0x0000000080400000, 0x0000000080400000| Untracked 
|   4|0x0000000080400000, 0x0000000080500000, 0x0000000080500000|100%| O|  |TAMS 0x0000000080500000, 0x0000000080500000| Untracked 
|   5|0x0000000080500000, 0x0000000080600000, 0x0000000080600000|100%| O|  |TAMS 0x0000000080600000, 0x0000000080600000| Untracked 
|   6|0x0000000080600000, 0x0000000080700000, 0x0000000080700000|100%| O|  |TAMS 0x0000000080700000, 0x0000000080700000| Untracked 
|   7|0x0000000080700000, 0x0000000080800000, 0x0000000080800000|100%| O|  |TAMS 0x0000000080800000, 0x0000000080800000| Untracked 
|   8|0x0000000080800000, 0x0000000080900000, 0x0000000080900000|100%| O|  |TAMS 0x0000000080900000, 0x0000000080900000| Untracked 
|   9|0x0000000080900000, 0x0000000080a00000, 0x0000000080a00000|100%| O|  |TAMS 0x0000000080a00000, 0x0000000080a00000| Untracked 
|  10|0x0000000080a00000, 0x0000000080b00000, 0x0000000080b00000|100%| O|  |TAMS 0x0000000080b00000, 0x0000000080b00000| Untracked 
|  11|0x0000000080b00000, 0x0000000080c00000, 0x0000000080c00000|100%| O|  |TAMS 0x0000000080c00000, 0x0000000080c00000| Untracked 
|  12|0x0000000080c00000, 0x0000000080d00000, 0x0000000080d00000|100%| O|  |TAMS 0x0000000080d00000, 0x0000000080d00000| Untracked 
|  13|0x0000000080d00000, 0x0000000080e00000, 0x0000000080e00000|100%| O|  |TAMS 0x0000000080e00000, 0x0000000080e00000| Untracked 
|  14|0x0000000080e00000, 0x0000000080f00000, 0x0000000080f00000|100%| O|  |TAMS 0x0000000080f00000, 0x0000000080f00000| Untracked 
|  15|0x0000000080f00000, 0x0000000081000000, 0x0000000081000000|100%| O|  |TAMS 0x0000000081000000, 0x0000000081000000| Untracked 
|  16|0x0000000081000000, 0x0000000081100000, 0x0000000081100000|100%| O|  |TAMS 0x0000000081100000, 0x0000000081100000| Untracked 
|  17|0x0000000081100000, 0x0000000081200000, 0x0000000081200000|100%|HS|  |TAMS 0x0000000081200000, 0x0000000081200000| Complete 
|  18|0x0000000081200000, 0x0000000081300000, 0x0000000081300000|100%|HC|  |TAMS 0x0000000081300000, 0x0000000081300000| Complete 
|  19|0x0000000081300000, 0x0000000081400000, 0x0000000081400000|100%|HS|  |TAMS 0x0000000081400000, 0x0000000081400000| Complete 
|  20|0x0000000081400000, 0x0000000081500000, 0x0000000081500000|100%|HC|  |TAMS 0x0000000081500000, 0x0000000081500000| Complete 
|  21|0x0000000081500000, 0x0000000081600000, 0x0000000081600000|100%|HC|  |TAMS 0x0000000081600000, 0x0000000081600000| Complete 
|  22|0x0000000081600000, 0x0000000081700000, 0x0000000081700000|100%|HS|  |TAMS 0x0000000081700000, 0x0000000081700000| Complete 
|  23|0x0000000081700000, 0x0000000081800000, 0x0000000081800000|100%|HC|  |TAMS 0x0000000081800000, 0x0000000081800000| Complete 
|  24|0x0000000081800000, 0x0000000081900000, 0x0000000081900000|100%|HC|  |TAMS 0x0000000081900000, 0x0000000081900000| Complete 
|  25|0x0000000081900000, 0x0000000081a00000, 0x0000000081a00000|100%| O|  |TAMS 0x0000000081a00000, 0x0000000081a00000| Untracked 
|  26|0x0000000081a00000, 0x0000000081b00000, 0x0000000081b00000|100%|HS|  |TAMS 0x0000000081b00000, 0x0000000081b00000| Complete 
|  27|0x0000000081b00000, 0x0000000081c00000, 0x0000000081c00000|100%|HC|  |TAMS 0x0000000081c00000, 0x0000000081c00000| Complete 
|  28|0x0000000081c00000, 0x0000000081d00000, 0x0000000081d00000|100%| O|  |TAMS 0x0000000081d00000, 0x0000000081d00000| Untracked 
|  29|0x0000000081d00000, 0x0000000081e00000, 0x0000000081e00000|100%| O|  |TAMS 0x0000000081e00000, 0x0000000081e00000| Untracked 
|  30|0x0000000081e00000, 0x0000000081f00000, 0x0000000081f00000|100%| O|  |TAMS 0x0000000081f00000, 0x0000000081f00000| Untracked 
|  31|0x0000000081f00000, 0x0000000082000000, 0x0000000082000000|100%| O|  |TAMS 0x0000000082000000, 0x0000000082000000| Untracked 
|  32|0x0000000082000000, 0x0000000082100000, 0x0000000082100000|100%| O|  |TAMS 0x0000000082100000, 0x0000000082100000| Untracked 
|  33|0x0000000082100000, 0x0000000082200000, 0x0000000082200000|100%| O|  |TAMS 0x0000000082200000, 0x0000000082200000| Untracked 
|  34|0x0000000082200000, 0x0000000082300000, 0x0000000082300000|100%| O|  |TAMS 0x0000000082300000, 0x0000000082300000| Untracked 
|  35|0x0000000082300000, 0x0000000082400000, 0x0000000082400000|100%|HS|  |TAMS 0x0000000082400000, 0x0000000082400000| Complete 
|  36|0x0000000082400000, 0x0000000082500000, 0x0000000082500000|100%|HC|  |TAMS 0x0000000082500000, 0x0000000082500000| Complete 
|  37|0x0000000082500000, 0x0000000082600000, 0x0000000082600000|100%|HS|  |TAMS 0x0000000082600000, 0x0000000082600000| Complete 
|  38|0x0000000082600000, 0x0000000082700000, 0x0000000082700000|100%|HC|  |TAMS 0x0000000082700000, 0x0000000082700000| Complete 
|  39|0x0000000082700000, 0x0000000082800000, 0x0000000082800000|100%|HC|  |TAMS 0x0000000082800000, 0x0000000082800000| Complete 
|  40|0x0000000082800000, 0x0000000082900000, 0x0000000082900000|100%|HC|  |TAMS 0x0000000082900000, 0x0000000082900000| Complete 
|  41|0x0000000082900000, 0x0000000082a00000, 0x0000000082a00000|100%|HC|  |TAMS 0x0000000082a00000, 0x0000000082a00000| Complete 
|  42|0x0000000082a00000, 0x0000000082b00000, 0x0000000082b00000|100%| O|  |TAMS 0x0000000082b00000, 0x0000000082b00000| Untracked 
|  43|0x0000000082b00000, 0x0000000082c00000, 0x0000000082c00000|100%| O|  |TAMS 0x0000000082c00000, 0x0000000082c00000| Untracked 
|  44|0x0000000082c00000, 0x0000000082d00000, 0x0000000082d00000|100%| O|  |TAMS 0x0000000082d00000, 0x0000000082d00000| Untracked 
|  45|0x0000000082d00000, 0x0000000082e00000, 0x0000000082e00000|100%| O|  |TAMS 0x0000000082e00000, 0x0000000082e00000| Untracked 
|  46|0x0000000082e00000, 0x0000000082f00000, 0x0000000082f00000|100%| O|  |TAMS 0x0000000082f00000, 0x0000000082f00000| Untracked 
|  47|0x0000000082f00000, 0x0000000083000000, 0x0000000083000000|100%| O|  |TAMS 0x0000000083000000, 0x0000000083000000| Untracked 
|  48|0x0000000083000000, 0x0000000083100000, 0x0000000083100000|100%| O|  |TAMS 0x0000000083100000, 0x0000000083100000| Untracked 
|  49|0x0000000083100000, 0x0000000083200000, 0x0000000083200000|100%| O|  |TAMS 0x0000000083200000, 0x0000000083200000| Untracked 
|  50|0x0000000083200000, 0x0000000083300000, 0x0000000083300000|100%| O|  |TAMS 0x0000000083300000, 0x0000000083300000| Untracked 
|  51|0x0000000083300000, 0x0000000083400000, 0x0000000083400000|100%|HS|  |TAMS 0x0000000083400000, 0x0000000083400000| Complete 
|  52|0x0000000083400000, 0x0000000083500000, 0x0000000083500000|100%|HC|  |TAMS 0x0000000083500000, 0x0000000083500000| Complete 
|  53|0x0000000083500000, 0x0000000083600000, 0x0000000083600000|100%|HC|  |TAMS 0x0000000083600000, 0x0000000083600000| Complete 
|  54|0x0000000083600000, 0x0000000083700000, 0x0000000083700000|100%|HC|  |TAMS 0x0000000083700000, 0x0000000083700000| Complete 
|  55|0x0000000083700000, 0x0000000083800000, 0x0000000083800000|100%|HC|  |TAMS 0x0000000083800000, 0x0000000083800000| Complete 
|  56|0x0000000083800000, 0x0000000083900000, 0x0000000083900000|100%|HC|  |TAMS 0x0000000083900000, 0x0000000083900000| Complete 
|  57|0x0000000083900000, 0x0000000083a00000, 0x0000000083a00000|100%|HC|  |TAMS 0x0000000083a00000, 0x0000000083a00000| Complete 
|  58|0x0000000083a00000, 0x0000000083b00000, 0x0000000083b00000|100%|HC|  |TAMS 0x0000000083b00000, 0x0000000083b00000| Complete 
|  59|0x0000000083b00000, 0x0000000083c00000, 0x0000000083c00000|100%|HC|  |TAMS 0x0000000083c00000, 0x0000000083c00000| Complete 
|  60|0x0000000083c00000, 0x0000000083d00000, 0x0000000083d00000|100%|HC|  |TAMS 0x0000000083d00000, 0x0000000083d00000| Complete 
|  61|0x0000000083d00000, 0x0000000083e00000, 0x0000000083e00000|100%| O|  |TAMS 0x0000000083e00000, 0x0000000083e00000| Untracked 
|  62|0x0000000083e00000, 0x0000000083f00000, 0x0000000083f00000|100%| O|  |TAMS 0x0000000083f00000, 0x0000000083f00000| Untracked 
|  63|0x0000000083f00000, 0x0000000084000000, 0x0000000084000000|100%|HS|  |TAMS 0x0000000084000000, 0x0000000084000000| Complete 
|  64|0x0000000084000000, 0x0000000084100000, 0x0000000084100000|100%|HC|  |TAMS 0x0000000084100000, 0x0000000084100000| Complete 
|  65|0x0000000084100000, 0x0000000084200000, 0x0000000084200000|100%|HC|  |TAMS 0x0000000084200000, 0x0000000084200000| Complete 
|  66|0x0000000084200000, 0x0000000084300000, 0x0000000084300000|100%|HC|  |TAMS 0x0000000084300000, 0x0000000084300000| Complete 
|  67|0x0000000084300000, 0x0000000084400000, 0x0000000084400000|100%|HC|  |TAMS 0x0000000084400000, 0x0000000084400000| Complete 
|  68|0x0000000084400000, 0x0000000084500000, 0x0000000084500000|100%|HC|  |TAMS 0x0000000084500000, 0x0000000084500000| Complete 
|  69|0x0000000084500000, 0x0000000084600000, 0x0000000084600000|100%|HC|  |TAMS 0x0000000084600000, 0x0000000084600000| Complete 
|  70|0x0000000084600000, 0x0000000084700000, 0x0000000084700000|100%|HC|  |TAMS 0x0000000084700000, 0x0000000084700000| Complete 
|  71|0x0000000084700000, 0x0000000084800000, 0x0000000084800000|100%|HC|  |TAMS 0x0000000084800000, 0x0000000084800000| Complete 
|  72|0x0000000084800000, 0x0000000084900000, 0x0000000084900000|100%|HC|  |TAMS 0x0000000084900000, 0x0000000084900000| Complete 
|  73|0x0000000084900000, 0x0000000084a00000, 0x0000000084a00000|100%|HS|  |TAMS 0x0000000084a00000, 0x0000000084a00000| Complete 
|  74|0x0000000084a00000, 0x0000000084b00000, 0x0000000084b00000|100%|HC|  |TAMS 0x0000000084b00000, 0x0000000084b00000| Complete 
|  75|0x0000000084b00000, 0x0000000084c00000, 0x0000000084c00000|100%|HS|  |TAMS 0x0000000084c00000, 0x0000000084c00000| Complete 
|  76|0x0000000084c00000, 0x0000000084d00000, 0x0000000084d00000|100%|HC|  |TAMS 0x0000000084d00000, 0x0000000084d00000| Complete 
|  77|0x0000000084d00000, 0x0000000084e00000, 0x0000000084e00000|100%|HC|  |TAMS 0x0000000084e00000, 0x0000000084e00000| Complete 
|  78|0x0000000084e00000, 0x0000000084f00000, 0x0000000084f00000|100%| O|  |TAMS 0x0000000084f00000, 0x0000000084f00000| Untracked 
|  79|0x0000000084f00000, 0x0000000085000000, 0x0000000085000000|100%| O|  |TAMS 0x0000000085000000, 0x0000000085000000| Untracked 
|  80|0x0000000085000000, 0x0000000085100000, 0x0000000085100000|100%|HS|  |TAMS 0x0000000085100000, 0x0000000085100000| Complete 
|  81|0x0000000085100000, 0x0000000085200000, 0x0000000085200000|100%|HC|  |TAMS 0x0000000085200000, 0x0000000085200000| Complete 
|  82|0x0000000085200000, 0x0000000085300000, 0x0000000085300000|100%|HS|  |TAMS 0x0000000085300000, 0x0000000085300000| Complete 
|  83|0x0000000085300000, 0x0000000085400000, 0x0000000085400000|100%|HC|  |TAMS 0x0000000085400000, 0x0000000085400000| Complete 
|  84|0x0000000085400000, 0x0000000085500000, 0x0000000085500000|100%|HC|  |TAMS 0x0000000085500000, 0x0000000085500000| Complete 
|  85|0x0000000085500000, 0x0000000085600000, 0x0000000085600000|100%| O|  |TAMS 0x0000000085600000, 0x0000000085600000| Untracked 
|  86|0x0000000085600000, 0x0000000085700000, 0x0000000085700000|100%| O|  |TAMS 0x0000000085700000, 0x0000000085700000| Untracked 
|  87|0x0000000085700000, 0x0000000085800000, 0x0000000085800000|100%| O|  |TAMS 0x0000000085800000, 0x0000000085800000| Untracked 
|  88|0x0000000085800000, 0x0000000085900000, 0x0000000085900000|100%| O|  |TAMS 0x0000000085900000, 0x0000000085900000| Untracked 
|  89|0x0000000085900000, 0x0000000085a00000, 0x0000000085a00000|100%| O|  |TAMS 0x0000000085a00000, 0x0000000085a00000| Untracked 
|  90|0x0000000085a00000, 0x0000000085b00000, 0x0000000085b00000|100%|HS|  |TAMS 0x0000000085b00000, 0x0000000085b00000| Complete 
|  91|0x0000000085b00000, 0x0000000085c00000, 0x0000000085c00000|100%|HC|  |TAMS 0x0000000085c00000, 0x0000000085c00000| Complete 
|  92|0x0000000085c00000, 0x0000000085d00000, 0x0000000085d00000|100%|HC|  |TAMS 0x0000000085d00000, 0x0000000085d00000| Complete 
|  93|0x0000000085d00000, 0x0000000085e00000, 0x0000000085e00000|100%|HC|  |TAMS 0x0000000085e00000, 0x0000000085e00000| Complete 
|  94|0x0000000085e00000, 0x0000000085f00000, 0x0000000085f00000|100%|HC|  |TAMS 0x0000000085f00000, 0x0000000085f00000| Complete 
|  95|0x0000000085f00000, 0x0000000086000000, 0x0000000086000000|100%| O|  |TAMS 0x0000000086000000, 0x0000000086000000| Untracked 
|  96|0x0000000086000000, 0x0000000086100000, 0x0000000086100000|100%| O|  |TAMS 0x0000000086100000, 0x0000000086100000| Untracked 
|  97|0x0000000086100000, 0x0000000086200000, 0x0000000086200000|100%| O|  |TAMS 0x0000000086200000, 0x0000000086200000| Untracked 
|  98|0x0000000086200000, 0x0000000086300000, 0x0000000086300000|100%|HS|  |TAMS 0x0000000086300000, 0x0000000086300000| Complete 
|  99|0x0000000086300000, 0x0000000086400000, 0x0000000086400000|100%|HS|  |TAMS 0x0000000086400000, 0x0000000086400000| Complete 
| 100|0x0000000086400000, 0x0000000086500000, 0x0000000086500000|100%|HS|  |TAMS 0x0000000086500000, 0x0000000086500000| Complete 
| 101|0x0000000086500000, 0x0000000086600000, 0x0000000086600000|100%|HS|  |TAMS 0x0000000086600000, 0x0000000086600000| Complete 
| 102|0x0000000086600000, 0x0000000086700000, 0x0000000086700000|100%|HC|  |TAMS 0x0000000086700000, 0x0000000086700000| Complete 
| 103|0x0000000086700000, 0x0000000086800000, 0x0000000086800000|100%|HC|  |TAMS 0x0000000086800000, 0x0000000086800000| Complete 
| 104|0x0000000086800000, 0x0000000086900000, 0x0000000086900000|100%| O|  |TAMS 0x0000000086900000, 0x0000000086900000| Untracked 
| 105|0x0000000086900000, 0x0000000086a00000, 0x0000000086a00000|100%| O|  |TAMS 0x0000000086a00000, 0x0000000086a00000| Untracked 
| 106|0x0000000086a00000, 0x0000000086b00000, 0x0000000086b00000|100%| O|  |TAMS 0x0000000086b00000, 0x0000000086b00000| Untracked 
| 107|0x0000000086b00000, 0x0000000086c00000, 0x0000000086c00000|100%| O|  |TAMS 0x0000000086c00000, 0x0000000086c00000| Untracked 
| 108|0x0000000086c00000, 0x0000000086d00000, 0x0000000086d00000|100%| O|  |TAMS 0x0000000086d00000, 0x0000000086d00000| Untracked 
| 109|0x0000000086d00000, 0x0000000086e00000, 0x0000000086e00000|100%| O|  |TAMS 0x0000000086e00000, 0x0000000086e00000| Untracked 
| 110|0x0000000086e00000, 0x0000000086f00000, 0x0000000086f00000|100%| O|  |TAMS 0x0000000086f00000, 0x0000000086f00000| Untracked 
| 111|0x0000000086f00000, 0x0000000087000000, 0x0000000087000000|100%| O|  |TAMS 0x0000000087000000, 0x0000000087000000| Untracked 
| 112|0x0000000087000000, 0x0000000087100000, 0x0000000087100000|100%| O|  |TAMS 0x0000000087100000, 0x0000000087100000| Untracked 
| 113|0x0000000087100000, 0x0000000087200000, 0x0000000087200000|100%| O|  |TAMS 0x0000000087200000, 0x0000000087200000| Untracked 
| 114|0x0000000087200000, 0x0000000087300000, 0x0000000087300000|100%| O|  |TAMS 0x0000000087300000, 0x0000000087300000| Untracked 
| 115|0x0000000087300000, 0x0000000087400000, 0x0000000087400000|100%| O|  |TAMS 0x0000000087400000, 0x0000000087400000| Untracked 
| 116|0x0000000087400000, 0x0000000087500000, 0x0000000087500000|100%| O|  |TAMS 0x0000000087500000, 0x0000000087500000| Untracked 
| 117|0x0000000087500000, 0x0000000087600000, 0x0000000087600000|100%| O|  |TAMS 0x0000000087600000, 0x0000000087600000| Untracked 
| 118|0x0000000087600000, 0x0000000087700000, 0x0000000087700000|100%| O|  |TAMS 0x0000000087700000, 0x0000000087700000| Untracked 
| 119|0x0000000087700000, 0x0000000087800000, 0x0000000087800000|100%| O|  |TAMS 0x0000000087800000, 0x0000000087800000| Untracked 
| 120|0x0000000087800000, 0x0000000087900000, 0x0000000087900000|100%| O|  |TAMS 0x0000000087900000, 0x0000000087900000| Untracked 
| 121|0x0000000087900000, 0x0000000087a00000, 0x0000000087a00000|100%| O|  |TAMS 0x0000000087a00000, 0x0000000087a00000| Untracked 
| 122|0x0000000087a00000, 0x0000000087b00000, 0x0000000087b00000|100%| O|  |TAMS 0x0000000087b00000, 0x0000000087b00000| Untracked 
| 123|0x0000000087b00000, 0x0000000087c00000, 0x0000000087c00000|100%| O|  |TAMS 0x0000000087c00000, 0x0000000087c00000| Untracked 
| 124|0x0000000087c00000, 0x0000000087d00000, 0x0000000087d00000|100%| O|  |TAMS 0x0000000087d00000, 0x0000000087d00000| Untracked 
| 125|0x0000000087d00000, 0x0000000087e00000, 0x0000000087e00000|100%| O|  |TAMS 0x0000000087e00000, 0x0000000087e00000| Untracked 
| 126|0x0000000087e00000, 0x0000000087f00000, 0x0000000087f00000|100%| O|  |TAMS 0x0000000087f00000, 0x0000000087f00000| Untracked 
| 127|0x0000000087f00000, 0x0000000088000000, 0x0000000088000000|100%| O|  |TAMS 0x0000000088000000, 0x0000000088000000| Untracked 
| 128|0x0000000088000000, 0x0000000088100000, 0x0000000088100000|100%| O|  |TAMS 0x0000000088100000, 0x0000000088100000| Untracked 
| 129|0x0000000088100000, 0x0000000088200000, 0x0000000088200000|100%| O|  |TAMS 0x0000000088200000, 0x0000000088200000| Untracked 
| 130|0x0000000088200000, 0x0000000088300000, 0x0000000088300000|100%| O|  |TAMS 0x0000000088300000, 0x0000000088300000| Untracked 
| 131|0x0000000088300000, 0x0000000088400000, 0x0000000088400000|100%| O|  |TAMS 0x0000000088400000, 0x0000000088400000| Untracked 
| 132|0x0000000088400000, 0x0000000088500000, 0x0000000088500000|100%|HS|  |TAMS 0x0000000088500000, 0x0000000088500000| Complete 
| 133|0x0000000088500000, 0x0000000088600000, 0x0000000088600000|100%|HC|  |TAMS 0x0000000088600000, 0x0000000088600000| Complete 
| 134|0x0000000088600000, 0x0000000088700000, 0x0000000088700000|100%|HS|  |TAMS 0x0000000088700000, 0x0000000088700000| Complete 
| 135|0x0000000088700000, 0x0000000088800000, 0x0000000088800000|100%|HC|  |TAMS 0x0000000088800000, 0x0000000088800000| Complete 
| 136|0x0000000088800000, 0x0000000088900000, 0x0000000088900000|100%|HC|  |TAMS 0x0000000088900000, 0x0000000088900000| Complete 
| 137|0x0000000088900000, 0x0000000088a00000, 0x0000000088a00000|100%|HS|  |TAMS 0x0000000088a00000, 0x0000000088a00000| Complete 
| 138|0x0000000088a00000, 0x0000000088b00000, 0x0000000088b00000|100%|HC|  |TAMS 0x0000000088b00000, 0x0000000088b00000| Complete 
| 139|0x0000000088b00000, 0x0000000088c00000, 0x0000000088c00000|100%|HC|  |TAMS 0x0000000088c00000, 0x0000000088c00000| Complete 
| 140|0x0000000088c00000, 0x0000000088d00000, 0x0000000088d00000|100%|HS|  |TAMS 0x0000000088d00000, 0x0000000088d00000| Complete 
| 141|0x0000000088d00000, 0x0000000088e00000, 0x0000000088e00000|100%|HC|  |TAMS 0x0000000088e00000, 0x0000000088e00000| Complete 
| 142|0x0000000088e00000, 0x0000000088f00000, 0x0000000088f00000|100%|HS|  |TAMS 0x0000000088f00000, 0x0000000088f00000| Complete 
| 143|0x0000000088f00000, 0x0000000089000000, 0x0000000089000000|100%|HC|  |TAMS 0x0000000089000000, 0x0000000089000000| Complete 
| 144|0x0000000089000000, 0x0000000089100000, 0x0000000089100000|100%|HC|  |TAMS 0x0000000089100000, 0x0000000089100000| Complete 
| 145|0x0000000089100000, 0x0000000089200000, 0x0000000089200000|100%|HC|  |TAMS 0x0000000089200000, 0x0000000089200000| Complete 
| 146|0x0000000089200000, 0x0000000089300000, 0x0000000089300000|100%|HC|  |TAMS 0x0000000089300000, 0x0000000089300000| Complete 
| 147|0x0000000089300000, 0x0000000089400000, 0x0000000089400000|100%| O|  |TAMS 0x0000000089400000, 0x0000000089400000| Untracked 
| 148|0x0000000089400000, 0x0000000089500000, 0x0000000089500000|100%|HS|  |TAMS 0x0000000089500000, 0x0000000089500000| Complete 
| 149|0x0000000089500000, 0x0000000089600000, 0x0000000089600000|100%|HC|  |TAMS 0x0000000089600000, 0x0000000089600000| Complete 
| 150|0x0000000089600000, 0x0000000089700000, 0x0000000089700000|100%|HC|  |TAMS 0x0000000089700000, 0x0000000089700000| Complete 
| 151|0x0000000089700000, 0x0000000089800000, 0x0000000089800000|100%|HC|  |TAMS 0x0000000089800000, 0x0000000089800000| Complete 
| 152|0x0000000089800000, 0x0000000089900000, 0x0000000089900000|100%|HC|  |TAMS 0x0000000089900000, 0x0000000089900000| Complete 
| 153|0x0000000089900000, 0x0000000089a00000, 0x0000000089a00000|100%|HC|  |TAMS 0x0000000089a00000, 0x0000000089a00000| Complete 
| 154|0x0000000089a00000, 0x0000000089b00000, 0x0000000089b00000|100%|HC|  |TAMS 0x0000000089b00000, 0x0000000089b00000| Complete 
| 155|0x0000000089b00000, 0x0000000089c00000, 0x0000000089c00000|100%|HC|  |TAMS 0x0000000089c00000, 0x0000000089c00000| Complete 
| 156|0x0000000089c00000, 0x0000000089d00000, 0x0000000089d00000|100%|HC|  |TAMS 0x0000000089d00000, 0x0000000089d00000| Complete 
| 157|0x0000000089d00000, 0x0000000089e00000, 0x0000000089e00000|100%|HC|  |TAMS 0x0000000089e00000, 0x0000000089e00000| Complete 
| 158|0x0000000089e00000, 0x0000000089f00000, 0x0000000089f00000|100%|HS|  |TAMS 0x0000000089f00000, 0x0000000089f00000| Complete 
| 159|0x0000000089f00000, 0x000000008a000000, 0x000000008a000000|100%|HC|  |TAMS 0x000000008a000000, 0x000000008a000000| Complete 
| 160|0x000000008a000000, 0x000000008a100000, 0x000000008a100000|100%| O|  |TAMS 0x000000008a100000, 0x000000008a100000| Untracked 
| 161|0x000000008a100000, 0x000000008a200000, 0x000000008a200000|100%| O|  |TAMS 0x000000008a200000, 0x000000008a200000| Untracked 
| 162|0x000000008a200000, 0x000000008a300000, 0x000000008a300000|100%| O|  |TAMS 0x000000008a300000, 0x000000008a300000| Untracked 
| 163|0x000000008a300000, 0x000000008a400000, 0x000000008a400000|100%| O|  |TAMS 0x000000008a400000, 0x000000008a400000| Untracked 
| 164|0x000000008a400000, 0x000000008a500000, 0x000000008a500000|100%| O|  |TAMS 0x000000008a500000, 0x000000008a500000| Untracked 
| 165|0x000000008a500000, 0x000000008a600000, 0x000000008a600000|100%| O|  |TAMS 0x000000008a600000, 0x000000008a600000| Untracked 
| 166|0x000000008a600000, 0x000000008a700000, 0x000000008a700000|100%| O|  |TAMS 0x000000008a700000, 0x000000008a700000| Untracked 
| 167|0x000000008a700000, 0x000000008a800000, 0x000000008a800000|100%| O|  |TAMS 0x000000008a800000, 0x000000008a800000| Untracked 
| 168|0x000000008a800000, 0x000000008a900000, 0x000000008a900000|100%| O|  |TAMS 0x000000008a900000, 0x000000008a900000| Untracked 
| 169|0x000000008a900000, 0x000000008aa00000, 0x000000008aa00000|100%| O|  |TAMS 0x000000008aa00000, 0x000000008aa00000| Untracked 
| 170|0x000000008aa00000, 0x000000008ab00000, 0x000000008ab00000|100%| O|  |TAMS 0x000000008ab00000, 0x000000008ab00000| Untracked 
| 171|0x000000008ab00000, 0x000000008ac00000, 0x000000008ac00000|100%| O|  |TAMS 0x000000008ac00000, 0x000000008ac00000| Untracked 
| 172|0x000000008ac00000, 0x000000008ad00000, 0x000000008ad00000|100%| O|  |TAMS 0x000000008ad00000, 0x000000008ad00000| Untracked 
| 173|0x000000008ad00000, 0x000000008ae00000, 0x000000008ae00000|100%| O|  |TAMS 0x000000008ae00000, 0x000000008ae00000| Untracked 
| 174|0x000000008ae00000, 0x000000008af00000, 0x000000008af00000|100%| O|  |TAMS 0x000000008af00000, 0x000000008af00000| Untracked 
| 175|0x000000008af00000, 0x000000008b000000, 0x000000008b000000|100%| O|  |TAMS 0x000000008b000000, 0x000000008b000000| Untracked 
| 176|0x000000008b000000, 0x000000008b100000, 0x000000008b100000|100%| O|  |TAMS 0x000000008b100000, 0x000000008b100000| Untracked 
| 177|0x000000008b100000, 0x000000008b200000, 0x000000008b200000|100%| O|  |TAMS 0x000000008b200000, 0x000000008b200000| Untracked 
| 178|0x000000008b200000, 0x000000008b300000, 0x000000008b300000|100%| O|  |TAMS 0x000000008b300000, 0x000000008b300000| Untracked 
| 179|0x000000008b300000, 0x000000008b400000, 0x000000008b400000|100%| O|  |TAMS 0x000000008b400000, 0x000000008b400000| Untracked 
| 180|0x000000008b400000, 0x000000008b500000, 0x000000008b500000|100%| O|  |TAMS 0x000000008b500000, 0x000000008b500000| Untracked 
| 181|0x000000008b500000, 0x000000008b600000, 0x000000008b600000|100%| O|  |TAMS 0x000000008b600000, 0x000000008b600000| Untracked 
| 182|0x000000008b600000, 0x000000008b700000, 0x000000008b700000|100%| O|  |TAMS 0x000000008b700000, 0x000000008b700000| Untracked 
| 183|0x000000008b700000, 0x000000008b800000, 0x000000008b800000|100%| O|  |TAMS 0x000000008b800000, 0x000000008b800000| Untracked 
| 184|0x000000008b800000, 0x000000008b900000, 0x000000008b900000|100%| O|  |TAMS 0x000000008b900000, 0x000000008b900000| Untracked 
| 185|0x000000008b900000, 0x000000008ba00000, 0x000000008ba00000|100%| O|  |TAMS 0x000000008ba00000, 0x000000008ba00000| Untracked 
| 186|0x000000008ba00000, 0x000000008bb00000, 0x000000008bb00000|100%| O|  |TAMS 0x000000008bb00000, 0x000000008bb00000| Untracked 
| 187|0x000000008bb00000, 0x000000008bc00000, 0x000000008bc00000|100%| O|  |TAMS 0x000000008bc00000, 0x000000008bc00000| Untracked 
| 188|0x000000008bc00000, 0x000000008bd00000, 0x000000008bd00000|100%| O|  |TAMS 0x000000008bd00000, 0x000000008bd00000| Untracked 
| 189|0x000000008bd00000, 0x000000008be00000, 0x000000008be00000|100%| O|  |TAMS 0x000000008be00000, 0x000000008be00000| Untracked 
| 190|0x000000008be00000, 0x000000008bf00000, 0x000000008bf00000|100%| O|  |TAMS 0x000000008bf00000, 0x000000008bf00000| Untracked 
| 191|0x000000008bf00000, 0x000000008c000000, 0x000000008c000000|100%| O|  |TAMS 0x000000008c000000, 0x000000008c000000| Untracked 
| 192|0x000000008c000000, 0x000000008c100000, 0x000000008c100000|100%| O|  |TAMS 0x000000008c100000, 0x000000008c100000| Untracked 
| 193|0x000000008c100000, 0x000000008c200000, 0x000000008c200000|100%| O|  |TAMS 0x000000008c200000, 0x000000008c200000| Untracked 
| 194|0x000000008c200000, 0x000000008c300000, 0x000000008c300000|100%| O|  |TAMS 0x000000008c300000, 0x000000008c300000| Untracked 
| 195|0x000000008c300000, 0x000000008c400000, 0x000000008c400000|100%| O|  |TAMS 0x000000008c400000, 0x000000008c400000| Untracked 
| 196|0x000000008c400000, 0x000000008c500000, 0x000000008c500000|100%| O|  |TAMS 0x000000008c500000, 0x000000008c500000| Untracked 
| 197|0x000000008c500000, 0x000000008c600000, 0x000000008c600000|100%| O|  |TAMS 0x000000008c600000, 0x000000008c600000| Untracked 
| 198|0x000000008c600000, 0x000000008c700000, 0x000000008c700000|100%| O|  |TAMS 0x000000008c700000, 0x000000008c700000| Untracked 
| 199|0x000000008c700000, 0x000000008c800000, 0x000000008c800000|100%| O|  |TAMS 0x000000008c800000, 0x000000008c800000| Untracked 
| 200|0x000000008c800000, 0x000000008c900000, 0x000000008c900000|100%| O|  |TAMS 0x000000008c900000, 0x000000008c900000| Untracked 
| 201|0x000000008c900000, 0x000000008ca00000, 0x000000008ca00000|100%| O|  |TAMS 0x000000008ca00000, 0x000000008ca00000| Untracked 
| 202|0x000000008ca00000, 0x000000008cb00000, 0x000000008cb00000|100%| O|  |TAMS 0x000000008cb00000, 0x000000008cb00000| Untracked 
| 203|0x000000008cb00000, 0x000000008cc00000, 0x000000008cc00000|100%| O|  |TAMS 0x000000008cc00000, 0x000000008cc00000| Untracked 
| 204|0x000000008cc00000, 0x000000008cd00000, 0x000000008cd00000|100%| O|  |TAMS 0x000000008cd00000, 0x000000008cd00000| Untracked 
| 205|0x000000008cd00000, 0x000000008ce00000, 0x000000008ce00000|100%| O|  |TAMS 0x000000008ce00000, 0x000000008ce00000| Untracked 
| 206|0x000000008ce00000, 0x000000008cf00000, 0x000000008cf00000|100%| O|  |TAMS 0x000000008cf00000, 0x000000008cf00000| Untracked 
| 207|0x000000008cf00000, 0x000000008d000000, 0x000000008d000000|100%| O|  |TAMS 0x000000008d000000, 0x000000008d000000| Untracked 
| 208|0x000000008d000000, 0x000000008d100000, 0x000000008d100000|100%| O|  |TAMS 0x000000008d100000, 0x000000008d100000| Untracked 
| 209|0x000000008d100000, 0x000000008d200000, 0x000000008d200000|100%| O|  |TAMS 0x000000008d200000, 0x000000008d200000| Untracked 
| 210|0x000000008d200000, 0x000000008d300000, 0x000000008d300000|100%| O|  |TAMS 0x000000008d300000, 0x000000008d300000| Untracked 
| 211|0x000000008d300000, 0x000000008d400000, 0x000000008d400000|100%| O|  |TAMS 0x000000008d400000, 0x000000008d400000| Untracked 
| 212|0x000000008d400000, 0x000000008d500000, 0x000000008d500000|100%| O|  |TAMS 0x000000008d500000, 0x000000008d500000| Untracked 
| 213|0x000000008d500000, 0x000000008d600000, 0x000000008d600000|100%| O|  |TAMS 0x000000008d600000, 0x000000008d600000| Untracked 
| 214|0x000000008d600000, 0x000000008d700000, 0x000000008d700000|100%| O|  |TAMS 0x000000008d700000, 0x000000008d700000| Untracked 
| 215|0x000000008d700000, 0x000000008d800000, 0x000000008d800000|100%| O|  |TAMS 0x000000008d800000, 0x000000008d800000| Untracked 
| 216|0x000000008d800000, 0x000000008d900000, 0x000000008d900000|100%| O|  |TAMS 0x000000008d900000, 0x000000008d900000| Untracked 
| 217|0x000000008d900000, 0x000000008da00000, 0x000000008da00000|100%| O|  |TAMS 0x000000008d97e200, 0x000000008da00000| Untracked 
| 218|0x000000008da00000, 0x000000008db00000, 0x000000008db00000|100%|HS|  |TAMS 0x000000008da00000, 0x000000008db00000| Complete 
| 219|0x000000008db00000, 0x000000008dc00000, 0x000000008dc00000|100%|HC|  |TAMS 0x000000008db00000, 0x000000008dc00000| Complete 
| 220|0x000000008dc00000, 0x000000008dd00000, 0x000000008dd00000|100%|HS|  |TAMS 0x000000008dc00000, 0x000000008dd00000| Complete 
| 221|0x000000008dd00000, 0x000000008de00000, 0x000000008de00000|100%|HS|  |TAMS 0x000000008dd00000, 0x000000008de00000| Complete 
| 222|0x000000008de00000, 0x000000008df00000, 0x000000008df00000|100%|HS|  |TAMS 0x000000008de00000, 0x000000008df00000| Complete 
| 223|0x000000008df00000, 0x000000008e000000, 0x000000008e000000|100%|HS|  |TAMS 0x000000008df00000, 0x000000008e000000| Complete 
| 224|0x000000008e000000, 0x000000008e100000, 0x000000008e100000|100%|HC|  |TAMS 0x000000008e000000, 0x000000008e100000| Complete 
| 225|0x000000008e100000, 0x000000008e200000, 0x000000008e200000|100%|HS|  |TAMS 0x000000008e100000, 0x000000008e200000| Complete 
| 226|0x000000008e200000, 0x000000008e300000, 0x000000008e300000|100%|HC|  |TAMS 0x000000008e200000, 0x000000008e300000| Complete 
| 227|0x000000008e300000, 0x000000008e400000, 0x000000008e400000|100%|HC|  |TAMS 0x000000008e300000, 0x000000008e400000| Complete 
| 228|0x000000008e400000, 0x000000008e500000, 0x000000008e500000|100%|HS|  |TAMS 0x000000008e400000, 0x000000008e500000| Complete 
| 229|0x000000008e500000, 0x000000008e600000, 0x000000008e600000|100%|HS|  |TAMS 0x000000008e500000, 0x000000008e600000| Complete 
| 230|0x000000008e600000, 0x000000008e700000, 0x000000008e700000|100%|HC|  |TAMS 0x000000008e600000, 0x000000008e700000| Complete 
| 231|0x000000008e700000, 0x000000008e800000, 0x000000008e800000|100%| O|  |TAMS 0x000000008e700000, 0x000000008e800000| Untracked 
| 232|0x000000008e800000, 0x000000008e900000, 0x000000008e900000|100%| O|  |TAMS 0x000000008e800000, 0x000000008e900000| Untracked 
| 233|0x000000008e900000, 0x000000008ea00000, 0x000000008ea00000|100%| O|  |TAMS 0x000000008e900000, 0x000000008ea00000| Untracked 
| 234|0x000000008ea00000, 0x000000008eb00000, 0x000000008eb00000|100%| O|  |TAMS 0x000000008ea00000, 0x000000008eb00000| Untracked 
| 235|0x000000008eb00000, 0x000000008ec00000, 0x000000008ec00000|100%| O|  |TAMS 0x000000008eb00000, 0x000000008ec00000| Untracked 
| 236|0x000000008ec00000, 0x000000008ed00000, 0x000000008ed00000|100%| O|  |TAMS 0x000000008ec00000, 0x000000008ec41600| Untracked 
| 237|0x000000008ed00000, 0x000000008ed00000, 0x000000008ee00000|  0%| F|  |TAMS 0x000000008ed00000, 0x000000008ed00000| Untracked 
| 238|0x000000008ee00000, 0x000000008ee00000, 0x000000008ef00000|  0%| F|  |TAMS 0x000000008ee00000, 0x000000008ee00000| Untracked 
| 239|0x000000008ef00000, 0x000000008ef00000, 0x000000008f000000|  0%| F|  |TAMS 0x000000008ef00000, 0x000000008ef00000| Untracked 
| 240|0x000000008f000000, 0x000000008f100000, 0x000000008f100000|100%|HS|  |TAMS 0x000000008f000000, 0x000000008f000000| Complete 
| 241|0x000000008f100000, 0x000000008f200000, 0x000000008f200000|100%|HC|  |TAMS 0x000000008f100000, 0x000000008f100000| Complete 
| 242|0x000000008f200000, 0x000000008f200000, 0x000000008f300000|  0%| F|  |TAMS 0x000000008f200000, 0x000000008f200000| Untracked 
| 243|0x000000008f300000, 0x000000008f400000, 0x000000008f400000|100%|HS|  |TAMS 0x000000008f300000, 0x000000008f300000| Complete 
| 244|0x000000008f400000, 0x000000008f400000, 0x000000008f500000|  0%| F|  |TAMS 0x000000008f400000, 0x000000008f400000| Untracked 
| 245|0x000000008f500000, 0x000000008f600000, 0x000000008f600000|100%|HS|  |TAMS 0x000000008f500000, 0x000000008f500000| Complete 
| 246|0x000000008f600000, 0x000000008f600000, 0x000000008f700000|  0%| F|  |TAMS 0x000000008f600000, 0x000000008f600000| Untracked 
| 247|0x000000008f700000, 0x000000008f800000, 0x000000008f800000|100%|HS|  |TAMS 0x000000008f700000, 0x000000008f700000| Complete 
| 248|0x000000008f800000, 0x000000008f800000, 0x000000008f900000|  0%| F|  |TAMS 0x000000008f800000, 0x000000008f800000| Untracked 
| 249|0x000000008f900000, 0x000000008f900000, 0x000000008fa00000|  0%| F|  |TAMS 0x000000008f900000, 0x000000008f900000| Untracked 
| 250|0x000000008fa00000, 0x000000008fa00000, 0x000000008fb00000|  0%| F|  |TAMS 0x000000008fa00000, 0x000000008fa00000| Untracked 
| 251|0x000000008fb00000, 0x000000008fb00000, 0x000000008fc00000|  0%| F|  |TAMS 0x000000008fb00000, 0x000000008fb00000| Untracked 
| 252|0x000000008fc00000, 0x000000008fc00000, 0x000000008fd00000|  0%| F|  |TAMS 0x000000008fc00000, 0x000000008fc00000| Untracked 
| 253|0x000000008fd00000, 0x000000008fd00000, 0x000000008fe00000|  0%| F|  |TAMS 0x000000008fd00000, 0x000000008fd00000| Untracked 
| 254|0x000000008fe00000, 0x000000008fe00000, 0x000000008ff00000|  0%| F|  |TAMS 0x000000008fe00000, 0x000000008fe00000| Untracked 
| 255|0x000000008ff00000, 0x000000008ff00000, 0x0000000090000000|  0%| F|  |TAMS 0x000000008ff00000, 0x000000008ff00000| Untracked 
| 256|0x0000000090000000, 0x0000000090100000, 0x0000000090100000|100%|HS|  |TAMS 0x0000000090000000, 0x0000000090000000| Complete 
| 257|0x0000000090100000, 0x0000000090200000, 0x0000000090200000|100%|HC|  |TAMS 0x0000000090100000, 0x0000000090100000| Complete 
| 258|0x0000000090200000, 0x0000000090200000, 0x0000000090300000|  0%| F|  |TAMS 0x0000000090200000, 0x0000000090200000| Untracked 
| 259|0x0000000090300000, 0x0000000090300000, 0x0000000090400000|  0%| F|  |TAMS 0x0000000090300000, 0x0000000090300000| Untracked 
| 260|0x0000000090400000, 0x0000000090400000, 0x0000000090500000|  0%| F|  |TAMS 0x0000000090400000, 0x0000000090400000| Untracked 
| 261|0x0000000090500000, 0x0000000090500000, 0x0000000090600000|  0%| F|  |TAMS 0x0000000090500000, 0x0000000090500000| Untracked 
| 262|0x0000000090600000, 0x0000000090600000, 0x0000000090700000|  0%| F|  |TAMS 0x0000000090600000, 0x0000000090600000| Untracked 
| 263|0x0000000090700000, 0x0000000090800000, 0x0000000090800000|100%|HS|  |TAMS 0x0000000090700000, 0x0000000090700000| Complete 
| 264|0x0000000090800000, 0x0000000090900000, 0x0000000090900000|100%|HC|  |TAMS 0x0000000090800000, 0x0000000090800000| Complete 
| 265|0x0000000090900000, 0x0000000090a00000, 0x0000000090a00000|100%|HC|  |TAMS 0x0000000090900000, 0x0000000090900000| Complete 
| 266|0x0000000090a00000, 0x0000000090b00000, 0x0000000090b00000|100%| O|  |TAMS 0x0000000090a00000, 0x0000000090a00000| Untracked 
| 267|0x0000000090b00000, 0x0000000090c00000, 0x0000000090c00000|100%| S|CS|TAMS 0x0000000090b00000, 0x0000000090b00000| Complete 
| 268|0x0000000090c00000, 0x0000000090c00000, 0x0000000090d00000|  0%| F|  |TAMS 0x0000000090c00000, 0x0000000090c00000| Untracked 
| 269|0x0000000090d00000, 0x0000000090d00000, 0x0000000090e00000|  0%| F|  |TAMS 0x0000000090d00000, 0x0000000090d00000| Untracked 
| 270|0x0000000090e00000, 0x0000000090e00000, 0x0000000090f00000|  0%| F|  |TAMS 0x0000000090e00000, 0x0000000090e00000| Untracked 
| 271|0x0000000090f00000, 0x0000000090f00000, 0x0000000091000000|  0%| F|  |TAMS 0x0000000090f00000, 0x0000000090f00000| Untracked 
| 272|0x0000000091000000, 0x0000000091000000, 0x0000000091100000|  0%| F|  |TAMS 0x0000000091000000, 0x0000000091000000| Untracked 
| 273|0x0000000091100000, 0x0000000091100000, 0x0000000091200000|  0%| F|  |TAMS 0x0000000091100000, 0x0000000091100000| Untracked 
| 274|0x0000000091200000, 0x0000000091200000, 0x0000000091300000|  0%| F|  |TAMS 0x0000000091200000, 0x0000000091200000| Untracked 
| 275|0x0000000091300000, 0x0000000091300000, 0x0000000091400000|  0%| F|  |TAMS 0x0000000091300000, 0x0000000091300000| Untracked 
| 276|0x0000000091400000, 0x0000000091400000, 0x0000000091500000|  0%| F|  |TAMS 0x0000000091400000, 0x0000000091400000| Untracked 
| 277|0x0000000091500000, 0x0000000091600000, 0x0000000091600000|100%| O|  |TAMS 0x0000000091500000, 0x0000000091500000| Untracked 
| 278|0x0000000091600000, 0x0000000091700000, 0x0000000091700000|100%| O|  |TAMS 0x0000000091600000, 0x0000000091600000| Untracked 
| 279|0x0000000091700000, 0x0000000091800000, 0x0000000091800000|100%| O|  |TAMS 0x0000000091700000, 0x0000000091700000| Untracked 
| 280|0x0000000091800000, 0x0000000091900000, 0x0000000091900000|100%| S|CS|TAMS 0x0000000091800000, 0x0000000091800000| Complete 
| 281|0x0000000091900000, 0x0000000091984808, 0x0000000091a00000| 51%| O|  |TAMS 0x0000000091900000, 0x0000000091900000| Untracked 

Card table byte_map: [0x0000022871c90000,0x0000022872090000] _byte_map_base: 0x0000022871890000

Marking Bits (Prev, Next): (CMBitMap*) 0x000002286dda5f50, (CMBitMap*) 0x000002286dda5f18
 Prev Bits: [0x0000022874490000, 0x0000022876490000)
 Next Bits: [0x0000022872490000, 0x0000022874490000)

Polling page: 0x000002286bb90000

Metaspace:

Usage:
  Non-class:    108.21 MB capacity,   105.61 MB ( 98%) used,     2.18 MB (  2%) free+waste,   426.88 KB ( <1%) overhead. 
      Class:     16.44 MB capacity,    15.11 MB ( 92%) used,     1.14 MB (  7%) free+waste,   190.31 KB (  1%) overhead. 
       Both:    124.65 MB capacity,   120.72 MB ( 97%) used,     3.33 MB (  3%) free+waste,   617.19 KB ( <1%) overhead. 

Virtual space:
  Non-class space:      110.00 MB reserved,     108.42 MB ( 99%) committed 
      Class space:        1.00 GB reserved,      16.45 MB (  2%) committed 
             Both:        1.11 GB reserved,     124.87 MB ( 11%) committed 

Chunk freelists:
   Non-Class:  22.00 KB
       Class:  0 bytes
        Both:  22.00 KB

MaxMetaspaceSize: 17179869184.00 GB
CompressedClassSpaceSize: 1.00 GB
Initial GC threshold: 20.80 MB
Current GC threshold: 203.33 MB
CDS: off

CodeHeap 'non-profiled nmethods': size=120064Kb used=9930Kb max_used=9930Kb free=110133Kb
 bounds [0x0000022807ac0000, 0x0000022808480000, 0x000002280f000000]
CodeHeap 'profiled nmethods': size=120000Kb used=37777Kb max_used=37777Kb free=82222Kb
 bounds [0x0000022800590000, 0x0000022802a80000, 0x0000022807ac0000]
CodeHeap 'non-nmethods': size=5696Kb used=2483Kb max_used=2509Kb free=3212Kb
 bounds [0x0000022800000000, 0x0000022800280000, 0x0000022800590000]
 total_blobs=17813 nmethods=16793 adapters=933
 compilation: enabled
              stopped_count=0, restarted_count=0
 full_count=0

Compilation events (20 events):
Event: 243.987 Thread 0x0000022878994000 17195       4       com.android.tools.r8.dex.c::c (31 bytes)
Event: 244.038 Thread 0x0000022878994000 nmethod 17195 0x0000022808472190 code [0x0000022808472320, 0x0000022808472438]
Event: 244.058 Thread 0x0000022878994000 17198       4       java.util.Optional::isPresent (13 bytes)
Event: 244.059 Thread 0x0000022878994000 nmethod 17198 0x0000022808472610 code [0x00000228084727a0, 0x0000022808472818]
Event: 244.086 Thread 0x0000022878996000 17199       3       com.android.tools.r8.internal.jd::e (8 bytes)
Event: 244.086 Thread 0x0000022878996000 nmethod 17199 0x0000022802a71310 code [0x0000022802a714c0, 0x0000022802a715d8]
Event: 244.087 Thread 0x0000022878996000 17200       3       com.android.tools.r8.dex.k::<init> (47 bytes)
Event: 244.087 Thread 0x0000022878996000 nmethod 17200 0x0000022802a71690 code [0x0000022802a71840, 0x0000022802a719b8]
Event: 244.150 Thread 0x0000022878996000 17201       3       java.nio.HeapByteBuffer::get (15 bytes)
Event: 244.151 Thread 0x0000022878996000 nmethod 17201 0x0000022802a71a90 code [0x0000022802a71c60, 0x0000022802a71e38]
Event: 244.151 Thread 0x0000022878996000 17202 %     3       com.android.tools.r8.dex.i::j @ 35 (63 bytes)
Event: 244.152 Thread 0x0000022878996000 nmethod 17202% 0x0000022802a71f90 code [0x0000022802a721c0, 0x0000022802a72988]
Event: 244.153 Thread 0x0000022878996000 17203       3       com.android.tools.r8.internal.jd::a (9 bytes)
Event: 244.153 Thread 0x0000022878996000 nmethod 17203 0x0000022802a72d10 code [0x0000022802a72ec0, 0x0000022802a73088]
Event: 244.153 Thread 0x0000022878996000 17204       3       com.android.tools.r8.dex.i::j (63 bytes)
Event: 244.154 Thread 0x0000022878996000 nmethod 17204 0x0000022802a73190 code [0x0000022802a733c0, 0x0000022802a73b08]
Event: 244.172 Thread 0x0000022878996000 17205       3       java.lang.Math::ceil (5 bytes)
Event: 244.173 Thread 0x0000022878996000 nmethod 17205 0x0000022802a73e90 code [0x0000022802a74080, 0x0000022802a74208]
Event: 244.173 Thread 0x0000022878996000 17206       3       java.lang.Math::getExponent (17 bytes)
Event: 244.173 Thread 0x0000022878996000 nmethod 17206 0x0000022802a74310 code [0x0000022802a744c0, 0x0000022802a745d8]

GC Heap History (20 events):
Event: 231.115 GC heap after
{Heap after GC invocations=110 (full 0):
 garbage-first heap   total 283648K, used 216973K [0x0000000080000000, 0x0000000100000000)
  region size 1024K, 3 young (3072K), 3 survivors (3072K)
 Metaspace       used 117577K, capacity 121236K, committed 121340K, reserved 1155072K
  class space    used 14603K, capacity 15882K, committed 15948K, reserved 1048576K
}
Event: 232.531 GC heap before
{Heap before GC invocations=111 (full 0):
 garbage-first heap   total 283648K, used 244621K [0x0000000080000000, 0x0000000100000000)
  region size 1024K, 31 young (31744K), 3 survivors (3072K)
 Metaspace       used 117645K, capacity 121288K, committed 121596K, reserved 1155072K
  class space    used 14612K, capacity 15891K, committed 15948K, reserved 1048576K
}
Event: 232.548 GC heap after
{Heap after GC invocations=112 (full 0):
 garbage-first heap   total 283648K, used 219030K [0x0000000080000000, 0x0000000100000000)
  region size 1024K, 4 young (4096K), 4 survivors (4096K)
 Metaspace       used 117645K, capacity 121288K, committed 121596K, reserved 1155072K
  class space    used 14612K, capacity 15891K, committed 15948K, reserved 1048576K
}
Event: 232.908 GC heap before
{Heap before GC invocations=112 (full 0):
 garbage-first heap   total 283648K, used 227222K [0x0000000080000000, 0x0000000100000000)
  region size 1024K, 13 young (13312K), 4 survivors (4096K)
 Metaspace       used 117683K, capacity 121422K, committed 121596K, reserved 1155072K
  class space    used 14614K, capacity 15893K, committed 15948K, reserved 1048576K
}
Event: 233.027 GC heap after
{Heap after GC invocations=113 (full 0):
 garbage-first heap   total 283648K, used 219750K [0x0000000080000000, 0x0000000100000000)
  region size 1024K, 2 young (2048K), 2 survivors (2048K)
 Metaspace       used 117683K, capacity 121422K, committed 121596K, reserved 1155072K
  class space    used 14614K, capacity 15893K, committed 15948K, reserved 1048576K
}
Event: 235.352 GC heap before
{Heap before GC invocations=113 (full 0):
 garbage-first heap   total 283648K, used 244326K [0x0000000080000000, 0x0000000100000000)
  region size 1024K, 27 young (27648K), 2 survivors (2048K)
 Metaspace       used 118413K, capacity 122131K, committed 122236K, reserved 1155072K
  class space    used 14725K, capacity 16019K, committed 16076K, reserved 1048576K
}
Event: 235.378 GC heap after
{Heap after GC invocations=114 (full 0):
 garbage-first heap   total 283648K, used 220230K [0x0000000080000000, 0x0000000100000000)
  region size 1024K, 2 young (2048K), 2 survivors (2048K)
 Metaspace       used 118413K, capacity 122131K, committed 122236K, reserved 1155072K
  class space    used 14725K, capacity 16019K, committed 16076K, reserved 1048576K
}
Event: 236.701 GC heap before
{Heap before GC invocations=115 (full 0):
 garbage-first heap   total 283648K, used 245830K [0x0000000080000000, 0x0000000100000000)
  region size 1024K, 28 young (28672K), 2 survivors (2048K)
 Metaspace       used 119285K, capacity 122986K, committed 123132K, reserved 1157120K
  class space    used 14841K, capacity 16114K, committed 16204K, reserved 1048576K
}
Event: 236.717 GC heap after
{Heap after GC invocations=116 (full 0):
 garbage-first heap   total 283648K, used 221687K [0x0000000080000000, 0x0000000100000000)
  region size 1024K, 4 young (4096K), 4 survivors (4096K)
 Metaspace       used 119285K, capacity 122986K, committed 123132K, reserved 1157120K
  class space    used 14841K, capacity 16114K, committed 16204K, reserved 1048576K
}
Event: 237.061 GC heap before
{Heap before GC invocations=116 (full 0):
 garbage-first heap   total 283648K, used 229879K [0x0000000080000000, 0x0000000100000000)
  region size 1024K, 13 young (13312K), 4 survivors (4096K)
 Metaspace       used 119530K, capacity 123234K, committed 123388K, reserved 1157120K
  class space    used 14877K, capacity 16154K, committed 16204K, reserved 1048576K
}
Event: 237.156 GC heap after
{Heap after GC invocations=117 (full 0):
 garbage-first heap   total 283648K, used 221550K [0x0000000080000000, 0x0000000100000000)
  region size 1024K, 1 young (1024K), 1 survivors (1024K)
 Metaspace       used 119530K, capacity 123234K, committed 123388K, reserved 1157120K
  class space    used 14877K, capacity 16154K, committed 16204K, reserved 1048576K
}
Event: 238.261 GC heap before
{Heap before GC invocations=117 (full 0):
 garbage-first heap   total 283648K, used 246126K [0x0000000080000000, 0x0000000100000000)
  region size 1024K, 26 young (26624K), 1 survivors (1024K)
 Metaspace       used 120084K, capacity 124024K, committed 124284K, reserved 1157120K
  class space    used 14969K, capacity 16301K, committed 16332K, reserved 1048576K
}
Event: 238.275 GC heap after
{Heap after GC invocations=118 (full 0):
 garbage-first heap   total 283648K, used 222824K [0x0000000080000000, 0x0000000100000000)
  region size 1024K, 2 young (2048K), 2 survivors (2048K)
 Metaspace       used 120084K, capacity 124024K, committed 124284K, reserved 1157120K
  class space    used 14969K, capacity 16301K, committed 16332K, reserved 1048576K
}
Event: 240.322 GC heap before
{Heap before GC invocations=119 (full 0):
 garbage-first heap   total 283648K, used 247400K [0x0000000080000000, 0x0000000100000000)
  region size 1024K, 27 young (27648K), 2 survivors (2048K)
 Metaspace       used 120546K, capacity 124545K, committed 124668K, reserved 1157120K
  class space    used 15040K, capacity 16396K, committed 16460K, reserved 1048576K
}
Event: 240.335 GC heap after
{Heap after GC invocations=120 (full 0):
 garbage-first heap   total 283648K, used 224209K [0x0000000080000000, 0x0000000100000000)
  region size 1024K, 4 young (4096K), 4 survivors (4096K)
 Metaspace       used 120546K, capacity 124545K, committed 124668K, reserved 1157120K
  class space    used 15040K, capacity 16396K, committed 16460K, reserved 1048576K
}
Event: 241.141 GC heap before
{Heap before GC invocations=120 (full 0):
 garbage-first heap   total 283648K, used 236497K [0x0000000080000000, 0x0000000100000000)
  region size 1024K, 18 young (18432K), 4 survivors (4096K)
 Metaspace       used 120721K, capacity 124669K, committed 124924K, reserved 1157120K
  class space    used 15064K, capacity 16414K, committed 16460K, reserved 1048576K
}
Event: 241.230 GC heap after
{Heap after GC invocations=121 (full 0):
 garbage-first heap   total 283648K, used 225744K [0x0000000080000000, 0x0000000100000000)
  region size 1024K, 3 young (3072K), 3 survivors (3072K)
 Metaspace       used 120721K, capacity 124669K, committed 124924K, reserved 1157120K
  class space    used 15064K, capacity 16414K, committed 16460K, reserved 1048576K
}
Event: 243.990 GC heap before
{Heap before GC invocations=122 (full 0):
 garbage-first heap   total 283648K, used 255440K [0x0000000080000000, 0x0000000100000000)
  region size 1024K, 21 young (21504K), 3 survivors (3072K)
 Metaspace       used 123612K, capacity 127643K, committed 127868K, reserved 1161216K
  class space    used 15471K, capacity 16833K, committed 16844K, reserved 1048576K
}
Event: 244.036 GC heap after
{Heap after GC invocations=123 (full 0):
 garbage-first heap   total 283648K, used 246021K [0x0000000080000000, 0x0000000100000000)
  region size 1024K, 4 young (4096K), 4 survivors (4096K)
 Metaspace       used 123612K, capacity 127643K, committed 127868K, reserved 1161216K
  class space    used 15471K, capacity 16833K, committed 16844K, reserved 1048576K
}
Event: 244.280 GC heap before
{Heap before GC invocations=123 (full 0):
 garbage-first heap   total 283648K, used 279813K [0x0000000080000000, 0x0000000100000000)
  region size 1024K, 13 young (13312K), 4 survivors (4096K)
 Metaspace       used 123617K, capacity 127643K, committed 127868K, reserved 1161216K
  class space    used 15471K, capacity 16833K, committed 16844K, reserved 1048576K
}

Deoptimization events (20 events):
Event: 243.113 Thread 0x0000022816421000 DEOPT PACKING pc=0x00000228081636f8 sp=0x000000e94f2fd2a0
Event: 243.120 Thread 0x0000022816421000 DEOPT UNPACKING pc=0x000002280004a1af sp=0x000000e94f2fd230 mode 2
Event: 243.120 Thread 0x0000022816421000 Uncommon trap: trap_request=0xffffffc6 fr.pc=0x00000228081636f8 relative=0x0000000000001718
Event: 243.120 Thread 0x0000022816421000 Uncommon trap: reason=bimorphic_or_optimized_type_check action=maybe_recompile pc=0x00000228081636f8 method=java.util.concurrent.ConcurrentHashMap.putVal(Ljava/lang/Object;Ljava/lang/Object;Z)Ljava/lang/Object; @ 159 c2
Event: 243.121 Thread 0x0000022816421000 DEOPT PACKING pc=0x00000228081636f8 sp=0x000000e94f2fd2b0
Event: 243.121 Thread 0x0000022816421000 DEOPT UNPACKING pc=0x000002280004a1af sp=0x000000e94f2fd240 mode 2
Event: 243.380 Thread 0x0000022816421000 DEOPT PACKING pc=0x0000022802931cf6 sp=0x000000e94f2fce30
Event: 243.380 Thread 0x0000022816421000 DEOPT UNPACKING pc=0x000002280004a95e sp=0x000000e94f2fc350 mode 0
Event: 243.520 Thread 0x0000022816421000 Uncommon trap: trap_request=0xffffff4d fr.pc=0x000002280808fe30 relative=0x00000000000002d0
Event: 243.520 Thread 0x0000022816421000 Uncommon trap: reason=unstable_if action=reinterpret pc=0x000002280808fe30 method=com.google.common.collect.MapMakerInternalMap$Segment.getEntry(Ljava/lang/Object;I)Lcom/google/common/collect/MapMakerInternalMap$InternalEntry; @ 63 c2
Event: 243.520 Thread 0x0000022816421000 DEOPT PACKING pc=0x000002280808fe30 sp=0x000000e94f2fc9b0
Event: 243.520 Thread 0x0000022816421000 DEOPT UNPACKING pc=0x000002280004a1af sp=0x000000e94f2fc968 mode 2
Event: 243.520 Thread 0x0000022816421000 Uncommon trap: trap_request=0xffffff4d fr.pc=0x000002280808b078 relative=0x0000000000001938
Event: 243.520 Thread 0x0000022816421000 Uncommon trap: reason=unstable_if action=reinterpret pc=0x000002280808b078 method=com.google.common.collect.MapMakerInternalMap$Segment.put(Ljava/lang/Object;ILjava/lang/Object;Z)Ljava/lang/Object; @ 92 c2
Event: 243.520 Thread 0x0000022816421000 DEOPT PACKING pc=0x000002280808b078 sp=0x000000e94f2fca50
Event: 243.520 Thread 0x0000022816421000 DEOPT UNPACKING pc=0x000002280004a1af sp=0x000000e94f2fc9e8 mode 2
Event: 243.969 Thread 0x0000022816421000 Uncommon trap: trap_request=0xffffff4d fr.pc=0x0000022807def7dc relative=0x00000000000000bc
Event: 243.969 Thread 0x0000022816421000 Uncommon trap: reason=unstable_if action=reinterpret pc=0x0000022807def7dc method=jdk.internal.misc.Unsafe.convEndian(ZS)S @ 4 c2
Event: 243.969 Thread 0x0000022816421000 DEOPT PACKING pc=0x0000022807def7dc sp=0x000000e94f2fd490
Event: 243.969 Thread 0x0000022816421000 DEOPT UNPACKING pc=0x000002280004a1af sp=0x000000e94f2fd350 mode 2

Classes redefined (0 events):
No events

Internal exceptions (20 events):
Event: 237.365 Thread 0x000002287c1db000 Exception <a 'java/lang/NoSuchMethodError'{0x0000000090e1c770}: <clinit>> (0x0000000090e1c770) thrown at [src/hotspot/share/prims/jni.cpp, line 1367]
Event: 237.369 Thread 0x000002287c1db000 Exception <a 'java/lang/NoSuchMethodError'{0x0000000090e29db8}: <clinit>> (0x0000000090e29db8) thrown at [src/hotspot/share/prims/jni.cpp, line 1367]
Event: 237.625 Thread 0x000002287c1db000 Exception <a 'java/lang/NoSuchMethodError'{0x00000000906ae8b8}: 'java.lang.Object java.lang.invoke.DirectMethodHandle$Holder.invokeSpecial(java.lang.Object, java.lang.Object, int, int, java.lang.Object, int, java.lang.Object, java.lang.Object)'> (0x00000000906ae8b8) thrown at [src/hotspot/share/interpreter/linkResolver.cpp, line 773]
Event: 237.626 Thread 0x000002287c1db000 Exception <a 'java/lang/NoSuchMethodError'{0x00000000906b21a0}: 'java.lang.Object java.lang.invoke.DelegatingMethodHandle$Holder.reinvoke_L(java.lang.Object, int, int, java.lang.Object, int, java.lang.Object, java.lang.Object)'> (0x00000000906b21a0) thrown at [src/hotspot/share/interpreter/linkResolver.cpp, line 773]
Event: 237.646 Thread 0x000002287c1db000 Exception <a 'java/lang/NoSuchMethodError'{0x00000000905ee8d8}: 'java.lang.Object java.lang.invoke.DirectMethodHandle$Holder.invokeStatic(java.lang.Object, java.lang.Object, java.lang.Object, java.lang.Object, java.lang.Object, java.lang.Object, java.lang.Object, java.lang.Object, int)'> (0x00000000905ee8d8) thrown at [src/hotspot/share/interpreter/linkResolver.cpp, line 773]
Event: 237.655 Thread 0x000002287c1db000 Exception <a 'java/lang/NoSuchMethodError'{0x000000009042fee8}: 'java.lang.Object java.lang.invoke.DirectMethodHandle$Holder.invokeStatic(java.lang.Object, java.lang.Object, java.lang.Object, java.lang.Object, java.lang.Object, java.lang.Object, java.lang.Object, java.lang.Object, int, int)'> (0x000000009042fee8) thrown at [src/hotspot/share/interpreter/linkResolver.cpp, line 773]
Event: 237.781 Thread 0x000002287c1db000 Exception <a 'java/lang/NoSuchMethodError'{0x000000009037fa58}: 'java.lang.Object java.lang.invoke.DirectMethodHandle$Holder.invokeStatic(java.lang.Object, java.lang.Object, java.lang.Object, java.lang.Object, java.lang.Object, java.lang.Object, java.lang.Object, java.lang.Object, int, int, java.lang.Object)'> (0x000000009037fa58) thrown at [src/hotspot/share/interpreter/linkResolver.cpp, line 773]
Event: 237.796 Thread 0x000002287c1db000 Exception <a 'java/lang/NoSuchMethodError'{0x00000000903a8380}: 'java.lang.Object java.lang.invoke.DirectMethodHandle$Holder.invokeStatic(java.lang.Object, java.lang.Object, java.lang.Object, java.lang.Object, java.lang.Object, java.lang.Object, java.lang.Object, java.lang.Object, int, int, java.lang.Object, java.lang.Object)'> (0x00000000903a8380) thrown at [src/hotspot/share/interpreter/linkResolver.cpp, line 773]
Event: 238.009 Thread 0x000002287c1db000 Exception <a 'java/lang/NoSuchMethodError'{0x0000000090032c78}: <clinit>> (0x0000000090032c78) thrown at [src/hotspot/share/prims/jni.cpp, line 1367]
Event: 238.126 Thread 0x000002287c1d7000 Exception <a 'java/lang/InterruptedException'{0x000000008fe142c8}> (0x000000008fe142c8) thrown at [src/hotspot/share/runtime/objectMonitor.cpp, line 1635]
Event: 238.128 Thread 0x000002287c1d7000 Exception <a 'java/lang/NoSuchMethodError'{0x000000008fe2f7f0}: 'java.lang.Object java.lang.invoke.DirectMethodHandle$Holder.invokeStatic(java.lang.Object, java.lang.Object, int, java.lang.Object, long)'> (0x000000008fe2f7f0) thrown at [src/hotspot/share/interpreter/linkResolver.cpp, line 773]
Event: 238.220 Thread 0x000002287c1db000 Exception <a 'java/lang/NoSuchMethodError'{0x000000008fcc1430}: <clinit>> (0x000000008fcc1430) thrown at [src/hotspot/share/prims/jni.cpp, line 1367]
Event: 238.223 Thread 0x000002287c1db000 Exception <a 'java/lang/NoSuchMethodError'{0x000000008fccd4f0}: <clinit>> (0x000000008fccd4f0) thrown at [src/hotspot/share/prims/jni.cpp, line 1367]
Event: 238.226 Thread 0x000002287c1db000 Exception <a 'java/lang/NoSuchMethodError'{0x000000008fcefdc8}: <clinit>> (0x000000008fcefdc8) thrown at [src/hotspot/share/prims/jni.cpp, line 1367]
Event: 238.248 Thread 0x000002287c1db000 Exception <a 'java/lang/NoSuchMethodError'{0x000000008fbadd38}: <clinit>> (0x000000008fbadd38) thrown at [src/hotspot/share/prims/jni.cpp, line 1367]
Event: 238.464 Thread 0x000002287c1db000 Exception <a 'java/lang/NoSuchMethodError'{0x00000000911836b0}: <clinit>> (0x00000000911836b0) thrown at [src/hotspot/share/prims/jni.cpp, line 1367]
Event: 239.280 Thread 0x000002281641c000 Exception <a 'java/lang/NoSuchMethodError'{0x00000000905bec80}: 'java.lang.Object java.lang.invoke.DelegatingMethodHandle$Holder.reinvoke_L(java.lang.Object, int, java.lang.Object)'> (0x00000000905bec80) thrown at [src/hotspot/share/interpreter/linkResolver.cpp, line 773]
Event: 242.665 Thread 0x0000022816421000 Exception <a 'sun/nio/fs/WindowsException'{0x0000000090e83868}> (0x0000000090e83868) thrown at [src/hotspot/share/prims/jni.cpp, line 617]
Event: 243.089 Thread 0x0000022816421000 Exception <a 'java/lang/NoSuchMethodError'{0x0000000090c6d5c0}: 'java.lang.Object java.lang.invoke.DirectMethodHandle$Holder.newInvokeSpecial(java.lang.Object, int)'> (0x0000000090c6d5c0) thrown at [src/hotspot/share/interpreter/linkResolver.cpp, line 773]
Event: 243.945 Thread 0x0000022816421000 Exception <a 'java/lang/NoSuchMethodError'{0x000000009020d358}: 'java.lang.Object java.lang.invoke.DirectMethodHandle$Holder.invokeStaticInit(java.lang.Object, java.lang.Object, java.lang.Object, java.lang.Object, java.lang.Object, java.lang.Object, java.lang.Object, java.lang.Object, java.lang.Object, java.lang.Object, java.lang.Object, java.lang.Object, java.lang.Object, java.lang.Object, java.lang.Object, java.lang.Object, java.lang.Object, java.lang.Object, java.lang.Object, int, java.lang.Object, java

Events (20 events):
Event: 243.955 loading class com/android/tools/r8/internal/c30 done
Event: 243.959 loading class com/android/tools/r8/graph/f1
Event: 243.959 loading class com/android/tools/r8/graph/f1 done
Event: 243.959 loading class com/android/tools/r8/graph/Q0
Event: 243.959 loading class com/android/tools/r8/graph/Q0 done
Event: 243.960 loading class com/android/tools/r8/internal/cD
Event: 243.960 loading class com/android/tools/r8/internal/cD done
Event: 243.963 loading class com/android/tools/r8/graph/f1
Event: 243.963 loading class com/android/tools/r8/graph/f1 done
Event: 243.963 loading class com/android/tools/r8/graph/r
Event: 243.963 loading class com/android/tools/r8/graph/r done
Event: 243.965 loading class com/android/tools/r8/internal/OM
Event: 243.965 loading class com/android/tools/r8/internal/OM done
Event: 243.968 loading class com/android/tools/r8/dex/k
Event: 243.968 loading class com/android/tools/r8/dex/k done
Event: 243.970 loading class com/android/tools/r8/internal/qE
Event: 243.970 loading class com/android/tools/r8/internal/qE done
Event: 243.989 Executing VM operation: G1CollectForAllocation
Event: 244.037 Executing VM operation: G1CollectForAllocation done
Event: 244.280 Executing VM operation: G1CollectForAllocation


Dynamic libraries:
0x00007ff7be2f0000 - 0x00007ff7be2fa000 	C:\Program Files\Android\Android Studio\jbr\bin\java.exe
0x00007ff9ad830000 - 0x00007ff9ada28000 	C:\WINDOWS\SYSTEM32\ntdll.dll
0x00007ff9ad690000 - 0x00007ff9ad74f000 	C:\WINDOWS\System32\KERNEL32.DLL
0x00007ff9ab450000 - 0x00007ff9ab722000 	C:\WINDOWS\System32\KERNELBASE.dll
0x00007ff9ab060000 - 0x00007ff9ab160000 	C:\WINDOWS\System32\ucrtbase.dll
0x00007ff99ded0000 - 0x00007ff99deeb000 	C:\Program Files\Android\Android Studio\jbr\bin\VCRUNTIME140.dll
0x00007ff9a23d0000 - 0x00007ff9a23e7000 	C:\Program Files\Android\Android Studio\jbr\bin\jli.dll
0x00007ff9ac540000 - 0x00007ff9ac6e1000 	C:\WINDOWS\System32\USER32.dll
0x00007ff99c760000 - 0x00007ff99c9fa000 	C:\WINDOWS\WinSxS\amd64_microsoft.windows.common-controls_6595b64144ccf1df_6.0.19041.1110_none_60b5254171f9507e\COMCTL32.dll
0x00007ff9ac490000 - 0x00007ff9ac52e000 	C:\WINDOWS\System32\msvcrt.dll
0x00007ff9ab030000 - 0x00007ff9ab052000 	C:\WINDOWS\System32\win32u.dll
0x00007ff9ac850000 - 0x00007ff9ac87b000 	C:\WINDOWS\System32\GDI32.dll
0x00007ff9aaf20000 - 0x00007ff9ab02f000 	C:\WINDOWS\System32\gdi32full.dll
0x00007ff9ab1e0000 - 0x00007ff9ab27d000 	C:\WINDOWS\System32\msvcp_win.dll
0x00007ff9ac810000 - 0x00007ff9ac842000 	C:\WINDOWS\System32\IMM32.DLL
0x00007ff9a3250000 - 0x00007ff9a325c000 	C:\Program Files\Android\Android Studio\jbr\bin\vcruntime140_1.dll
0x00007ff98cd20000 - 0x00007ff98cdad000 	C:\Program Files\Android\Android Studio\jbr\bin\msvcp140.dll
0x00007ff973720000 - 0x00007ff9742dc000 	C:\Program Files\Android\Android Studio\jbr\bin\server\jvm.dll
0x00007ff9accc0000 - 0x00007ff9acd6e000 	C:\WINDOWS\System32\ADVAPI32.dll
0x00007ff9ad750000 - 0x00007ff9ad7ec000 	C:\WINDOWS\System32\sechost.dll
0x00007ff9ad3a0000 - 0x00007ff9ad4c5000 	C:\WINDOWS\System32\RPCRT4.dll
0x00007ff9ac880000 - 0x00007ff9ac888000 	C:\WINDOWS\System32\PSAPI.DLL
0x00007ff9a2630000 - 0x00007ff9a2657000 	C:\WINDOWS\SYSTEM32\WINMM.dll
0x00007ff9a2620000 - 0x00007ff9a262a000 	C:\WINDOWS\SYSTEM32\VERSION.dll
0x00007ff9a4820000 - 0x00007ff9a4829000 	C:\WINDOWS\SYSTEM32\WSOCK32.dll
0x00007ff9ad2d0000 - 0x00007ff9ad33b000 	C:\WINDOWS\System32\ws2_32.DLL
0x00007ff9a9770000 - 0x00007ff9a9782000 	C:\WINDOWS\SYSTEM32\kernel.appcore.dll
0x00007ff9a4810000 - 0x00007ff9a4820000 	C:\Program Files\Android\Android Studio\jbr\bin\verify.dll
0x00007ff9a9550000 - 0x00007ff9a9734000 	C:\WINDOWS\SYSTEM32\DBGHELP.DLL
0x00007ff999900000 - 0x00007ff999935000 	C:\WINDOWS\SYSTEM32\dbgcore.DLL
0x00007ff9ab730000 - 0x00007ff9ab7b2000 	C:\WINDOWS\System32\bcryptPrimitives.dll
0x00007ff9a3db0000 - 0x00007ff9a3dd8000 	C:\Program Files\Android\Android Studio\jbr\bin\java.dll
0x00007ff9a4800000 - 0x00007ff9a480a000 	C:\Program Files\Android\Android Studio\jbr\bin\jimage.dll
0x00007ff9a2580000 - 0x00007ff9a2598000 	C:\Program Files\Android\Android Studio\jbr\bin\zip.dll
0x00007ff9ab870000 - 0x00007ff9abfb4000 	C:\WINDOWS\System32\SHELL32.dll
0x00007ff9a8cf0000 - 0x00007ff9a9482000 	C:\WINDOWS\SYSTEM32\windows.storage.dll
0x00007ff9acdf0000 - 0x00007ff9ad145000 	C:\WINDOWS\System32\combase.dll
0x00007ff9aa980000 - 0x00007ff9aa9b0000 	C:\WINDOWS\SYSTEM32\Wldp.dll
0x00007ff9ac9c0000 - 0x00007ff9aca6d000 	C:\WINDOWS\System32\SHCORE.dll
0x00007ff9ad340000 - 0x00007ff9ad395000 	C:\WINDOWS\System32\shlwapi.dll
0x00007ff9aae60000 - 0x00007ff9aae7f000 	C:\WINDOWS\SYSTEM32\profapi.dll
0x00007ff9a2560000 - 0x00007ff9a2579000 	C:\Program Files\Android\Android Studio\jbr\bin\net.dll
0x00007ff9a17d0000 - 0x00007ff9a18dc000 	C:\WINDOWS\SYSTEM32\WINHTTP.dll
0x00007ff9aa6e0000 - 0x00007ff9aa74a000 	C:\WINDOWS\system32\mswsock.dll
0x00007ff9a24f0000 - 0x00007ff9a2503000 	C:\Program Files\Android\Android Studio\jbr\bin\nio.dll
0x00007ff999530000 - 0x00007ff999557000 	C:\Users\dwise\.gradle\native\e1d6ef7f7dcc3fd88c89a11ec53ec762bb8ba0a96d01ffa2cd45eb1d1d8dd5c5\windows-amd64\native-platform.dll
0x00007ff9735d0000 - 0x00007ff973714000 	C:\Users\dwise\.gradle\native\0d407fdbe67a94daf76414ababcb853783967236a71b16ec16e742cd7a986fd3\windows-amd64\native-platform-file-events.dll
0x00007ff9a47e0000 - 0x00007ff9a47ea000 	C:\Program Files\Android\Android Studio\jbr\bin\management.dll
0x00007ff9a2270000 - 0x00007ff9a227b000 	C:\Program Files\Android\Android Studio\jbr\bin\management_ext.dll
0x00007ff9aa8e0000 - 0x00007ff9aa8f8000 	C:\WINDOWS\SYSTEM32\CRYPTSP.dll
0x00007ff9a9f20000 - 0x00007ff9a9f54000 	C:\WINDOWS\system32\rsaenh.dll
0x00007ff9ab1b0000 - 0x00007ff9ab1d7000 	C:\WINDOWS\System32\bcrypt.dll
0x00007ff9aae20000 - 0x00007ff9aae4e000 	C:\WINDOWS\SYSTEM32\USERENV.dll
0x00007ff9aa8d0000 - 0x00007ff9aa8dc000 	C:\WINDOWS\SYSTEM32\CRYPTBASE.dll
0x00007ff9aa360000 - 0x00007ff9aa39b000 	C:\WINDOWS\SYSTEM32\IPHLPAPI.DLL
0x00007ff9ac530000 - 0x00007ff9ac538000 	C:\WINDOWS\System32\NSI.dll
0x00007ff9a1a60000 - 0x00007ff9a1a77000 	C:\WINDOWS\SYSTEM32\dhcpcsvc6.DLL
0x00007ff9a1b60000 - 0x00007ff9a1b7d000 	C:\WINDOWS\SYSTEM32\dhcpcsvc.DLL
0x00007ff9aa3c0000 - 0x00007ff9aa48a000 	C:\WINDOWS\SYSTEM32\DNSAPI.dll
0x00007ff9a6af0000 - 0x00007ff9a6af7000 	C:\Program Files\Android\Android Studio\jbr\bin\rmi.dll

dbghelp: loaded successfully - version: 4.0.5 - missing functions: none
symbol engine: initialized successfully - sym options: 0x614 - pdb path: .;C:\Program Files\Android\Android Studio\jbr\bin;C:\WINDOWS\SYSTEM32;C:\WINDOWS\WinSxS\amd64_microsoft.windows.common-controls_6595b64144ccf1df_6.0.19041.1110_none_60b5254171f9507e;C:\Program Files\Android\Android Studio\jbr\bin\server;C:\Users\dwise\.gradle\native\e1d6ef7f7dcc3fd88c89a11ec53ec762bb8ba0a96d01ffa2cd45eb1d1d8dd5c5\windows-amd64;C:\Users\dwise\.gradle\native\0d407fdbe67a94daf76414ababcb853783967236a71b16ec16e742cd7a986fd3\windows-amd64

VM Arguments:
jvm_args: --add-opens=java.base/java.util=ALL-UNNAMED --add-opens=java.base/java.lang=ALL-UNNAMED --add-opens=java.base/java.lang.invoke=ALL-UNNAMED --add-opens=java.base/java.util=ALL-UNNAMED --add-opens=java.prefs/java.util.prefs=ALL-UNNAMED --add-opens=java.prefs/java.util.prefs=ALL-UNNAMED --add-opens=java.base/java.nio.charset=ALL-UNNAMED --add-opens=java.base/java.net=ALL-UNNAMED --add-opens=java.base/java.util.concurrent.atomic=ALL-UNNAMED -Xmx2048m -Dfile.encoding=UTF-8 -Duser.country=ID -Duser.language=en -Duser.variant 
java_command: org.gradle.launcher.daemon.bootstrap.GradleDaemon 7.5
java_class_path (initial): C:\Users\dwise\.gradle\wrapper\dists\gradle-7.5-bin\f1w0cc9nuo0eivz97x2xlu9sv\gradle-7.5\lib\gradle-launcher-7.5.jar
Launcher Type: SUN_STANDARD

[Global flags]
     intx CICompilerCount                          = 3                                         {product} {ergonomic}
     uint ConcGCThreads                            = 1                                         {product} {ergonomic}
     uint G1ConcRefinementThreads                  = 4                                         {product} {ergonomic}
   size_t G1HeapRegionSize                         = 1048576                                   {product} {ergonomic}
    uintx GCDrainStackTargetSize                   = 64                                        {product} {ergonomic}
   size_t InitialHeapSize                          = 58720256                                  {product} {ergonomic}
   size_t MarkStackSize                            = 4194304                                   {product} {ergonomic}
   size_t MaxHeapSize                              = 2147483648                                {product} {command line}
   size_t MaxNewSize                               = 1287651328                                {product} {ergonomic}
   size_t MinHeapDeltaBytes                        = 1048576                                   {product} {ergonomic}
    uintx NonNMethodCodeHeapSize                   = 5830732                                {pd product} {ergonomic}
    uintx NonProfiledCodeHeapSize                  = 122913754                              {pd product} {ergonomic}
    uintx ProfiledCodeHeapSize                     = 122913754                              {pd product} {ergonomic}
    uintx ReservedCodeCacheSize                    = 251658240                              {pd product} {ergonomic}
     bool SegmentedCodeCache                       = true                                      {product} {ergonomic}
     bool UseCompressedClassPointers               = true                                 {lp64_product} {ergonomic}
     bool UseCompressedOops                        = true                                 {lp64_product} {ergonomic}
     bool UseG1GC                                  = true                                      {product} {ergonomic}
     bool UseLargePagesIndividualAllocation        = false                                  {pd product} {ergonomic}

Logging:
Log output configuration:
 #0: stdout all=warning uptime,level,tags
 #1: stderr all=off uptime,level,tags

Environment Variables:
PATH=C:\Python310\Scripts\;C:\Python310\;C:\Program Files (x86)\Common Files\Intel\Shared Files\cpp\bin\Intel64;C:\Program Files\Eclipse Adoptium\jdk-17.0.1.12-hotspot\bin;C:\WINDOWS\system32;C:\WINDOWS;C:\WINDOWS\System32\Wbem;C:\WINDOWS\System32\WindowsPowerShell\v1.0\;C:\WINDOWS\System32\OpenSSH\;C:\Program Files\Git\cmd;C:\xampp\php;C:\composer;C:\Program Files\Dart\dart-sdk\bin;C:\Program Files\nodejs\;C:\ProgramData\chocolatey\bin;C:\Users\dwise\AppData\Local\Programs\Python\Python38\Scripts\;C:\Users\dwise\AppData\Local\Programs\Python\Python38\;C:\Users\dwise\AppData\Local\Microsoft\WindowsApps;C:\Users\dwise\AppData\Local\Programs\Microsoft VS Code\bin;C:\Users\dwise\AppData\Local\GitHubDesktop\bin;C:\Users\dwise\AppData\Roaming\Composer\vendor\bin;C:\Users\dwise\OneDrive\Documents\flutter\flutter\bin;C:\Users\dwise\AppData\Roaming\npm
USERNAME=dwise
OS=Windows_NT
PROCESSOR_IDENTIFIER=AMD64 Family 22 Model 48 Stepping 1, AuthenticAMD



---------------  S Y S T E M  ---------------

OS: Windows 10 , 64 bit Build 19041 (10.0.19041.2364)
OS uptime: 1 days 12:05 hours

CPU:total 4 (initial active 4) (4 cores per cpu, 1 threads per core) family 22 model 48 stepping 1 microcode 0x0, cmov, cx8, fxsr, mmx, sse, sse2, sse3, ssse3, sse4.1, sse4.2, popcnt, avx, aes, clmul, mmxext, 3dnowpref, lzcnt, sse4a, tsc, tscinvbit, tscinv, bmi1

Memory: 4k page, system-wide physical 3550M (63M free)
TotalPageFile size 14302M (AvailPageFile size 45M)
current process WorkingSet (physical memory assigned to process): 339M, peak: 384M
current process commit charge ("private bytes"): 629M, peak: 777M

vm_info: OpenJDK 64-Bit Server VM (11.0.15+0-b2043.56-9505619) for windows-amd64 JRE (11.0.15+0-b2043.56-9505619), built on Jan 19 2023 02:48:00 by "builduser" with unknown MS VC++:1929

END.
