#
# There is insufficient memory for the Java Runtime Environment to continue.
# Native memory allocation (mmap) failed to map 207618048 bytes for Failed to commit area from 0x0000000092b00000 to 0x000000009f100000 of length 207618048.
# Possible reasons:
#   The system is out of physical RAM or swap space
#   The process is running with CompressedOops enabled, and the Java Heap may be blocking the growth of the native heap
# Possible solutions:
#   Reduce memory load on the system
#   Increase physical memory or swap space
#   Check if swap backing store is full
#   Decrease Java heap size (-Xmx/-Xms)
#   Decrease number of Java threads
#   Decrease Java thread stack sizes (-Xss)
#   Set larger code cache with -XX:ReservedCodeCacheSize=
#   JVM is running with Unscaled Compressed Oops mode in which the Java heap is
#     placed in the first 4GB address space. The Java Heap base address is the
#     maximum limit for the native heap growth. Please use -XX:HeapBaseMinAddress
#     to set the Java Heap base and to place the Java Heap above 4GB virtual address.
# This output file may be truncated or incomplete.
#
#  Out of Memory Error (src/hotspot/os/windows/os_windows.cpp:3627), pid=9040, tid=9784
#
# JRE version: OpenJDK Runtime Environment (11.0.15) (build 11.0.15+0-b2043.56-9505619)
# Java VM: OpenJDK 64-Bit Server VM (11.0.15+0-b2043.56-9505619, mixed mode, tiered, compressed oops, g1 gc, windows-amd64)
# No core dump will be written. Minidumps are not enabled by default on client versions of Windows
#

---------------  S U M M A R Y ------------

Command Line: --add-opens=java.base/java.util=ALL-UNNAMED --add-opens=java.base/java.lang=ALL-UNNAMED --add-opens=java.base/java.lang.invoke=ALL-UNNAMED --add-opens=java.base/java.util=ALL-UNNAMED --add-opens=java.prefs/java.util.prefs=ALL-UNNAMED --add-opens=java.prefs/java.util.prefs=ALL-UNNAMED --add-opens=java.base/java.nio.charset=ALL-UNNAMED --add-opens=java.base/java.net=ALL-UNNAMED --add-opens=java.base/java.util.concurrent.atomic=ALL-UNNAMED -Xmx2048m -Dfile.encoding=UTF-8 -Duser.country=ID -Duser.language=en -Duser.variant org.gradle.launcher.daemon.bootstrap.GradleDaemon 7.5

Host: AMD A8-7410 APU with AMD Radeon R5 Graphics    , 4 cores, 3G,  Windows 10 , 64 bit Build 19041 (10.0.19041.2364)
Time: Mon Feb  6 02:41:33 2023 SE Asia Standard Time elapsed time: 1313.332296 seconds (0d 0h 21m 53s)

---------------  T H R E A D  ---------------

Current thread (0x0000021dd6007800):  VMThread "VM Thread" [stack: 0x000000c60f400000,0x000000c60f500000] [id=9784]

Stack: [0x000000c60f400000,0x000000c60f500000]
[error occurred during error reporting (printing stack bounds), id 0xc0000005, EXCEPTION_ACCESS_VIOLATION (0xc0000005) at pc=0x0000021dbff2112d]

Native frames: (J=compiled Java code, j=interpreted, Vv=VM code, C=native code)
V  [jvm.dll+0x64135a]
V  [jvm.dll+0x7d39f9]
V  [jvm.dll+0x7d51b9]
V  [jvm.dll+0x7d5805]
V  [jvm.dll+0x7d57bb]
V  [jvm.dll+0x640655]
V  [jvm.dll+0x640d68]
C  [ntdll.dll+0xa241f]
C  [ntdll.dll+0x514a4]
C  [ntdll.dll+0xa0f4e]
C  0x0000021dbff2112d

VM_Operation (0x000000c6109ff1b0): G1CollectForAllocation, mode: safepoint, requested by thread 0x0000021dd763c000


---------------  P R O C E S S  ---------------

Threads class SMR info:
_java_thread_list=0x0000021ddd4061c0, length=84, elements={
0x0000021dbc404000, 0x0000021dd600a800, 0x0000021dd6014000, 0x0000021dd6992800,
0x0000021dd6025800, 0x0000021dd6026800, 0x0000021dd602c000, 0x0000021dd6032800,
0x0000021dd603b800, 0x0000021dd6adb000, 0x0000021dd7856000, 0x0000021dd81db000,
0x0000021dd7d49800, 0x0000021dd81af000, 0x0000021dd7916000, 0x0000021dd8952800,
0x0000021dd8953000, 0x0000021dd8951000, 0x0000021dd763c000, 0x0000021dd849c000,
0x0000021dd849a800, 0x0000021dd849b000, 0x0000021dd849e800, 0x0000021dd849f000,
0x0000021dd849c800, 0x0000021dd849d800, 0x0000021dd84a0000, 0x0000021dd84a1000,
0x0000021dd7935800, 0x0000021dd7937800, 0x0000021dd7938000, 0x0000021dd7939000,
0x0000021dd793a000, 0x0000021dd7934000, 0x0000021dd7935000, 0x0000021dd793b800,
0x0000021dd7936800, 0x0000021dd793e000, 0x0000021dd7942000, 0x0000021dd793d000,
0x0000021dd793e800, 0x0000021dd793f800, 0x0000021dd7940800, 0x0000021dd7941000,
0x0000021dd793c000, 0x0000021dd7943000, 0x0000021ddb27e800, 0x0000021ddb281000,
0x0000021ddb27d800, 0x0000021ddb27f000, 0x0000021ddb280000, 0x0000021ddb27b000,
0x0000021ddb27c000, 0x0000021ddb281800, 0x0000021ddb282800, 0x0000021ddb27c800,
0x0000021ddb286800, 0x0000021ddb284000, 0x0000021ddb285000, 0x0000021ddb287800,
0x0000021ddb288000, 0x0000021ddb285800, 0x0000021ddb289000, 0x0000021ddb283800,
0x0000021ddb28a000, 0x0000021ddb44d800, 0x0000021ddb451000, 0x0000021ddb451800,
0x0000021ddb450000, 0x0000021ddb452800, 0x0000021ddb44e800, 0x0000021ddb44f000,
0x0000021ddb44d000, 0x0000021ddb456800, 0x0000021ddb453800, 0x0000021ddb454000,
0x0000021ddb45a800, 0x0000021ddb459000, 0x0000021ddb458000, 0x0000021ddb45a000,
0x0000021ddb455000, 0x0000021ddb45b800, 0x0000021ddeb8f000, 0x0000021ddeb8c800
}

Java Threads: ( => current thread )
  0x0000021dbc404000 JavaThread "main" [_thread_blocked, id=13908, stack(0x000000c60ee00000,0x000000c60ef00000)]
  0x0000021dd600a800 JavaThread "Reference Handler" daemon [_thread_blocked, id=968, stack(0x000000c60f500000,0x000000c60f600000)]
  0x0000021dd6014000 JavaThread "Finalizer" daemon [_thread_blocked, id=13328, stack(0x000000c60f600000,0x000000c60f700000)]
  0x0000021dd6992800 JavaThread "Signal Dispatcher" daemon [_thread_blocked, id=15396, stack(0x000000c60f700000,0x000000c60f800000)]
  0x0000021dd6025800 JavaThread "Attach Listener" daemon [_thread_blocked, id=6492, stack(0x000000c60f800000,0x000000c60f900000)]
  0x0000021dd6026800 JavaThread "Service Thread" daemon [_thread_blocked, id=12416, stack(0x000000c60f900000,0x000000c60fa00000)]
  0x0000021dd602c000 JavaThread "C2 CompilerThread0" daemon [_thread_blocked, id=10272, stack(0x000000c60fa00000,0x000000c60fb00000)]
  0x0000021dd6032800 JavaThread "C1 CompilerThread0" daemon [_thread_blocked, id=5864, stack(0x000000c60fb00000,0x000000c60fc00000)]
  0x0000021dd603b800 JavaThread "Sweeper thread" daemon [_thread_blocked, id=7216, stack(0x000000c60fc00000,0x000000c60fd00000)]
  0x0000021dd6adb000 JavaThread "Common-Cleaner" daemon [_thread_blocked, id=12652, stack(0x000000c60fd00000,0x000000c60fe00000)]
  0x0000021dd7856000 JavaThread "Daemon health stats" [_thread_blocked, id=6820, stack(0x000000c610000000,0x000000c610100000)]
  0x0000021dd81db000 JavaThread "Incoming local TCP Connector on port 58649" [_thread_in_native, id=11388, stack(0x000000c610100000,0x000000c610200000)]
  0x0000021dd7d49800 JavaThread "Daemon periodic checks" [_thread_blocked, id=5812, stack(0x000000c610200000,0x000000c610300000)]
  0x0000021dd81af000 JavaThread "Daemon" [_thread_blocked, id=6004, stack(0x000000c610300000,0x000000c610400000)]
  0x0000021dd7916000 JavaThread "Handler for socket connection from /127.0.0.1:58649 to /127.0.0.1:58650" [_thread_in_native, id=16180, stack(0x000000c610400000,0x000000c610500000)]
  0x0000021dd8952800 JavaThread "Cancel handler" [_thread_blocked, id=13444, stack(0x000000c610500000,0x000000c610600000)]
  0x0000021dd8953000 JavaThread "Daemon worker" [_thread_blocked, id=6124, stack(0x000000c610600000,0x000000c610700000)]
  0x0000021dd8951000 JavaThread "Asynchronous log dispatcher for DefaultDaemonConnection: socket connection from /127.0.0.1:58649 to /127.0.0.1:58650" [_thread_blocked, id=8084, stack(0x000000c610700000,0x000000c610800000)]
  0x0000021dd763c000 JavaThread "Daemon client event forwarder" [_thread_blocked, id=14324, stack(0x000000c610900000,0x000000c610a00000)]
  0x0000021dd849c000 JavaThread "Cache worker for journal cache (C:\Users\dwise\.gradle\caches\journal-1)" [_thread_blocked, id=12696, stack(0x000000c610c00000,0x000000c610d00000)]
  0x0000021dd849a800 JavaThread "File lock request listener" [_thread_in_native, id=3532, stack(0x000000c610d00000,0x000000c610e00000)]
  0x0000021dd849b000 JavaThread "Cache worker for file hash cache (C:\Users\dwise\.gradle\caches\7.5\fileHashes)" [_thread_blocked, id=12856, stack(0x000000c610e00000,0x000000c610f00000)]
  0x0000021dd849e800 JavaThread "File watcher server" daemon [_thread_in_native, id=2020, stack(0x000000c610f00000,0x000000c611000000)]
  0x0000021dd849f000 JavaThread "File watcher consumer" daemon [_thread_blocked, id=2804, stack(0x000000c611000000,0x000000c611100000)]
  0x0000021dd849c800 JavaThread "jar transforms" [_thread_blocked, id=15996, stack(0x000000c611100000,0x000000c611200000)]
  0x0000021dd849d800 JavaThread "jar transforms Thread 2" [_thread_blocked, id=13296, stack(0x000000c611200000,0x000000c611300000)]
  0x0000021dd84a0000 JavaThread "jar transforms Thread 3" [_thread_blocked, id=6948, stack(0x000000c611300000,0x000000c611400000)]
  0x0000021dd84a1000 JavaThread "jar transforms Thread 4" [_thread_blocked, id=1088, stack(0x000000c611400000,0x000000c611500000)]
  0x0000021dd7935800 JavaThread "Cache worker for checksums cache (C:\Users\dwise\OneDrive\Documents\bwa\kantinE-KTP\.gradle\7.5\checksums)" [_thread_blocked, id=9588, stack(0x000000c611500000,0x000000c611600000)]
  0x0000021dd7937800 JavaThread "Cache worker for cache directory md-rule (C:\Users\dwise\.gradle\caches\7.5\md-rule)" [_thread_blocked, id=13036, stack(0x000000c611600000,0x000000c611700000)]
  0x0000021dd7938000 JavaThread "Cache worker for file content cache (C:\Users\dwise\.gradle\caches\7.5\fileContent)" [_thread_blocked, id=1948, stack(0x000000c611700000,0x000000c611800000)]
  0x0000021dd7939000 JavaThread "Cache worker for file hash cache (C:\Users\dwise\OneDrive\Documents\bwa\kantinE-KTP\.gradle\7.5\fileHashes)" [_thread_blocked, id=16108, stack(0x000000c611800000,0x000000c611900000)]
  0x0000021dd793a000 JavaThread "Cache worker for cache directory md-supplier (C:\Users\dwise\.gradle\caches\7.5\md-supplier)" [_thread_blocked, id=9804, stack(0x000000c611900000,0x000000c611a00000)]
  0x0000021dd7934000 JavaThread "Cache worker for execution history cache (C:\Users\dwise\.gradle\caches\7.5\executionHistory)" [_thread_blocked, id=8396, stack(0x000000c611a00000,0x000000c611b00000)]
  0x0000021dd7935000 JavaThread "Cache worker for dependencies-accessors (C:\Users\dwise\OneDrive\Documents\bwa\kantinE-KTP\.gradle\7.5\dependencies-accessors)" [_thread_blocked, id=11740, stack(0x000000c610800000,0x000000c610900000)]
  0x0000021dd793b800 JavaThread "Cache worker for Build Output Cleanup Cache (C:\Users\dwise\OneDrive\Documents\bwa\kantinE-KTP\.gradle\buildOutputCleanup)" [_thread_blocked, id=10812, stack(0x000000c611c00000,0x000000c611d00000)]
  0x0000021dd7936800 JavaThread "Unconstrained build operations" [_thread_blocked, id=6684, stack(0x000000c611e00000,0x000000c611f00000)]
  0x0000021dd793e000 JavaThread "Unconstrained build operations Thread 2" [_thread_blocked, id=14916, stack(0x000000c611f00000,0x000000c612000000)]
  0x0000021dd7942000 JavaThread "Unconstrained build operations Thread 3" [_thread_blocked, id=12428, stack(0x000000c612000000,0x000000c612100000)]
  0x0000021dd793d000 JavaThread "Unconstrained build operations Thread 4" [_thread_blocked, id=12900, stack(0x000000c612100000,0x000000c612200000)]
  0x0000021dd793e800 JavaThread "Unconstrained build operations Thread 5" [_thread_blocked, id=11748, stack(0x000000c612200000,0x000000c612300000)]
  0x0000021dd793f800 JavaThread "Unconstrained build operations Thread 6" [_thread_blocked, id=16212, stack(0x000000c612300000,0x000000c612400000)]
  0x0000021dd7940800 JavaThread "Unconstrained build operations Thread 7" [_thread_blocked, id=8596, stack(0x000000c612400000,0x000000c612500000)]
  0x0000021dd7941000 JavaThread "Unconstrained build operations Thread 8" [_thread_blocked, id=10368, stack(0x000000c612500000,0x000000c612600000)]
  0x0000021dd793c000 JavaThread "Unconstrained build operations Thread 9" [_thread_blocked, id=15008, stack(0x000000c612600000,0x000000c612700000)]
  0x0000021dd7943000 JavaThread "Unconstrained build operations Thread 10" [_thread_blocked, id=11828, stack(0x000000c612700000,0x000000c612800000)]
  0x0000021ddb27e800 JavaThread "Unconstrained build operations Thread 11" [_thread_blocked, id=14100, stack(0x000000c612800000,0x000000c612900000)]
  0x0000021ddb281000 JavaThread "Unconstrained build operations Thread 12" [_thread_blocked, id=12744, stack(0x000000c612900000,0x000000c612a00000)]
  0x0000021ddb27d800 JavaThread "Unconstrained build operations Thread 13" [_thread_blocked, id=2732, stack(0x000000c612a00000,0x000000c612b00000)]
  0x0000021ddb27f000 JavaThread "Unconstrained build operations Thread 14" [_thread_blocked, id=7472, stack(0x000000c612b00000,0x000000c612c00000)]
  0x0000021ddb280000 JavaThread "Unconstrained build operations Thread 15" [_thread_blocked, id=7352, stack(0x000000c612c00000,0x000000c612d00000)]
  0x0000021ddb27b000 JavaThread "Unconstrained build operations Thread 16" [_thread_blocked, id=12640, stack(0x000000c612d00000,0x000000c612e00000)]
  0x0000021ddb27c000 JavaThread "Unconstrained build operations Thread 17" [_thread_blocked, id=15572, stack(0x000000c612e00000,0x000000c612f00000)]
  0x0000021ddb281800 JavaThread "Unconstrained build operations Thread 18" [_thread_blocked, id=12980, stack(0x000000c612f00000,0x000000c613000000)]
  0x0000021ddb282800 JavaThread "Unconstrained build operations Thread 19" [_thread_blocked, id=12840, stack(0x000000c613000000,0x000000c613100000)]
  0x0000021ddb27c800 JavaThread "Unconstrained build operations Thread 20" [_thread_blocked, id=9184, stack(0x000000c613100000,0x000000c613200000)]
  0x0000021ddb286800 JavaThread "Unconstrained build operations Thread 21" [_thread_blocked, id=348, stack(0x000000c613200000,0x000000c613300000)]
  0x0000021ddb284000 JavaThread "Unconstrained build operations Thread 22" [_thread_blocked, id=5608, stack(0x000000c613300000,0x000000c613400000)]
  0x0000021ddb285000 JavaThread "Unconstrained build operations Thread 23" [_thread_blocked, id=15100, stack(0x000000c613400000,0x000000c613500000)]
  0x0000021ddb287800 JavaThread "Unconstrained build operations Thread 24" [_thread_blocked, id=11432, stack(0x000000c613500000,0x000000c613600000)]
  0x0000021ddb288000 JavaThread "Unconstrained build operations Thread 25" [_thread_blocked, id=7964, stack(0x000000c613600000,0x000000c613700000)]
  0x0000021ddb285800 JavaThread "Unconstrained build operations Thread 26" [_thread_blocked, id=4524, stack(0x000000c613700000,0x000000c613800000)]
  0x0000021ddb289000 JavaThread "Unconstrained build operations Thread 27" [_thread_blocked, id=1676, stack(0x000000c613800000,0x000000c613900000)]
  0x0000021ddb283800 JavaThread "Unconstrained build operations Thread 28" [_thread_blocked, id=12476, stack(0x000000c613900000,0x000000c613a00000)]
  0x0000021ddb28a000 JavaThread "Unconstrained build operations Thread 29" [_thread_blocked, id=11724, stack(0x000000c613a00000,0x000000c613b00000)]
  0x0000021ddb44d800 JavaThread "Unconstrained build operations Thread 30" [_thread_blocked, id=3212, stack(0x000000c613b00000,0x000000c613c00000)]
  0x0000021ddb451000 JavaThread "Unconstrained build operations Thread 31" [_thread_blocked, id=5908, stack(0x000000c613c00000,0x000000c613d00000)]
  0x0000021ddb451800 JavaThread "Unconstrained build operations Thread 32" [_thread_blocked, id=3756, stack(0x000000c613d00000,0x000000c613e00000)]
  0x0000021ddb450000 JavaThread "Unconstrained build operations Thread 33" [_thread_blocked, id=7176, stack(0x000000c613e00000,0x000000c613f00000)]
  0x0000021ddb452800 JavaThread "Unconstrained build operations Thread 34" [_thread_blocked, id=1528, stack(0x000000c613f00000,0x000000c614000000)]
  0x0000021ddb44e800 JavaThread "Unconstrained build operations Thread 35" [_thread_blocked, id=15400, stack(0x000000c614000000,0x000000c614100000)]
  0x0000021ddb44f000 JavaThread "Unconstrained build operations Thread 36" [_thread_blocked, id=12520, stack(0x000000c614100000,0x000000c614200000)]
  0x0000021ddb44d000 JavaThread "Unconstrained build operations Thread 37" [_thread_blocked, id=4596, stack(0x000000c614200000,0x000000c614300000)]
  0x0000021ddb456800 JavaThread "Unconstrained build operations Thread 38" [_thread_blocked, id=3780, stack(0x000000c614300000,0x000000c614400000)]
  0x0000021ddb453800 JavaThread "Unconstrained build operations Thread 39" [_thread_blocked, id=16248, stack(0x000000c614400000,0x000000c614500000)]
  0x0000021ddb454000 JavaThread "Unconstrained build operations Thread 40" [_thread_blocked, id=8172, stack(0x000000c614500000,0x000000c614600000)]
  0x0000021ddb45a800 JavaThread "Memory manager" [_thread_blocked, id=14412, stack(0x000000c614700000,0x000000c614800000)]
  0x0000021ddb459000 JavaThread "pool-3-thread-1" [_thread_blocked, id=12148, stack(0x000000c614800000,0x000000c614900000)]
  0x0000021ddb458000 JavaThread "included builds" [_thread_blocked, id=14528, stack(0x000000c614900000,0x000000c614a00000)]
  0x0000021ddb45a000 JavaThread "Execution worker" [_thread_blocked, id=9428, stack(0x000000c614a00000,0x000000c614b00000)]
  0x0000021ddb455000 JavaThread "Execution worker Thread 2" [_thread_blocked, id=9664, stack(0x000000c614b00000,0x000000c614c00000)]
  0x0000021ddb45b800 JavaThread "Execution worker Thread 3" [_thread_blocked, id=11956, stack(0x000000c614c00000,0x000000c614d00000)]
  0x0000021ddeb8f000 JavaThread "Cache worker for execution history cache (C:\Users\dwise\OneDrive\Documents\bwa\kantinE-KTP\.gradle\7.5\executionHistory)" [_thread_blocked, id=16056, stack(0x000000c614d00000,0x000000c614e00000)]
  0x0000021ddeb8c800 JavaThread "idea-tooling-model-converter" [_thread_blocked, id=12844, stack(0x000000c614e00000,0x000000c614f00000)]

Other Threads:
=>0x0000021dd6007800 VMThread "VM Thread" [stack: 0x000000c60f400000,0x000000c60f500000] [id=9784]
  0x0000021dd6b13000 WatcherThread [stack: 0x000000c60fe00000,0x000000c60ff00000] [id=16216]
  0x0000021dbc41c000 GCTaskThread "GC Thread#0" [stack: 0x000000c60ef00000,0x000000c60f000000] [id=14932]
  0x0000021dd72e0000 GCTaskThread "GC Thread#1" [stack: 0x000000c60ff00000,0x000000c610000000] [id=9376]
  0x0000021dd82ea000 GCTaskThread "GC Thread#2" [stack: 0x000000c610a00000,0x000000c610b00000] [id=15824]
  0x0000021dd7f2d800 GCTaskThread "GC Thread#3" [stack: 0x000000c610b00000,0x000000c610c00000] [id=16344]
  0x0000021dbc44d000 ConcurrentGCThread "G1 Main Marker" [stack: 0x000000c60f000000,0x000000c60f100000] [id=3568]
  0x0000021dbc44e000 ConcurrentGCThread "G1 Conc#0" [stack: 0x000000c60f100000,0x000000c60f200000] [id=12320]
  0x0000021dbc4cd800 ConcurrentGCThread "G1 Refine#0" [stack: 0x000000c60f200000,0x000000c60f300000] [id=5252]
  0x0000021dd5e54800 ConcurrentGCThread "G1 Young RemSet Sampling" [stack: 0x000000c60f300000,0x000000c60f400000] [id=352]

Threads with active compile tasks:

VM state:at safepoint (normal execution)

VM Mutex/Monitor currently owned by a thread:  ([mutex/lock_event])
[0x0000021dbc3ff8c0] Threads_lock - owner thread: 0x0000021dd6007800
[0x0000021dbc400640] Heap_lock - owner thread: 0x0000021dd763c000

Heap address: 0x0000000080000000, size: 2048 MB, Compressed Oops mode: 32-bit
Narrow klass base: 0x0000000000000000, Narrow klass shift: 3
Compressed class space size: 1073741824 Address: 0x0000000100000000

Heap:
 garbage-first heap   total 508928K, used 192900K [0x0000000080000000, 0x0000000100000000)
  region size 1024K, 10 young (10240K), 10 survivors (10240K)
 Metaspace       used 99317K, capacity 101839K, committed 102012K, reserved 1138688K
  class space    used 12364K, capacity 13307K, committed 13312K, reserved 1048576K
Heap Regions: E=young(eden), S=young(survivor), O=old, HS=humongous(starts), HC=humongous(continues), CS=collection set, F=free, A=archive, TAMS=top-at-mark-start (previous, next)
|   0|0x0000000080000000, 0x0000000080100000, 0x0000000080100000|100%|HS|  |TAMS 0x0000000080100000, 0x0000000080000000| Complete 
|   1|0x0000000080100000, 0x0000000080200000, 0x0000000080200000|100%|HC|  |TAMS 0x0000000080200000, 0x0000000080100000| Complete 
|   2|0x0000000080200000, 0x0000000080300000, 0x0000000080300000|100%|HC|  |TAMS 0x0000000080300000, 0x0000000080200000| Complete 
|   3|0x0000000080300000, 0x0000000080400000, 0x0000000080400000|100%| O|  |TAMS 0x0000000080400000, 0x0000000080300000| Untracked 
|   4|0x0000000080400000, 0x0000000080500000, 0x0000000080500000|100%| O|  |TAMS 0x0000000080500000, 0x0000000080400000| Untracked 
|   5|0x0000000080500000, 0x0000000080600000, 0x0000000080600000|100%| O|  |TAMS 0x0000000080600000, 0x0000000080500000| Untracked 
|   6|0x0000000080600000, 0x0000000080700000, 0x0000000080700000|100%| O|  |TAMS 0x0000000080700000, 0x0000000080600000| Untracked 
|   7|0x0000000080700000, 0x0000000080800000, 0x0000000080800000|100%| O|  |TAMS 0x0000000080800000, 0x0000000080700000| Complete 
|   8|0x0000000080800000, 0x0000000080900000, 0x0000000080900000|100%| O|  |TAMS 0x0000000080900000, 0x0000000080800000| Untracked 
|   9|0x0000000080900000, 0x0000000080a00000, 0x0000000080a00000|100%| O|  |TAMS 0x0000000080a00000, 0x0000000080900000| Complete 
|  10|0x0000000080a00000, 0x0000000080b00000, 0x0000000080b00000|100%| O|  |TAMS 0x0000000080b00000, 0x0000000080a00000| Untracked 
|  11|0x0000000080b00000, 0x0000000080c00000, 0x0000000080c00000|100%| O|  |TAMS 0x0000000080c00000, 0x0000000080b00000| Untracked 
|  12|0x0000000080c00000, 0x0000000080d00000, 0x0000000080d00000|100%| O|  |TAMS 0x0000000080d00000, 0x0000000080c00000| Untracked 
|  13|0x0000000080d00000, 0x0000000080e00000, 0x0000000080e00000|100%| O|  |TAMS 0x0000000080e00000, 0x0000000080d00000| Untracked 
|  14|0x0000000080e00000, 0x0000000080f00000, 0x0000000080f00000|100%| O|  |TAMS 0x0000000080f00000, 0x0000000080e00000| Untracked 
|  15|0x0000000080f00000, 0x0000000081000000, 0x0000000081000000|100%| O|  |TAMS 0x0000000081000000, 0x0000000080f00000| Untracked 
|  16|0x0000000081000000, 0x0000000081100000, 0x0000000081100000|100%| O|  |TAMS 0x0000000081100000, 0x0000000081000000| Untracked 
|  17|0x0000000081100000, 0x0000000081200000, 0x0000000081200000|100%|HS|  |TAMS 0x0000000081200000, 0x0000000081100000| Complete 
|  18|0x0000000081200000, 0x0000000081300000, 0x0000000081300000|100%|HC|  |TAMS 0x0000000081300000, 0x0000000081200000| Complete 
|  19|0x0000000081300000, 0x0000000081400000, 0x0000000081400000|100%|HS|  |TAMS 0x0000000081400000, 0x0000000081300000| Complete 
|  20|0x0000000081400000, 0x0000000081500000, 0x0000000081500000|100%|HC|  |TAMS 0x0000000081500000, 0x0000000081400000| Complete 
|  21|0x0000000081500000, 0x0000000081600000, 0x0000000081600000|100%|HC|  |TAMS 0x0000000081600000, 0x0000000081500000| Complete 
|  22|0x0000000081600000, 0x0000000081700000, 0x0000000081700000|100%|HS|  |TAMS 0x0000000081700000, 0x0000000081600000| Complete 
|  23|0x0000000081700000, 0x0000000081800000, 0x0000000081800000|100%|HC|  |TAMS 0x0000000081800000, 0x0000000081700000| Complete 
|  24|0x0000000081800000, 0x0000000081900000, 0x0000000081900000|100%|HC|  |TAMS 0x0000000081900000, 0x0000000081800000| Complete 
|  25|0x0000000081900000, 0x0000000081a00000, 0x0000000081a00000|100%| O|  |TAMS 0x0000000081a00000, 0x0000000081900000| Complete 
|  26|0x0000000081a00000, 0x0000000081b00000, 0x0000000081b00000|100%|HS|  |TAMS 0x0000000081b00000, 0x0000000081a00000| Complete 
|  27|0x0000000081b00000, 0x0000000081c00000, 0x0000000081c00000|100%|HC|  |TAMS 0x0000000081c00000, 0x0000000081b00000| Complete 
|  28|0x0000000081c00000, 0x0000000081d00000, 0x0000000081d00000|100%|HS|  |TAMS 0x0000000081d00000, 0x0000000081c00000| Complete 
|  29|0x0000000081d00000, 0x0000000081e00000, 0x0000000081e00000|100%|HC|  |TAMS 0x0000000081e00000, 0x0000000081d00000| Complete 
|  30|0x0000000081e00000, 0x0000000081f00000, 0x0000000081f00000|100%|HC|  |TAMS 0x0000000081f00000, 0x0000000081e00000| Complete 
|  31|0x0000000081f00000, 0x0000000082000000, 0x0000000082000000|100%|HC|  |TAMS 0x0000000082000000, 0x0000000081f00000| Complete 
|  32|0x0000000082000000, 0x0000000082100000, 0x0000000082100000|100%|HC|  |TAMS 0x0000000082100000, 0x0000000082000000| Complete 
|  33|0x0000000082100000, 0x0000000082200000, 0x0000000082200000|100%| O|  |TAMS 0x0000000082200000, 0x0000000082100000| Untracked 
|  34|0x0000000082200000, 0x0000000082300000, 0x0000000082300000|100%| O|  |TAMS 0x0000000082300000, 0x0000000082200000| Untracked 
|  35|0x0000000082300000, 0x0000000082400000, 0x0000000082400000|100%| O|  |TAMS 0x0000000082400000, 0x0000000082300000| Complete 
|  36|0x0000000082400000, 0x0000000082500000, 0x0000000082500000|100%| O|  |TAMS 0x0000000082500000, 0x0000000082400000| Complete 
|  37|0x0000000082500000, 0x0000000082600000, 0x0000000082600000|100%| O|  |TAMS 0x0000000082600000, 0x0000000082500000| Complete 
|  38|0x0000000082600000, 0x0000000082700000, 0x0000000082700000|100%| O|  |TAMS 0x0000000082700000, 0x0000000082600000| Complete 
|  39|0x0000000082700000, 0x0000000082800000, 0x0000000082800000|100%| O|  |TAMS 0x0000000082800000, 0x0000000082700000| Untracked 
|  40|0x0000000082800000, 0x0000000082900000, 0x0000000082900000|100%| O|  |TAMS 0x0000000082900000, 0x0000000082800000| Untracked 
|  41|0x0000000082900000, 0x0000000082a00000, 0x0000000082a00000|100%| O|  |TAMS 0x0000000082a00000, 0x0000000082900000| Complete 
|  42|0x0000000082a00000, 0x0000000082b00000, 0x0000000082b00000|100%| O|  |TAMS 0x0000000082b00000, 0x0000000082a00000| Complete 
|  43|0x0000000082b00000, 0x0000000082c00000, 0x0000000082c00000|100%| O|  |TAMS 0x0000000082c00000, 0x0000000082b00000| Untracked 
|  44|0x0000000082c00000, 0x0000000082d00000, 0x0000000082d00000|100%| O|  |TAMS 0x0000000082d00000, 0x0000000082c00000| Untracked 
|  45|0x0000000082d00000, 0x0000000082e00000, 0x0000000082e00000|100%| O|  |TAMS 0x0000000082e00000, 0x0000000082d00000| Untracked 
|  46|0x0000000082e00000, 0x0000000082f00000, 0x0000000082f00000|100%| O|  |TAMS 0x0000000082f00000, 0x0000000082e00000| Untracked 
|  47|0x0000000082f00000, 0x0000000083000000, 0x0000000083000000|100%| O|  |TAMS 0x0000000083000000, 0x0000000082f00000| Untracked 
|  48|0x0000000083000000, 0x0000000083100000, 0x0000000083100000|100%| O|  |TAMS 0x0000000083100000, 0x0000000083000000| Complete 
|  49|0x0000000083100000, 0x0000000083200000, 0x0000000083200000|100%| O|  |TAMS 0x0000000083200000, 0x0000000083100000| Untracked 
|  50|0x0000000083200000, 0x0000000083300000, 0x0000000083300000|100%| O|  |TAMS 0x0000000083300000, 0x0000000083200000| Complete 
|  51|0x0000000083300000, 0x0000000083400000, 0x0000000083400000|100%| O|  |TAMS 0x0000000083400000, 0x0000000083300000| Untracked 
|  52|0x0000000083400000, 0x0000000083500000, 0x0000000083500000|100%| O|  |TAMS 0x0000000083500000, 0x0000000083400000| Complete 
|  53|0x0000000083500000, 0x0000000083600000, 0x0000000083600000|100%| O|  |TAMS 0x0000000083600000, 0x0000000083500000| Complete 
|  54|0x0000000083600000, 0x0000000083700000, 0x0000000083700000|100%| O|  |TAMS 0x0000000083700000, 0x0000000083600000| Complete 
|  55|0x0000000083700000, 0x0000000083800000, 0x0000000083800000|100%| O|  |TAMS 0x0000000083800000, 0x0000000083700000| Untracked 
|  56|0x0000000083800000, 0x0000000083900000, 0x0000000083900000|100%|HS|  |TAMS 0x0000000083900000, 0x0000000083800000| Complete 
|  57|0x0000000083900000, 0x0000000083a00000, 0x0000000083a00000|100%|HC|  |TAMS 0x0000000083a00000, 0x0000000083900000| Complete 
|  58|0x0000000083a00000, 0x0000000083b00000, 0x0000000083b00000|100%| O|  |TAMS 0x0000000083b00000, 0x0000000083a00000| Untracked 
|  59|0x0000000083b00000, 0x0000000083c00000, 0x0000000083c00000|100%| O|  |TAMS 0x0000000083c00000, 0x0000000083b00000| Complete 
|  60|0x0000000083c00000, 0x0000000083d00000, 0x0000000083d00000|100%| O|  |TAMS 0x0000000083d00000, 0x0000000083c00000| Complete 
|  61|0x0000000083d00000, 0x0000000083e00000, 0x0000000083e00000|100%| O|  |TAMS 0x0000000083e00000, 0x0000000083d00000| Untracked 
|  62|0x0000000083e00000, 0x0000000083f00000, 0x0000000083f00000|100%| O|  |TAMS 0x0000000083f00000, 0x0000000083e00000| Complete 
|  63|0x0000000083f00000, 0x0000000084000000, 0x0000000084000000|100%| O|  |TAMS 0x0000000084000000, 0x0000000083f00000| Untracked 
|  64|0x0000000084000000, 0x0000000084100000, 0x0000000084100000|100%| O|  |TAMS 0x0000000084100000, 0x0000000084000000| Complete 
|  65|0x0000000084100000, 0x0000000084200000, 0x0000000084200000|100%| O|  |TAMS 0x0000000084200000, 0x0000000084100000| Complete 
|  66|0x0000000084200000, 0x0000000084300000, 0x0000000084300000|100%| O|  |TAMS 0x0000000084300000, 0x0000000084200000| Untracked 
|  67|0x0000000084300000, 0x0000000084400000, 0x0000000084400000|100%| O|  |TAMS 0x0000000084400000, 0x0000000084300000| Untracked 
|  68|0x0000000084400000, 0x0000000084500000, 0x0000000084500000|100%| O|  |TAMS 0x0000000084500000, 0x0000000084400000| Complete 
|  69|0x0000000084500000, 0x0000000084600000, 0x0000000084600000|100%| O|  |TAMS 0x0000000084600000, 0x0000000084500000| Untracked 
|  70|0x0000000084600000, 0x0000000084700000, 0x0000000084700000|100%| O|  |TAMS 0x0000000084700000, 0x0000000084600000| Untracked 
|  71|0x0000000084700000, 0x0000000084800000, 0x0000000084800000|100%| O|  |TAMS 0x0000000084800000, 0x0000000084700000| Untracked 
|  72|0x0000000084800000, 0x0000000084900000, 0x0000000084900000|100%| O|  |TAMS 0x0000000084900000, 0x0000000084800000| Untracked 
|  73|0x0000000084900000, 0x0000000084a00000, 0x0000000084a00000|100%| O|  |TAMS 0x0000000084a00000, 0x0000000084900000| Untracked 
|  74|0x0000000084a00000, 0x0000000084b00000, 0x0000000084b00000|100%| O|  |TAMS 0x0000000084b00000, 0x0000000084a00000| Untracked 
|  75|0x0000000084b00000, 0x0000000084c00000, 0x0000000084c00000|100%| O|  |TAMS 0x0000000084c00000, 0x0000000084b00000| Untracked 
|  76|0x0000000084c00000, 0x0000000084d00000, 0x0000000084d00000|100%|HS|  |TAMS 0x0000000084d00000, 0x0000000084c00000| Complete 
|  77|0x0000000084d00000, 0x0000000084e00000, 0x0000000084e00000|100%|HC|  |TAMS 0x0000000084e00000, 0x0000000084d00000| Complete 
|  78|0x0000000084e00000, 0x0000000084f00000, 0x0000000084f00000|100%|HC|  |TAMS 0x0000000084f00000, 0x0000000084e00000| Complete 
|  79|0x0000000084f00000, 0x0000000085000000, 0x0000000085000000|100%|HC|  |TAMS 0x0000000085000000, 0x0000000084f00000| Complete 
|  80|0x0000000085000000, 0x0000000085100000, 0x0000000085100000|100%|HC|  |TAMS 0x0000000085100000, 0x0000000085000000| Complete 
|  81|0x0000000085100000, 0x0000000085200000, 0x0000000085200000|100%| O|  |TAMS 0x0000000085200000, 0x0000000085100000| Untracked 
|  82|0x0000000085200000, 0x0000000085300000, 0x0000000085300000|100%| O|  |TAMS 0x0000000085300000, 0x0000000085200000| Untracked 
|  83|0x0000000085300000, 0x0000000085400000, 0x0000000085400000|100%| O|  |TAMS 0x0000000085400000, 0x0000000085300000| Untracked 
|  84|0x0000000085400000, 0x0000000085500000, 0x0000000085500000|100%| O|  |TAMS 0x0000000085500000, 0x0000000085400000| Complete 
|  85|0x0000000085500000, 0x0000000085600000, 0x0000000085600000|100%| O|  |TAMS 0x0000000085600000, 0x0000000085500000| Complete 
|  86|0x0000000085600000, 0x0000000085700000, 0x0000000085700000|100%| O|  |TAMS 0x0000000085700000, 0x0000000085600000| Complete 
|  87|0x0000000085700000, 0x0000000085800000, 0x0000000085800000|100%| O|  |TAMS 0x0000000085800000, 0x0000000085700000| Untracked 
|  88|0x0000000085800000, 0x0000000085900000, 0x0000000085900000|100%| O|  |TAMS 0x0000000085900000, 0x0000000085800000| Complete 
|  89|0x0000000085900000, 0x0000000085a00000, 0x0000000085a00000|100%|HS|  |TAMS 0x0000000085a00000, 0x0000000085900000| Complete 
|  90|0x0000000085a00000, 0x0000000085b00000, 0x0000000085b00000|100%|HS|  |TAMS 0x0000000085b00000, 0x0000000085a00000| Complete 
|  91|0x0000000085b00000, 0x0000000085c00000, 0x0000000085c00000|100%|HS|  |TAMS 0x0000000085c00000, 0x0000000085b00000| Complete 
|  92|0x0000000085c00000, 0x0000000085d00000, 0x0000000085d00000|100%|HS|  |TAMS 0x0000000085d00000, 0x0000000085c00000| Complete 
|  93|0x0000000085d00000, 0x0000000085e00000, 0x0000000085e00000|100%|HC|  |TAMS 0x0000000085e00000, 0x0000000085d00000| Complete 
|  94|0x0000000085e00000, 0x0000000085f00000, 0x0000000085f00000|100%|HC|  |TAMS 0x0000000085f00000, 0x0000000085e00000| Complete 
|  95|0x0000000085f00000, 0x0000000086000000, 0x0000000086000000|100%| O|  |TAMS 0x0000000086000000, 0x0000000085f00000| Untracked 
|  96|0x0000000086000000, 0x0000000086100000, 0x0000000086100000|100%| O|  |TAMS 0x0000000086100000, 0x0000000086000000| Untracked 
|  97|0x0000000086100000, 0x0000000086200000, 0x0000000086200000|100%| O|  |TAMS 0x0000000086200000, 0x0000000086100000| Untracked 
|  98|0x0000000086200000, 0x0000000086300000, 0x0000000086300000|100%| O|  |TAMS 0x0000000086300000, 0x0000000086200000| Untracked 
|  99|0x0000000086300000, 0x0000000086400000, 0x0000000086400000|100%| O|  |TAMS 0x0000000086400000, 0x0000000086300000| Untracked 
| 100|0x0000000086400000, 0x0000000086500000, 0x0000000086500000|100%| O|  |TAMS 0x0000000086500000, 0x0000000086400000| Untracked 
| 101|0x0000000086500000, 0x0000000086600000, 0x0000000086600000|100%|HS|  |TAMS 0x0000000086600000, 0x0000000086500000| Complete 
| 102|0x0000000086600000, 0x0000000086700000, 0x0000000086700000|100%|HC|  |TAMS 0x0000000086700000, 0x0000000086600000| Complete 
| 103|0x0000000086700000, 0x0000000086800000, 0x0000000086800000|100%|HC|  |TAMS 0x0000000086800000, 0x0000000086700000| Complete 
| 104|0x0000000086800000, 0x0000000086900000, 0x0000000086900000|100%| O|  |TAMS 0x0000000086900000, 0x0000000086800000| Untracked 
| 105|0x0000000086900000, 0x0000000086a00000, 0x0000000086a00000|100%| O|  |TAMS 0x0000000086a00000, 0x0000000086900000| Complete 
| 106|0x0000000086a00000, 0x0000000086b00000, 0x0000000086b00000|100%|HS|  |TAMS 0x0000000086b00000, 0x0000000086a00000| Complete 
| 107|0x0000000086b00000, 0x0000000086c00000, 0x0000000086c00000|100%|HC|  |TAMS 0x0000000086c00000, 0x0000000086b00000| Complete 
| 108|0x0000000086c00000, 0x0000000086d00000, 0x0000000086d00000|100%|HS|  |TAMS 0x0000000086d00000, 0x0000000086c00000| Complete 
| 109|0x0000000086d00000, 0x0000000086e00000, 0x0000000086e00000|100%|HC|  |TAMS 0x0000000086e00000, 0x0000000086d00000| Complete 
| 110|0x0000000086e00000, 0x0000000086f00000, 0x0000000086f00000|100%|HC|  |TAMS 0x0000000086f00000, 0x0000000086e00000| Complete 
| 111|0x0000000086f00000, 0x0000000087000000, 0x0000000087000000|100%| O|  |TAMS 0x0000000087000000, 0x0000000086f00000| Untracked 
| 112|0x0000000087000000, 0x0000000087100000, 0x0000000087100000|100%| O|  |TAMS 0x0000000087100000, 0x0000000087000000| Complete 
| 113|0x0000000087100000, 0x0000000087200000, 0x0000000087200000|100%| O|  |TAMS 0x0000000087200000, 0x0000000087100000| Untracked 
| 114|0x0000000087200000, 0x0000000087300000, 0x0000000087300000|100%| O|  |TAMS 0x0000000087200000, 0x0000000087200000| Untracked 
| 115|0x0000000087300000, 0x0000000087400000, 0x0000000087400000|100%| O|  |TAMS 0x0000000087400000, 0x0000000087300000| Complete 
| 116|0x0000000087400000, 0x0000000087500000, 0x0000000087500000|100%| O|  |TAMS 0x0000000087400000, 0x0000000087400000| Untracked 
| 117|0x0000000087500000, 0x0000000087600000, 0x0000000087600000|100%| O|  |TAMS 0x0000000087600000, 0x0000000087500000| Untracked 
| 118|0x0000000087600000, 0x0000000087700000, 0x0000000087700000|100%| O|  |TAMS 0x0000000087700000, 0x0000000087600000| Untracked 
| 119|0x0000000087700000, 0x0000000087800000, 0x0000000087800000|100%| O|  |TAMS 0x0000000087800000, 0x0000000087700000| Untracked 
| 120|0x0000000087800000, 0x0000000087900000, 0x0000000087900000|100%| O|  |TAMS 0x0000000087900000, 0x0000000087800000| Untracked 
| 121|0x0000000087900000, 0x0000000087a00000, 0x0000000087a00000|100%| O|  |TAMS 0x0000000087a00000, 0x0000000087900000| Untracked 
| 122|0x0000000087a00000, 0x0000000087b00000, 0x0000000087b00000|100%| O|  |TAMS 0x0000000087b00000, 0x0000000087a00000| Untracked 
| 123|0x0000000087b00000, 0x0000000087c00000, 0x0000000087c00000|100%| O|  |TAMS 0x0000000087c00000, 0x0000000087b00000| Untracked 
| 124|0x0000000087c00000, 0x0000000087d00000, 0x0000000087d00000|100%| O|  |TAMS 0x0000000087d00000, 0x0000000087c00000| Complete 
| 125|0x0000000087d00000, 0x0000000087e00000, 0x0000000087e00000|100%|HS|  |TAMS 0x0000000087d00000, 0x0000000087d00000| Complete 
| 126|0x0000000087e00000, 0x0000000087f00000, 0x0000000087f00000|100%|HC|  |TAMS 0x0000000087e00000, 0x0000000087e00000| Complete 
| 127|0x0000000087f00000, 0x0000000088000000, 0x0000000088000000|100%|HS|  |TAMS 0x0000000088000000, 0x0000000087f00000| Complete 
| 128|0x0000000088000000, 0x0000000088100000, 0x0000000088100000|100%|HC|  |TAMS 0x0000000088100000, 0x0000000088000000| Complete 
| 129|0x0000000088100000, 0x0000000088200000, 0x0000000088200000|100%|HC|  |TAMS 0x0000000088200000, 0x0000000088100000| Complete 
| 130|0x0000000088200000, 0x0000000088300000, 0x0000000088300000|100%|HC|  |TAMS 0x0000000088300000, 0x0000000088200000| Complete 
| 131|0x0000000088300000, 0x0000000088400000, 0x0000000088400000|100%|HC|  |TAMS 0x0000000088400000, 0x0000000088300000| Complete 
| 132|0x0000000088400000, 0x0000000088500000, 0x0000000088500000|100%|HC|  |TAMS 0x0000000088500000, 0x0000000088400000| Complete 
| 133|0x0000000088500000, 0x0000000088600000, 0x0000000088600000|100%|HC|  |TAMS 0x0000000088600000, 0x0000000088500000| Complete 
| 134|0x0000000088600000, 0x0000000088700000, 0x0000000088700000|100%|HC|  |TAMS 0x0000000088700000, 0x0000000088600000| Complete 
| 135|0x0000000088700000, 0x0000000088800000, 0x0000000088800000|100%|HC|  |TAMS 0x0000000088800000, 0x0000000088700000| Complete 
| 136|0x0000000088800000, 0x0000000088900000, 0x0000000088900000|100%|HC|  |TAMS 0x0000000088900000, 0x0000000088800000| Complete 
| 137|0x0000000088900000, 0x0000000088a00000, 0x0000000088a00000|100%|HS|  |TAMS 0x0000000088900000, 0x0000000088900000| Complete 
| 138|0x0000000088a00000, 0x0000000088b00000, 0x0000000088b00000|100%|HC|  |TAMS 0x0000000088a00000, 0x0000000088a00000| Complete 
| 139|0x0000000088b00000, 0x0000000088c00000, 0x0000000088c00000|100%|HC|  |TAMS 0x0000000088b00000, 0x0000000088b00000| Complete 
| 140|0x0000000088c00000, 0x0000000088d00000, 0x0000000088d00000|100%|HC|  |TAMS 0x0000000088c00000, 0x0000000088c00000| Complete 
| 141|0x0000000088d00000, 0x0000000088e00000, 0x0000000088e00000|100%|HC|  |TAMS 0x0000000088d00000, 0x0000000088d00000| Complete 
| 142|0x0000000088e00000, 0x0000000088f00000, 0x0000000088f00000|100%|HC|  |TAMS 0x0000000088e00000, 0x0000000088e00000| Complete 
| 143|0x0000000088f00000, 0x0000000089000000, 0x0000000089000000|100%|HC|  |TAMS 0x0000000088f00000, 0x0000000088f00000| Complete 
| 144|0x0000000089000000, 0x0000000089100000, 0x0000000089100000|100%|HC|  |TAMS 0x0000000089000000, 0x0000000089000000| Complete 
| 145|0x0000000089100000, 0x0000000089200000, 0x0000000089200000|100%|HC|  |TAMS 0x0000000089100000, 0x0000000089100000| Complete 
| 146|0x0000000089200000, 0x0000000089300000, 0x0000000089300000|100%|HC|  |TAMS 0x0000000089200000, 0x0000000089200000| Complete 
| 147|0x0000000089300000, 0x0000000089400000, 0x0000000089400000|100%|HS|  |TAMS 0x0000000089300000, 0x0000000089300000| Complete 
| 148|0x0000000089400000, 0x0000000089500000, 0x0000000089500000|100%|HC|  |TAMS 0x0000000089400000, 0x0000000089400000| Complete 
| 149|0x0000000089500000, 0x0000000089600000, 0x0000000089600000|100%|HS|  |TAMS 0x0000000089500000, 0x0000000089500000| Complete 
| 150|0x0000000089600000, 0x0000000089700000, 0x0000000089700000|100%|HC|  |TAMS 0x0000000089600000, 0x0000000089600000| Complete 
| 151|0x0000000089700000, 0x0000000089800000, 0x0000000089800000|100%|HC|  |TAMS 0x0000000089700000, 0x0000000089700000| Complete 
| 152|0x0000000089800000, 0x0000000089900000, 0x0000000089900000|100%|HS|  |TAMS 0x0000000089800000, 0x0000000089800000| Complete 
| 153|0x0000000089900000, 0x0000000089a00000, 0x0000000089a00000|100%|HC|  |TAMS 0x0000000089900000, 0x0000000089900000| Complete 
| 154|0x0000000089a00000, 0x0000000089b00000, 0x0000000089b00000|100%|HC|  |TAMS 0x0000000089a00000, 0x0000000089a00000| Complete 
| 155|0x0000000089b00000, 0x0000000089c00000, 0x0000000089c00000|100%|HS|  |TAMS 0x0000000089b00000, 0x0000000089b00000| Complete 
| 156|0x0000000089c00000, 0x0000000089d00000, 0x0000000089d00000|100%|HC|  |TAMS 0x0000000089c00000, 0x0000000089c00000| Complete 
| 157|0x0000000089d00000, 0x0000000089e00000, 0x0000000089e00000|100%|HS|  |TAMS 0x0000000089d00000, 0x0000000089d00000| Complete 
| 158|0x0000000089e00000, 0x0000000089f00000, 0x0000000089f00000|100%|HC|  |TAMS 0x0000000089e00000, 0x0000000089e00000| Complete 
| 159|0x0000000089f00000, 0x000000008a000000, 0x000000008a000000|100%|HC|  |TAMS 0x0000000089f00000, 0x0000000089f00000| Complete 
| 160|0x000000008a000000, 0x000000008a100000, 0x000000008a100000|100%|HC|  |TAMS 0x000000008a000000, 0x000000008a000000| Complete 
| 161|0x000000008a100000, 0x000000008a200000, 0x000000008a200000|100%|HC|  |TAMS 0x000000008a100000, 0x000000008a100000| Complete 
| 162|0x000000008a200000, 0x000000008a300000, 0x000000008a300000|100%|HS|  |TAMS 0x000000008a200000, 0x000000008a200000| Complete 
| 163|0x000000008a300000, 0x000000008a400000, 0x000000008a400000|100%|HC|  |TAMS 0x000000008a300000, 0x000000008a300000| Complete 
| 164|0x000000008a400000, 0x000000008a500000, 0x000000008a500000|100%|HC|  |TAMS 0x000000008a400000, 0x000000008a400000| Complete 
| 165|0x000000008a500000, 0x000000008a600000, 0x000000008a600000|100%|HC|  |TAMS 0x000000008a500000, 0x000000008a500000| Complete 
| 166|0x000000008a600000, 0x000000008a700000, 0x000000008a700000|100%|HC|  |TAMS 0x000000008a600000, 0x000000008a600000| Complete 
| 167|0x000000008a700000, 0x000000008a800000, 0x000000008a800000|100%|HC|  |TAMS 0x000000008a700000, 0x000000008a700000| Complete 
| 168|0x000000008a800000, 0x000000008a900000, 0x000000008a900000|100%|HC|  |TAMS 0x000000008a800000, 0x000000008a800000| Complete 
| 169|0x000000008a900000, 0x000000008aa00000, 0x000000008aa00000|100%|HC|  |TAMS 0x000000008a900000, 0x000000008a900000| Complete 
| 170|0x000000008aa00000, 0x000000008ab00000, 0x000000008ab00000|100%|HC|  |TAMS 0x000000008aa00000, 0x000000008aa00000| Complete 
| 171|0x000000008ab00000, 0x000000008ac00000, 0x000000008ac00000|100%|HC|  |TAMS 0x000000008ab00000, 0x000000008ab00000| Complete 
| 172|0x000000008ac00000, 0x000000008ad00000, 0x000000008ad00000|100%|HS|  |TAMS 0x000000008ac00000, 0x000000008ac00000| Complete 
| 173|0x000000008ad00000, 0x000000008ae00000, 0x000000008ae00000|100%|HC|  |TAMS 0x000000008ad00000, 0x000000008ad00000| Complete 
| 174|0x000000008ae00000, 0x000000008af00000, 0x000000008af00000|100%| O|  |TAMS 0x000000008ae00000, 0x000000008ae00000| Untracked 
| 175|0x000000008af00000, 0x000000008b000000, 0x000000008b000000|100%| O|  |TAMS 0x000000008af00000, 0x000000008af00000| Untracked 
| 176|0x000000008b000000, 0x000000008b100000, 0x000000008b100000|100%| O|  |TAMS 0x000000008b000000, 0x000000008b000000| Untracked 
| 177|0x000000008b100000, 0x000000008b200000, 0x000000008b200000|100%| O|  |TAMS 0x000000008b100000, 0x000000008b100000| Untracked 
| 178|0x000000008b200000, 0x000000008b261200, 0x000000008b300000| 37%| O|  |TAMS 0x000000008b200000, 0x000000008b200000| Untracked 
| 179|0x000000008b300000, 0x000000008b300000, 0x000000008b400000|  0%| F|  |TAMS 0x000000008b300000, 0x000000008b300000| Untracked 
| 180|0x000000008b400000, 0x000000008b400000, 0x000000008b500000|  0%| F|  |TAMS 0x000000008b400000, 0x000000008b400000| Untracked 
| 181|0x000000008b500000, 0x000000008b500000, 0x000000008b600000|  0%| F|  |TAMS 0x000000008b500000, 0x000000008b500000| Untracked 
| 182|0x000000008b600000, 0x000000008b600000, 0x000000008b700000|  0%| F|  |TAMS 0x000000008b600000, 0x000000008b600000| Untracked 
| 183|0x000000008b700000, 0x000000008b700000, 0x000000008b800000|  0%| F|  |TAMS 0x000000008b700000, 0x000000008b700000| Untracked 
| 184|0x000000008b800000, 0x000000008b800000, 0x000000008b900000|  0%| F|  |TAMS 0x000000008b800000, 0x000000008b800000| Untracked 
| 185|0x000000008b900000, 0x000000008b900000, 0x000000008ba00000|  0%| F|  |TAMS 0x000000008b900000, 0x000000008b900000| Untracked 
| 186|0x000000008ba00000, 0x000000008ba00000, 0x000000008bb00000|  0%| F|  |TAMS 0x000000008ba00000, 0x000000008ba00000| Untracked 
| 187|0x000000008bb00000, 0x000000008bb00000, 0x000000008bc00000|  0%| F|  |TAMS 0x000000008bb00000, 0x000000008bb00000| Untracked 
| 188|0x000000008bc00000, 0x000000008bc00000, 0x000000008bd00000|  0%| F|  |TAMS 0x000000008bc00000, 0x000000008bc00000| Untracked 
| 189|0x000000008bd00000, 0x000000008bd00000, 0x000000008be00000|  0%| F|  |TAMS 0x000000008bd00000, 0x000000008bd00000| Untracked 
| 190|0x000000008be00000, 0x000000008be00000, 0x000000008bf00000|  0%| F|  |TAMS 0x000000008be00000, 0x000000008be00000| Untracked 
| 191|0x000000008bf00000, 0x000000008bf00000, 0x000000008c000000|  0%| F|  |TAMS 0x000000008bf00000, 0x000000008bf00000| Untracked 
| 192|0x000000008c000000, 0x000000008c000000, 0x000000008c100000|  0%| F|  |TAMS 0x000000008c000000, 0x000000008c000000| Untracked 
| 193|0x000000008c100000, 0x000000008c100000, 0x000000008c200000|  0%| F|  |TAMS 0x000000008c100000, 0x000000008c100000| Untracked 
| 194|0x000000008c200000, 0x000000008c200000, 0x000000008c300000|  0%| F|  |TAMS 0x000000008c200000, 0x000000008c200000| Untracked 
| 195|0x000000008c300000, 0x000000008c300000, 0x000000008c400000|  0%| F|  |TAMS 0x000000008c300000, 0x000000008c300000| Untracked 
| 196|0x000000008c400000, 0x000000008c400000, 0x000000008c500000|  0%| F|  |TAMS 0x000000008c400000, 0x000000008c400000| Untracked 
| 197|0x000000008c500000, 0x000000008c500000, 0x000000008c600000|  0%| F|  |TAMS 0x000000008c500000, 0x000000008c500000| Untracked 
| 198|0x000000008c600000, 0x000000008c600000, 0x000000008c700000|  0%| F|  |TAMS 0x000000008c600000, 0x000000008c600000| Untracked 
| 199|0x000000008c700000, 0x000000008c700000, 0x000000008c800000|  0%| F|  |TAMS 0x000000008c700000, 0x000000008c700000| Untracked 
| 200|0x000000008c800000, 0x000000008c800000, 0x000000008c900000|  0%| F|  |TAMS 0x000000008c800000, 0x000000008c800000| Untracked 
| 201|0x000000008c900000, 0x000000008c900000, 0x000000008ca00000|  0%| F|  |TAMS 0x000000008c900000, 0x000000008c900000| Untracked 
| 202|0x000000008ca00000, 0x000000008ca00000, 0x000000008cb00000|  0%| F|  |TAMS 0x000000008ca00000, 0x000000008ca00000| Untracked 
| 203|0x000000008cb00000, 0x000000008cb00000, 0x000000008cc00000|  0%| F|  |TAMS 0x000000008cb00000, 0x000000008cb00000| Untracked 
| 204|0x000000008cc00000, 0x000000008cc00000, 0x000000008cd00000|  0%| F|  |TAMS 0x000000008cc00000, 0x000000008cc00000| Untracked 
| 205|0x000000008cd00000, 0x000000008cd00000, 0x000000008ce00000|  0%| F|  |TAMS 0x000000008cd00000, 0x000000008cd00000| Untracked 
| 206|0x000000008ce00000, 0x000000008ce00000, 0x000000008cf00000|  0%| F|  |TAMS 0x000000008ce00000, 0x000000008ce00000| Untracked 
| 207|0x000000008cf00000, 0x000000008cf00000, 0x000000008d000000|  0%| F|  |TAMS 0x000000008cf00000, 0x000000008cf00000| Untracked 
| 208|0x000000008d000000, 0x000000008d000000, 0x000000008d100000|  0%| F|  |TAMS 0x000000008d000000, 0x000000008d000000| Untracked 
| 209|0x000000008d100000, 0x000000008d100000, 0x000000008d200000|  0%| F|  |TAMS 0x000000008d100000, 0x000000008d100000| Untracked 
| 210|0x000000008d200000, 0x000000008d200000, 0x000000008d300000|  0%| F|  |TAMS 0x000000008d200000, 0x000000008d200000| Untracked 
| 211|0x000000008d300000, 0x000000008d300000, 0x000000008d400000|  0%| F|  |TAMS 0x000000008d300000, 0x000000008d300000| Untracked 
| 212|0x000000008d400000, 0x000000008d400000, 0x000000008d500000|  0%| F|  |TAMS 0x000000008d400000, 0x000000008d400000| Untracked 
| 213|0x000000008d500000, 0x000000008d500000, 0x000000008d600000|  0%| F|  |TAMS 0x000000008d500000, 0x000000008d500000| Untracked 
| 214|0x000000008d600000, 0x000000008d600000, 0x000000008d700000|  0%| F|  |TAMS 0x000000008d600000, 0x000000008d600000| Untracked 
| 215|0x000000008d700000, 0x000000008d700000, 0x000000008d800000|  0%| F|  |TAMS 0x000000008d700000, 0x000000008d700000| Untracked 
| 216|0x000000008d800000, 0x000000008d800000, 0x000000008d900000|  0%| F|  |TAMS 0x000000008d800000, 0x000000008d800000| Untracked 
| 217|0x000000008d900000, 0x000000008d900000, 0x000000008da00000|  0%| F|  |TAMS 0x000000008d900000, 0x000000008d900000| Untracked 
| 218|0x000000008da00000, 0x000000008da00000, 0x000000008db00000|  0%| F|  |TAMS 0x000000008da00000, 0x000000008da00000| Untracked 
| 219|0x000000008db00000, 0x000000008dc00000, 0x000000008dc00000|100%| S|CS|TAMS 0x000000008db00000, 0x000000008db00000| Complete 
| 220|0x000000008dc00000, 0x000000008dd00000, 0x000000008dd00000|100%| S|CS|TAMS 0x000000008dc00000, 0x000000008dc00000| Complete 
| 221|0x000000008dd00000, 0x000000008de00000, 0x000000008de00000|100%| S|CS|TAMS 0x000000008dd00000, 0x000000008dd00000| Complete 
| 222|0x000000008de00000, 0x000000008df00000, 0x000000008df00000|100%| S|CS|TAMS 0x000000008de00000, 0x000000008de00000| Complete 
| 223|0x000000008df00000, 0x000000008e000000, 0x000000008e000000|100%| S|CS|TAMS 0x000000008df00000, 0x000000008df00000| Complete 
| 224|0x000000008e000000, 0x000000008e100000, 0x000000008e100000|100%| S|CS|TAMS 0x000000008e000000, 0x000000008e000000| Complete 
| 225|0x000000008e100000, 0x000000008e200000, 0x000000008e200000|100%| S|CS|TAMS 0x000000008e100000, 0x000000008e100000| Complete 
| 226|0x000000008e200000, 0x000000008e300000, 0x000000008e300000|100%| S|CS|TAMS 0x000000008e200000, 0x000000008e200000| Complete 
| 227|0x000000008e300000, 0x000000008e400000, 0x000000008e400000|100%| S|CS|TAMS 0x000000008e300000, 0x000000008e300000| Complete 
| 228|0x000000008e400000, 0x000000008e500000, 0x000000008e500000|100%| S|CS|TAMS 0x000000008e400000, 0x000000008e400000| Complete 
| 229|0x000000008e500000, 0x000000008e500000, 0x000000008e600000|  0%| F|  |TAMS 0x000000008e500000, 0x000000008e500000| Untracked 
| 230|0x000000008e600000, 0x000000008e600000, 0x000000008e700000|  0%| F|  |TAMS 0x000000008e600000, 0x000000008e600000| Untracked 
| 231|0x000000008e700000, 0x000000008e700000, 0x000000008e800000|  0%| F|  |TAMS 0x000000008e700000, 0x000000008e700000| Untracked 
| 232|0x000000008e800000, 0x000000008e800000, 0x000000008e900000|  0%| F|  |TAMS 0x000000008e800000, 0x000000008e800000| Untracked 
| 233|0x000000008e900000, 0x000000008e900000, 0x000000008ea00000|  0%| F|  |TAMS 0x000000008e900000, 0x000000008e900000| Untracked 
| 234|0x000000008ea00000, 0x000000008ea00000, 0x000000008eb00000|  0%| F|  |TAMS 0x000000008ea00000, 0x000000008ea00000| Untracked 
| 235|0x000000008eb00000, 0x000000008eb00000, 0x000000008ec00000|  0%| F|  |TAMS 0x000000008eb00000, 0x000000008eb00000| Untracked 
| 236|0x000000008ec00000, 0x000000008ec00000, 0x000000008ed00000|  0%| F|  |TAMS 0x000000008ec00000, 0x000000008ec00000| Untracked 
| 237|0x000000008ed00000, 0x000000008ed00000, 0x000000008ee00000|  0%| F|  |TAMS 0x000000008ed00000, 0x000000008ed00000| Untracked 
| 238|0x000000008ee00000, 0x000000008ee00000, 0x000000008ef00000|  0%| F|  |TAMS 0x000000008ee00000, 0x000000008ee00000| Untracked 
| 239|0x000000008ef00000, 0x000000008ef00000, 0x000000008f000000|  0%| F|  |TAMS 0x000000008ef00000, 0x000000008ef00000| Untracked 
| 240|0x000000008f000000, 0x000000008f000000, 0x000000008f100000|  0%| F|  |TAMS 0x000000008f000000, 0x000000008f000000| Untracked 
| 241|0x000000008f100000, 0x000000008f100000, 0x000000008f200000|  0%| F|  |TAMS 0x000000008f100000, 0x000000008f100000| Untracked 
| 242|0x000000008f200000, 0x000000008f200000, 0x000000008f300000|  0%| F|  |TAMS 0x000000008f200000, 0x000000008f200000| Untracked 
| 243|0x000000008f300000, 0x000000008f300000, 0x000000008f400000|  0%| F|  |TAMS 0x000000008f300000, 0x000000008f300000| Untracked 
| 244|0x000000008f400000, 0x000000008f400000, 0x000000008f500000|  0%| F|  |TAMS 0x000000008f400000, 0x000000008f400000| Untracked 
| 245|0x000000008f500000, 0x000000008f500000, 0x000000008f600000|  0%| F|  |TAMS 0x000000008f500000, 0x000000008f500000| Untracked 
| 246|0x000000008f600000, 0x000000008f600000, 0x000000008f700000|  0%| F|  |TAMS 0x000000008f600000, 0x000000008f600000| Untracked 
| 247|0x000000008f700000, 0x000000008f700000, 0x000000008f800000|  0%| F|  |TAMS 0x000000008f700000, 0x000000008f700000| Untracked 
| 248|0x000000008f800000, 0x000000008f800000, 0x000000008f900000|  0%| F|  |TAMS 0x000000008f800000, 0x000000008f800000| Untracked 
| 249|0x000000008f900000, 0x000000008f900000, 0x000000008fa00000|  0%| F|  |TAMS 0x000000008f900000, 0x000000008f900000| Untracked 
| 250|0x000000008fa00000, 0x000000008fa00000, 0x000000008fb00000|  0%| F|  |TAMS 0x000000008fa00000, 0x000000008fa00000| Untracked 
| 251|0x000000008fb00000, 0x000000008fb00000, 0x000000008fc00000|  0%| F|  |TAMS 0x000000008fb00000, 0x000000008fb00000| Untracked 
| 252|0x000000008fc00000, 0x000000008fc00000, 0x000000008fd00000|  0%| F|  |TAMS 0x000000008fc00000, 0x000000008fc00000| Untracked 
| 253|0x000000008fd00000, 0x000000008fd00000, 0x000000008fe00000|  0%| F|  |TAMS 0x000000008fd00000, 0x000000008fd00000| Untracked 
| 254|0x000000008fe00000, 0x000000008fe00000, 0x000000008ff00000|  0%| F|  |TAMS 0x000000008fe00000, 0x000000008fe00000| Untracked 
| 255|0x000000008ff00000, 0x000000008ff00000, 0x0000000090000000|  0%| F|  |TAMS 0x000000008ff00000, 0x000000008ff00000| Untracked 
| 256|0x0000000090000000, 0x0000000090000000, 0x0000000090100000|  0%| F|  |TAMS 0x0000000090000000, 0x0000000090000000| Untracked 
| 257|0x0000000090100000, 0x0000000090100000, 0x0000000090200000|  0%| F|  |TAMS 0x0000000090100000, 0x0000000090100000| Untracked 
| 258|0x0000000090200000, 0x0000000090200000, 0x0000000090300000|  0%| F|  |TAMS 0x0000000090200000, 0x0000000090200000| Untracked 
| 259|0x0000000090300000, 0x0000000090300000, 0x0000000090400000|  0%| F|  |TAMS 0x0000000090300000, 0x0000000090300000| Untracked 
| 260|0x0000000090400000, 0x0000000090400000, 0x0000000090500000|  0%| F|  |TAMS 0x0000000090400000, 0x0000000090400000| Untracked 
| 261|0x0000000090500000, 0x0000000090500000, 0x0000000090600000|  0%| F|  |TAMS 0x0000000090500000, 0x0000000090500000| Untracked 
| 262|0x0000000090600000, 0x0000000090600000, 0x0000000090700000|  0%| F|  |TAMS 0x0000000090600000, 0x0000000090600000| Untracked 
| 263|0x0000000090700000, 0x0000000090700000, 0x0000000090800000|  0%| F|  |TAMS 0x0000000090700000, 0x0000000090700000| Untracked 
| 264|0x0000000090800000, 0x0000000090800000, 0x0000000090900000|  0%| F|  |TAMS 0x0000000090800000, 0x0000000090800000| Untracked 
| 265|0x0000000090900000, 0x0000000090900000, 0x0000000090a00000|  0%| F|  |TAMS 0x0000000090900000, 0x0000000090900000| Untracked 
| 266|0x0000000090a00000, 0x0000000090a00000, 0x0000000090b00000|  0%| F|  |TAMS 0x0000000090a00000, 0x0000000090a00000| Untracked 
| 267|0x0000000090b00000, 0x0000000090b00000, 0x0000000090c00000|  0%| F|  |TAMS 0x0000000090b00000, 0x0000000090b00000| Untracked 
| 268|0x0000000090c00000, 0x0000000090c00000, 0x0000000090d00000|  0%| F|  |TAMS 0x0000000090c00000, 0x0000000090c00000| Untracked 
| 269|0x0000000090d00000, 0x0000000090d00000, 0x0000000090e00000|  0%| F|  |TAMS 0x0000000090d00000, 0x0000000090d00000| Untracked 
| 270|0x0000000090e00000, 0x0000000090e00000, 0x0000000090f00000|  0%| F|  |TAMS 0x0000000090e00000, 0x0000000090e00000| Untracked 
| 271|0x0000000090f00000, 0x0000000090f00000, 0x0000000091000000|  0%| F|  |TAMS 0x0000000090f00000, 0x0000000090f00000| Untracked 
| 272|0x0000000091000000, 0x0000000091000000, 0x0000000091100000|  0%| F|  |TAMS 0x0000000091000000, 0x0000000091000000| Untracked 
| 273|0x0000000091100000, 0x0000000091100000, 0x0000000091200000|  0%| F|  |TAMS 0x0000000091100000, 0x0000000091100000| Untracked 
| 274|0x0000000091200000, 0x0000000091200000, 0x0000000091300000|  0%| F|  |TAMS 0x0000000091200000, 0x0000000091200000| Untracked 
| 275|0x0000000091300000, 0x0000000091300000, 0x0000000091400000|  0%| F|  |TAMS 0x0000000091300000, 0x0000000091300000| Untracked 
| 276|0x0000000091400000, 0x0000000091400000, 0x0000000091500000|  0%| F|  |TAMS 0x0000000091400000, 0x0000000091400000| Untracked 
| 277|0x0000000091500000, 0x0000000091500000, 0x0000000091600000|  0%| F|  |TAMS 0x0000000091500000, 0x0000000091500000| Untracked 
| 278|0x0000000091600000, 0x0000000091600000, 0x0000000091700000|  0%| F|  |TAMS 0x0000000091600000, 0x0000000091600000| Untracked 
| 279|0x0000000091700000, 0x0000000091700000, 0x0000000091800000|  0%| F|  |TAMS 0x0000000091700000, 0x0000000091700000| Untracked 
| 280|0x0000000091800000, 0x0000000091800000, 0x0000000091900000|  0%| F|  |TAMS 0x0000000091800000, 0x0000000091800000| Untracked 
| 281|0x0000000091900000, 0x0000000091900000, 0x0000000091a00000|  0%| F|  |TAMS 0x0000000091900000, 0x0000000091900000| Untracked 
| 282|0x0000000091a00000, 0x0000000091a00000, 0x0000000091b00000|  0%| F|  |TAMS 0x0000000091a00000, 0x0000000091a00000| Untracked 
| 283|0x0000000091b00000, 0x0000000091b00000, 0x0000000091c00000|  0%| F|  |TAMS 0x0000000091b00000, 0x0000000091b00000| Untracked 
| 284|0x0000000091c00000, 0x0000000091c00000, 0x0000000091d00000|  0%| F|  |TAMS 0x0000000091c00000, 0x0000000091c00000| Untracked 
| 285|0x0000000091d00000, 0x0000000091d00000, 0x0000000091e00000|  0%| F|  |TAMS 0x0000000091d00000, 0x0000000091d00000| Untracked 
| 286|0x0000000091e00000, 0x0000000091e00000, 0x0000000091f00000|  0%| F|  |TAMS 0x0000000091e00000, 0x0000000091e00000| Untracked 
| 287|0x0000000091f00000, 0x0000000091f00000, 0x0000000092000000|  0%| F|  |TAMS 0x0000000091f00000, 0x0000000091f00000| Untracked 
| 288|0x0000000092000000, 0x0000000092000000, 0x0000000092100000|  0%| F|  |TAMS 0x0000000092000000, 0x0000000092000000| Untracked 
| 289|0x0000000092100000, 0x0000000092100000, 0x0000000092200000|  0%| F|  |TAMS 0x0000000092100000, 0x0000000092100000| Untracked 
| 290|0x0000000092200000, 0x0000000092200000, 0x0000000092300000|  0%| F|  |TAMS 0x0000000092200000, 0x0000000092200000| Untracked 
| 291|0x0000000092300000, 0x0000000092300000, 0x0000000092400000|  0%| F|  |TAMS 0x0000000092300000, 0x0000000092300000| Untracked 
| 292|0x0000000092400000, 0x0000000092400000, 0x0000000092500000|  0%| F|  |TAMS 0x0000000092400000, 0x0000000092400000| Untracked 
| 293|0x0000000092500000, 0x0000000092500000, 0x0000000092600000|  0%| F|  |TAMS 0x0000000092500000, 0x0000000092500000| Untracked 
| 294|0x0000000092600000, 0x0000000092600000, 0x0000000092700000|  0%| F|  |TAMS 0x0000000092600000, 0x0000000092600000| Untracked 
| 295|0x0000000092700000, 0x0000000092700000, 0x0000000092800000|  0%| F|  |TAMS 0x0000000092700000, 0x0000000092700000| Untracked 
| 296|0x0000000092800000, 0x0000000092800000, 0x0000000092900000|  0%| F|  |TAMS 0x0000000092800000, 0x0000000092800000| Untracked 
| 297|0x0000000092900000, 0x0000000092900000, 0x0000000092a00000|  0%| F|  |TAMS 0x0000000092900000, 0x0000000092900000| Untracked 
| 298|0x0000000092a00000, 0x0000000092a00000, 0x0000000092b00000|  0%| F|  |TAMS 0x0000000092a00000, 0x0000000092a00000| Untracked 

Card table byte_map: [0x0000021dcf320000,0x0000021dcf720000] _byte_map_base: 0x0000021dcef20000

Marking Bits (Prev, Next): (CMBitMap*) 0x0000021dbc443fd8, (CMBitMap*) 0x0000021dbc444010
 Prev Bits: [0x0000021dcfb20000, 0x0000021dd1b20000)
 Next Bits: [0x0000021dd1b20000, 0x0000021dd3b20000)

Polling page: 0x0000021dbbbd0000

Metaspace:

Usage:
  Non-class:     86.46 MB capacity,    84.92 MB ( 98%) used,     1.27 MB (  1%) free+waste,   276.69 KB ( <1%) overhead. 
      Class:     13.00 MB capacity,    12.07 MB ( 93%) used,   816.86 KB (  6%) free+waste,   125.88 KB ( <1%) overhead. 
       Both:     99.45 MB capacity,    96.99 MB ( 98%) used,     2.07 MB (  2%) free+waste,   402.56 KB ( <1%) overhead. 

Virtual space:
  Non-class space:       88.00 MB reserved,      86.62 MB ( 98%) committed 
      Class space:        1.00 GB reserved,      13.00 MB (  1%) committed 
             Both:        1.09 GB reserved,      99.62 MB (  9%) committed 

Chunk freelists:
   Non-Class:  40.00 KB
       Class:  5.00 KB
        Both:  45.00 KB

MaxMetaspaceSize: 17179869184.00 GB
CompressedClassSpaceSize: 1.00 GB
Initial GC threshold: 20.80 MB
Current GC threshold: 160.00 MB
CDS: off

CodeHeap 'non-profiled nmethods': size=120064Kb used=11156Kb max_used=11683Kb free=108907Kb
 bounds [0x0000021dc79e0000, 0x0000021dc8550000, 0x0000021dcef20000]
CodeHeap 'profiled nmethods': size=120000Kb used=30300Kb max_used=31676Kb free=89699Kb
 bounds [0x0000021dc04b0000, 0x0000021dc23a0000, 0x0000021dc79e0000]
CodeHeap 'non-nmethods': size=5696Kb used=2415Kb max_used=2466Kb free=3280Kb
 bounds [0x0000021dbff20000, 0x0000021dc01a0000, 0x0000021dc04b0000]
 total_blobs=14751 nmethods=13802 adapters=861
 compilation: enabled
              stopped_count=0, restarted_count=0
 full_count=0

Compilation events (20 events):
Event: 1298.816 Thread 0x0000021dd6032800 15416   !   3       java.util.concurrent.LinkedBlockingDeque$AbstractItr::<init> (56 bytes)
Event: 1298.818 Thread 0x0000021dd6032800 nmethod 15416 0x0000021dc0ef6110 code [0x0000021dc0ef6380, 0x0000021dc0ef6dc8]
Event: 1298.820 Thread 0x0000021dd602c000 15417       4       com.google.common.collect.CollectPreconditions::checkNonnegative (48 bytes)
Event: 1298.821 Thread 0x0000021dd602c000 nmethod 15417 0x0000021dc7d48b10 code [0x0000021dc7d48ca0, 0x0000021dc7d48cf8]
Event: 1301.893 Thread 0x0000021dd6032800 15418       3       com.google.common.cache.LocalCache$Segment::setValue (82 bytes)
Event: 1301.894 Thread 0x0000021dd6032800 nmethod 15418 0x0000021dc0ab9690 code [0x0000021dc0ab98a0, 0x0000021dc0ab9e68]
Event: 1301.899 Thread 0x0000021dd6032800 15419       3       org.gradle.api.internal.artifacts.ivyservice.resolveengine.result.DesugaredAttributeContainerSerializer::read (155 bytes)
Event: 1301.899 Thread 0x0000021dd602c000 15420       4       java.util.stream.ReferencePipeline::collect (124 bytes)
Event: 1301.902 Thread 0x0000021dd6032800 nmethod 15419 0x0000021dc0a42b10 code [0x0000021dc0a42e40, 0x0000021dc0a44178]
Event: 1301.915 Thread 0x0000021dd602c000 nmethod 15420 0x0000021dc7d48090 code [0x0000021dc7d48260, 0x0000021dc7d48698]
Event: 1302.107 Thread 0x0000021dd6032800 15421       3       java.lang.ClassLoader::checkCreateClassLoader (35 bytes)
Event: 1302.108 Thread 0x0000021dd6032800 nmethod 15421 0x0000021dc0d88690 code [0x0000021dc0d888a0, 0x0000021dc0d88e18]
Event: 1302.108 Thread 0x0000021dd6032800 15422       3       java.lang.ClassLoader::<init> (165 bytes)
Event: 1302.113 Thread 0x0000021dd6032800 nmethod 15422 0x0000021dc0dc9f90 code [0x0000021dc0dca2c0, 0x0000021dc0dcb7f8]
Event: 1302.113 Thread 0x0000021dd6032800 15423   !   3       java.lang.ClassLoader$ParallelLoaders::isRegistered (23 bytes)
Event: 1302.114 Thread 0x0000021dd6032800 nmethod 15423 0x0000021dc0e68190 code [0x0000021dc0e68360, 0x0000021dc0e68748]
Event: 1302.159 Thread 0x0000021dd602c000 15424       4       java.lang.AbstractStringBuilder::append (33 bytes)
Event: 1302.188 Thread 0x0000021dd602c000 nmethod 15424 0x0000021dc7d47390 code [0x0000021dc7d47540, 0x0000021dc7d47cb8]
Event: 1308.811 Thread 0x0000021dd602c000 15425       4       java.util.concurrent.locks.AbstractQueuedSynchronizer$ConditionObject::doSignal (43 bytes)
Event: 1308.833 Thread 0x0000021dd602c000 nmethod 15425 0x0000021dc7d46a10 code [0x0000021dc7d46bc0, 0x0000021dc7d471a8]

GC Heap History (20 events):
Event: 1217.310 GC heap after
{Heap after GC invocations=216 (full 0):
 garbage-first heap   total 306176K, used 126132K [0x0000000080000000, 0x0000000100000000)
  region size 1024K, 2 young (2048K), 2 survivors (2048K)
 Metaspace       used 70530K, capacity 72526K, committed 72880K, reserved 1112064K
  class space    used 8591K, capacity 9352K, committed 9472K, reserved 1048576K
}
Event: 1219.142 GC heap before
{Heap before GC invocations=216 (full 0):
 garbage-first heap   total 306176K, used 268468K [0x0000000080000000, 0x0000000100000000)
  region size 1024K, 141 young (144384K), 2 survivors (2048K)
 Metaspace       used 70530K, capacity 72526K, committed 72880K, reserved 1112064K
  class space    used 8591K, capacity 9352K, committed 9472K, reserved 1048576K
}
Event: 1219.148 GC heap after
{Heap after GC invocations=217 (full 0):
 garbage-first heap   total 306176K, used 127801K [0x0000000080000000, 0x0000000100000000)
  region size 1024K, 4 young (4096K), 4 survivors (4096K)
 Metaspace       used 70530K, capacity 72526K, committed 72880K, reserved 1112064K
  class space    used 8591K, capacity 9352K, committed 9472K, reserved 1048576K
}
Event: 1220.837 GC heap before
{Heap before GC invocations=217 (full 0):
 garbage-first heap   total 306176K, used 269113K [0x0000000080000000, 0x0000000100000000)
  region size 1024K, 142 young (145408K), 4 survivors (4096K)
 Metaspace       used 70530K, capacity 72526K, committed 72880K, reserved 1112064K
  class space    used 8591K, capacity 9352K, committed 9472K, reserved 1048576K
}
Event: 1220.846 GC heap after
{Heap after GC invocations=218 (full 0):
 garbage-first heap   total 306176K, used 129810K [0x0000000080000000, 0x0000000100000000)
  region size 1024K, 6 young (6144K), 6 survivors (6144K)
 Metaspace       used 70530K, capacity 72526K, committed 72880K, reserved 1112064K
  class space    used 8591K, capacity 9352K, committed 9472K, reserved 1048576K
}
Event: 1222.417 GC heap before
{Heap before GC invocations=218 (full 0):
 garbage-first heap   total 306176K, used 267026K [0x0000000080000000, 0x0000000100000000)
  region size 1024K, 141 young (144384K), 6 survivors (6144K)
 Metaspace       used 70530K, capacity 72526K, committed 72880K, reserved 1112064K
  class space    used 8591K, capacity 9352K, committed 9472K, reserved 1048576K
}
Event: 1222.420 GC heap after
{Heap after GC invocations=219 (full 0):
 garbage-first heap   total 306176K, used 122302K [0x0000000080000000, 0x0000000100000000)
  region size 1024K, 1 young (1024K), 1 survivors (1024K)
 Metaspace       used 70530K, capacity 72526K, committed 72880K, reserved 1112064K
  class space    used 8591K, capacity 9352K, committed 9472K, reserved 1048576K
}
Event: 1224.803 GC heap before
{Heap before GC invocations=219 (full 0):
 garbage-first heap   total 306176K, used 273854K [0x0000000080000000, 0x0000000100000000)
  region size 1024K, 143 young (146432K), 1 survivors (1024K)
 Metaspace       used 70538K, capacity 72526K, committed 72880K, reserved 1112064K
  class space    used 8591K, capacity 9352K, committed 9472K, reserved 1048576K
}
Event: 1224.812 GC heap after
{Heap after GC invocations=220 (full 0):
 garbage-first heap   total 306176K, used 134215K [0x0000000080000000, 0x0000000100000000)
  region size 1024K, 7 young (7168K), 7 survivors (7168K)
 Metaspace       used 70538K, capacity 72526K, committed 72880K, reserved 1112064K
  class space    used 8591K, capacity 9352K, committed 9472K, reserved 1048576K
}
Event: 1234.502 GC heap before
{Heap before GC invocations=220 (full 0):
 garbage-first heap   total 306176K, used 273479K [0x0000000080000000, 0x0000000100000000)
  region size 1024K, 136 young (139264K), 7 survivors (7168K)
 Metaspace       used 82719K, capacity 85076K, committed 85168K, reserved 1124352K
  class space    used 10113K, capacity 11003K, committed 11008K, reserved 1048576K
}
Event: 1234.796 GC heap after
{Heap after GC invocations=221 (full 0):
 garbage-first heap   total 306176K, used 142466K [0x0000000080000000, 0x0000000100000000)
  region size 1024K, 15 young (15360K), 15 survivors (15360K)
 Metaspace       used 82719K, capacity 85076K, committed 85168K, reserved 1124352K
  class space    used 10113K, capacity 11003K, committed 11008K, reserved 1048576K
}
Event: 1238.743 GC heap before
{Heap before GC invocations=221 (full 0):
 garbage-first heap   total 306176K, used 177282K [0x0000000080000000, 0x0000000100000000)
  region size 1024K, 49 young (50176K), 15 survivors (15360K)
 Metaspace       used 85159K, capacity 87430K, committed 87548K, reserved 1126400K
  class space    used 10423K, capacity 11310K, committed 11392K, reserved 1048576K
}
Event: 1239.164 GC heap after
{Heap after GC invocations=222 (full 0):
 garbage-first heap   total 306176K, used 143932K [0x0000000080000000, 0x0000000100000000)
  region size 1024K, 10 young (10240K), 10 survivors (10240K)
 Metaspace       used 85159K, capacity 87430K, committed 87548K, reserved 1126400K
  class space    used 10423K, capacity 11310K, committed 11392K, reserved 1048576K
}
Event: 1246.559 GC heap before
{Heap before GC invocations=223 (full 0):
 garbage-first heap   total 306176K, used 182844K [0x0000000080000000, 0x0000000100000000)
  region size 1024K, 56 young (57344K), 10 survivors (10240K)
 Metaspace       used 87750K, capacity 89971K, committed 90236K, reserved 1128448K
  class space    used 10760K, capacity 11663K, committed 11776K, reserved 1048576K
}
Event: 1246.699 GC heap after
{Heap after GC invocations=224 (full 0):
 garbage-first heap   total 306176K, used 138425K [0x0000000080000000, 0x0000000100000000)
  region size 1024K, 5 young (5120K), 5 survivors (5120K)
 Metaspace       used 87750K, capacity 89971K, committed 90236K, reserved 1128448K
  class space    used 10760K, capacity 11663K, committed 11776K, reserved 1048576K
}
Event: 1247.509 GC heap before
{Heap before GC invocations=224 (full 0):
 garbage-first heap   total 306176K, used 147641K [0x0000000080000000, 0x0000000100000000)
  region size 1024K, 14 young (14336K), 5 survivors (5120K)
 Metaspace       used 87784K, capacity 90070K, committed 90236K, reserved 1128448K
  class space    used 10765K, capacity 11697K, committed 11776K, reserved 1048576K
}
Event: 1247.538 GC heap after
{Heap after GC invocations=225 (full 0):
 garbage-first heap   total 306176K, used 137742K [0x0000000080000000, 0x0000000100000000)
  region size 1024K, 2 young (2048K), 2 survivors (2048K)
 Metaspace       used 87784K, capacity 90070K, committed 90236K, reserved 1128448K
  class space    used 10765K, capacity 11697K, committed 11776K, reserved 1048576K
}
Event: 1252.695 GC heap before
{Heap before GC invocations=225 (full 0):
 garbage-first heap   total 306176K, used 224782K [0x0000000080000000, 0x0000000100000000)
  region size 1024K, 87 young (89088K), 2 survivors (2048K)
 Metaspace       used 95503K, capacity 97910K, committed 98044K, reserved 1134592K
  class space    used 11923K, capacity 12844K, committed 12928K, reserved 1048576K
}
Event: 1252.816 GC heap after
{Heap after GC invocations=226 (full 0):
 garbage-first heap   total 306176K, used 143554K [0x0000000080000000, 0x0000000100000000)
  region size 1024K, 8 young (8192K), 8 survivors (8192K)
 Metaspace       used 95503K, capacity 97910K, committed 98044K, reserved 1134592K
  class space    used 11923K, capacity 12844K, committed 12928K, reserved 1048576K
}
Event: 1312.979 GC heap before
{Heap before GC invocations=227 (full 0):
 garbage-first heap   total 306176K, used 254146K [0x0000000080000000, 0x0000000100000000)
  region size 1024K, 78 young (79872K), 8 survivors (8192K)
 Metaspace       used 99317K, capacity 101839K, committed 102012K, reserved 1138688K
  class space    used 12364K, capacity 13307K, committed 13312K, reserved 1048576K
}

Deoptimization events (20 events):
Event: 1258.719 Thread 0x0000021dd8953000 DEOPT PACKING pc=0x0000021dc0a51216 sp=0x000000c6106fb040
Event: 1258.719 Thread 0x0000021dd8953000 DEOPT UNPACKING pc=0x0000021dbff6a95e sp=0x000000c6106fa558 mode 0
Event: 1258.856 Thread 0x0000021dd8953000 DEOPT PACKING pc=0x0000021dc12a5b2f sp=0x000000c6106f8670
Event: 1258.857 Thread 0x0000021dd8953000 DEOPT UNPACKING pc=0x0000021dbff6a95e sp=0x000000c6106f7af8 mode 0
Event: 1258.912 Thread 0x0000021ddeb8c800 Uncommon trap: trap_request=0xffffff4d fr.pc=0x0000021dc7fc3bc0 relative=0x0000000000000720
Event: 1258.912 Thread 0x0000021ddeb8c800 Uncommon trap: reason=unstable_if action=reinterpret pc=0x0000021dc7fc3bc0 method=java.lang.ThreadLocal.get()Ljava/lang/Object; @ 11 c2
Event: 1258.912 Thread 0x0000021ddeb8c800 DEOPT PACKING pc=0x0000021dc7fc3bc0 sp=0x000000c614efc9b0
Event: 1258.912 Thread 0x0000021ddeb8c800 DEOPT UNPACKING pc=0x0000021dbff6a1af sp=0x000000c614efc838 mode 2
Event: 1258.920 Thread 0x0000021ddeb8c800 Uncommon trap: trap_request=0xffffff4d fr.pc=0x0000021dc7be08f4 relative=0x00000000000006b4
Event: 1258.920 Thread 0x0000021ddeb8c800 Uncommon trap: reason=unstable_if action=reinterpret pc=0x0000021dc7be08f4 method=java.lang.Integer.stringSize(I)I @ 3 c2
Event: 1258.920 Thread 0x0000021ddeb8c800 DEOPT PACKING pc=0x0000021dc7be08f4 sp=0x000000c614eff000
Event: 1258.920 Thread 0x0000021ddeb8c800 DEOPT UNPACKING pc=0x0000021dbff6a1af sp=0x000000c614efef50 mode 2
Event: 1259.255 Thread 0x0000021dd8953000 Uncommon trap: trap_request=0xffffffde fr.pc=0x0000021dc800f4a8 relative=0x00000000000071a8
Event: 1259.255 Thread 0x0000021dd8953000 Uncommon trap: reason=class_check action=maybe_recompile pc=0x0000021dc800f4a8 method=org.objectweb.asm.ClassReader.readCode(Lorg/objectweb/asm/MethodVisitor;Lorg/objectweb/asm/Context;I)V @ 4307 c2
Event: 1259.255 Thread 0x0000021dd8953000 DEOPT PACKING pc=0x0000021dc800f4a8 sp=0x000000c6106f9b00
Event: 1259.255 Thread 0x0000021dd8953000 DEOPT UNPACKING pc=0x0000021dbff6a1af sp=0x000000c6106f9a38 mode 2
Event: 1260.714 Thread 0x0000021dd8953000 Uncommon trap: trap_request=0xffffff4d fr.pc=0x0000021dc8334800 relative=0x0000000000000f60
Event: 1260.714 Thread 0x0000021dd8953000 Uncommon trap: reason=unstable_if action=reinterpret pc=0x0000021dc8334800 method=org.gradle.internal.resource.ExternalResourceName.encode(Ljava/lang/String;Z)Ljava/lang/String; @ 99 c2
Event: 1260.714 Thread 0x0000021dd8953000 DEOPT PACKING pc=0x0000021dc8334800 sp=0x000000c6106fa390
Event: 1260.714 Thread 0x0000021dd8953000 DEOPT UNPACKING pc=0x0000021dbff6a1af sp=0x000000c6106fa380 mode 2

Classes redefined (0 events):
No events

Internal exceptions (20 events):
Event: 1258.357 Thread 0x0000021dd8953000 Exception <a 'java/lang/ClassNotFoundException'{0x0000000090a8df38}: org/gradle/api/tasks/testing/AbstractTestTaskBeanInfo> (0x0000000090a8df38) thrown at [src/hotspot/share/classfile/systemDictionary.cpp, line 230]
Event: 1258.361 Thread 0x0000021dd8953000 Exception <a 'java/lang/ClassNotFoundException'{0x0000000090ab1620}: org/gradle/api/tasks/testing/AbstractTestTaskCustomizer> (0x0000000090ab1620) thrown at [src/hotspot/share/classfile/systemDictionary.cpp, line 230]
Event: 1258.653 Thread 0x0000021dd763c000 Exception <a 'java/lang/NoSuchMethodError'{0x00000000906d6688}: <clinit>> (0x00000000906d6688) thrown at [src/hotspot/share/prims/jni.cpp, line 1367]
Event: 1258.657 Thread 0x0000021dd763c000 Exception <a 'java/lang/NoSuchMethodError'{0x00000000906e2f60}: <clinit>> (0x00000000906e2f60) thrown at [src/hotspot/share/prims/jni.cpp, line 1367]
Event: 1258.678 Thread 0x0000021dd763c000 Exception <a 'java/lang/NoSuchMethodError'{0x000000009053cb88}: <clinit>> (0x000000009053cb88) thrown at [src/hotspot/share/prims/jni.cpp, line 1367]
Event: 1258.682 Thread 0x0000021dd763c000 Exception <a 'java/lang/NoSuchMethodError'{0x0000000090550388}: <clinit>> (0x0000000090550388) thrown at [src/hotspot/share/prims/jni.cpp, line 1367]
Event: 1258.684 Thread 0x0000021dd763c000 Exception <a 'java/lang/NoSuchMethodError'{0x0000000090551af8}: <clinit>> (0x0000000090551af8) thrown at [src/hotspot/share/prims/jni.cpp, line 1367]
Event: 1258.908 Thread 0x0000021ddeb8c800 Exception <a 'java/lang/NoSuchMethodError'{0x0000000090207308}: <clinit>> (0x0000000090207308) thrown at [src/hotspot/share/prims/jni.cpp, line 1367]
Event: 1258.912 Thread 0x0000021ddeb8c800 Implicit null exception at 0x0000021dc7fc36a3 to 0x0000021dc7fc3ba4
Event: 1258.950 Thread 0x0000021ddeb8c800 Exception <a 'java/lang/NoSuchMethodError'{0x000000009021f870}: <clinit>> (0x000000009021f870) thrown at [src/hotspot/share/prims/jni.cpp, line 1367]
Event: 1258.998 Thread 0x0000021dd8953000 Exception <a 'java/lang/ClassNotFoundException'{0x00000000902f4bc0}: org/jetbrains/plugins/gradle/tooling/util/SourceSetCachedFinder$1BeanInfo> (0x00000000902f4bc0) thrown at [src/hotspot/share/classfile/systemDictionary.cpp, line 230]
Event: 1258.999 Thread 0x0000021dd8953000 Exception <a 'java/lang/ClassNotFoundException'{0x00000000901065f8}: org/jetbrains/plugins/gradle/tooling/util/SourceSetCachedFinder$1Customizer> (0x00000000901065f8) thrown at [src/hotspot/share/classfile/systemDictionary.cpp, line 230]
Event: 1259.010 Thread 0x0000021dd8953000 Exception <a 'java/lang/ClassNotFoundException'{0x0000000090141ea0}: org/jetbrains/plugins/gradle/tooling/util/SourceSetCachedFinder$2BeanInfo> (0x0000000090141ea0) thrown at [src/hotspot/share/classfile/systemDictionary.cpp, line 230]
Event: 1259.012 Thread 0x0000021dd8953000 Exception <a 'java/lang/ClassNotFoundException'{0x0000000090153418}: org/jetbrains/plugins/gradle/tooling/util/SourceSetCachedFinder$2Customizer> (0x0000000090153418) thrown at [src/hotspot/share/classfile/systemDictionary.cpp, line 230]
Event: 1259.030 Thread 0x0000021dd8953000 Exception <a 'java/lang/ClassNotFoundException'{0x000000009019ce70}: org/jetbrains/plugins/gradle/tooling/util/SourceSetCachedFinderBeanInfo> (0x000000009019ce70) thrown at [src/hotspot/share/classfile/systemDictionary.cpp, line 230]
Event: 1259.032 Thread 0x0000021dd8953000 Exception <a 'java/lang/ClassNotFoundException'{0x00000000901adae0}: org/jetbrains/plugins/gradle/tooling/util/SourceSetCachedFinderCustomizer> (0x00000000901adae0) thrown at [src/hotspot/share/classfile/systemDictionary.cpp, line 230]
Event: 1259.204 Thread 0x0000021dd8953000 Exception <a 'java/lang/ClassNotFoundException'{0x0000000090085640}: org/jetbrains/plugins/gradle/tooling/util/SourceSetCachedFinder$ArtifactsMapBeanInfo> (0x0000000090085640) thrown at [src/hotspot/share/classfile/systemDictionary.cpp, line 230]
Event: 1259.206 Thread 0x0000021dd8953000 Exception <a 'java/lang/ClassNotFoundException'{0x0000000090097a08}: org/jetbrains/plugins/gradle/tooling/util/SourceSetCachedFinder$ArtifactsMapCustomizer> (0x0000000090097a08) thrown at [src/hotspot/share/classfile/systemDictionary.cpp, line 230]
Event: 1285.637 Thread 0x0000021dd8953000 Exception <a 'java/net/SocketTimeoutException'{0x000000008eebbce8}: Read timed out> (0x000000008eebbce8) thrown at [src/hotspot/share/prims/jni.cpp, line 638]
Event: 1297.318 Thread 0x0000021dd8953000 Exception <a 'java/net/SocketTimeoutException'{0x000000008eb6dcc0}: Read timed out> (0x000000008eb6dcc0) thrown at [src/hotspot/share/prims/jni.cpp, line 638]

Events (20 events):
Event: 1260.705 loading class org/gradle/jvm/JvmLibrary done
Event: 1260.725 loading class org/gradle/api/internal/artifacts/ivyservice/modulecache/StringDeduplicatingDecoder
Event: 1260.725 loading class org/gradle/api/internal/artifacts/ivyservice/modulecache/StringDeduplicatingDecoder done
Event: 1260.731 loading class org/gradle/api/internal/artifacts/ivyservice/modulecache/ModuleMetadataSerializer$Reader
Event: 1260.731 loading class org/gradle/api/internal/artifacts/ivyservice/modulecache/ModuleMetadataSerializer$Reader done
Event: 1260.749 loading class org/gradle/api/internal/artifacts/result/DefaultComponentArtifactsResult
Event: 1260.749 loading class org/gradle/api/internal/artifacts/result/DefaultComponentArtifactsResult done
Event: 1260.752 loading class org/gradle/api/internal/artifacts/ivyservice/modulecache/artifacts/ArtifactsAtRepositoryKey
Event: 1260.752 loading class org/gradle/api/internal/artifacts/ivyservice/modulecache/artifacts/ArtifactsAtRepositoryKey done
Event: 1260.754 loading class org/gradle/api/internal/artifacts/ivyservice/modulecache/artifacts/DefaultModuleArtifactsCache$ModuleArtifactsKeySerializer
Event: 1260.754 loading class org/gradle/api/internal/artifacts/ivyservice/modulecache/artifacts/DefaultModuleArtifactsCache$ModuleArtifactsKeySerializer done
Event: 1260.757 loading class org/gradle/api/internal/artifacts/ivyservice/modulecache/artifacts/DefaultModuleArtifactsCache$ModuleArtifactsCacheEntrySerializer
Event: 1260.757 loading class org/gradle/api/internal/artifacts/ivyservice/modulecache/artifacts/DefaultModuleArtifactsCache$ModuleArtifactsCacheEntrySerializer done
Event: 1260.760 loading class org/gradle/api/internal/artifacts/metadata/ComponentArtifactMetadataSerializer
Event: 1260.760 loading class org/gradle/api/internal/artifacts/metadata/ComponentArtifactMetadataSerializer done
Event: 1261.634 loading class org/gradle/api/internal/artifacts/ivyservice/modulecache/artifacts/AbstractArtifactsCache$ModuleArtifactsCacheEntry
Event: 1261.634 loading class org/gradle/api/internal/artifacts/ivyservice/modulecache/artifacts/AbstractArtifactsCache$ModuleArtifactsCacheEntry done
Event: 1261.638 loading class org/gradle/api/internal/artifacts/ivyservice/modulecache/artifacts/DefaultCachedArtifacts
Event: 1261.638 loading class org/gradle/api/internal/artifacts/ivyservice/modulecache/artifacts/DefaultCachedArtifacts done
Event: 1312.978 Executing VM operation: G1CollectForAllocation


Dynamic libraries:
0x00007ff729880000 - 0x00007ff72988a000 	C:\Program Files\Android\Android Studio\jbr\bin\java.exe
0x00007ffffebf0000 - 0x00007ffffede8000 	C:\WINDOWS\SYSTEM32\ntdll.dll
0x00007ffffde90000 - 0x00007ffffdf4f000 	C:\WINDOWS\System32\KERNEL32.DLL
0x00007ffffc950000 - 0x00007ffffcc22000 	C:\WINDOWS\System32\KERNELBASE.dll
0x00007ffff9b20000 - 0x00007ffff9bb1000 	C:\WINDOWS\SYSTEM32\apphelp.dll
0x00007ffffc6f0000 - 0x00007ffffc7f0000 	C:\WINDOWS\System32\ucrtbase.dll
0x00007ffff3630000 - 0x00007ffff364b000 	C:\Program Files\Android\Android Studio\jbr\bin\VCRUNTIME140.dll
0x00007ffff3610000 - 0x00007ffff3627000 	C:\Program Files\Android\Android Studio\jbr\bin\jli.dll
0x00007ffffea00000 - 0x00007ffffeba1000 	C:\WINDOWS\System32\USER32.dll
0x00007ffffc4f0000 - 0x00007ffffc512000 	C:\WINDOWS\System32\win32u.dll
0x00007fffe9480000 - 0x00007fffe971a000 	C:\WINDOWS\WinSxS\amd64_microsoft.windows.common-controls_6595b64144ccf1df_6.0.19041.1110_none_60b5254171f9507e\COMCTL32.dll
0x00007ffffe420000 - 0x00007ffffe44b000 	C:\WINDOWS\System32\GDI32.dll
0x00007ffffc2e0000 - 0x00007ffffc3ef000 	C:\WINDOWS\System32\gdi32full.dll
0x00007ffffce20000 - 0x00007ffffcebe000 	C:\WINDOWS\System32\msvcrt.dll
0x00007ffffc620000 - 0x00007ffffc6bd000 	C:\WINDOWS\System32\msvcp_win.dll
0x00007ffffdfc0000 - 0x00007ffffdff2000 	C:\WINDOWS\System32\IMM32.DLL
0x00007ffff27e0000 - 0x00007ffff27ec000 	C:\Program Files\Android\Android Studio\jbr\bin\vcruntime140_1.dll
0x00007fffdb910000 - 0x00007fffdb99d000 	C:\Program Files\Android\Android Studio\jbr\bin\msvcp140.dll
0x00007fffc1cc0000 - 0x00007fffc287c000 	C:\Program Files\Android\Android Studio\jbr\bin\server\jvm.dll
0x00007ffffcc30000 - 0x00007ffffccde000 	C:\WINDOWS\System32\ADVAPI32.dll
0x00007ffffe2d0000 - 0x00007ffffe36c000 	C:\WINDOWS\System32\sechost.dll
0x00007ffffdd60000 - 0x00007ffffde85000 	C:\WINDOWS\System32\RPCRT4.dll
0x00007ffffe510000 - 0x00007ffffe518000 	C:\WINDOWS\System32\PSAPI.DLL
0x00007ffff5180000 - 0x00007ffff5189000 	C:\WINDOWS\SYSTEM32\WSOCK32.dll
0x00007ffff3ca0000 - 0x00007ffff3cc7000 	C:\WINDOWS\SYSTEM32\WINMM.dll
0x00007ffffdf50000 - 0x00007ffffdfbb000 	C:\WINDOWS\System32\WS2_32.dll
0x00007ffff3cd0000 - 0x00007ffff3cda000 	C:\WINDOWS\SYSTEM32\VERSION.dll
0x00007ffffa1a0000 - 0x00007ffffa1b2000 	C:\WINDOWS\SYSTEM32\kernel.appcore.dll
0x00007ffff5170000 - 0x00007ffff5180000 	C:\Program Files\Android\Android Studio\jbr\bin\verify.dll
0x00007ffff7c30000 - 0x00007ffff7e14000 	C:\WINDOWS\SYSTEM32\DBGHELP.DLL
0x00007fffe5dd0000 - 0x00007fffe5e05000 	C:\WINDOWS\SYSTEM32\dbgcore.DLL
0x00007ffffc460000 - 0x00007ffffc4e2000 	C:\WINDOWS\System32\bcryptPrimitives.dll
0x00007ffff3730000 - 0x00007ffff3758000 	C:\Program Files\Android\Android Studio\jbr\bin\java.dll
0x00007ffff5160000 - 0x00007ffff516a000 	C:\Program Files\Android\Android Studio\jbr\bin\jimage.dll
0x00007ffff4070000 - 0x00007ffff4088000 	C:\Program Files\Android\Android Studio\jbr\bin\zip.dll
0x00007ffffd4c0000 - 0x00007ffffdc04000 	C:\WINDOWS\System32\SHELL32.dll
0x00007ffffa3a0000 - 0x00007ffffab32000 	C:\WINDOWS\SYSTEM32\windows.storage.dll
0x00007ffffe5d0000 - 0x00007ffffe925000 	C:\WINDOWS\System32\combase.dll
0x00007ffffbd40000 - 0x00007ffffbd70000 	C:\WINDOWS\SYSTEM32\Wldp.dll
0x00007ffffe370000 - 0x00007ffffe41d000 	C:\WINDOWS\System32\SHCORE.dll
0x00007ffffe450000 - 0x00007ffffe4a5000 	C:\WINDOWS\System32\shlwapi.dll
0x00007ffffc220000 - 0x00007ffffc23f000 	C:\WINDOWS\SYSTEM32\profapi.dll
0x00007ffff3700000 - 0x00007ffff3719000 	C:\Program Files\Android\Android Studio\jbr\bin\net.dll
0x00007ffff02c0000 - 0x00007ffff03cc000 	C:\WINDOWS\SYSTEM32\WINHTTP.dll
0x00007ffffbaa0000 - 0x00007ffffbb0a000 	C:\WINDOWS\system32\mswsock.dll
0x00007ffff2760000 - 0x00007ffff2773000 	C:\Program Files\Android\Android Studio\jbr\bin\nio.dll
0x00007fffcf690000 - 0x00007fffcf6b7000 	C:\Users\dwise\.gradle\native\e1d6ef7f7dcc3fd88c89a11ec53ec762bb8ba0a96d01ffa2cd45eb1d1d8dd5c5\windows-amd64\native-platform.dll
0x00007fffce390000 - 0x00007fffce4d4000 	C:\Users\dwise\.gradle\native\0d407fdbe67a94daf76414ababcb853783967236a71b16ec16e742cd7a986fd3\windows-amd64\native-platform-file-events.dll
0x00007ffff5150000 - 0x00007ffff515a000 	C:\Program Files\Android\Android Studio\jbr\bin\management.dll
0x00007ffff40a0000 - 0x00007ffff40ab000 	C:\Program Files\Android\Android Studio\jbr\bin\management_ext.dll
0x00007ffffbca0000 - 0x00007ffffbcb8000 	C:\WINDOWS\SYSTEM32\CRYPTSP.dll
0x00007ffffb2e0000 - 0x00007ffffb314000 	C:\WINDOWS\system32\rsaenh.dll
0x00007ffffc6c0000 - 0x00007ffffc6e7000 	C:\WINDOWS\System32\bcrypt.dll
0x00007ffffc1e0000 - 0x00007ffffc20e000 	C:\WINDOWS\SYSTEM32\USERENV.dll
0x00007ffffbc90000 - 0x00007ffffbc9c000 	C:\WINDOWS\SYSTEM32\CRYPTBASE.dll
0x00007ffffb720000 - 0x00007ffffb75b000 	C:\WINDOWS\SYSTEM32\IPHLPAPI.DLL
0x00007ffffdc10000 - 0x00007ffffdc18000 	C:\WINDOWS\System32\NSI.dll
0x00007ffff2500000 - 0x00007ffff2517000 	C:\WINDOWS\SYSTEM32\dhcpcsvc6.DLL
0x00007ffff2940000 - 0x00007ffff295d000 	C:\WINDOWS\SYSTEM32\dhcpcsvc.DLL
0x00007ffffb780000 - 0x00007ffffb84a000 	C:\WINDOWS\SYSTEM32\DNSAPI.dll
0x00007fffefae0000 - 0x00007fffefb07000 	C:\Program Files\Android\Android Studio\jbr\bin\sunec.dll
0x00007fffea3a0000 - 0x00007fffea3aa000 	C:\Windows\System32\rasadhlp.dll
0x00007fffeaac0000 - 0x00007fffeab40000 	C:\WINDOWS\System32\fwpuclnt.dll
0x00007ffffb400000 - 0x00007ffffb433000 	C:\WINDOWS\SYSTEM32\ntmarta.dll

dbghelp: loaded successfully - version: 4.0.5 - missing functions: none
symbol engine: initialized successfully - sym options: 0x614 - pdb path: .;C:\Program Files\Android\Android Studio\jbr\bin;C:\WINDOWS\SYSTEM32;C:\WINDOWS\WinSxS\amd64_microsoft.windows.common-controls_6595b64144ccf1df_6.0.19041.1110_none_60b5254171f9507e;C:\Program Files\Android\Android Studio\jbr\bin\server;C:\Users\dwise\.gradle\native\e1d6ef7f7dcc3fd88c89a11ec53ec762bb8ba0a96d01ffa2cd45eb1d1d8dd5c5\windows-amd64;C:\Users\dwise\.gradle\native\0d407fdbe67a94daf76414ababcb853783967236a71b16ec16e742cd7a986fd3\windows-amd64

VM Arguments:
jvm_args: --add-opens=java.base/java.util=ALL-UNNAMED --add-opens=java.base/java.lang=ALL-UNNAMED --add-opens=java.base/java.lang.invoke=ALL-UNNAMED --add-opens=java.base/java.util=ALL-UNNAMED --add-opens=java.prefs/java.util.prefs=ALL-UNNAMED --add-opens=java.prefs/java.util.prefs=ALL-UNNAMED --add-opens=java.base/java.nio.charset=ALL-UNNAMED --add-opens=java.base/java.net=ALL-UNNAMED --add-opens=java.base/java.util.concurrent.atomic=ALL-UNNAMED -Xmx2048m -Dfile.encoding=UTF-8 -Duser.country=ID -Duser.language=en -Duser.variant 
java_command: org.gradle.launcher.daemon.bootstrap.GradleDaemon 7.5
java_class_path (initial): C:\Users\dwise\.gradle\wrapper\dists\gradle-7.5-bin\f1w0cc9nuo0eivz97x2xlu9sv\gradle-7.5\lib\gradle-launcher-7.5.jar
Launcher Type: SUN_STANDARD

[Global flags]
     intx CICompilerCount                          = 3                                         {product} {ergonomic}
     uint ConcGCThreads                            = 1                                         {product} {ergonomic}
     uint G1ConcRefinementThreads                  = 4                                         {product} {ergonomic}
   size_t G1HeapRegionSize                         = 1048576                                   {product} {ergonomic}
    uintx GCDrainStackTargetSize                   = 64                                        {product} {ergonomic}
   size_t InitialHeapSize                          = 58720256                                  {product} {ergonomic}
   size_t MarkStackSize                            = 4194304                                   {product} {ergonomic}
   size_t MaxHeapSize                              = 2147483648                                {product} {command line}
   size_t MaxNewSize                               = 1287651328                                {product} {ergonomic}
   size_t MinHeapDeltaBytes                        = 1048576                                   {product} {ergonomic}
    uintx NonNMethodCodeHeapSize                   = 5830732                                {pd product} {ergonomic}
    uintx NonProfiledCodeHeapSize                  = 122913754                              {pd product} {ergonomic}
    uintx ProfiledCodeHeapSize                     = 122913754                              {pd product} {ergonomic}
    uintx ReservedCodeCacheSize                    = 251658240                              {pd product} {ergonomic}
     bool SegmentedCodeCache                       = true                                      {product} {ergonomic}
     bool UseCompressedClassPointers               = true                                 {lp64_product} {ergonomic}
     bool UseCompressedOops                        = true                                 {lp64_product} {ergonomic}
     bool UseG1GC                                  = true                                      {product} {ergonomic}
     bool UseLargePagesIndividualAllocation        = false                                  {pd product} {ergonomic}

Logging:
Log output configuration:
 #0: stdout all=warning uptime,level,tags
 #1: stderr all=off uptime,level,tags

Environment Variables:
PATH=C:\Python310\Scripts\;C:\Python310\;C:\Program Files (x86)\Common Files\Intel\Shared Files\cpp\bin\Intel64;C:\Program Files\Eclipse Adoptium\jdk-17.0.1.12-hotspot\bin;C:\WINDOWS\system32;C:\WINDOWS;C:\WINDOWS\System32\Wbem;C:\WINDOWS\System32\WindowsPowerShell\v1.0\;C:\WINDOWS\System32\OpenSSH\;C:\Program Files\Git\cmd;C:\xampp\php;C:\composer;C:\Program Files\Dart\dart-sdk\bin;C:\Program Files\nodejs\;C:\ProgramData\chocolatey\bin;C:\Users\dwise\AppData\Local\Programs\Python\Python38\Scripts\;C:\Users\dwise\AppData\Local\Programs\Python\Python38\;C:\Users\dwise\AppData\Local\Microsoft\WindowsApps;C:\Users\dwise\AppData\Local\Programs\Microsoft VS Code\bin;C:\Users\dwise\AppData\Local\GitHubDesktop\bin;C:\Users\dwise\AppData\Roaming\Composer\vendor\bin;C:\Users\dwise\OneDrive\Documents\flutter\flutter\bin;C:\Users\dwise\AppData\Roaming\npm
USERNAME=dwise
OS=Windows_NT
PROCESSOR_IDENTIFIER=AMD64 Family 22 Model 48 Stepping 1, AuthenticAMD



---------------  S Y S T E M  ---------------

OS: Windows 10 , 64 bit Build 19041 (10.0.19041.2364)
OS uptime: 2 days 15:04 hours

CPU:total 4 (initial active 4) (4 cores per cpu, 1 threads per core) family 22 model 48 stepping 1 microcode 0x0, cmov, cx8, fxsr, mmx, sse, sse2, sse3, ssse3, sse4.1, sse4.2, popcnt, avx, aes, clmul, mmxext, 3dnowpref, lzcnt, sse4a, tsc, tscinvbit, tscinv, bmi1

Memory: 4k page, system-wide physical 3550M (45M free)
TotalPageFile size 14302M (AvailPageFile size 182M)
current process WorkingSet (physical memory assigned to process): 177M, peak: 430M
current process commit charge ("private bytes"): 600M, peak: 798M

vm_info: OpenJDK 64-Bit Server VM (11.0.15+0-b2043.56-9505619) for windows-amd64 JRE (11.0.15+0-b2043.56-9505619), built on Jan 19 2023 02:48:00 by "builduser" with unknown MS VC++:1929

END.
