#
# There is insufficient memory for the Java Runtime Environment to continue.
# Native memory allocation (mmap) failed to map 44040192 bytes for Failed to commit area from 0x0000000084400000 to 0x0000000086e00000 of length 44040192.
# Possible reasons:
#   The system is out of physical RAM or swap space
#   The process is running with CompressedOops enabled, and the Java Heap may be blocking the growth of the native heap
# Possible solutions:
#   Reduce memory load on the system
#   Increase physical memory or swap space
#   Check if swap backing store is full
#   Decrease Java heap size (-Xmx/-Xms)
#   Decrease number of Java threads
#   Decrease Java thread stack sizes (-Xss)
#   Set larger code cache with -XX:ReservedCodeCacheSize=
#   JVM is running with Unscaled Compressed Oops mode in which the Java heap is
#     placed in the first 4GB address space. The Java Heap base address is the
#     maximum limit for the native heap growth. Please use -XX:HeapBaseMinAddress
#     to set the Java Heap base and to place the Java Heap above 4GB virtual address.
# This output file may be truncated or incomplete.
#
#  Out of Memory Error (src/hotspot/os/windows/os_windows.cpp:3627), pid=17156, tid=10700
#
# JRE version: OpenJDK Runtime Environment (11.0.15) (build 11.0.15+0-b2043.56-9505619)
# Java VM: OpenJDK 64-Bit Server VM (11.0.15+0-b2043.56-9505619, mixed mode, tiered, compressed oops, g1 gc, windows-amd64)
# No core dump will be written. Minidumps are not enabled by default on client versions of Windows
#

---------------  S U M M A R Y ------------

Command Line: --add-opens=java.base/java.util=ALL-UNNAMED --add-opens=java.base/java.lang=ALL-UNNAMED --add-opens=java.base/java.lang.invoke=ALL-UNNAMED --add-opens=java.base/java.util=ALL-UNNAMED --add-opens=java.prefs/java.util.prefs=ALL-UNNAMED --add-opens=java.prefs/java.util.prefs=ALL-UNNAMED --add-opens=java.base/java.nio.charset=ALL-UNNAMED --add-opens=java.base/java.net=ALL-UNNAMED --add-opens=java.base/java.util.concurrent.atomic=ALL-UNNAMED -Xmx2048m -Dfile.encoding=UTF-8 -Duser.country=ID -Duser.language=en -Duser.variant org.gradle.launcher.daemon.bootstrap.GradleDaemon 7.5

Host: AMD A8-7410 APU with AMD Radeon R5 Graphics    , 4 cores, 3G,  Windows 10 , 64 bit Build 19041 (10.0.19041.2364)
Time: Fri Feb 17 19:09:43 2023 SE Asia Standard Time elapsed time: 32.855043 seconds (0d 0h 0m 32s)

---------------  T H R E A D  ---------------

Current thread (0x0000024582c5e800):  VMThread "VM Thread" [stack: 0x000000cc31d00000,0x000000cc31e00000] [id=10700]

Stack: [0x000000cc31d00000,0x000000cc31e00000]
[error occurred during error reporting (printing stack bounds), id 0xc0000005, EXCEPTION_ACCESS_VIOLATION (0xc0000005) at pc=0x0000024587e8112d]

Native frames: (J=compiled Java code, j=interpreted, Vv=VM code, C=native code)
V  [jvm.dll+0x64135a]
V  [jvm.dll+0x7d39f9]
V  [jvm.dll+0x7d51b9]
V  [jvm.dll+0x7d5805]
V  [jvm.dll+0x7d57bb]
V  [jvm.dll+0x640655]
V  [jvm.dll+0x640d68]
C  [ntdll.dll+0xa241f]
C  [ntdll.dll+0x514a4]
C  [ntdll.dll+0xa0f4e]
C  0x0000024587e8112d

VM_Operation (0x000000cc32ff6d90): G1CollectForAllocation, mode: safepoint, requested by thread 0x00000245a02fa000


---------------  P R O C E S S  ---------------

Threads class SMR info:
_java_thread_list=0x000002459f4ed4c0, length=32, elements={
0x0000024582b84800, 0x000002459e69b000, 0x000002459e6a6800, 0x000002459e6fc800,
0x000002459e6fe000, 0x000002459e6ff000, 0x000002459e704000, 0x000002459e705000,
0x000002459e72e800, 0x000002459f169000, 0x00000245a0810000, 0x00000245a1010800,
0x00000245a0b78000, 0x00000245a0050000, 0x00000245a057b000, 0x00000245a0080800,
0x00000245a02fa000, 0x000002459f365800, 0x00000245a0a32800, 0x00000245a080b000,
0x000002459ffe0000, 0x000002459ffdf800, 0x000002459ffe2000, 0x000002459ffe1000,
0x00000245a12e0800, 0x00000245a12dd000, 0x00000245a12e2800, 0x00000245a12de800,
0x00000245a12e2000, 0x00000245a12df800, 0x00000245a12e3800, 0x00000245a12e1000
}

Java Threads: ( => current thread )
  0x0000024582b84800 JavaThread "main" [_thread_blocked, id=6680, stack(0x000000cc31700000,0x000000cc31800000)]
  0x000002459e69b000 JavaThread "Reference Handler" daemon [_thread_blocked, id=18312, stack(0x000000cc31e00000,0x000000cc31f00000)]
  0x000002459e6a6800 JavaThread "Finalizer" daemon [_thread_blocked, id=1360, stack(0x000000cc31f00000,0x000000cc32000000)]
  0x000002459e6fc800 JavaThread "Signal Dispatcher" daemon [_thread_blocked, id=17480, stack(0x000000cc32000000,0x000000cc32100000)]
  0x000002459e6fe000 JavaThread "Attach Listener" daemon [_thread_blocked, id=12360, stack(0x000000cc32100000,0x000000cc32200000)]
  0x000002459e6ff000 JavaThread "Service Thread" daemon [_thread_blocked, id=14972, stack(0x000000cc32200000,0x000000cc32300000)]
  0x000002459e704000 JavaThread "C2 CompilerThread0" daemon [_thread_blocked, id=17148, stack(0x000000cc32300000,0x000000cc32400000)]
  0x000002459e705000 JavaThread "C1 CompilerThread0" daemon [_thread_blocked, id=4152, stack(0x000000cc32400000,0x000000cc32500000)]
  0x000002459e72e800 JavaThread "Sweeper thread" daemon [_thread_blocked, id=12112, stack(0x000000cc32500000,0x000000cc32600000)]
  0x000002459f169000 JavaThread "Common-Cleaner" daemon [_thread_blocked, id=16792, stack(0x000000cc32600000,0x000000cc32700000)]
  0x00000245a0810000 JavaThread "Daemon health stats" [_thread_blocked, id=9884, stack(0x000000cc32900000,0x000000cc32a00000)]
  0x00000245a1010800 JavaThread "Incoming local TCP Connector on port 60577" [_thread_in_native, id=17672, stack(0x000000cc32a00000,0x000000cc32b00000)]
  0x00000245a0b78000 JavaThread "Daemon periodic checks" [_thread_blocked, id=11328, stack(0x000000cc32b00000,0x000000cc32c00000)]
  0x00000245a0050000 JavaThread "Daemon" [_thread_blocked, id=9440, stack(0x000000cc32c00000,0x000000cc32d00000)]
  0x00000245a057b000 JavaThread "Handler for socket connection from /127.0.0.1:60577 to /127.0.0.1:60589" [_thread_in_native, id=11888, stack(0x000000cc32d00000,0x000000cc32e00000)]
  0x00000245a0080800 JavaThread "Cancel handler" [_thread_blocked, id=17488, stack(0x000000cc32e00000,0x000000cc32f00000)]
  0x00000245a02fa000 JavaThread "Daemon worker" [_thread_blocked, id=16412, stack(0x000000cc32f00000,0x000000cc33000000)]
  0x000002459f365800 JavaThread "Asynchronous log dispatcher for DefaultDaemonConnection: socket connection from /127.0.0.1:60577 to /127.0.0.1:60589" [_thread_blocked, id=10224, stack(0x000000cc33000000,0x000000cc33100000)]
  0x00000245a0a32800 JavaThread "Stdin handler" [_thread_blocked, id=17472, stack(0x000000cc33100000,0x000000cc33200000)]
  0x00000245a080b000 JavaThread "Daemon client event forwarder" [_thread_blocked, id=8948, stack(0x000000cc33200000,0x000000cc33300000)]
  0x000002459ffe0000 JavaThread "Cache worker for journal cache (C:\Users\dwise\.gradle\caches\journal-1)" [_thread_blocked, id=7240, stack(0x000000cc33500000,0x000000cc33600000)]
  0x000002459ffdf800 JavaThread "File lock request listener" [_thread_in_native, id=11308, stack(0x000000cc33600000,0x000000cc33700000)]
  0x000002459ffe2000 JavaThread "Cache worker for file hash cache (C:\Users\dwise\.gradle\caches\7.5\fileHashes)" [_thread_blocked, id=17044, stack(0x000000cc33700000,0x000000cc33800000)]
  0x000002459ffe1000 JavaThread "File watcher server" daemon [_thread_in_native, id=14804, stack(0x000000cc33800000,0x000000cc33900000)]
  0x00000245a12e0800 JavaThread "File watcher consumer" daemon [_thread_blocked, id=2680, stack(0x000000cc33900000,0x000000cc33a00000)]
  0x00000245a12dd000 JavaThread "jar transforms" [_thread_blocked, id=18420, stack(0x000000cc33a00000,0x000000cc33b00000)]
  0x00000245a12e2800 JavaThread "jar transforms Thread 2" [_thread_blocked, id=13612, stack(0x000000cc33b00000,0x000000cc33c00000)]
  0x00000245a12de800 JavaThread "jar transforms Thread 3" [_thread_blocked, id=18088, stack(0x000000cc33c00000,0x000000cc33d00000)]
  0x00000245a12e2000 JavaThread "jar transforms Thread 4" [_thread_blocked, id=17092, stack(0x000000cc33d00000,0x000000cc33e00000)]
  0x00000245a12df800 JavaThread "Cache worker for checksums cache (C:\Users\dwise\OneDrive\Documents\bwa\kantinE-KTP\.gradle\7.5\checksums)" [_thread_blocked, id=16276, stack(0x000000cc33e00000,0x000000cc33f00000)]
  0x00000245a12e3800 JavaThread "Cache worker for cache directory md-rule (C:\Users\dwise\.gradle\caches\7.5\md-rule)" [_thread_blocked, id=14920, stack(0x000000cc33f00000,0x000000cc34000000)]
  0x00000245a12e1000 JavaThread "Cache worker for file content cache (C:\Users\dwise\.gradle\caches\7.5\fileContent)" [_thread_blocked, id=1972, stack(0x000000cc34000000,0x000000cc34100000)]

Other Threads:
=>0x0000024582c5e800 VMThread "VM Thread" [stack: 0x000000cc31d00000,0x000000cc31e00000] [id=10700]
  0x000002459f18e000 WatcherThread [stack: 0x000000cc32700000,0x000000cc32800000] [id=4740]
  0x0000024582b9c800 GCTaskThread "GC Thread#0" [stack: 0x000000cc31800000,0x000000cc31900000] [id=18396]
  0x000002459f5e3800 GCTaskThread "GC Thread#1" [stack: 0x000000cc32800000,0x000000cc32900000] [id=18044]
  0x000002459f366800 GCTaskThread "GC Thread#2" [stack: 0x000000cc33300000,0x000000cc33400000] [id=8268]
  0x000002459f636800 GCTaskThread "GC Thread#3" [stack: 0x000000cc33400000,0x000000cc33500000] [id=16988]
  0x0000024582bd0000 ConcurrentGCThread "G1 Main Marker" [stack: 0x000000cc31900000,0x000000cc31a00000] [id=16804]
  0x0000024582bd1000 ConcurrentGCThread "G1 Conc#0" [stack: 0x000000cc31a00000,0x000000cc31b00000] [id=12592]
  0x0000024582c19000 ConcurrentGCThread "G1 Refine#0" [stack: 0x000000cc31b00000,0x000000cc31c00000] [id=18200]
  0x0000024582c1a000 ConcurrentGCThread "G1 Young RemSet Sampling" [stack: 0x000000cc31c00000,0x000000cc31d00000] [id=11924]

Threads with active compile tasks:
C1 CompilerThread0    32930 2865       3       org.objectweb.asm.MethodWriter::visitFrameStart (55 bytes)

VM state:at safepoint (normal execution)

VM Mutex/Monitor currently owned by a thread:  ([mutex/lock_event])
[0x0000024582a8b120] Threads_lock - owner thread: 0x0000024582c5e800
[0x0000024582a8b870] Heap_lock - owner thread: 0x00000245a02fa000

Heap address: 0x0000000080000000, size: 2048 MB, Compressed Oops mode: 32-bit
Narrow klass base: 0x0000000000000000, Narrow klass shift: 3
Compressed class space size: 1073741824 Address: 0x0000000100000000

Heap:
 garbage-first heap   total 112640K, used 52969K [0x0000000080000000, 0x0000000100000000)
  region size 1024K, 1 young (1024K), 1 survivors (1024K)
 Metaspace       used 30603K, capacity 31509K, committed 31792K, reserved 1077248K
  class space    used 4057K, capacity 4415K, committed 4480K, reserved 1048576K
Heap Regions: E=young(eden), S=young(survivor), O=old, HS=humongous(starts), HC=humongous(continues), CS=collection set, F=free, A=archive, TAMS=top-at-mark-start (previous, next)
|   0|0x0000000080000000, 0x0000000080100000, 0x0000000080100000|100%|HS|  |TAMS 0x0000000080100000, 0x0000000080100000| Complete 
|   1|0x0000000080100000, 0x0000000080200000, 0x0000000080200000|100%|HC|  |TAMS 0x0000000080200000, 0x0000000080200000| Complete 
|   2|0x0000000080200000, 0x0000000080300000, 0x0000000080300000|100%|HC|  |TAMS 0x0000000080300000, 0x0000000080300000| Complete 
|   3|0x0000000080300000, 0x0000000080400000, 0x0000000080400000|100%| O|  |TAMS 0x0000000080400000, 0x0000000080400000| Untracked 
|   4|0x0000000080400000, 0x0000000080500000, 0x0000000080500000|100%| O|  |TAMS 0x0000000080500000, 0x0000000080500000| Untracked 
|   5|0x0000000080500000, 0x0000000080600000, 0x0000000080600000|100%| O|  |TAMS 0x0000000080600000, 0x0000000080600000| Untracked 
|   6|0x0000000080600000, 0x0000000080700000, 0x0000000080700000|100%| O|  |TAMS 0x0000000080700000, 0x0000000080700000| Untracked 
|   7|0x0000000080700000, 0x0000000080800000, 0x0000000080800000|100%| O|  |TAMS 0x0000000080800000, 0x0000000080800000| Untracked 
|   8|0x0000000080800000, 0x0000000080900000, 0x0000000080900000|100%| O|  |TAMS 0x0000000080900000, 0x0000000080900000| Untracked 
|   9|0x0000000080900000, 0x0000000080a00000, 0x0000000080a00000|100%| O|  |TAMS 0x0000000080a00000, 0x0000000080a00000| Untracked 
|  10|0x0000000080a00000, 0x0000000080b00000, 0x0000000080b00000|100%| O|  |TAMS 0x0000000080b00000, 0x0000000080b00000| Untracked 
|  11|0x0000000080b00000, 0x0000000080c00000, 0x0000000080c00000|100%| O|  |TAMS 0x0000000080c00000, 0x0000000080c00000| Untracked 
|  12|0x0000000080c00000, 0x0000000080d00000, 0x0000000080d00000|100%| O|  |TAMS 0x0000000080d00000, 0x0000000080d00000| Untracked 
|  13|0x0000000080d00000, 0x0000000080e00000, 0x0000000080e00000|100%| O|  |TAMS 0x0000000080e00000, 0x0000000080e00000| Untracked 
|  14|0x0000000080e00000, 0x0000000080f00000, 0x0000000080f00000|100%| O|  |TAMS 0x0000000080f00000, 0x0000000080f00000| Untracked 
|  15|0x0000000080f00000, 0x0000000081000000, 0x0000000081000000|100%| O|  |TAMS 0x0000000081000000, 0x0000000081000000| Untracked 
|  16|0x0000000081000000, 0x0000000081100000, 0x0000000081100000|100%| O|  |TAMS 0x0000000081100000, 0x0000000081100000| Untracked 
|  17|0x0000000081100000, 0x0000000081200000, 0x0000000081200000|100%|HS|  |TAMS 0x0000000081200000, 0x0000000081200000| Complete 
|  18|0x0000000081200000, 0x0000000081300000, 0x0000000081300000|100%|HC|  |TAMS 0x0000000081300000, 0x0000000081300000| Complete 
|  19|0x0000000081300000, 0x0000000081400000, 0x0000000081400000|100%|HS|  |TAMS 0x0000000081400000, 0x0000000081400000| Complete 
|  20|0x0000000081400000, 0x0000000081500000, 0x0000000081500000|100%|HC|  |TAMS 0x0000000081500000, 0x0000000081500000| Complete 
|  21|0x0000000081500000, 0x0000000081600000, 0x0000000081600000|100%|HC|  |TAMS 0x0000000081600000, 0x0000000081600000| Complete 
|  22|0x0000000081600000, 0x0000000081700000, 0x0000000081700000|100%|HS|  |TAMS 0x0000000081700000, 0x0000000081700000| Complete 
|  23|0x0000000081700000, 0x0000000081800000, 0x0000000081800000|100%|HC|  |TAMS 0x0000000081800000, 0x0000000081800000| Complete 
|  24|0x0000000081800000, 0x0000000081900000, 0x0000000081900000|100%|HC|  |TAMS 0x0000000081900000, 0x0000000081900000| Complete 
|  25|0x0000000081900000, 0x0000000081a00000, 0x0000000081a00000|100%| O|  |TAMS 0x0000000081a00000, 0x0000000081a00000| Untracked 
|  26|0x0000000081a00000, 0x0000000081b00000, 0x0000000081b00000|100%| O|  |TAMS 0x0000000081b00000, 0x0000000081b00000| Untracked 
|  27|0x0000000081b00000, 0x0000000081c00000, 0x0000000081c00000|100%|HS|  |TAMS 0x0000000081c00000, 0x0000000081c00000| Complete 
|  28|0x0000000081c00000, 0x0000000081d00000, 0x0000000081d00000|100%|HC|  |TAMS 0x0000000081d00000, 0x0000000081d00000| Complete 
|  29|0x0000000081d00000, 0x0000000081e00000, 0x0000000081e00000|100%|HS|  |TAMS 0x0000000081e00000, 0x0000000081e00000| Complete 
|  30|0x0000000081e00000, 0x0000000081f00000, 0x0000000081f00000|100%|HC|  |TAMS 0x0000000081f00000, 0x0000000081f00000| Complete 
|  31|0x0000000081f00000, 0x0000000082000000, 0x0000000082000000|100%|HC|  |TAMS 0x0000000082000000, 0x0000000082000000| Complete 
|  32|0x0000000082000000, 0x0000000082100000, 0x0000000082100000|100%|HC|  |TAMS 0x0000000082100000, 0x0000000082100000| Complete 
|  33|0x0000000082100000, 0x0000000082200000, 0x0000000082200000|100%|HC|  |TAMS 0x0000000082200000, 0x0000000082200000| Complete 
|  34|0x0000000082200000, 0x0000000082300000, 0x0000000082300000|100%|HC|  |TAMS 0x0000000082300000, 0x0000000082300000| Complete 
|  35|0x0000000082300000, 0x0000000082400000, 0x0000000082400000|100%|HC|  |TAMS 0x0000000082400000, 0x0000000082400000| Complete 
|  36|0x0000000082400000, 0x0000000082500000, 0x0000000082500000|100%|HC|  |TAMS 0x0000000082500000, 0x0000000082500000| Complete 
|  37|0x0000000082500000, 0x0000000082600000, 0x0000000082600000|100%|HC|  |TAMS 0x0000000082600000, 0x0000000082600000| Complete 
|  38|0x0000000082600000, 0x0000000082700000, 0x0000000082700000|100%|HC|  |TAMS 0x0000000082700000, 0x0000000082700000| Complete 
|  39|0x0000000082700000, 0x0000000082800000, 0x0000000082800000|100%|HS|  |TAMS 0x0000000082800000, 0x0000000082800000| Complete 
|  40|0x0000000082800000, 0x0000000082900000, 0x0000000082900000|100%|HC|  |TAMS 0x0000000082900000, 0x0000000082900000| Complete 
|  41|0x0000000082900000, 0x0000000082a00000, 0x0000000082a00000|100%| O|  |TAMS 0x0000000082a00000, 0x0000000082a00000| Untracked 
|  42|0x0000000082a00000, 0x0000000082b00000, 0x0000000082b00000|100%| O|  |TAMS 0x0000000082b00000, 0x0000000082b00000| Untracked 
|  43|0x0000000082b00000, 0x0000000082c00000, 0x0000000082c00000|100%| O|  |TAMS 0x0000000082c00000, 0x0000000082c00000| Untracked 
|  44|0x0000000082c00000, 0x0000000082d00000, 0x0000000082d00000|100%| O|  |TAMS 0x0000000082d00000, 0x0000000082d00000| Untracked 
|  45|0x0000000082d00000, 0x0000000082e00000, 0x0000000082e00000|100%|HS|  |TAMS 0x0000000082e00000, 0x0000000082e00000| Complete 
|  46|0x0000000082e00000, 0x0000000082f00000, 0x0000000082f00000|100%|HC|  |TAMS 0x0000000082f00000, 0x0000000082f00000| Complete 
|  47|0x0000000082f00000, 0x0000000083000000, 0x0000000083000000|100%|HC|  |TAMS 0x0000000083000000, 0x0000000083000000| Complete 
|  48|0x0000000083000000, 0x0000000083100000, 0x0000000083100000|100%|HC|  |TAMS 0x0000000083100000, 0x0000000083100000| Complete 
|  49|0x0000000083100000, 0x0000000083200000, 0x0000000083200000|100%|HC|  |TAMS 0x0000000083200000, 0x0000000083200000| Complete 
|  50|0x0000000083200000, 0x00000000832dea00, 0x0000000083300000| 86%| O|  |TAMS 0x00000000832dea00, 0x00000000832dea00| Untracked 
|  51|0x0000000083300000, 0x0000000083300000, 0x0000000083400000|  0%| F|  |TAMS 0x0000000083300000, 0x0000000083300000| Untracked 
|  52|0x0000000083400000, 0x0000000083400000, 0x0000000083500000|  0%| F|  |TAMS 0x0000000083400000, 0x0000000083400000| Untracked 
|  53|0x0000000083500000, 0x0000000083500000, 0x0000000083600000|  0%| F|  |TAMS 0x0000000083500000, 0x0000000083500000| Untracked 
|  54|0x0000000083600000, 0x0000000083600000, 0x0000000083700000|  0%| F|  |TAMS 0x0000000083600000, 0x0000000083600000| Untracked 
|  55|0x0000000083700000, 0x0000000083700000, 0x0000000083800000|  0%| F|  |TAMS 0x0000000083700000, 0x0000000083700000| Untracked 
|  56|0x0000000083800000, 0x0000000083800000, 0x0000000083900000|  0%| F|  |TAMS 0x0000000083800000, 0x0000000083800000| Untracked 
|  57|0x0000000083900000, 0x0000000083900000, 0x0000000083a00000|  0%| F|  |TAMS 0x0000000083900000, 0x0000000083900000| Untracked 
|  58|0x0000000083a00000, 0x0000000083a00000, 0x0000000083b00000|  0%| F|  |TAMS 0x0000000083a00000, 0x0000000083a00000| Untracked 
|  59|0x0000000083b00000, 0x0000000083b00000, 0x0000000083c00000|  0%| F|  |TAMS 0x0000000083b00000, 0x0000000083b00000| Untracked 
|  60|0x0000000083c00000, 0x0000000083c00000, 0x0000000083d00000|  0%| F|  |TAMS 0x0000000083c00000, 0x0000000083c00000| Untracked 
|  61|0x0000000083d00000, 0x0000000083ddbb40, 0x0000000083e00000| 85%| S|CS|TAMS 0x0000000083d00000, 0x0000000083d00000| Complete 
|  62|0x0000000083e00000, 0x0000000083e00000, 0x0000000083f00000|  0%| F|  |TAMS 0x0000000083e00000, 0x0000000083e00000| Untracked 
|  63|0x0000000083f00000, 0x0000000083f00000, 0x0000000084000000|  0%| F|  |TAMS 0x0000000083f00000, 0x0000000083f00000| Untracked 
|  64|0x0000000084000000, 0x0000000084000000, 0x0000000084100000|  0%| F|  |TAMS 0x0000000084000000, 0x0000000084000000| Untracked 
|  65|0x0000000084100000, 0x0000000084100000, 0x0000000084200000|  0%| F|  |TAMS 0x0000000084100000, 0x0000000084100000| Untracked 
|  66|0x0000000084200000, 0x0000000084200000, 0x0000000084300000|  0%| F|  |TAMS 0x0000000084200000, 0x0000000084200000| Untracked 
|  67|0x0000000084300000, 0x0000000084300000, 0x0000000084400000|  0%| F|  |TAMS 0x0000000084300000, 0x0000000084300000| Untracked 

Card table byte_map: [0x00000245978a0000,0x0000024597ca0000] _byte_map_base: 0x00000245974a0000

Marking Bits (Prev, Next): (CMBitMap*) 0x0000024582bc6fb0, (CMBitMap*) 0x0000024582bc6f78
 Prev Bits: [0x000002459a0a0000, 0x000002459c0a0000)
 Next Bits: [0x00000245980a0000, 0x000002459a0a0000)

Polling page: 0x0000024582940000

Metaspace:

Usage:
  Non-class:     26.46 MB capacity,    25.92 MB ( 98%) used,   473.84 KB (  2%) free+waste,    73.75 KB ( <1%) overhead. 
      Class:      4.31 MB capacity,     3.96 MB ( 92%) used,   320.32 KB (  7%) free+waste,    37.31 KB ( <1%) overhead. 
       Both:     30.77 MB capacity,    29.89 MB ( 97%) used,   794.16 KB (  3%) free+waste,   111.06 KB ( <1%) overhead. 

Virtual space:
  Non-class space:       28.00 MB reserved,      26.67 MB ( 95%) committed 
      Class space:        1.00 GB reserved,       4.38 MB ( <1%) committed 
             Both:        1.03 GB reserved,      31.05 MB (  3%) committed 

Chunk freelists:
   Non-Class:  26.00 KB
       Class:  1.00 KB
        Both:  27.00 KB

MaxMetaspaceSize: 17179869184.00 GB
CompressedClassSpaceSize: 1.00 GB
Initial GC threshold: 20.80 MB
Current GC threshold: 49.66 MB
CDS: off

CodeHeap 'non-profiled nmethods': size=120064Kb used=1339Kb max_used=1339Kb free=118724Kb
 bounds [0x000002458f940000, 0x000002458fbb0000, 0x0000024596e80000]
CodeHeap 'profiled nmethods': size=120000Kb used=6161Kb max_used=6161Kb free=113838Kb
 bounds [0x0000024588410000, 0x0000024588a20000, 0x000002458f940000]
CodeHeap 'non-nmethods': size=5696Kb used=1234Kb max_used=1259Kb free=4461Kb
 bounds [0x0000024587e80000, 0x00000245880f0000, 0x0000024588410000]
 total_blobs=3371 nmethods=2858 adapters=426
 compilation: enabled
              stopped_count=0, restarted_count=0
 full_count=0

Compilation events (20 events):
Event: 32.811 Thread 0x000002459e704000 nmethod 2852 0x000002458fa8e710 code [0x000002458fa8e8c0, 0x000002458fa8eb28]
Event: 32.812 Thread 0x000002459e705000 2856       3       org.objectweb.asm.MethodWriter::visitMaxs (60 bytes)
Event: 32.813 Thread 0x000002459e705000 nmethod 2856 0x0000024588a0f990 code [0x0000024588a0fb60, 0x0000024588a0fdd8]
Event: 32.813 Thread 0x000002459e705000 2857       3       org.objectweb.asm.MethodWriter::visitEnd (1 bytes)
Event: 32.813 Thread 0x000002459e705000 nmethod 2857 0x0000024588a0fe90 code [0x0000024588a10040, 0x0000024588a10138]
Event: 32.814 Thread 0x000002459e705000 2858       3       org.objectweb.asm.MethodWriter::visitFieldInsn (258 bytes)
Event: 32.817 Thread 0x000002459e705000 nmethod 2858 0x0000024588a10210 code [0x0000024588a10480, 0x0000024588a11088]
Event: 32.817 Thread 0x000002459e705000 2860       3       org.objectweb.asm.MethodWriter::addSuccessorToCurrentBasicBlock (24 bytes)
Event: 32.817 Thread 0x000002459e705000 nmethod 2860 0x0000024588a11490 code [0x0000024588a11660, 0x0000024588a11998]
Event: 32.817 Thread 0x000002459e705000 2861       3       org.objectweb.asm.Edge::<init> (20 bytes)
Event: 32.818 Thread 0x000002459e705000 nmethod 2861 0x0000024588a11b10 code [0x0000024588a11cc0, 0x0000024588a11ed8]
Event: 32.818 Thread 0x000002459e705000 2859       3       org.objectweb.asm.SymbolTable::addConstantFieldref (10 bytes)
Event: 32.818 Thread 0x000002459e705000 nmethod 2859 0x0000024588a11f90 code [0x0000024588a12140, 0x0000024588a12288]
Event: 32.820 Thread 0x000002459e705000 2863       3       org.objectweb.asm.Type::appendDescriptor (185 bytes)
Event: 32.822 Thread 0x000002459e705000 nmethod 2863 0x0000024588a12390 code [0x0000024588a12660, 0x0000024588a13258]
Event: 32.822 Thread 0x000002459e705000 2862       3       org.objectweb.asm.Type::getDescriptor (18 bytes)
Event: 32.823 Thread 0x000002459e705000 nmethod 2862 0x0000024588a13690 code [0x0000024588a138c0, 0x0000024588a13ed8]
Event: 32.823 Thread 0x000002459e705000 2864       3       org.objectweb.asm.ClassVisitor::visitMethod (24 bytes)
Event: 32.824 Thread 0x000002459e705000 nmethod 2864 0x0000024588a14110 code [0x0000024588a142e0, 0x0000024588a144e8]
Event: 32.825 Thread 0x000002459e705000 2865       3       org.objectweb.asm.MethodWriter::visitFrameStart (55 bytes)

GC Heap History (20 events):
Event: 31.285 GC heap after
{Heap after GC invocations=23 (full 0):
 garbage-first heap   total 57344K, used 52134K [0x0000000080000000, 0x0000000100000000)
  region size 1024K, 1 young (1024K), 1 survivors (1024K)
 Metaspace       used 28141K, capacity 29009K, committed 29104K, reserved 1075200K
  class space    used 3699K, capacity 4028K, committed 4096K, reserved 1048576K
}
Event: 31.430 GC heap before
{Heap before GC invocations=24 (full 0):
 garbage-first heap   total 57344K, used 53158K [0x0000000080000000, 0x0000000100000000)
  region size 1024K, 2 young (2048K), 1 survivors (1024K)
 Metaspace       used 28216K, capacity 29049K, committed 29104K, reserved 1075200K
  class space    used 3715K, capacity 4063K, committed 4096K, reserved 1048576K
}
Event: 31.435 GC heap after
{Heap after GC invocations=25 (full 0):
 garbage-first heap   total 57344K, used 52166K [0x0000000080000000, 0x0000000100000000)
  region size 1024K, 1 young (1024K), 1 survivors (1024K)
 Metaspace       used 28216K, capacity 29049K, committed 29104K, reserved 1075200K
  class space    used 3715K, capacity 4063K, committed 4096K, reserved 1048576K
}
Event: 31.578 GC heap before
{Heap before GC invocations=25 (full 0):
 garbage-first heap   total 57344K, used 53190K [0x0000000080000000, 0x0000000100000000)
  region size 1024K, 2 young (2048K), 1 survivors (1024K)
 Metaspace       used 28367K, capacity 29241K, committed 29360K, reserved 1075200K
  class space    used 3724K, capacity 4063K, committed 4096K, reserved 1048576K
}
Event: 31.580 GC heap after
{Heap after GC invocations=26 (full 0):
 garbage-first heap   total 57344K, used 52184K [0x0000000080000000, 0x0000000100000000)
  region size 1024K, 1 young (1024K), 1 survivors (1024K)
 Metaspace       used 28367K, capacity 29241K, committed 29360K, reserved 1075200K
  class space    used 3724K, capacity 4063K, committed 4096K, reserved 1048576K
}
Event: 31.623 GC heap before
{Heap before GC invocations=26 (full 0):
 garbage-first heap   total 57344K, used 53208K [0x0000000080000000, 0x0000000100000000)
  region size 1024K, 2 young (2048K), 1 survivors (1024K)
 Metaspace       used 28444K, capacity 29305K, committed 29360K, reserved 1075200K
  class space    used 3734K, capacity 4063K, committed 4096K, reserved 1048576K
}
Event: 31.625 GC heap after
{Heap after GC invocations=27 (full 0):
 garbage-first heap   total 57344K, used 52186K [0x0000000080000000, 0x0000000100000000)
  region size 1024K, 1 young (1024K), 1 survivors (1024K)
 Metaspace       used 28444K, capacity 29305K, committed 29360K, reserved 1075200K
  class space    used 3734K, capacity 4063K, committed 4096K, reserved 1048576K
}
Event: 31.681 GC heap before
{Heap before GC invocations=28 (full 0):
 garbage-first heap   total 57344K, used 53210K [0x0000000080000000, 0x0000000100000000)
  region size 1024K, 2 young (2048K), 1 survivors (1024K)
 Metaspace       used 28481K, capacity 29369K, committed 29616K, reserved 1075200K
  class space    used 3741K, capacity 4063K, committed 4096K, reserved 1048576K
}
Event: 31.683 GC heap after
{Heap after GC invocations=29 (full 0):
 garbage-first heap   total 57344K, used 52194K [0x0000000080000000, 0x0000000100000000)
  region size 1024K, 1 young (1024K), 1 survivors (1024K)
 Metaspace       used 28481K, capacity 29369K, committed 29616K, reserved 1075200K
  class space    used 3741K, capacity 4063K, committed 4096K, reserved 1048576K
}
Event: 31.759 GC heap before
{Heap before GC invocations=29 (full 0):
 garbage-first heap   total 57344K, used 53218K [0x0000000080000000, 0x0000000100000000)
  region size 1024K, 2 young (2048K), 1 survivors (1024K)
 Metaspace       used 28565K, capacity 29384K, committed 29616K, reserved 1075200K
  class space    used 3759K, capacity 4068K, committed 4096K, reserved 1048576K
}
Event: 31.762 GC heap after
{Heap after GC invocations=30 (full 0):
 garbage-first heap   total 57344K, used 52210K [0x0000000080000000, 0x0000000100000000)
  region size 1024K, 1 young (1024K), 1 survivors (1024K)
 Metaspace       used 28565K, capacity 29384K, committed 29616K, reserved 1075200K
  class space    used 3759K, capacity 4068K, committed 4096K, reserved 1048576K
}
Event: 31.831 GC heap before
{Heap before GC invocations=30 (full 0):
 garbage-first heap   total 57344K, used 53234K [0x0000000080000000, 0x0000000100000000)
  region size 1024K, 2 young (2048K), 1 survivors (1024K)
 Metaspace       used 28767K, capacity 29640K, committed 29872K, reserved 1075200K
  class space    used 3759K, capacity 4068K, committed 4096K, reserved 1048576K
}
Event: 31.837 GC heap after
{Heap after GC invocations=31 (full 0):
 garbage-first heap   total 69632K, used 52590K [0x0000000080000000, 0x0000000100000000)
  region size 1024K, 1 young (1024K), 1 survivors (1024K)
 Metaspace       used 28767K, capacity 29640K, committed 29872K, reserved 1075200K
  class space    used 3759K, capacity 4068K, committed 4096K, reserved 1048576K
}
Event: 32.026 GC heap before
{Heap before GC invocations=32 (full 0):
 garbage-first heap   total 69632K, used 57710K [0x0000000080000000, 0x0000000100000000)
  region size 1024K, 6 young (6144K), 1 survivors (1024K)
 Metaspace       used 29108K, capacity 29899K, committed 30000K, reserved 1075200K
  class space    used 3819K, capacity 4133K, committed 4224K, reserved 1048576K
}
Event: 32.034 GC heap after
{Heap after GC invocations=33 (full 0):
 garbage-first heap   total 69632K, used 52340K [0x0000000080000000, 0x0000000100000000)
  region size 1024K, 1 young (1024K), 1 survivors (1024K)
 Metaspace       used 29108K, capacity 29899K, committed 30000K, reserved 1075200K
  class space    used 3819K, capacity 4133K, committed 4224K, reserved 1048576K
}
Event: 32.223 GC heap before
{Heap before GC invocations=33 (full 0):
 garbage-first heap   total 69632K, used 57460K [0x0000000080000000, 0x0000000100000000)
  region size 1024K, 6 young (6144K), 1 survivors (1024K)
 Metaspace       used 29364K, capacity 30193K, committed 30256K, reserved 1075200K
  class space    used 3861K, capacity 4167K, committed 4224K, reserved 1048576K
}
Event: 32.227 GC heap after
{Heap after GC invocations=34 (full 0):
 garbage-first heap   total 69632K, used 52427K [0x0000000080000000, 0x0000000100000000)
  region size 1024K, 1 young (1024K), 1 survivors (1024K)
 Metaspace       used 29364K, capacity 30193K, committed 30256K, reserved 1075200K
  class space    used 3861K, capacity 4167K, committed 4224K, reserved 1048576K
}
Event: 32.501 GC heap before
{Heap before GC invocations=35 (full 0):
 garbage-first heap   total 69632K, used 58571K [0x0000000080000000, 0x0000000100000000)
  region size 1024K, 7 young (7168K), 1 survivors (1024K)
 Metaspace       used 29858K, capacity 30726K, committed 30896K, reserved 1075200K
  class space    used 3946K, capacity 4282K, committed 4352K, reserved 1048576K
}
Event: 32.505 GC heap after
{Heap after GC invocations=36 (full 0):
 garbage-first heap   total 69632K, used 52601K [0x0000000080000000, 0x0000000100000000)
  region size 1024K, 1 young (1024K), 1 survivors (1024K)
 Metaspace       used 29858K, capacity 30726K, committed 30896K, reserved 1075200K
  class space    used 3946K, capacity 4282K, committed 4352K, reserved 1048576K
}
Event: 32.826 GC heap before
{Heap before GC invocations=36 (full 0):
 garbage-first heap   total 69632K, used 57721K [0x0000000080000000, 0x0000000100000000)
  region size 1024K, 7 young (7168K), 1 survivors (1024K)
 Metaspace       used 30603K, capacity 31509K, committed 31792K, reserved 1077248K
  class space    used 4057K, capacity 4415K, committed 4480K, reserved 1048576K
}

Deoptimization events (20 events):
Event: 30.160 Thread 0x00000245a02fa000 DEOPT PACKING pc=0x000002458fa41c3c sp=0x000000cc32ff9e00
Event: 30.160 Thread 0x00000245a02fa000 DEOPT UNPACKING pc=0x0000024587eca1af sp=0x000000cc32ff9cb8 mode 2
Event: 30.271 Thread 0x00000245a02fa000 DEOPT PACKING pc=0x00000245884eb103 sp=0x000000cc32ff5c90
Event: 30.271 Thread 0x00000245a02fa000 DEOPT UNPACKING pc=0x0000024587eca95e sp=0x000000cc32ff51f0 mode 0
Event: 30.288 Thread 0x00000245a02fa000 Uncommon trap: trap_request=0xffffff4d fr.pc=0x000002458f9bfcf4 relative=0x0000000000001c54
Event: 30.288 Thread 0x00000245a02fa000 Uncommon trap: reason=unstable_if action=reinterpret pc=0x000002458f9bfcf4 method=java.util.zip.ZipFile$Source.initCEN(ILjava/util/zip/ZipCoder;)V @ 621 c2
Event: 30.288 Thread 0x00000245a02fa000 DEOPT PACKING pc=0x000002458f9bfcf4 sp=0x000000cc32ff5db0
Event: 30.294 Thread 0x00000245a02fa000 DEOPT UNPACKING pc=0x0000024587eca1af sp=0x000000cc32ff5d70 mode 2
Event: 31.095 Thread 0x00000245a02fa000 DEOPT PACKING pc=0x0000024588772149 sp=0x000000cc32ff7a10
Event: 31.095 Thread 0x00000245a02fa000 DEOPT UNPACKING pc=0x0000024587eca95e sp=0x000000cc32ff6e88 mode 0
Event: 31.160 Thread 0x00000245a02fa000 DEOPT PACKING pc=0x0000024588772149 sp=0x000000cc32ffa0e0
Event: 31.160 Thread 0x00000245a02fa000 DEOPT UNPACKING pc=0x0000024587eca95e sp=0x000000cc32ff9558 mode 0
Event: 31.586 Thread 0x00000245a02fa000 DEOPT PACKING pc=0x00000245884d6a9b sp=0x000000cc32ff7c00
Event: 31.586 Thread 0x00000245a02fa000 DEOPT UNPACKING pc=0x0000024587eca95e sp=0x000000cc32ff7140 mode 0
Event: 32.320 Thread 0x00000245a02fa000 DEOPT PACKING pc=0x000002458889db79 sp=0x000000cc32ff73d0
Event: 32.320 Thread 0x00000245a02fa000 DEOPT UNPACKING pc=0x0000024587eca95e sp=0x000000cc32ff6918 mode 0
Event: 32.753 Thread 0x00000245a02fa000 Uncommon trap: trap_request=0xffffff4d fr.pc=0x000002458f9fdfb4 relative=0x00000000000001f4
Event: 32.753 Thread 0x00000245a02fa000 Uncommon trap: reason=unstable_if action=reinterpret pc=0x000002458f9fdfb4 method=java.util.HashMap.hash(Ljava/lang/Object;)I @ 1 c2
Event: 32.753 Thread 0x00000245a02fa000 DEOPT PACKING pc=0x000002458f9fdfb4 sp=0x000000cc32ff72a0
Event: 32.753 Thread 0x00000245a02fa000 DEOPT UNPACKING pc=0x0000024587eca1af sp=0x000000cc32ff71d8 mode 2

Classes redefined (0 events):
No events

Internal exceptions (20 events):
Event: 31.075 Thread 0x00000245a02fa000 Exception <a 'java/lang/NoSuchMethodError'{0x00000000837312c0}: <clinit>> (0x00000000837312c0) thrown at [src/hotspot/share/prims/jni.cpp, line 1367]
Event: 31.082 Thread 0x00000245a02fa000 Exception <a 'java/lang/NoSuchMethodError'{0x00000000837467e8}: <clinit>> (0x00000000837467e8) thrown at [src/hotspot/share/prims/jni.cpp, line 1367]
Event: 31.091 Thread 0x00000245a02fa000 Exception <a 'java/lang/NoSuchMethodError'{0x0000000083774a18}: <clinit>> (0x0000000083774a18) thrown at [src/hotspot/share/prims/jni.cpp, line 1367]
Event: 31.095 Thread 0x00000245a02fa000 Exception <a 'java/lang/NoSuchMethodError'{0x0000000083787f48}: <clinit>> (0x0000000083787f48) thrown at [src/hotspot/share/prims/jni.cpp, line 1367]
Event: 31.101 Thread 0x00000245a02fa000 Exception <a 'java/lang/NoSuchMethodError'{0x000000008379eff8}: <clinit>> (0x000000008379eff8) thrown at [src/hotspot/share/prims/jni.cpp, line 1367]
Event: 31.107 Thread 0x00000245a02fa000 Exception <a 'java/lang/NoSuchMethodError'{0x00000000837bc660}: <clinit>> (0x00000000837bc660) thrown at [src/hotspot/share/prims/jni.cpp, line 1367]
Event: 31.110 Thread 0x00000245a02fa000 Exception <a 'java/lang/NoSuchMethodError'{0x00000000837ca0d8}: <clinit>> (0x00000000837ca0d8) thrown at [src/hotspot/share/prims/jni.cpp, line 1367]
Event: 31.111 Thread 0x00000245a02fa000 Exception <a 'java/lang/NoSuchMethodError'{0x00000000837d4828}: <clinit>> (0x00000000837d4828) thrown at [src/hotspot/share/prims/jni.cpp, line 1367]
Event: 31.114 Thread 0x00000245a02fa000 Exception <a 'java/lang/NoSuchMethodError'{0x00000000837de9f0}: <clinit>> (0x00000000837de9f0) thrown at [src/hotspot/share/prims/jni.cpp, line 1367]
Event: 31.115 Thread 0x00000245a02fa000 Exception <a 'java/lang/NoSuchMethodError'{0x00000000837e8b80}: <clinit>> (0x00000000837e8b80) thrown at [src/hotspot/share/prims/jni.cpp, line 1367]
Event: 31.157 Thread 0x00000245a02fa000 Exception <a 'java/lang/NoSuchMethodError'{0x000000008379d810}: <clinit>> (0x000000008379d810) thrown at [src/hotspot/share/prims/jni.cpp, line 1367]
Event: 31.157 Thread 0x00000245a02fa000 Exception <a 'java/lang/NoSuchMethodError'{0x00000000837a0ee8}: <clinit>> (0x00000000837a0ee8) thrown at [src/hotspot/share/prims/jni.cpp, line 1367]
Event: 31.158 Thread 0x00000245a02fa000 Exception <a 'java/lang/NoSuchMethodError'{0x00000000837a24f0}: <clinit>> (0x00000000837a24f0) thrown at [src/hotspot/share/prims/jni.cpp, line 1367]
Event: 31.159 Thread 0x00000245a02fa000 Exception <a 'java/lang/NoSuchMethodError'{0x00000000837a3a88}: <clinit>> (0x00000000837a3a88) thrown at [src/hotspot/share/prims/jni.cpp, line 1367]
Event: 31.160 Thread 0x00000245a02fa000 Exception <a 'java/lang/NoSuchMethodError'{0x00000000837a5438}: <clinit>> (0x00000000837a5438) thrown at [src/hotspot/share/prims/jni.cpp, line 1367]
Event: 31.160 Thread 0x00000245a02fa000 Exception <a 'java/lang/NoSuchMethodError'{0x00000000837a6ad0}: <clinit>> (0x00000000837a6ad0) thrown at [src/hotspot/share/prims/jni.cpp, line 1367]
Event: 31.163 Thread 0x00000245a02fa000 Exception <a 'java/lang/NoSuchMethodError'{0x00000000837a7d60}: <clinit>> (0x00000000837a7d60) thrown at [src/hotspot/share/prims/jni.cpp, line 1367]
Event: 31.309 Thread 0x00000245a02fa000 Exception <a 'java/lang/NoSuchMethodError'{0x000000008371ba98}: 'java.lang.Object java.lang.invoke.Invokers$Holder.linkToTargetMethod(java.lang.Object, int, java.lang.Object)'> (0x000000008371ba98) thrown at [src/hotspot/share/interpreter/linkResolver.cpp, line 773]
Event: 32.381 Thread 0x00000245a02fa000 Exception <a 'java/lang/NoSuchMethodError'{0x00000000841d1518}: 'java.lang.Object java.lang.invoke.DirectMethodHandle$Holder.invokeSpecialIFC(java.lang.Object, java.lang.Object, java.lang.Object, java.lang.Object)'> (0x00000000841d1518) thrown at [src/hotspot/share/interpreter/linkResolver.cpp, line 773]
Event: 32.753 Thread 0x00000245a02fa000 Implicit null exception at 0x000002458f9fddf5 to 0x000002458f9fdfa4

Events (20 events):
Event: 32.767 loading class com/google/common/reflect/Types$JavaVersion done
Event: 32.768 loading class com/google/common/reflect/Types$JavaVersion$1
Event: 32.768 loading class com/google/common/reflect/Types$JavaVersion$1 done
Event: 32.769 loading class com/google/common/reflect/Types$JavaVersion$2
Event: 32.769 loading class com/google/common/reflect/Types$JavaVersion$2 done
Event: 32.769 loading class com/google/common/reflect/Types$JavaVersion$3
Event: 32.769 loading class com/google/common/reflect/Types$JavaVersion$3 done
Event: 32.770 loading class com/google/common/reflect/Types$JavaVersion$4
Event: 32.770 loading class com/google/common/reflect/Types$JavaVersion$4 done
Event: 32.771 loading class com/google/common/reflect/Types$JavaVersion$5
Event: 32.771 loading class com/google/common/reflect/Types$JavaVersion$5 done
Event: 32.772 loading class sun/reflect/generics/tree/IntSignature
Event: 32.772 loading class sun/reflect/generics/tree/IntSignature done
Event: 32.772 loading class sun/reflect/generics/tree/ArrayTypeSignature
Event: 32.773 loading class sun/reflect/generics/tree/ArrayTypeSignature done
Event: 32.781 loading class com/google/common/reflect/Types$WildcardTypeImpl
Event: 32.781 loading class com/google/common/reflect/Types$WildcardTypeImpl done
Event: 32.788 loading class java/lang/SafeVarargs
Event: 32.789 loading class java/lang/SafeVarargs done
Event: 32.826 Executing VM operation: G1CollectForAllocation


Dynamic libraries:
0x00007ff6ccd50000 - 0x00007ff6ccd5a000 	C:\Program Files\Android\Android Studio\jbr\bin\java.exe
0x00007ff9ad830000 - 0x00007ff9ada28000 	C:\WINDOWS\SYSTEM32\ntdll.dll
0x00007ff9ad690000 - 0x00007ff9ad74f000 	C:\WINDOWS\System32\KERNEL32.DLL
0x00007ff9ab450000 - 0x00007ff9ab722000 	C:\WINDOWS\System32\KERNELBASE.dll
0x00007ff9ab060000 - 0x00007ff9ab160000 	C:\WINDOWS\System32\ucrtbase.dll
0x00007ff99de30000 - 0x00007ff99de4b000 	C:\Program Files\Android\Android Studio\jbr\bin\VCRUNTIME140.dll
0x00007ff98cb70000 - 0x00007ff98cb87000 	C:\Program Files\Android\Android Studio\jbr\bin\jli.dll
0x00007ff9ac540000 - 0x00007ff9ac6e1000 	C:\WINDOWS\System32\USER32.dll
0x00007ff9ab030000 - 0x00007ff9ab052000 	C:\WINDOWS\System32\win32u.dll
0x00007ff9ac850000 - 0x00007ff9ac87b000 	C:\WINDOWS\System32\GDI32.dll
0x00007ff9aaf20000 - 0x00007ff9ab02f000 	C:\WINDOWS\System32\gdi32full.dll
0x00007ff9ab1e0000 - 0x00007ff9ab27d000 	C:\WINDOWS\System32\msvcp_win.dll
0x00007ff99c760000 - 0x00007ff99c9fa000 	C:\WINDOWS\WinSxS\amd64_microsoft.windows.common-controls_6595b64144ccf1df_6.0.19041.1110_none_60b5254171f9507e\COMCTL32.dll
0x00007ff9ac490000 - 0x00007ff9ac52e000 	C:\WINDOWS\System32\msvcrt.dll
0x00007ff9ac810000 - 0x00007ff9ac842000 	C:\WINDOWS\System32\IMM32.DLL
0x00007ff9a3250000 - 0x00007ff9a325c000 	C:\Program Files\Android\Android Studio\jbr\bin\vcruntime140_1.dll
0x00007ff9744b0000 - 0x00007ff97453d000 	C:\Program Files\Android\Android Studio\jbr\bin\msvcp140.dll
0x00007ff973720000 - 0x00007ff9742dc000 	C:\Program Files\Android\Android Studio\jbr\bin\server\jvm.dll
0x00007ff9accc0000 - 0x00007ff9acd6e000 	C:\WINDOWS\System32\ADVAPI32.dll
0x00007ff9ad750000 - 0x00007ff9ad7ec000 	C:\WINDOWS\System32\sechost.dll
0x00007ff9ad3a0000 - 0x00007ff9ad4c5000 	C:\WINDOWS\System32\RPCRT4.dll
0x00007ff9ac880000 - 0x00007ff9ac888000 	C:\WINDOWS\System32\PSAPI.DLL
0x00007ff9a4820000 - 0x00007ff9a4829000 	C:\WINDOWS\SYSTEM32\WSOCK32.dll
0x00007ff9ad2d0000 - 0x00007ff9ad33b000 	C:\WINDOWS\System32\WS2_32.dll
0x00007ff9a2620000 - 0x00007ff9a262a000 	C:\WINDOWS\SYSTEM32\VERSION.dll
0x00007ff9a2630000 - 0x00007ff9a2657000 	C:\WINDOWS\SYSTEM32\WINMM.dll
0x00007ff9a9770000 - 0x00007ff9a9782000 	C:\WINDOWS\SYSTEM32\kernel.appcore.dll
0x00007ff9a4810000 - 0x00007ff9a4820000 	C:\Program Files\Android\Android Studio\jbr\bin\verify.dll
0x00007ff9a9550000 - 0x00007ff9a9734000 	C:\WINDOWS\SYSTEM32\DBGHELP.DLL
0x00007ff999900000 - 0x00007ff999935000 	C:\WINDOWS\SYSTEM32\dbgcore.DLL
0x00007ff9ab730000 - 0x00007ff9ab7b2000 	C:\WINDOWS\System32\bcryptPrimitives.dll
0x00007ff9a3db0000 - 0x00007ff9a3dd8000 	C:\Program Files\Android\Android Studio\jbr\bin\java.dll
0x00007ff9a4800000 - 0x00007ff9a480a000 	C:\Program Files\Android\Android Studio\jbr\bin\jimage.dll
0x00007ff9a2580000 - 0x00007ff9a2598000 	C:\Program Files\Android\Android Studio\jbr\bin\zip.dll
0x00007ff9ab870000 - 0x00007ff9abfb4000 	C:\WINDOWS\System32\SHELL32.dll
0x00007ff9a8cf0000 - 0x00007ff9a9482000 	C:\WINDOWS\SYSTEM32\windows.storage.dll
0x00007ff9acdf0000 - 0x00007ff9ad145000 	C:\WINDOWS\System32\combase.dll
0x00007ff9aa980000 - 0x00007ff9aa9b0000 	C:\WINDOWS\SYSTEM32\Wldp.dll
0x00007ff9ac9c0000 - 0x00007ff9aca6d000 	C:\WINDOWS\System32\SHCORE.dll
0x00007ff9ad340000 - 0x00007ff9ad395000 	C:\WINDOWS\System32\shlwapi.dll
0x00007ff9aae60000 - 0x00007ff9aae7f000 	C:\WINDOWS\SYSTEM32\profapi.dll
0x00007ff9a2560000 - 0x00007ff9a2579000 	C:\Program Files\Android\Android Studio\jbr\bin\net.dll
0x00007ff9a17d0000 - 0x00007ff9a18dc000 	C:\WINDOWS\SYSTEM32\WINHTTP.dll
0x00007ff9aa6e0000 - 0x00007ff9aa74a000 	C:\WINDOWS\system32\mswsock.dll
0x00007ff9a24f0000 - 0x00007ff9a2503000 	C:\Program Files\Android\Android Studio\jbr\bin\nio.dll
0x00007ff999530000 - 0x00007ff999557000 	C:\Users\dwise\.gradle\native\e1d6ef7f7dcc3fd88c89a11ec53ec762bb8ba0a96d01ffa2cd45eb1d1d8dd5c5\windows-amd64\native-platform.dll
0x00007ff962030000 - 0x00007ff962174000 	C:\Users\dwise\.gradle\native\0d407fdbe67a94daf76414ababcb853783967236a71b16ec16e742cd7a986fd3\windows-amd64\native-platform-file-events.dll
0x00007ff9a47e0000 - 0x00007ff9a47ea000 	C:\Program Files\Android\Android Studio\jbr\bin\management.dll
0x00007ff9a2270000 - 0x00007ff9a227b000 	C:\Program Files\Android\Android Studio\jbr\bin\management_ext.dll
0x00007ff9aa8e0000 - 0x00007ff9aa8f8000 	C:\WINDOWS\SYSTEM32\CRYPTSP.dll
0x00007ff9a9f20000 - 0x00007ff9a9f54000 	C:\WINDOWS\system32\rsaenh.dll
0x00007ff9ab1b0000 - 0x00007ff9ab1d7000 	C:\WINDOWS\System32\bcrypt.dll
0x00007ff9aae20000 - 0x00007ff9aae4e000 	C:\WINDOWS\SYSTEM32\USERENV.dll
0x00007ff9aa8d0000 - 0x00007ff9aa8dc000 	C:\WINDOWS\SYSTEM32\CRYPTBASE.dll
0x00007ff9aa360000 - 0x00007ff9aa39b000 	C:\WINDOWS\SYSTEM32\IPHLPAPI.DLL
0x00007ff9ac530000 - 0x00007ff9ac538000 	C:\WINDOWS\System32\NSI.dll
0x00007ff9a1a60000 - 0x00007ff9a1a77000 	C:\WINDOWS\SYSTEM32\dhcpcsvc6.DLL
0x00007ff9a1b60000 - 0x00007ff9a1b7d000 	C:\WINDOWS\SYSTEM32\dhcpcsvc.DLL
0x00007ff9aa3c0000 - 0x00007ff9aa48a000 	C:\WINDOWS\SYSTEM32\DNSAPI.dll

dbghelp: loaded successfully - version: 4.0.5 - missing functions: none
symbol engine: initialized successfully - sym options: 0x614 - pdb path: .;C:\Program Files\Android\Android Studio\jbr\bin;C:\WINDOWS\SYSTEM32;C:\WINDOWS\WinSxS\amd64_microsoft.windows.common-controls_6595b64144ccf1df_6.0.19041.1110_none_60b5254171f9507e;C:\Program Files\Android\Android Studio\jbr\bin\server;C:\Users\dwise\.gradle\native\e1d6ef7f7dcc3fd88c89a11ec53ec762bb8ba0a96d01ffa2cd45eb1d1d8dd5c5\windows-amd64;C:\Users\dwise\.gradle\native\0d407fdbe67a94daf76414ababcb853783967236a71b16ec16e742cd7a986fd3\windows-amd64

VM Arguments:
jvm_args: --add-opens=java.base/java.util=ALL-UNNAMED --add-opens=java.base/java.lang=ALL-UNNAMED --add-opens=java.base/java.lang.invoke=ALL-UNNAMED --add-opens=java.base/java.util=ALL-UNNAMED --add-opens=java.prefs/java.util.prefs=ALL-UNNAMED --add-opens=java.prefs/java.util.prefs=ALL-UNNAMED --add-opens=java.base/java.nio.charset=ALL-UNNAMED --add-opens=java.base/java.net=ALL-UNNAMED --add-opens=java.base/java.util.concurrent.atomic=ALL-UNNAMED -Xmx2048m -Dfile.encoding=UTF-8 -Duser.country=ID -Duser.language=en -Duser.variant 
java_command: org.gradle.launcher.daemon.bootstrap.GradleDaemon 7.5
java_class_path (initial): C:\Users\dwise\.gradle\wrapper\dists\gradle-7.5-bin\f1w0cc9nuo0eivz97x2xlu9sv\gradle-7.5\lib\gradle-launcher-7.5.jar
Launcher Type: SUN_STANDARD

[Global flags]
     intx CICompilerCount                          = 3                                         {product} {ergonomic}
     uint ConcGCThreads                            = 1                                         {product} {ergonomic}
     uint G1ConcRefinementThreads                  = 4                                         {product} {ergonomic}
   size_t G1HeapRegionSize                         = 1048576                                   {product} {ergonomic}
    uintx GCDrainStackTargetSize                   = 64                                        {product} {ergonomic}
   size_t InitialHeapSize                          = 58720256                                  {product} {ergonomic}
   size_t MarkStackSize                            = 4194304                                   {product} {ergonomic}
   size_t MaxHeapSize                              = 2147483648                                {product} {command line}
   size_t MaxNewSize                               = 1287651328                                {product} {ergonomic}
   size_t MinHeapDeltaBytes                        = 1048576                                   {product} {ergonomic}
    uintx NonNMethodCodeHeapSize                   = 5830732                                {pd product} {ergonomic}
    uintx NonProfiledCodeHeapSize                  = 122913754                              {pd product} {ergonomic}
    uintx ProfiledCodeHeapSize                     = 122913754                              {pd product} {ergonomic}
    uintx ReservedCodeCacheSize                    = 251658240                              {pd product} {ergonomic}
     bool SegmentedCodeCache                       = true                                      {product} {ergonomic}
     bool UseCompressedClassPointers               = true                                 {lp64_product} {ergonomic}
     bool UseCompressedOops                        = true                                 {lp64_product} {ergonomic}
     bool UseG1GC                                  = true                                      {product} {ergonomic}
     bool UseLargePagesIndividualAllocation        = false                                  {pd product} {ergonomic}

Logging:
Log output configuration:
 #0: stdout all=warning uptime,level,tags
 #1: stderr all=off uptime,level,tags

Environment Variables:
PATH=C:\Python310\Scripts\;C:\Python310\;C:\Program Files (x86)\Common Files\Intel\Shared Files\cpp\bin\Intel64;C:\Program Files\Eclipse Adoptium\jdk-17.0.1.12-hotspot\bin;C:\WINDOWS\system32;C:\WINDOWS;C:\WINDOWS\System32\Wbem;C:\WINDOWS\System32\WindowsPowerShell\v1.0\;C:\WINDOWS\System32\OpenSSH\;C:\Program Files\Git\cmd;C:\xampp\php;C:\composer;C:\Program Files\Dart\dart-sdk\bin;C:\Program Files\nodejs\;C:\ProgramData\chocolatey\bin;C:\Users\dwise\AppData\Local\Programs\Python\Python38\Scripts\;C:\Users\dwise\AppData\Local\Programs\Python\Python38\;C:\Users\dwise\AppData\Local\Microsoft\WindowsApps;C:\Users\dwise\AppData\Local\Programs\Microsoft VS Code\bin;C:\Users\dwise\AppData\Local\GitHubDesktop\bin;C:\Users\dwise\AppData\Roaming\Composer\vendor\bin;C:\Users\dwise\OneDrive\Documents\flutter\flutter\bin;C:\Users\dwise\AppData\Roaming\npm
USERNAME=dwise
OS=Windows_NT
PROCESSOR_IDENTIFIER=AMD64 Family 22 Model 48 Stepping 1, AuthenticAMD



---------------  S Y S T E M  ---------------

OS: Windows 10 , 64 bit Build 19041 (10.0.19041.2364)
OS uptime: 1 days 10:55 hours

CPU:total 4 (initial active 4) (4 cores per cpu, 1 threads per core) family 22 model 48 stepping 1 microcode 0x0, cmov, cx8, fxsr, mmx, sse, sse2, sse3, ssse3, sse4.1, sse4.2, popcnt, avx, aes, clmul, mmxext, 3dnowpref, lzcnt, sse4a, tsc, tscinvbit, tscinv, bmi1

Memory: 4k page, system-wide physical 3550M (119M free)
TotalPageFile size 14302M (AvailPageFile size 5M)
current process WorkingSet (physical memory assigned to process): 136M, peak: 136M
current process commit charge ("private bytes"): 201M, peak: 243M

vm_info: OpenJDK 64-Bit Server VM (11.0.15+0-b2043.56-9505619) for windows-amd64 JRE (11.0.15+0-b2043.56-9505619), built on Jan 19 2023 02:48:00 by "builduser" with unknown MS VC++:1929

END.
