#
# There is insufficient memory for the Java Runtime Environment to continue.
# Native memory allocation (mmap) failed to map 58720256 bytes for Failed to commit area from 0x00000000c8800000 to 0x00000000cc000000 of length 58720256.
# Possible reasons:
#   The system is out of physical RAM or swap space
#   The process is running with CompressedOops enabled, and the Java Heap may be blocking the growth of the native heap
# Possible solutions:
#   Reduce memory load on the system
#   Increase physical memory or swap space
#   Check if swap backing store is full
#   Decrease Java heap size (-Xmx/-Xms)
#   Decrease number of Java threads
#   Decrease Java thread stack sizes (-Xss)
#   Set larger code cache with -XX:ReservedCodeCacheSize=
# This output file may be truncated or incomplete.
#
#  Out of Memory Error (src/hotspot/os/windows/os_windows.cpp:3627), pid=3184, tid=15564
#
# JRE version:  (11.0.15) (build )
# Java VM: OpenJDK 64-Bit Server VM (11.0.15+0-b2043.56-9505619, mixed mode, sharing, tiered, compressed oops, g1 gc, windows-amd64)
# No core dump will be written. Minidumps are not enabled by default on client versions of Windows
#

---------------  S U M M A R Y ------------

Command Line: org.jetbrains.kotlin.cli.jvm.K2JVMCompiler @C:\Users\dwise\OneDrive\Documents\bwa\kantinE-KTP\app\build\20230206_13944322594522257705.compiler.options

Host: AMD A8-7410 APU with AMD Radeon R5 Graphics    , 4 cores, 3G,  Windows 10 , 64 bit Build 19041 (10.0.19041.2364)
Time: Mon Feb  6 01:42:20 2023 SE Asia Standard Time elapsed time: 0.032600 seconds (0d 0h 0m 0s)

---------------  T H R E A D  ---------------

Current thread (0x0000022ae3e91000):  JavaThread "Unknown thread" [_thread_in_vm, id=15564, stack(0x000000ba8a600000,0x000000ba8a700000)]

Stack: [0x000000ba8a600000,0x000000ba8a700000]
Native frames: (J=compiled Java code, j=interpreted, Vv=VM code, C=native code)
V  [jvm.dll+0x64135a]
V  [jvm.dll+0x7d39f9]
V  [jvm.dll+0x7d51b9]
V  [jvm.dll+0x7d58a3]
V  [jvm.dll+0x2691c5]
V  [jvm.dll+0x63e4e9]
V  [jvm.dll+0x632985]
V  [jvm.dll+0x3231ac]
V  [jvm.dll+0x323032]
V  [jvm.dll+0x327c06]
V  [jvm.dll+0x36ffa2]
V  [jvm.dll+0x36fa01]
V  [jvm.dll+0x2fea28]
V  [jvm.dll+0x2ffb25]
V  [jvm.dll+0x7accd7]
V  [jvm.dll+0x7ae49f]
V  [jvm.dll+0x37d299]
V  [jvm.dll+0x78ef9f]
V  [jvm.dll+0x3ec847]
V  [jvm.dll+0x3eed31]
C  [jli.dll+0x52cb]
C  [ucrtbase.dll+0x21bb2]
C  [KERNEL32.DLL+0x17614]
C  [ntdll.dll+0x526a1]


---------------  P R O C E S S  ---------------

Threads class SMR info:
_java_thread_list=0x0000022ae1c61550, length=0, elements={
}

Java Threads: ( => current thread )

Other Threads:
  0x0000022ae3eaa000 GCTaskThread "GC Thread#0" [stack: 0x000000ba8a700000,0x000000ba8a800000] [id=10856]
  0x0000022ae3ec2800 ConcurrentGCThread "G1 Main Marker" [stack: 0x000000ba8a800000,0x000000ba8a900000] [id=14716]
  0x0000022ae3ec5000 ConcurrentGCThread "G1 Conc#0" [stack: 0x000000ba8a900000,0x000000ba8aa00000] [id=12692]

[error occurred during error reporting (printing all threads), id 0xc0000005, EXCEPTION_ACCESS_VIOLATION (0xc0000005) at pc=0x00007fffc1fcf3e7]

VM state:not at safepoint (not fully initialized)

VM Mutex/Monitor currently owned by a thread:  ([mutex/lock_event])
[0x0000022ae3e8f8c0] Heap_lock - owner thread: 0x0000022ae3e91000

Heap address: 0x00000000c8800000, size: 888 MB, Compressed Oops mode: Non-zero based: 0x00000000c8800000
Narrow klass base: 0x0000000000000000, Narrow klass shift: 0

GC Heap History (0 events):
No events

Deoptimization events (0 events):
No events

Classes redefined (0 events):
No events

Internal exceptions (0 events):
No events

Events (1 events):
Event: 0.020 Loaded shared library C:\Program Files\Android\Android Studio\jbr\bin\zip.dll


Dynamic libraries:
0x00007ff729880000 - 0x00007ff72988a000 	C:\Program Files\Android\Android Studio\jbr\bin\java.exe
0x00007ffffebf0000 - 0x00007ffffede8000 	C:\WINDOWS\SYSTEM32\ntdll.dll
0x00007ffffde90000 - 0x00007ffffdf4f000 	C:\WINDOWS\System32\KERNEL32.DLL
0x00007ffffc950000 - 0x00007ffffcc22000 	C:\WINDOWS\System32\KERNELBASE.dll
0x00007ffffc6f0000 - 0x00007ffffc7f0000 	C:\WINDOWS\System32\ucrtbase.dll
0x00007ffff3610000 - 0x00007ffff3627000 	C:\Program Files\Android\Android Studio\jbr\bin\jli.dll
0x00007ffff3630000 - 0x00007ffff364b000 	C:\Program Files\Android\Android Studio\jbr\bin\VCRUNTIME140.dll
0x00007ffffea00000 - 0x00007ffffeba1000 	C:\WINDOWS\System32\USER32.dll
0x00007ffffc4f0000 - 0x00007ffffc512000 	C:\WINDOWS\System32\win32u.dll
0x00007fffe9480000 - 0x00007fffe971a000 	C:\WINDOWS\WinSxS\amd64_microsoft.windows.common-controls_6595b64144ccf1df_6.0.19041.1110_none_60b5254171f9507e\COMCTL32.dll
0x00007ffffe420000 - 0x00007ffffe44b000 	C:\WINDOWS\System32\GDI32.dll
0x00007ffffce20000 - 0x00007ffffcebe000 	C:\WINDOWS\System32\msvcrt.dll
0x00007ffffc2e0000 - 0x00007ffffc3ef000 	C:\WINDOWS\System32\gdi32full.dll
0x00007ffffc620000 - 0x00007ffffc6bd000 	C:\WINDOWS\System32\msvcp_win.dll
0x00007ffffdfc0000 - 0x00007ffffdff2000 	C:\WINDOWS\System32\IMM32.DLL
0x00007ffff27e0000 - 0x00007ffff27ec000 	C:\Program Files\Android\Android Studio\jbr\bin\vcruntime140_1.dll
0x00007fffdb910000 - 0x00007fffdb99d000 	C:\Program Files\Android\Android Studio\jbr\bin\msvcp140.dll
0x00007fffc1cc0000 - 0x00007fffc287c000 	C:\Program Files\Android\Android Studio\jbr\bin\server\jvm.dll
0x00007ffffcc30000 - 0x00007ffffccde000 	C:\WINDOWS\System32\ADVAPI32.dll
0x00007ffffe2d0000 - 0x00007ffffe36c000 	C:\WINDOWS\System32\sechost.dll
0x00007ffffdd60000 - 0x00007ffffde85000 	C:\WINDOWS\System32\RPCRT4.dll
0x00007ffffe510000 - 0x00007ffffe518000 	C:\WINDOWS\System32\PSAPI.DLL
0x00007ffff5180000 - 0x00007ffff5189000 	C:\WINDOWS\SYSTEM32\WSOCK32.dll
0x00007ffff3cd0000 - 0x00007ffff3cda000 	C:\WINDOWS\SYSTEM32\VERSION.dll
0x00007ffff3ca0000 - 0x00007ffff3cc7000 	C:\WINDOWS\SYSTEM32\WINMM.dll
0x00007ffffdf50000 - 0x00007ffffdfbb000 	C:\WINDOWS\System32\WS2_32.dll
0x00007ffffa1a0000 - 0x00007ffffa1b2000 	C:\WINDOWS\SYSTEM32\kernel.appcore.dll
0x00007ffff5170000 - 0x00007ffff5180000 	C:\Program Files\Android\Android Studio\jbr\bin\verify.dll
0x00007ffff7c30000 - 0x00007ffff7e14000 	C:\WINDOWS\SYSTEM32\DBGHELP.DLL
0x00007fffe5dd0000 - 0x00007fffe5e05000 	C:\WINDOWS\SYSTEM32\dbgcore.DLL
0x00007ffffc460000 - 0x00007ffffc4e2000 	C:\WINDOWS\System32\bcryptPrimitives.dll
0x00007ffff3730000 - 0x00007ffff3758000 	C:\Program Files\Android\Android Studio\jbr\bin\java.dll
0x00007ffff5160000 - 0x00007ffff516a000 	C:\Program Files\Android\Android Studio\jbr\bin\jimage.dll
0x00007ffff4070000 - 0x00007ffff4088000 	C:\Program Files\Android\Android Studio\jbr\bin\zip.dll

dbghelp: loaded successfully - version: 4.0.5 - missing functions: none
symbol engine: initialized successfully - sym options: 0x614 - pdb path: .;C:\Program Files\Android\Android Studio\jbr\bin;C:\WINDOWS\SYSTEM32;C:\WINDOWS\WinSxS\amd64_microsoft.windows.common-controls_6595b64144ccf1df_6.0.19041.1110_none_60b5254171f9507e;C:\Program Files\Android\Android Studio\jbr\bin\server

VM Arguments:
java_command: org.jetbrains.kotlin.cli.jvm.K2JVMCompiler @C:\Users\dwise\OneDrive\Documents\bwa\kantinE-KTP\app\build\20230206_13944322594522257705.compiler.options
java_class_path (initial): C:\Users\dwise\.gradle\caches\modules-2\files-2.1\org.jetbrains.kotlin\kotlin-compiler-embeddable\1.6.10\88f2073f4020cdb83132cfe940ceb9a60aba54ea\kotlin-compiler-embeddable-1.6.10.jar;C:\Users\dwise\.gradle\caches\modules-2\files-2.1\org.jetbrains.kotlin\kotlin-reflect\1.6.10\1cbe9c92c12a94eea200d23c2bbaedaf3daf5132\kotlin-reflect-1.6.10.jar;C:\Users\dwise\.gradle\caches\modules-2\files-2.1\org.jetbrains.kotlin\kotlin-stdlib\1.6.10\b8af3fe6f1ca88526914929add63cf5e7c5049af\kotlin-stdlib-1.6.10.jar;C:\Users\dwise\.gradle\caches\modules-2\files-2.1\org.jetbrains.kotlin\kotlin-script-runtime\1.6.10\d0a7ff2e2500ef497ed0214ae40ad3c8387a6164\kotlin-script-runtime-1.6.10.jar;C:\Users\dwise\.gradle\caches\modules-2\files-2.1\org.jetbrains.kotlin\kotlin-daemon-embeddable\1.6.10\a56d79bcbea411fa6058e4ecffc2de73e742bd2a\kotlin-daemon-embeddable-1.6.10.jar;C:\Users\dwise\.gradle\caches\modules-2\files-2.1\org.jetbrains.intellij.deps\trove4j\1.0.20181211\216c2e14b070f334479d800987affe4054cd563f\trove4j-1.0.20181211.jar;C:\Users\dwise\.gradle\caches\modules-2\files-2.1\net.java.dev.jna\jna\5.6.0\330f2244e9030119ab3030fc3fededc86713d9cc\jna-5.6.0.jar;C:\Users\dwise\.gradle\caches\modules-2\files-2.1\org.jetbrains\annotations\13.0\919f0dfe192fb4e063e7dacadee7f8bb9a2672a9\annotations-13.0.jar;C:\Users\dwise\.gradle\caches\modules-2\files-2.1\org.jetbrains.kotlin\kotlin-stdlib-common\1.6.10\c118700e3a33c8a0d9adc920e9dec0831171925\kotlin-stdlib-common-1.6.10.jar
Launcher Type: SUN_STANDARD

[Global flags]
     intx CICompilerCount                          = 3                                         {product} {ergonomic}
     uint ConcGCThreads                            = 1                                         {product} {ergonomic}
     uint G1ConcRefinementThreads                  = 4                                         {product} {ergonomic}
   size_t G1HeapRegionSize                         = 1048576                                   {product} {ergonomic}
    uintx GCDrainStackTargetSize                   = 64                                        {product} {ergonomic}
   size_t InitialHeapSize                          = 58720256                                  {product} {ergonomic}
   size_t MarkStackSize                            = 4194304                                   {product} {ergonomic}
   size_t MaxHeapSize                              = 931135488                                 {product} {ergonomic}
   size_t MinHeapDeltaBytes                        = 1048576                                   {product} {ergonomic}
    uintx NonNMethodCodeHeapSize                   = 5830732                                {pd product} {ergonomic}
    uintx NonProfiledCodeHeapSize                  = 122913754                              {pd product} {ergonomic}
    uintx ProfiledCodeHeapSize                     = 122913754                              {pd product} {ergonomic}
    uintx ReservedCodeCacheSize                    = 251658240                              {pd product} {ergonomic}
     bool SegmentedCodeCache                       = true                                      {product} {ergonomic}
     bool UseCompressedClassPointers               = true                                 {lp64_product} {ergonomic}
     bool UseCompressedOops                        = true                                 {lp64_product} {ergonomic}
     bool UseG1GC                                  = true                                      {product} {ergonomic}
     bool UseLargePagesIndividualAllocation        = false                                  {pd product} {ergonomic}

Logging:
Log output configuration:
 #0: stdout all=warning uptime,level,tags
 #1: stderr all=off uptime,level,tags

Environment Variables:
PATH=C:\Python310\Scripts\;C:\Python310\;C:\Program Files (x86)\Common Files\Intel\Shared Files\cpp\bin\Intel64;C:\Program Files\Eclipse Adoptium\jdk-17.0.1.12-hotspot\bin;C:\WINDOWS\system32;C:\WINDOWS;C:\WINDOWS\System32\Wbem;C:\WINDOWS\System32\WindowsPowerShell\v1.0\;C:\WINDOWS\System32\OpenSSH\;C:\Program Files\Git\cmd;C:\xampp\php;C:\composer;C:\Program Files\Dart\dart-sdk\bin;C:\Program Files\nodejs\;C:\ProgramData\chocolatey\bin;C:\Users\dwise\AppData\Local\Programs\Python\Python38\Scripts\;C:\Users\dwise\AppData\Local\Programs\Python\Python38\;C:\Users\dwise\AppData\Local\Microsoft\WindowsApps;C:\Users\dwise\AppData\Local\Programs\Microsoft VS Code\bin;C:\Users\dwise\AppData\Local\GitHubDesktop\bin;C:\Users\dwise\AppData\Roaming\Composer\vendor\bin;C:\Users\dwise\OneDrive\Documents\flutter\flutter\bin;C:\Users\dwise\AppData\Roaming\npm
USERNAME=dwise
OS=Windows_NT
PROCESSOR_IDENTIFIER=AMD64 Family 22 Model 48 Stepping 1, AuthenticAMD



---------------  S Y S T E M  ---------------

OS: Windows 10 , 64 bit Build 19041 (10.0.19041.2364)
OS uptime: 2 days 14:05 hours

CPU:total 4 (initial active 4) (4 cores per cpu, 1 threads per core) family 22 model 48 stepping 1 microcode 0x0, cmov, cx8, fxsr, mmx, sse, sse2, sse3, ssse3, sse4.1, sse4.2, popcnt, avx, aes, clmul, mmxext, 3dnowpref, lzcnt, sse4a, tsc, tscinvbit, tscinv, bmi1

Memory: 4k page, system-wide physical 3550M (177M free)
TotalPageFile size 14302M (AvailPageFile size 50M)
current process WorkingSet (physical memory assigned to process): 9M, peak: 9M
current process commit charge ("private bytes"): 51M, peak: 107M

vm_info: OpenJDK 64-Bit Server VM (11.0.15+0-b2043.56-9505619) for windows-amd64 JRE (11.0.15+0-b2043.56-9505619), built on Jan 19 2023 02:48:00 by "builduser" with unknown MS VC++:1929

END.
