#
# There is insufficient memory for the Java Runtime Environment to continue.
# Native memory allocation (malloc) failed to allocate 1555056 bytes for Chunk::new
# Possible reasons:
#   The system is out of physical RAM or swap space
#   The process is running with CompressedOops enabled, and the Java Heap may be blocking the growth of the native heap
# Possible solutions:
#   Reduce memory load on the system
#   Increase physical memory or swap space
#   Check if swap backing store is full
#   Decrease Java heap size (-Xmx/-Xms)
#   Decrease number of Java threads
#   Decrease Java thread stack sizes (-Xss)
#   Set larger code cache with -XX:ReservedCodeCacheSize=
#   JVM is running with Unscaled Compressed Oops mode in which the Java heap is
#     placed in the first 4GB address space. The Java Heap base address is the
#     maximum limit for the native heap growth. Please use -XX:HeapBaseMinAddress
#     to set the Java Heap base and to place the Java Heap above 4GB virtual address.
# This output file may be truncated or incomplete.
#
#  Out of Memory Error (src/hotspot/share/memory/arena.cpp:197), pid=3564, tid=604
#
# JRE version: OpenJDK Runtime Environment (11.0.15) (build 11.0.15+0-b2043.56-9505619)
# Java VM: OpenJDK 64-Bit Server VM (11.0.15+0-b2043.56-9505619, mixed mode, tiered, compressed oops, g1 gc, windows-amd64)
# No core dump will be written. Minidumps are not enabled by default on client versions of Windows
#

---------------  S U M M A R Y ------------

Command Line: --add-opens=java.base/java.util=ALL-UNNAMED --add-opens=java.base/java.lang=ALL-UNNAMED --add-opens=java.base/java.lang.invoke=ALL-UNNAMED --add-opens=java.base/java.util=ALL-UNNAMED --add-opens=java.prefs/java.util.prefs=ALL-UNNAMED --add-opens=java.prefs/java.util.prefs=ALL-UNNAMED --add-opens=java.base/java.nio.charset=ALL-UNNAMED --add-opens=java.base/java.net=ALL-UNNAMED --add-opens=java.base/java.util.concurrent.atomic=ALL-UNNAMED -Xmx2048m -Dfile.encoding=UTF-8 -Duser.country=ID -Duser.language=en -Duser.variant org.gradle.launcher.daemon.bootstrap.GradleDaemon 7.5

Host: AMD A8-7410 APU with AMD Radeon R5 Graphics    , 4 cores, 3G,  Windows 10 , 64 bit Build 19041 (10.0.19041.2364)
Time: Fri Feb 17 19:52:07 2023 SE Asia Standard Time elapsed time: 42.754534 seconds (0d 0h 0m 42s)

---------------  T H R E A D  ---------------

Current thread (0x00000222d19b3000):  JavaThread "C2 CompilerThread0" daemon [_thread_in_native, id=604, stack(0x0000009b75300000,0x0000009b75400000)]


Current CompileTask:
C2:  42754 7497   !   4       org.codehaus.groovy.reflection.stdclasses.CachedSAMClass::hasUsableImplementation (72 bytes)

Stack: [0x0000009b75300000,0x0000009b75400000]
Native frames: (J=compiled Java code, j=interpreted, Vv=VM code, C=native code)
V  [jvm.dll+0x64135a]
V  [jvm.dll+0x7d39f9]
V  [jvm.dll+0x7d51b9]
V  [jvm.dll+0x7d58a3]
V  [jvm.dll+0x2691c5]
V  [jvm.dll+0xc1a5c]
V  [jvm.dll+0xc200c]
V  [jvm.dll+0x3774a7]
V  [jvm.dll+0x342495]
V  [jvm.dll+0x34186a]
V  [jvm.dll+0x2214bd]
V  [jvm.dll+0x220498]
V  [jvm.dll+0x19e851]
V  [jvm.dll+0x230479]
V  [jvm.dll+0x22e5ef]
V  [jvm.dll+0x794de1]
V  [jvm.dll+0x78dc24]
V  [jvm.dll+0x6400f6]
C  [ucrtbase.dll+0x21bb2]
C  [KERNEL32.DLL+0x17614]
C  [ntdll.dll+0x526a1]


---------------  P R O C E S S  ---------------

Threads class SMR info:
_java_thread_list=0x00000222d880f4d0, length=78, elements={
0x00000222b7d84000, 0x00000222d194d800, 0x00000222d1958800, 0x00000222d19aa800,
0x00000222d19ab800, 0x00000222d19ad800, 0x00000222d19b3000, 0x00000222d19bf000,
0x00000222d19cf000, 0x00000222d2421000, 0x00000222d3d1a000, 0x00000222d431f800,
0x00000222d3eae000, 0x00000222d3b12800, 0x00000222d358a800, 0x00000222d2ed0800,
0x00000222d2ed1800, 0x00000222d3595000, 0x00000222d3459800, 0x00000222d345a800,
0x00000222d439a000, 0x00000222d439b000, 0x00000222d4397000, 0x00000222d4398800,
0x00000222d4396000, 0x00000222d439c000, 0x00000222d4399800, 0x00000222d439c800,
0x00000222d4397800, 0x00000222d3e63000, 0x00000222d3e62000, 0x00000222d3e61800,
0x00000222d3e5d800, 0x00000222d3e64000, 0x00000222d3e5f000, 0x00000222d3e5e000,
0x00000222d3e65800, 0x00000222d3e66000, 0x00000222d3e60800, 0x00000222d3e69800,
0x00000222d3e6a800, 0x00000222d3e68800, 0x00000222d3e6b000, 0x00000222d3e6c000,
0x00000222d3e67000, 0x00000222d3e68000, 0x00000222d441a800, 0x00000222d441b000,
0x00000222d441c000, 0x00000222d4419800, 0x00000222d4416000, 0x00000222d4418800,
0x00000222d441c800, 0x00000222d4417000, 0x00000222d441d800, 0x00000222d4418000,
0x00000222d4423000, 0x00000222d4422800, 0x00000222d4424000, 0x00000222d441e800,
0x00000222d4420000, 0x00000222d4421800, 0x00000222d4421000, 0x00000222d4425000,
0x00000222d441f000, 0x00000222d7262000, 0x00000222d7262800, 0x00000222d7265000,
0x00000222d7263800, 0x00000222d7261000, 0x00000222d7264000, 0x00000222d7266000,
0x00000222d7266800, 0x00000222d7267800, 0x00000222d6e63800, 0x00000222d6e68800,
0x00000222d6e65000, 0x00000222d6e66000
}

Java Threads: ( => current thread )
  0x00000222b7d84000 JavaThread "main" [_thread_blocked, id=13672, stack(0x0000009b74700000,0x0000009b74800000)]
  0x00000222d194d800 JavaThread "Reference Handler" daemon [_thread_blocked, id=14068, stack(0x0000009b74e00000,0x0000009b74f00000)]
  0x00000222d1958800 JavaThread "Finalizer" daemon [_thread_blocked, id=1872, stack(0x0000009b74f00000,0x0000009b75000000)]
  0x00000222d19aa800 JavaThread "Signal Dispatcher" daemon [_thread_blocked, id=3492, stack(0x0000009b75000000,0x0000009b75100000)]
  0x00000222d19ab800 JavaThread "Attach Listener" daemon [_thread_blocked, id=14576, stack(0x0000009b75100000,0x0000009b75200000)]
  0x00000222d19ad800 JavaThread "Service Thread" daemon [_thread_blocked, id=16868, stack(0x0000009b75200000,0x0000009b75300000)]
=>0x00000222d19b3000 JavaThread "C2 CompilerThread0" daemon [_thread_in_native, id=604, stack(0x0000009b75300000,0x0000009b75400000)]
  0x00000222d19bf000 JavaThread "C1 CompilerThread0" daemon [_thread_blocked, id=10744, stack(0x0000009b75400000,0x0000009b75500000)]
  0x00000222d19cf000 JavaThread "Sweeper thread" daemon [_thread_blocked, id=15044, stack(0x0000009b75500000,0x0000009b75600000)]
  0x00000222d2421000 JavaThread "Common-Cleaner" daemon [_thread_blocked, id=13748, stack(0x0000009b75600000,0x0000009b75700000)]
  0x00000222d3d1a000 JavaThread "Daemon health stats" [_thread_blocked, id=15236, stack(0x0000009b75900000,0x0000009b75a00000)]
  0x00000222d431f800 JavaThread "Incoming local TCP Connector on port 51807" [_thread_in_native, id=17940, stack(0x0000009b75a00000,0x0000009b75b00000)]
  0x00000222d3eae000 JavaThread "Daemon periodic checks" [_thread_blocked, id=16432, stack(0x0000009b75b00000,0x0000009b75c00000)]
  0x00000222d3b12800 JavaThread "Daemon" [_thread_blocked, id=13680, stack(0x0000009b75c00000,0x0000009b75d00000)]
  0x00000222d358a800 JavaThread "Handler for socket connection from /127.0.0.1:51807 to /127.0.0.1:51808" [_thread_in_native, id=3136, stack(0x0000009b75d00000,0x0000009b75e00000)]
  0x00000222d2ed0800 JavaThread "Cancel handler" [_thread_blocked, id=1576, stack(0x0000009b75e00000,0x0000009b75f00000)]
  0x00000222d2ed1800 JavaThread "Daemon worker" [_thread_in_vm, id=17760, stack(0x0000009b75f00000,0x0000009b76000000)]
  0x00000222d3595000 JavaThread "Asynchronous log dispatcher for DefaultDaemonConnection: socket connection from /127.0.0.1:51807 to /127.0.0.1:51808" [_thread_blocked, id=12944, stack(0x0000009b76000000,0x0000009b76100000)]
  0x00000222d3459800 JavaThread "Stdin handler" [_thread_blocked, id=16468, stack(0x0000009b76100000,0x0000009b76200000)]
  0x00000222d345a800 JavaThread "Daemon client event forwarder" [_thread_blocked, id=8260, stack(0x0000009b76200000,0x0000009b76300000)]
  0x00000222d439a000 JavaThread "Cache worker for journal cache (C:\Users\dwise\.gradle\caches\journal-1)" [_thread_blocked, id=18060, stack(0x0000009b76500000,0x0000009b76600000)]
  0x00000222d439b000 JavaThread "File lock request listener" [_thread_in_native, id=17024, stack(0x0000009b76600000,0x0000009b76700000)]
  0x00000222d4397000 JavaThread "Cache worker for file hash cache (C:\Users\dwise\.gradle\caches\7.5\fileHashes)" [_thread_blocked, id=11840, stack(0x0000009b76700000,0x0000009b76800000)]
  0x00000222d4398800 JavaThread "File watcher server" daemon [_thread_in_native, id=17076, stack(0x0000009b76800000,0x0000009b76900000)]
  0x00000222d4396000 JavaThread "File watcher consumer" daemon [_thread_blocked, id=16856, stack(0x0000009b76900000,0x0000009b76a00000)]
  0x00000222d439c000 JavaThread "jar transforms" [_thread_blocked, id=17168, stack(0x0000009b76a00000,0x0000009b76b00000)]
  0x00000222d4399800 JavaThread "jar transforms Thread 2" [_thread_blocked, id=4724, stack(0x0000009b76b00000,0x0000009b76c00000)]
  0x00000222d439c800 JavaThread "jar transforms Thread 3" [_thread_blocked, id=14420, stack(0x0000009b76c00000,0x0000009b76d00000)]
  0x00000222d4397800 JavaThread "jar transforms Thread 4" [_thread_blocked, id=16936, stack(0x0000009b76d00000,0x0000009b76e00000)]
  0x00000222d3e63000 JavaThread "Cache worker for checksums cache (C:\Users\dwise\OneDrive\Documents\bwa\kantinE-KTP\.gradle\7.5\checksums)" [_thread_blocked, id=14844, stack(0x0000009b76e00000,0x0000009b76f00000)]
  0x00000222d3e62000 JavaThread "Cache worker for cache directory md-rule (C:\Users\dwise\.gradle\caches\7.5\md-rule)" [_thread_blocked, id=12524, stack(0x0000009b76f00000,0x0000009b77000000)]
  0x00000222d3e61800 JavaThread "Cache worker for file content cache (C:\Users\dwise\.gradle\caches\7.5\fileContent)" [_thread_blocked, id=18172, stack(0x0000009b77000000,0x0000009b77100000)]
  0x00000222d3e5d800 JavaThread "Cache worker for file hash cache (C:\Users\dwise\OneDrive\Documents\bwa\kantinE-KTP\.gradle\7.5\fileHashes)" [_thread_blocked, id=17704, stack(0x0000009b77100000,0x0000009b77200000)]
  0x00000222d3e64000 JavaThread "Cache worker for cache directory md-supplier (C:\Users\dwise\.gradle\caches\7.5\md-supplier)" [_thread_blocked, id=16032, stack(0x0000009b77200000,0x0000009b77300000)]
  0x00000222d3e5f000 JavaThread "Cache worker for execution history cache (C:\Users\dwise\.gradle\caches\7.5\executionHistory)" [_thread_blocked, id=9620, stack(0x0000009b77300000,0x0000009b77400000)]
  0x00000222d3e5e000 JavaThread "Cache worker for dependencies-accessors (C:\Users\dwise\OneDrive\Documents\bwa\kantinE-KTP\.gradle\7.5\dependencies-accessors)" [_thread_blocked, id=12284, stack(0x0000009b77400000,0x0000009b77500000)]
  0x00000222d3e65800 JavaThread "Cache worker for Build Output Cleanup Cache (C:\Users\dwise\OneDrive\Documents\bwa\kantinE-KTP\.gradle\buildOutputCleanup)" [_thread_blocked, id=8136, stack(0x0000009b77500000,0x0000009b77600000)]
  0x00000222d3e66000 JavaThread "Unconstrained build operations" [_thread_blocked, id=3888, stack(0x0000009b77600000,0x0000009b77700000)]
  0x00000222d3e60800 JavaThread "Unconstrained build operations Thread 2" [_thread_blocked, id=4592, stack(0x0000009b77700000,0x0000009b77800000)]
  0x00000222d3e69800 JavaThread "Unconstrained build operations Thread 3" [_thread_blocked, id=7748, stack(0x0000009b77800000,0x0000009b77900000)]
  0x00000222d3e6a800 JavaThread "Unconstrained build operations Thread 4" [_thread_blocked, id=10124, stack(0x0000009b77900000,0x0000009b77a00000)]
  0x00000222d3e68800 JavaThread "Unconstrained build operations Thread 5" [_thread_blocked, id=9768, stack(0x0000009b77a00000,0x0000009b77b00000)]
  0x00000222d3e6b000 JavaThread "Unconstrained build operations Thread 6" [_thread_blocked, id=14324, stack(0x0000009b77b00000,0x0000009b77c00000)]
  0x00000222d3e6c000 JavaThread "Unconstrained build operations Thread 7" [_thread_blocked, id=10396, stack(0x0000009b77c00000,0x0000009b77d00000)]
  0x00000222d3e67000 JavaThread "Unconstrained build operations Thread 8" [_thread_blocked, id=244, stack(0x0000009b77d00000,0x0000009b77e00000)]
  0x00000222d3e68000 JavaThread "Unconstrained build operations Thread 9" [_thread_blocked, id=9392, stack(0x0000009b77e00000,0x0000009b77f00000)]
  0x00000222d441a800 JavaThread "Unconstrained build operations Thread 10" [_thread_blocked, id=5636, stack(0x0000009b77f00000,0x0000009b78000000)]
  0x00000222d441b000 JavaThread "Unconstrained build operations Thread 11" [_thread_blocked, id=14212, stack(0x0000009b78000000,0x0000009b78100000)]
  0x00000222d441c000 JavaThread "Unconstrained build operations Thread 12" [_thread_blocked, id=14816, stack(0x0000009b78100000,0x0000009b78200000)]
  0x00000222d4419800 JavaThread "Unconstrained build operations Thread 13" [_thread_blocked, id=18316, stack(0x0000009b78200000,0x0000009b78300000)]
  0x00000222d4416000 JavaThread "Unconstrained build operations Thread 14" [_thread_blocked, id=13828, stack(0x0000009b78300000,0x0000009b78400000)]
  0x00000222d4418800 JavaThread "Unconstrained build operations Thread 15" [_thread_blocked, id=12036, stack(0x0000009b78400000,0x0000009b78500000)]
  0x00000222d441c800 JavaThread "Unconstrained build operations Thread 16" [_thread_blocked, id=16428, stack(0x0000009b78500000,0x0000009b78600000)]
  0x00000222d4417000 JavaThread "Unconstrained build operations Thread 17" [_thread_blocked, id=6208, stack(0x0000009b78600000,0x0000009b78700000)]
  0x00000222d441d800 JavaThread "Unconstrained build operations Thread 18" [_thread_blocked, id=16664, stack(0x0000009b78700000,0x0000009b78800000)]
  0x00000222d4418000 JavaThread "Unconstrained build operations Thread 19" [_thread_blocked, id=12348, stack(0x0000009b78800000,0x0000009b78900000)]
  0x00000222d4423000 JavaThread "Unconstrained build operations Thread 20" [_thread_blocked, id=15632, stack(0x0000009b78900000,0x0000009b78a00000)]
  0x00000222d4422800 JavaThread "Unconstrained build operations Thread 21" [_thread_blocked, id=17856, stack(0x0000009b78a00000,0x0000009b78b00000)]
  0x00000222d4424000 JavaThread "Unconstrained build operations Thread 22" [_thread_blocked, id=5624, stack(0x0000009b78b00000,0x0000009b78c00000)]
  0x00000222d441e800 JavaThread "Unconstrained build operations Thread 23" [_thread_blocked, id=18208, stack(0x0000009b78c00000,0x0000009b78d00000)]
  0x00000222d4420000 JavaThread "Unconstrained build operations Thread 24" [_thread_blocked, id=16376, stack(0x0000009b78d00000,0x0000009b78e00000)]
  0x00000222d4421800 JavaThread "Unconstrained build operations Thread 25" [_thread_blocked, id=13620, stack(0x0000009b78e00000,0x0000009b78f00000)]
  0x00000222d4421000 JavaThread "Unconstrained build operations Thread 26" [_thread_blocked, id=16516, stack(0x0000009b78f00000,0x0000009b79000000)]
  0x00000222d4425000 JavaThread "Unconstrained build operations Thread 27" [_thread_blocked, id=16456, stack(0x0000009b79000000,0x0000009b79100000)]
  0x00000222d441f000 JavaThread "Unconstrained build operations Thread 28" [_thread_blocked, id=12816, stack(0x0000009b79100000,0x0000009b79200000)]
  0x00000222d7262000 JavaThread "Unconstrained build operations Thread 29" [_thread_blocked, id=13024, stack(0x0000009b79200000,0x0000009b79300000)]
  0x00000222d7262800 JavaThread "Unconstrained build operations Thread 30" [_thread_blocked, id=7360, stack(0x0000009b79300000,0x0000009b79400000)]
  0x00000222d7265000 JavaThread "Unconstrained build operations Thread 31" [_thread_blocked, id=17576, stack(0x0000009b79400000,0x0000009b79500000)]
  0x00000222d7263800 JavaThread "Unconstrained build operations Thread 32" [_thread_blocked, id=15856, stack(0x0000009b79500000,0x0000009b79600000)]
  0x00000222d7261000 JavaThread "Unconstrained build operations Thread 33" [_thread_blocked, id=11160, stack(0x0000009b79600000,0x0000009b79700000)]
  0x00000222d7264000 JavaThread "Unconstrained build operations Thread 34" [_thread_blocked, id=18344, stack(0x0000009b79700000,0x0000009b79800000)]
  0x00000222d7266000 JavaThread "Unconstrained build operations Thread 35" [_thread_blocked, id=18264, stack(0x0000009b79800000,0x0000009b79900000)]
  0x00000222d7266800 JavaThread "Unconstrained build operations Thread 36" [_thread_blocked, id=17880, stack(0x0000009b79900000,0x0000009b79a00000)]
  0x00000222d7267800 JavaThread "Unconstrained build operations Thread 37" [_thread_blocked, id=17444, stack(0x0000009b79a00000,0x0000009b79b00000)]
  0x00000222d6e63800 JavaThread "Unconstrained build operations Thread 38" [_thread_blocked, id=15576, stack(0x0000009b79b00000,0x0000009b79c00000)]
  0x00000222d6e68800 JavaThread "Unconstrained build operations Thread 39" [_thread_blocked, id=16864, stack(0x0000009b79c00000,0x0000009b79d00000)]
  0x00000222d6e65000 JavaThread "Unconstrained build operations Thread 40" [_thread_blocked, id=10372, stack(0x0000009b79d00000,0x0000009b79e00000)]
  0x00000222d6e66000 JavaThread "Memory manager" [_thread_blocked, id=18144, stack(0x0000009b79e00000,0x0000009b79f00000)]

Other Threads:
  0x00000222d194b800 VMThread "VM Thread" [stack: 0x0000009b74d00000,0x0000009b74e00000] [id=4024]
  0x00000222d2471800 WatcherThread [stack: 0x0000009b75700000,0x0000009b75800000] [id=12464]
  0x00000222b7d9d000 GCTaskThread "GC Thread#0" [stack: 0x0000009b74800000,0x0000009b74900000] [id=9804]
  0x00000222d290c800 GCTaskThread "GC Thread#1" [stack: 0x0000009b75800000,0x0000009b75900000] [id=17452]
  0x00000222d328f000 GCTaskThread "GC Thread#2" [stack: 0x0000009b76300000,0x0000009b76400000] [id=14776]
  0x00000222d3290000 GCTaskThread "GC Thread#3" [stack: 0x0000009b76400000,0x0000009b76500000] [id=15540]
  0x00000222b7dcf800 ConcurrentGCThread "G1 Main Marker" [stack: 0x0000009b74900000,0x0000009b74a00000] [id=16952]
  0x00000222b7dd0800 ConcurrentGCThread "G1 Conc#0" [stack: 0x0000009b74a00000,0x0000009b74b00000] [id=17896]
  0x00000222b7e15800 ConcurrentGCThread "G1 Refine#0" [stack: 0x0000009b74b00000,0x0000009b74c00000] [id=17248]
  0x00000222b7e16800 ConcurrentGCThread "G1 Young RemSet Sampling" [stack: 0x0000009b74c00000,0x0000009b74d00000] [id=6464]

Threads with active compile tasks:
C2 CompilerThread0    42831 7497   !   4       org.codehaus.groovy.reflection.stdclasses.CachedSAMClass::hasUsableImplementation (72 bytes)

VM state:not at safepoint (normal execution)

VM Mutex/Monitor currently owned by a thread: None

Heap address: 0x0000000080000000, size: 2048 MB, Compressed Oops mode: 32-bit
Narrow klass base: 0x0000000000000000, Narrow klass shift: 3
Compressed class space size: 1073741824 Address: 0x0000000100000000

Heap:
 garbage-first heap   total 211968K, used 140537K [0x0000000080000000, 0x0000000100000000)
  region size 1024K, 18 young (18432K), 5 survivors (5120K)
 Metaspace       used 71840K, capacity 73775K, committed 73904K, reserved 1114112K
  class space    used 9093K, capacity 9860K, committed 9984K, reserved 1048576K
Heap Regions: E=young(eden), S=young(survivor), O=old, HS=humongous(starts), HC=humongous(continues), CS=collection set, F=free, A=archive, TAMS=top-at-mark-start (previous, next)
|   0|0x0000000080000000, 0x0000000080100000, 0x0000000080100000|100%|HS|  |TAMS 0x0000000080100000, 0x0000000080000000| Complete 
|   1|0x0000000080100000, 0x0000000080200000, 0x0000000080200000|100%|HC|  |TAMS 0x0000000080200000, 0x0000000080100000| Complete 
|   2|0x0000000080200000, 0x0000000080300000, 0x0000000080300000|100%|HC|  |TAMS 0x0000000080300000, 0x0000000080200000| Complete 
|   3|0x0000000080300000, 0x0000000080400000, 0x0000000080400000|100%| O|  |TAMS 0x0000000080400000, 0x0000000080300000| Untracked 
|   4|0x0000000080400000, 0x0000000080500000, 0x0000000080500000|100%| O|  |TAMS 0x0000000080500000, 0x0000000080400000| Untracked 
|   5|0x0000000080500000, 0x0000000080600000, 0x0000000080600000|100%| O|  |TAMS 0x0000000080600000, 0x0000000080500000| Untracked 
|   6|0x0000000080600000, 0x0000000080700000, 0x0000000080700000|100%| O|  |TAMS 0x0000000080700000, 0x0000000080600000| Untracked 
|   7|0x0000000080700000, 0x0000000080800000, 0x0000000080800000|100%| O|  |TAMS 0x0000000080800000, 0x0000000080700000| Untracked 
|   8|0x0000000080800000, 0x0000000080900000, 0x0000000080900000|100%| O|  |TAMS 0x0000000080900000, 0x0000000080800000| Untracked 
|   9|0x0000000080900000, 0x0000000080a00000, 0x0000000080a00000|100%| O|  |TAMS 0x0000000080a00000, 0x0000000080900000| Untracked 
|  10|0x0000000080a00000, 0x0000000080b00000, 0x0000000080b00000|100%| O|  |TAMS 0x0000000080b00000, 0x0000000080a00000| Untracked 
|  11|0x0000000080b00000, 0x0000000080c00000, 0x0000000080c00000|100%| O|  |TAMS 0x0000000080c00000, 0x0000000080b00000| Untracked 
|  12|0x0000000080c00000, 0x0000000080d00000, 0x0000000080d00000|100%| O|  |TAMS 0x0000000080d00000, 0x0000000080c00000| Untracked 
|  13|0x0000000080d00000, 0x0000000080e00000, 0x0000000080e00000|100%| O|  |TAMS 0x0000000080e00000, 0x0000000080d00000| Untracked 
|  14|0x0000000080e00000, 0x0000000080f00000, 0x0000000080f00000|100%| O|  |TAMS 0x0000000080f00000, 0x0000000080e00000| Untracked 
|  15|0x0000000080f00000, 0x0000000081000000, 0x0000000081000000|100%| O|  |TAMS 0x0000000081000000, 0x0000000080f00000| Untracked 
|  16|0x0000000081000000, 0x0000000081100000, 0x0000000081100000|100%| O|  |TAMS 0x0000000081100000, 0x0000000081000000| Untracked 
|  17|0x0000000081100000, 0x0000000081200000, 0x0000000081200000|100%| O|  |TAMS 0x0000000081200000, 0x0000000081100000| Untracked 
|  18|0x0000000081200000, 0x0000000081300000, 0x0000000081300000|100%|HS|  |TAMS 0x0000000081300000, 0x0000000081200000| Complete 
|  19|0x0000000081300000, 0x0000000081400000, 0x0000000081400000|100%|HC|  |TAMS 0x0000000081400000, 0x0000000081300000| Complete 
|  20|0x0000000081400000, 0x0000000081500000, 0x0000000081500000|100%|HS|  |TAMS 0x0000000081500000, 0x0000000081400000| Complete 
|  21|0x0000000081500000, 0x0000000081600000, 0x0000000081600000|100%|HC|  |TAMS 0x0000000081600000, 0x0000000081500000| Complete 
|  22|0x0000000081600000, 0x0000000081700000, 0x0000000081700000|100%|HC|  |TAMS 0x0000000081700000, 0x0000000081600000| Complete 
|  23|0x0000000081700000, 0x0000000081800000, 0x0000000081800000|100%| O|  |TAMS 0x0000000081800000, 0x0000000081700000| Untracked 
|  24|0x0000000081800000, 0x0000000081900000, 0x0000000081900000|100%|HS|  |TAMS 0x0000000081900000, 0x0000000081800000| Complete 
|  25|0x0000000081900000, 0x0000000081a00000, 0x0000000081a00000|100%|HC|  |TAMS 0x0000000081a00000, 0x0000000081900000| Complete 
|  26|0x0000000081a00000, 0x0000000081b00000, 0x0000000081b00000|100%|HC|  |TAMS 0x0000000081b00000, 0x0000000081a00000| Complete 
|  27|0x0000000081b00000, 0x0000000081c00000, 0x0000000081c00000|100%| O|  |TAMS 0x0000000081c00000, 0x0000000081b00000| Untracked 
|  28|0x0000000081c00000, 0x0000000081d00000, 0x0000000081d00000|100%| O|  |TAMS 0x0000000081d00000, 0x0000000081c00000| Untracked 
|  29|0x0000000081d00000, 0x0000000081e00000, 0x0000000081e00000|100%|HS|  |TAMS 0x0000000081e00000, 0x0000000081d00000| Complete 
|  30|0x0000000081e00000, 0x0000000081f00000, 0x0000000081f00000|100%|HC|  |TAMS 0x0000000081f00000, 0x0000000081e00000| Complete 
|  31|0x0000000081f00000, 0x0000000082000000, 0x0000000082000000|100%|HS|  |TAMS 0x0000000082000000, 0x0000000081f00000| Complete 
|  32|0x0000000082000000, 0x0000000082100000, 0x0000000082100000|100%|HC|  |TAMS 0x0000000082100000, 0x0000000082000000| Complete 
|  33|0x0000000082100000, 0x0000000082200000, 0x0000000082200000|100%|HC|  |TAMS 0x0000000082200000, 0x0000000082100000| Complete 
|  34|0x0000000082200000, 0x0000000082300000, 0x0000000082300000|100%|HC|  |TAMS 0x0000000082300000, 0x0000000082200000| Complete 
|  35|0x0000000082300000, 0x0000000082400000, 0x0000000082400000|100%|HC|  |TAMS 0x0000000082400000, 0x0000000082300000| Complete 
|  36|0x0000000082400000, 0x0000000082500000, 0x0000000082500000|100%|HC|  |TAMS 0x0000000082500000, 0x0000000082400000| Complete 
|  37|0x0000000082500000, 0x0000000082600000, 0x0000000082600000|100%|HC|  |TAMS 0x0000000082600000, 0x0000000082500000| Complete 
|  38|0x0000000082600000, 0x0000000082700000, 0x0000000082700000|100%|HC|  |TAMS 0x0000000082700000, 0x0000000082600000| Complete 
|  39|0x0000000082700000, 0x0000000082800000, 0x0000000082800000|100%|HC|  |TAMS 0x0000000082800000, 0x0000000082700000| Complete 
|  40|0x0000000082800000, 0x0000000082900000, 0x0000000082900000|100%|HC|  |TAMS 0x0000000082900000, 0x0000000082800000| Complete 
|  41|0x0000000082900000, 0x0000000082a00000, 0x0000000082a00000|100%|HS|  |TAMS 0x0000000082a00000, 0x0000000082900000| Complete 
|  42|0x0000000082a00000, 0x0000000082b00000, 0x0000000082b00000|100%|HC|  |TAMS 0x0000000082b00000, 0x0000000082a00000| Complete 
|  43|0x0000000082b00000, 0x0000000082c00000, 0x0000000082c00000|100%|HS|  |TAMS 0x0000000082c00000, 0x0000000082b00000| Complete 
|  44|0x0000000082c00000, 0x0000000082d00000, 0x0000000082d00000|100%|HC|  |TAMS 0x0000000082d00000, 0x0000000082c00000| Complete 
|  45|0x0000000082d00000, 0x0000000082e00000, 0x0000000082e00000|100%|HC|  |TAMS 0x0000000082e00000, 0x0000000082d00000| Complete 
|  46|0x0000000082e00000, 0x0000000082f00000, 0x0000000082f00000|100%|HC|  |TAMS 0x0000000082f00000, 0x0000000082e00000| Complete 
|  47|0x0000000082f00000, 0x0000000083000000, 0x0000000083000000|100%|HC|  |TAMS 0x0000000083000000, 0x0000000082f00000| Complete 
|  48|0x0000000083000000, 0x0000000083100000, 0x0000000083100000|100%| O|  |TAMS 0x0000000083100000, 0x0000000083000000| Untracked 
|  49|0x0000000083100000, 0x0000000083200000, 0x0000000083200000|100%| O|  |TAMS 0x0000000083200000, 0x0000000083100000| Untracked 
|  50|0x0000000083200000, 0x0000000083300000, 0x0000000083300000|100%| O|  |TAMS 0x0000000083300000, 0x0000000083200000| Untracked 
|  51|0x0000000083300000, 0x0000000083400000, 0x0000000083400000|100%| O|  |TAMS 0x0000000083400000, 0x0000000083300000| Untracked 
|  52|0x0000000083400000, 0x0000000083500000, 0x0000000083500000|100%| O|  |TAMS 0x0000000083500000, 0x0000000083400000| Untracked 
|  53|0x0000000083500000, 0x0000000083600000, 0x0000000083600000|100%| O|  |TAMS 0x0000000083600000, 0x0000000083500000| Untracked 
|  54|0x0000000083600000, 0x0000000083700000, 0x0000000083700000|100%| O|  |TAMS 0x0000000083700000, 0x0000000083600000| Untracked 
|  55|0x0000000083700000, 0x0000000083800000, 0x0000000083800000|100%| O|  |TAMS 0x0000000083800000, 0x0000000083700000| Untracked 
|  56|0x0000000083800000, 0x0000000083900000, 0x0000000083900000|100%| O|  |TAMS 0x0000000083900000, 0x0000000083800000| Untracked 
|  57|0x0000000083900000, 0x0000000083a00000, 0x0000000083a00000|100%| O|  |TAMS 0x0000000083a00000, 0x0000000083900000| Untracked 
|  58|0x0000000083a00000, 0x0000000083b00000, 0x0000000083b00000|100%| O|  |TAMS 0x0000000083b00000, 0x0000000083a00000| Untracked 
|  59|0x0000000083b00000, 0x0000000083c00000, 0x0000000083c00000|100%| O|  |TAMS 0x0000000083c00000, 0x0000000083b00000| Untracked 
|  60|0x0000000083c00000, 0x0000000083d00000, 0x0000000083d00000|100%| O|  |TAMS 0x0000000083d00000, 0x0000000083c00000| Untracked 
|  61|0x0000000083d00000, 0x0000000083e00000, 0x0000000083e00000|100%| O|  |TAMS 0x0000000083e00000, 0x0000000083d00000| Untracked 
|  62|0x0000000083e00000, 0x0000000083f00000, 0x0000000083f00000|100%| O|  |TAMS 0x0000000083f00000, 0x0000000083e00000| Untracked 
|  63|0x0000000083f00000, 0x0000000084000000, 0x0000000084000000|100%|HS|  |TAMS 0x0000000084000000, 0x0000000083f00000| Complete 
|  64|0x0000000084000000, 0x0000000084100000, 0x0000000084100000|100%|HC|  |TAMS 0x0000000084100000, 0x0000000084000000| Complete 
|  65|0x0000000084100000, 0x0000000084200000, 0x0000000084200000|100%|HC|  |TAMS 0x0000000084200000, 0x0000000084100000| Complete 
|  66|0x0000000084200000, 0x0000000084300000, 0x0000000084300000|100%|HC|  |TAMS 0x0000000084300000, 0x0000000084200000| Complete 
|  67|0x0000000084300000, 0x0000000084400000, 0x0000000084400000|100%|HC|  |TAMS 0x0000000084400000, 0x0000000084300000| Complete 
|  68|0x0000000084400000, 0x0000000084500000, 0x0000000084500000|100%|HC|  |TAMS 0x0000000084500000, 0x0000000084400000| Complete 
|  69|0x0000000084500000, 0x0000000084600000, 0x0000000084600000|100%|HC|  |TAMS 0x0000000084600000, 0x0000000084500000| Complete 
|  70|0x0000000084600000, 0x0000000084700000, 0x0000000084700000|100%|HC|  |TAMS 0x0000000084700000, 0x0000000084600000| Complete 
|  71|0x0000000084700000, 0x0000000084800000, 0x0000000084800000|100%|HC|  |TAMS 0x0000000084800000, 0x0000000084700000| Complete 
|  72|0x0000000084800000, 0x0000000084900000, 0x0000000084900000|100%|HC|  |TAMS 0x0000000084900000, 0x0000000084800000| Complete 
|  73|0x0000000084900000, 0x0000000084a00000, 0x0000000084a00000|100%|HS|  |TAMS 0x0000000084a00000, 0x0000000084900000| Complete 
|  74|0x0000000084a00000, 0x0000000084b00000, 0x0000000084b00000|100%|HC|  |TAMS 0x0000000084b00000, 0x0000000084a00000| Complete 
|  75|0x0000000084b00000, 0x0000000084c00000, 0x0000000084c00000|100%|HS|  |TAMS 0x0000000084c00000, 0x0000000084b00000| Complete 
|  76|0x0000000084c00000, 0x0000000084d00000, 0x0000000084d00000|100%|HC|  |TAMS 0x0000000084d00000, 0x0000000084c00000| Complete 
|  77|0x0000000084d00000, 0x0000000084e00000, 0x0000000084e00000|100%|HC|  |TAMS 0x0000000084e00000, 0x0000000084d00000| Complete 
|  78|0x0000000084e00000, 0x0000000084f00000, 0x0000000084f00000|100%|HS|  |TAMS 0x0000000084f00000, 0x0000000084e00000| Complete 
|  79|0x0000000084f00000, 0x0000000085000000, 0x0000000085000000|100%|HC|  |TAMS 0x0000000085000000, 0x0000000084f00000| Complete 
|  80|0x0000000085000000, 0x0000000085100000, 0x0000000085100000|100%|HS|  |TAMS 0x0000000085100000, 0x0000000085000000| Complete 
|  81|0x0000000085100000, 0x0000000085200000, 0x0000000085200000|100%|HC|  |TAMS 0x0000000085200000, 0x0000000085100000| Complete 
|  82|0x0000000085200000, 0x0000000085300000, 0x0000000085300000|100%|HC|  |TAMS 0x0000000085300000, 0x0000000085200000| Complete 
|  83|0x0000000085300000, 0x0000000085400000, 0x0000000085400000|100%| O|  |TAMS 0x0000000085400000, 0x0000000085300000| Untracked 
|  84|0x0000000085400000, 0x0000000085500000, 0x0000000085500000|100%| O|  |TAMS 0x0000000085500000, 0x0000000085400000| Untracked 
|  85|0x0000000085500000, 0x0000000085600000, 0x0000000085600000|100%| O|  |TAMS 0x0000000085600000, 0x0000000085500000| Untracked 
|  86|0x0000000085600000, 0x0000000085700000, 0x0000000085700000|100%|HS|  |TAMS 0x0000000085700000, 0x0000000085600000| Complete 
|  87|0x0000000085700000, 0x0000000085800000, 0x0000000085800000|100%|HC|  |TAMS 0x0000000085800000, 0x0000000085700000| Complete 
|  88|0x0000000085800000, 0x0000000085900000, 0x0000000085900000|100%|HC|  |TAMS 0x0000000085900000, 0x0000000085800000| Complete 
|  89|0x0000000085900000, 0x0000000085a00000, 0x0000000085a00000|100%|HC|  |TAMS 0x0000000085a00000, 0x0000000085900000| Complete 
|  90|0x0000000085a00000, 0x0000000085b00000, 0x0000000085b00000|100%|HC|  |TAMS 0x0000000085b00000, 0x0000000085a00000| Complete 
|  91|0x0000000085b00000, 0x0000000085c00000, 0x0000000085c00000|100%| O|  |TAMS 0x0000000085c00000, 0x0000000085b00000| Untracked 
|  92|0x0000000085c00000, 0x0000000085d00000, 0x0000000085d00000|100%| O|  |TAMS 0x0000000085d00000, 0x0000000085c00000| Untracked 
|  93|0x0000000085d00000, 0x0000000085e00000, 0x0000000085e00000|100%| O|  |TAMS 0x0000000085e00000, 0x0000000085d00000| Untracked 
|  94|0x0000000085e00000, 0x0000000085f00000, 0x0000000085f00000|100%| O|  |TAMS 0x0000000085f00000, 0x0000000085e00000| Untracked 
|  95|0x0000000085f00000, 0x0000000086000000, 0x0000000086000000|100%|HS|  |TAMS 0x0000000086000000, 0x0000000085f00000| Complete 
|  96|0x0000000086000000, 0x0000000086100000, 0x0000000086100000|100%|HS|  |TAMS 0x0000000086100000, 0x0000000086000000| Complete 
|  97|0x0000000086100000, 0x0000000086200000, 0x0000000086200000|100%|HS|  |TAMS 0x0000000086200000, 0x0000000086100000| Complete 
|  98|0x0000000086200000, 0x0000000086300000, 0x0000000086300000|100%| O|  |TAMS 0x0000000086300000, 0x0000000086200000| Untracked 
|  99|0x0000000086300000, 0x0000000086400000, 0x0000000086400000|100%| O|  |TAMS 0x0000000086400000, 0x0000000086300000| Untracked 
| 100|0x0000000086400000, 0x0000000086500000, 0x0000000086500000|100%| O|  |TAMS 0x0000000086500000, 0x0000000086400000| Untracked 
| 101|0x0000000086500000, 0x0000000086600000, 0x0000000086600000|100%|HS|  |TAMS 0x0000000086600000, 0x0000000086500000| Complete 
| 102|0x0000000086600000, 0x0000000086700000, 0x0000000086700000|100%|HC|  |TAMS 0x0000000086700000, 0x0000000086600000| Complete 
| 103|0x0000000086700000, 0x0000000086800000, 0x0000000086800000|100%|HC|  |TAMS 0x0000000086800000, 0x0000000086700000| Complete 
| 104|0x0000000086800000, 0x0000000086900000, 0x0000000086900000|100%| O|  |TAMS 0x0000000086900000, 0x0000000086800000| Untracked 
| 105|0x0000000086900000, 0x0000000086a00000, 0x0000000086a00000|100%| O|  |TAMS 0x0000000086a00000, 0x0000000086900000| Untracked 
| 106|0x0000000086a00000, 0x0000000086b00000, 0x0000000086b00000|100%| O|  |TAMS 0x0000000086b00000, 0x0000000086a00000| Untracked 
| 107|0x0000000086b00000, 0x0000000086c00000, 0x0000000086c00000|100%| O|  |TAMS 0x0000000086c00000, 0x0000000086b00000| Untracked 
| 108|0x0000000086c00000, 0x0000000086d00000, 0x0000000086d00000|100%| O|  |TAMS 0x0000000086d00000, 0x0000000086c00000| Untracked 
| 109|0x0000000086d00000, 0x0000000086e00000, 0x0000000086e00000|100%| O|  |TAMS 0x0000000086e00000, 0x0000000086d00000| Untracked 
| 110|0x0000000086e00000, 0x0000000086f00000, 0x0000000086f00000|100%| O|  |TAMS 0x0000000086f00000, 0x0000000086e00000| Untracked 
| 111|0x0000000086f00000, 0x0000000087000000, 0x0000000087000000|100%| O|  |TAMS 0x0000000087000000, 0x0000000086f00000| Untracked 
| 112|0x0000000087000000, 0x0000000087100000, 0x0000000087100000|100%| O|  |TAMS 0x0000000087100000, 0x0000000087000000| Untracked 
| 113|0x0000000087100000, 0x0000000087200000, 0x0000000087200000|100%| O|  |TAMS 0x0000000087200000, 0x0000000087100000| Untracked 
| 114|0x0000000087200000, 0x0000000087300000, 0x0000000087300000|100%| O|  |TAMS 0x0000000087300000, 0x0000000087200000| Untracked 
| 115|0x0000000087300000, 0x0000000087400000, 0x0000000087400000|100%| O|  |TAMS 0x0000000087400000, 0x0000000087300000| Untracked 
| 116|0x0000000087400000, 0x0000000087500000, 0x0000000087500000|100%| O|  |TAMS 0x0000000087500000, 0x0000000087400000| Untracked 
| 117|0x0000000087500000, 0x0000000087600000, 0x0000000087600000|100%| O|  |TAMS 0x00000000875a3600, 0x0000000087500000| Untracked 
| 118|0x0000000087600000, 0x0000000087700000, 0x0000000087700000|100%| O|  |TAMS 0x0000000087600000, 0x0000000087600000| Untracked 
| 119|0x0000000087700000, 0x0000000087718a00, 0x0000000087800000|  9%| O|  |TAMS 0x0000000087700000, 0x0000000087700000| Untracked 
| 120|0x0000000087800000, 0x0000000087900000, 0x0000000087900000|100%| O|  |TAMS 0x0000000087900000, 0x0000000087800000| Untracked 
| 121|0x0000000087900000, 0x0000000087a00000, 0x0000000087a00000|100%| O|  |TAMS 0x0000000087a00000, 0x0000000087900000| Untracked 
| 122|0x0000000087a00000, 0x0000000087a00000, 0x0000000087b00000|  0%| F|  |TAMS 0x0000000087a00000, 0x0000000087a00000| Untracked 
| 123|0x0000000087b00000, 0x0000000087b00000, 0x0000000087c00000|  0%| F|  |TAMS 0x0000000087b00000, 0x0000000087b00000| Untracked 
| 124|0x0000000087c00000, 0x0000000087c00000, 0x0000000087d00000|  0%| F|  |TAMS 0x0000000087c00000, 0x0000000087c00000| Untracked 
| 125|0x0000000087d00000, 0x0000000087d00000, 0x0000000087e00000|  0%| F|  |TAMS 0x0000000087d00000, 0x0000000087d00000| Untracked 
| 126|0x0000000087e00000, 0x0000000087e00000, 0x0000000087f00000|  0%| F|  |TAMS 0x0000000087e00000, 0x0000000087e00000| Untracked 
| 127|0x0000000087f00000, 0x0000000087f00000, 0x0000000088000000|  0%| F|  |TAMS 0x0000000087f00000, 0x0000000087f00000| Untracked 
| 128|0x0000000088000000, 0x0000000088000000, 0x0000000088100000|  0%| F|  |TAMS 0x0000000088000000, 0x0000000088000000| Untracked 
| 129|0x0000000088100000, 0x0000000088100000, 0x0000000088200000|  0%| F|  |TAMS 0x0000000088100000, 0x0000000088100000| Untracked 
| 130|0x0000000088200000, 0x0000000088200000, 0x0000000088300000|  0%| F|  |TAMS 0x0000000088200000, 0x0000000088200000| Untracked 
| 131|0x0000000088300000, 0x0000000088300000, 0x0000000088400000|  0%| F|  |TAMS 0x0000000088300000, 0x0000000088300000| Untracked 
| 132|0x0000000088400000, 0x0000000088400000, 0x0000000088500000|  0%| F|  |TAMS 0x0000000088400000, 0x0000000088400000| Untracked 
| 133|0x0000000088500000, 0x0000000088500000, 0x0000000088600000|  0%| F|  |TAMS 0x0000000088500000, 0x0000000088500000| Untracked 
| 134|0x0000000088600000, 0x0000000088600000, 0x0000000088700000|  0%| F|  |TAMS 0x0000000088600000, 0x0000000088600000| Untracked 
| 135|0x0000000088700000, 0x0000000088700000, 0x0000000088800000|  0%| F|  |TAMS 0x0000000088700000, 0x0000000088700000| Untracked 
| 136|0x0000000088800000, 0x0000000088800000, 0x0000000088900000|  0%| F|  |TAMS 0x0000000088800000, 0x0000000088800000| Untracked 
| 137|0x0000000088900000, 0x0000000088900000, 0x0000000088a00000|  0%| F|  |TAMS 0x0000000088900000, 0x0000000088900000| Untracked 
| 138|0x0000000088a00000, 0x0000000088a00000, 0x0000000088b00000|  0%| F|  |TAMS 0x0000000088a00000, 0x0000000088a00000| Untracked 
| 139|0x0000000088b00000, 0x0000000088b00000, 0x0000000088c00000|  0%| F|  |TAMS 0x0000000088b00000, 0x0000000088b00000| Untracked 
| 140|0x0000000088c00000, 0x0000000088c00000, 0x0000000088d00000|  0%| F|  |TAMS 0x0000000088c00000, 0x0000000088c00000| Untracked 
| 141|0x0000000088d00000, 0x0000000088d00000, 0x0000000088e00000|  0%| F|  |TAMS 0x0000000088d00000, 0x0000000088d00000| Untracked 
| 142|0x0000000088e00000, 0x0000000088e00000, 0x0000000088f00000|  0%| F|  |TAMS 0x0000000088e00000, 0x0000000088e00000| Untracked 
| 143|0x0000000088f00000, 0x0000000088f00000, 0x0000000089000000|  0%| F|  |TAMS 0x0000000088f00000, 0x0000000088f00000| Untracked 
| 144|0x0000000089000000, 0x0000000089000000, 0x0000000089100000|  0%| F|  |TAMS 0x0000000089000000, 0x0000000089000000| Untracked 
| 145|0x0000000089100000, 0x0000000089100000, 0x0000000089200000|  0%| F|  |TAMS 0x0000000089100000, 0x0000000089100000| Untracked 
| 146|0x0000000089200000, 0x0000000089200000, 0x0000000089300000|  0%| F|  |TAMS 0x0000000089200000, 0x0000000089200000| Untracked 
| 147|0x0000000089300000, 0x0000000089300000, 0x0000000089400000|  0%| F|  |TAMS 0x0000000089300000, 0x0000000089300000| Untracked 
| 148|0x0000000089400000, 0x0000000089400000, 0x0000000089500000|  0%| F|  |TAMS 0x0000000089400000, 0x0000000089400000| Untracked 
| 149|0x0000000089500000, 0x0000000089500000, 0x0000000089600000|  0%| F|  |TAMS 0x0000000089500000, 0x0000000089500000| Untracked 
| 150|0x0000000089600000, 0x0000000089600000, 0x0000000089700000|  0%| F|  |TAMS 0x0000000089600000, 0x0000000089600000| Untracked 
| 151|0x0000000089700000, 0x0000000089700000, 0x0000000089800000|  0%| F|  |TAMS 0x0000000089700000, 0x0000000089700000| Untracked 
| 152|0x0000000089800000, 0x0000000089800000, 0x0000000089900000|  0%| F|  |TAMS 0x0000000089800000, 0x0000000089800000| Untracked 
| 153|0x0000000089900000, 0x0000000089900000, 0x0000000089a00000|  0%| F|  |TAMS 0x0000000089900000, 0x0000000089900000| Untracked 
| 154|0x0000000089a00000, 0x0000000089a00000, 0x0000000089b00000|  0%| F|  |TAMS 0x0000000089a00000, 0x0000000089a00000| Untracked 
| 155|0x0000000089b00000, 0x0000000089b00000, 0x0000000089c00000|  0%| F|  |TAMS 0x0000000089b00000, 0x0000000089b00000| Untracked 
| 156|0x0000000089c00000, 0x0000000089c00000, 0x0000000089d00000|  0%| F|  |TAMS 0x0000000089c00000, 0x0000000089c00000| Untracked 
| 157|0x0000000089d00000, 0x0000000089d00000, 0x0000000089e00000|  0%| F|  |TAMS 0x0000000089d00000, 0x0000000089d00000| Untracked 
| 158|0x0000000089e00000, 0x0000000089e00000, 0x0000000089f00000|  0%| F|  |TAMS 0x0000000089e00000, 0x0000000089e00000| Untracked 
| 159|0x0000000089f00000, 0x0000000089f00000, 0x000000008a000000|  0%| F|  |TAMS 0x0000000089f00000, 0x0000000089f00000| Untracked 
| 160|0x000000008a000000, 0x000000008a000000, 0x000000008a100000|  0%| F|  |TAMS 0x000000008a000000, 0x000000008a000000| Untracked 
| 161|0x000000008a100000, 0x000000008a100000, 0x000000008a200000|  0%| F|  |TAMS 0x000000008a100000, 0x000000008a100000| Untracked 
| 162|0x000000008a200000, 0x000000008a200000, 0x000000008a300000|  0%| F|  |TAMS 0x000000008a200000, 0x000000008a200000| Untracked 
| 163|0x000000008a300000, 0x000000008a300000, 0x000000008a400000|  0%| F|  |TAMS 0x000000008a300000, 0x000000008a300000| Untracked 
| 164|0x000000008a400000, 0x000000008a400000, 0x000000008a500000|  0%| F|  |TAMS 0x000000008a400000, 0x000000008a400000| Untracked 
| 165|0x000000008a500000, 0x000000008a500000, 0x000000008a600000|  0%| F|  |TAMS 0x000000008a500000, 0x000000008a500000| Untracked 
| 166|0x000000008a600000, 0x000000008a600000, 0x000000008a700000|  0%| F|  |TAMS 0x000000008a600000, 0x000000008a600000| Untracked 
| 167|0x000000008a700000, 0x000000008a725b40, 0x000000008a800000| 14%| S|CS|TAMS 0x000000008a700000, 0x000000008a700000| Complete 
| 168|0x000000008a800000, 0x000000008a900000, 0x000000008a900000|100%| S|CS|TAMS 0x000000008a800000, 0x000000008a800000| Complete 
| 169|0x000000008a900000, 0x000000008aa00000, 0x000000008aa00000|100%| S|CS|TAMS 0x000000008a900000, 0x000000008a900000| Complete 
| 170|0x000000008aa00000, 0x000000008ab00000, 0x000000008ab00000|100%| S|CS|TAMS 0x000000008aa00000, 0x000000008aa00000| Complete 
| 171|0x000000008ab00000, 0x000000008ac00000, 0x000000008ac00000|100%| S|CS|TAMS 0x000000008ab00000, 0x000000008ab00000| Complete 
| 172|0x000000008ac00000, 0x000000008ac00000, 0x000000008ad00000|  0%| F|  |TAMS 0x000000008ac00000, 0x000000008ac00000| Untracked 
| 173|0x000000008ad00000, 0x000000008ad00000, 0x000000008ae00000|  0%| F|  |TAMS 0x000000008ad00000, 0x000000008ad00000| Untracked 
| 174|0x000000008ae00000, 0x000000008ae00000, 0x000000008af00000|  0%| F|  |TAMS 0x000000008ae00000, 0x000000008ae00000| Untracked 
| 175|0x000000008af00000, 0x000000008af00000, 0x000000008b000000|  0%| F|  |TAMS 0x000000008af00000, 0x000000008af00000| Untracked 
| 176|0x000000008b000000, 0x000000008b000000, 0x000000008b100000|  0%| F|  |TAMS 0x000000008b000000, 0x000000008b000000| Untracked 
| 177|0x000000008b100000, 0x000000008b100000, 0x000000008b200000|  0%| F|  |TAMS 0x000000008b100000, 0x000000008b100000| Untracked 
| 178|0x000000008b200000, 0x000000008b200000, 0x000000008b300000|  0%| F|  |TAMS 0x000000008b200000, 0x000000008b200000| Untracked 
| 179|0x000000008b300000, 0x000000008b300000, 0x000000008b400000|  0%| F|  |TAMS 0x000000008b300000, 0x000000008b300000| Untracked 
| 180|0x000000008b400000, 0x000000008b400000, 0x000000008b500000|  0%| F|  |TAMS 0x000000008b400000, 0x000000008b400000| Untracked 
| 181|0x000000008b500000, 0x000000008b500000, 0x000000008b600000|  0%| F|  |TAMS 0x000000008b500000, 0x000000008b500000| Untracked 
| 182|0x000000008b600000, 0x000000008b600000, 0x000000008b700000|  0%| F|  |TAMS 0x000000008b600000, 0x000000008b600000| Untracked 
| 183|0x000000008b700000, 0x000000008b700000, 0x000000008b800000|  0%| F|  |TAMS 0x000000008b700000, 0x000000008b700000| Untracked 
| 184|0x000000008b800000, 0x000000008b800000, 0x000000008b900000|  0%| F|  |TAMS 0x000000008b800000, 0x000000008b800000| Untracked 
| 185|0x000000008b900000, 0x000000008b900000, 0x000000008ba00000|  0%| F|  |TAMS 0x000000008b900000, 0x000000008b900000| Untracked 
| 186|0x000000008ba00000, 0x000000008ba00000, 0x000000008bb00000|  0%| F|  |TAMS 0x000000008ba00000, 0x000000008ba00000| Untracked 
| 187|0x000000008bb00000, 0x000000008bb00000, 0x000000008bc00000|  0%| F|  |TAMS 0x000000008bb00000, 0x000000008bb00000| Untracked 
| 188|0x000000008bc00000, 0x000000008bc00000, 0x000000008bd00000|  0%| F|  |TAMS 0x000000008bc00000, 0x000000008bc00000| Untracked 
| 189|0x000000008bd00000, 0x000000008bd00000, 0x000000008be00000|  0%| F|  |TAMS 0x000000008bd00000, 0x000000008bd00000| Untracked 
| 190|0x000000008be00000, 0x000000008be00000, 0x000000008bf00000|  0%| F|  |TAMS 0x000000008be00000, 0x000000008be00000| Untracked 
| 191|0x000000008bf00000, 0x000000008bf00000, 0x000000008c000000|  0%| F|  |TAMS 0x000000008bf00000, 0x000000008bf00000| Untracked 
| 192|0x000000008c000000, 0x000000008c000000, 0x000000008c100000|  0%| F|  |TAMS 0x000000008c000000, 0x000000008c000000| Untracked 
| 193|0x000000008c100000, 0x000000008c180800, 0x000000008c200000| 50%| E|  |TAMS 0x000000008c100000, 0x000000008c100000| Complete 
| 194|0x000000008c200000, 0x000000008c300000, 0x000000008c300000|100%| E|CS|TAMS 0x000000008c200000, 0x000000008c200000| Complete 
| 195|0x000000008c300000, 0x000000008c400000, 0x000000008c400000|100%| E|CS|TAMS 0x000000008c300000, 0x000000008c300000| Complete 
| 196|0x000000008c400000, 0x000000008c500000, 0x000000008c500000|100%| E|CS|TAMS 0x000000008c400000, 0x000000008c400000| Complete 
| 197|0x000000008c500000, 0x000000008c600000, 0x000000008c600000|100%| E|CS|TAMS 0x000000008c500000, 0x000000008c500000| Complete 
| 198|0x000000008c600000, 0x000000008c700000, 0x000000008c700000|100%| E|CS|TAMS 0x000000008c600000, 0x000000008c600000| Complete 
| 199|0x000000008c700000, 0x000000008c800000, 0x000000008c800000|100%| E|CS|TAMS 0x000000008c700000, 0x000000008c700000| Complete 
| 200|0x000000008c800000, 0x000000008c900000, 0x000000008c900000|100%| E|CS|TAMS 0x000000008c800000, 0x000000008c800000| Complete 
| 201|0x000000008c900000, 0x000000008ca00000, 0x000000008ca00000|100%| E|CS|TAMS 0x000000008c900000, 0x000000008c900000| Complete 
| 202|0x000000008ca00000, 0x000000008cb00000, 0x000000008cb00000|100%| E|CS|TAMS 0x000000008ca00000, 0x000000008ca00000| Complete 
| 203|0x000000008cb00000, 0x000000008cc00000, 0x000000008cc00000|100%| E|CS|TAMS 0x000000008cb00000, 0x000000008cb00000| Complete 
| 204|0x000000008cc00000, 0x000000008cd00000, 0x000000008cd00000|100%| E|CS|TAMS 0x000000008cc00000, 0x000000008cc00000| Complete 
| 205|0x000000008cd00000, 0x000000008ce00000, 0x000000008ce00000|100%| E|CS|TAMS 0x000000008cd00000, 0x000000008cd00000| Complete 
| 206|0x000000008ce00000, 0x000000008cf00000, 0x000000008cf00000|100%| E|CS|TAMS 0x000000008ce00000, 0x000000008ce00000| Complete 

Card table byte_map: [0x00000222cacb0000,0x00000222cb0b0000] _byte_map_base: 0x00000222ca8b0000

Marking Bits (Prev, Next): (CMBitMap*) 0x00000222b7dc6830, (CMBitMap*) 0x00000222b7dc67f8
 Prev Bits: [0x00000222cd4b0000, 0x00000222cf4b0000)
 Next Bits: [0x00000222cb4b0000, 0x00000222cd4b0000)

Polling page: 0x00000222b5c40000

Metaspace:

Usage:
  Non-class:     62.48 MB capacity,    61.32 MB ( 98%) used,   982.76 KB (  2%) free+waste,   199.56 KB ( <1%) overhead. 
      Class:      9.63 MB capacity,     8.89 MB ( 92%) used,   666.24 KB (  7%) free+waste,    94.56 KB ( <1%) overhead. 
       Both:     72.11 MB capacity,    70.21 MB ( 97%) used,     1.61 MB (  2%) free+waste,   294.12 KB ( <1%) overhead. 

Virtual space:
  Non-class space:       64.00 MB reserved,      62.67 MB ( 98%) committed 
      Class space:        1.00 GB reserved,       9.75 MB ( <1%) committed 
             Both:        1.06 GB reserved,      72.42 MB (  7%) committed 

Chunk freelists:
   Non-Class:  5.00 KB
       Class:  28.00 KB
        Both:  33.00 KB

MaxMetaspaceSize: 17179869184.00 GB
CompressedClassSpaceSize: 1.00 GB
Initial GC threshold: 20.80 MB
Current GC threshold: 119.66 MB
CDS: off

CodeHeap 'non-profiled nmethods': size=120064Kb used=3617Kb max_used=3617Kb free=116446Kb
 bounds [0x00000222c3370000, 0x00000222c3700000, 0x00000222ca8b0000]
CodeHeap 'profiled nmethods': size=120000Kb used=15930Kb max_used=15930Kb free=104069Kb
 bounds [0x00000222bbe40000, 0x00000222bcdd0000, 0x00000222c3370000]
CodeHeap 'non-nmethods': size=5696Kb used=2358Kb max_used=2395Kb free=3337Kb
 bounds [0x00000222bb8b0000, 0x00000222bbb20000, 0x00000222bbe40000]
 total_blobs=8339 nmethods=7459 adapters=792
 compilation: enabled
              stopped_count=0, restarted_count=0
 full_count=0

Compilation events (20 events):
Event: 42.636 Thread 0x00000222d19bf000 7566       2       org.gradle.internal.operations.DefaultBuildOperationAncestryTracker::finished (15 bytes)
Event: 42.637 Thread 0x00000222d19bf000 nmethod 7566 0x00000222bcdc8610 code [0x00000222bcdc87c0, 0x00000222bcdc88e8]
Event: 42.637 Thread 0x00000222d19bf000 7567       2       org.gradle.internal.operations.DefaultBuildOperationRunner$BuildOperationTrackingListener::close (42 bytes)
Event: 42.638 Thread 0x00000222d19bf000 nmethod 7567 0x00000222bcdc8a10 code [0x00000222bcdc8c20, 0x00000222bcdc9068]
Event: 42.639 Thread 0x00000222d19bf000 7568       2       org.gradle.internal.operations.DefaultBuildOperationExecutor$ListenerAdapter::close (1 bytes)
Event: 42.639 Thread 0x00000222d19bf000 nmethod 7568 0x00000222bcdc9410 code [0x00000222bcdc95c0, 0x00000222bcdc96b8]
Event: 42.639 Thread 0x00000222d19bf000 7569       2       org.gradle.internal.logging.progress.DefaultProgressLoggerFactory$ProgressLoggerImpl::completed (61 bytes)
Event: 42.640 Thread 0x00000222d19bf000 nmethod 7569 0x00000222bcdc9790 code [0x00000222bcdc99a0, 0x00000222bcdc9dd8]
Event: 42.640 Thread 0x00000222d19bf000 7570       2       kotlin.text.StringsKt__AppendableKt::appendElement (102 bytes)
Event: 42.642 Thread 0x00000222d19bf000 nmethod 7570 0x00000222bcdca010 code [0x00000222bcdca280, 0x00000222bcdca858]
Event: 42.642 Thread 0x00000222d19bf000 7571       2       org.gradle.api.internal.project.DefaultProject::getConvention (8 bytes)
Event: 42.643 Thread 0x00000222d19bf000 nmethod 7571 0x00000222bcdcab10 code [0x00000222bcdcacc0, 0x00000222bcdcadb8]
Event: 42.643 Thread 0x00000222d19bf000 7573       2       kotlin.collections.CollectionsKt___CollectionsKt::last (75 bytes)
Event: 42.644 Thread 0x00000222d19bf000 nmethod 7573 0x00000222bcdcae90 code [0x00000222bcdcb100, 0x00000222bcdcb668]
Event: 42.644 Thread 0x00000222d19bf000 7572       2       org.gradle.api.internal.project.DefaultProject::getExtensions (8 bytes)
Event: 42.645 Thread 0x00000222d19bf000 nmethod 7572 0x00000222bcdcb990 code [0x00000222bcdcbb40, 0x00000222bcdcbc98]
Event: 42.645 Thread 0x00000222d19bf000 7574       2       java.util.concurrent.atomic.AtomicInteger::<init> (10 bytes)
Event: 42.645 Thread 0x00000222d19bf000 nmethod 7574 0x00000222bcdcbd90 code [0x00000222bcdcbf40, 0x00000222bcdcc038]
Event: 42.645 Thread 0x00000222d19bf000 7575       2       org.gradle.api.internal.project.DefaultProject::getProjectPath (10 bytes)
Event: 42.645 Thread 0x00000222d19bf000 nmethod 7575 0x00000222bcdcc110 code [0x00000222bcdcc2c0, 0x00000222bcdcc3f8]

GC Heap History (20 events):
Event: 31.710 GC heap before
{Heap before GC invocations=56 (full 0):
 garbage-first heap   total 176128K, used 108284K [0x0000000080000000, 0x0000000100000000)
  region size 1024K, 10 young (10240K), 5 survivors (5120K)
 Metaspace       used 52738K, capacity 54278K, committed 54448K, reserved 1095680K
  class space    used 6737K, capacity 7328K, committed 7424K, reserved 1048576K
}
Event: 31.726 GC heap after
{Heap after GC invocations=57 (full 0):
 garbage-first heap   total 176128K, used 108159K [0x0000000080000000, 0x0000000100000000)
  region size 1024K, 6 young (6144K), 6 survivors (6144K)
 Metaspace       used 52738K, capacity 54278K, committed 54448K, reserved 1095680K
  class space    used 6737K, capacity 7328K, committed 7424K, reserved 1048576K
}
Event: 32.860 GC heap before
{Heap before GC invocations=58 (full 0):
 garbage-first heap   total 176128K, used 138879K [0x0000000080000000, 0x0000000100000000)
  region size 1024K, 33 young (33792K), 6 survivors (6144K)
 Metaspace       used 54930K, capacity 56559K, committed 56752K, reserved 1097728K
  class space    used 7039K, capacity 7662K, committed 7680K, reserved 1048576K
}
Event: 32.875 GC heap after
{Heap after GC invocations=59 (full 0):
 garbage-first heap   total 211968K, used 115445K [0x0000000080000000, 0x0000000100000000)
  region size 1024K, 5 young (5120K), 5 survivors (5120K)
 Metaspace       used 54930K, capacity 56559K, committed 56752K, reserved 1097728K
  class space    used 7039K, capacity 7662K, committed 7680K, reserved 1048576K
}
Event: 35.183 GC heap before
{Heap before GC invocations=59 (full 0):
 garbage-first heap   total 211968K, used 157429K [0x0000000080000000, 0x0000000100000000)
  region size 1024K, 46 young (47104K), 5 survivors (5120K)
 Metaspace       used 60644K, capacity 62479K, committed 62640K, reserved 1103872K
  class space    used 7685K, capacity 8417K, committed 8448K, reserved 1048576K
}
Event: 35.198 GC heap after
{Heap after GC invocations=60 (full 0):
 garbage-first heap   total 211968K, used 117141K [0x0000000080000000, 0x0000000100000000)
  region size 1024K, 2 young (2048K), 2 survivors (2048K)
 Metaspace       used 60644K, capacity 62479K, committed 62640K, reserved 1103872K
  class space    used 7685K, capacity 8417K, committed 8448K, reserved 1048576K
}
Event: 37.055 GC heap before
{Heap before GC invocations=61 (full 0):
 garbage-first heap   total 211968K, used 136597K [0x0000000080000000, 0x0000000100000000)
  region size 1024K, 22 young (22528K), 2 survivors (2048K)
 Metaspace       used 64218K, capacity 66032K, committed 66224K, reserved 1105920K
  class space    used 8133K, capacity 8837K, committed 8960K, reserved 1048576K
}
Event: 37.069 GC heap after
{Heap after GC invocations=62 (full 0):
 garbage-first heap   total 211968K, used 119344K [0x0000000080000000, 0x0000000100000000)
  region size 1024K, 4 young (4096K), 4 survivors (4096K)
 Metaspace       used 64218K, capacity 66032K, committed 66224K, reserved 1105920K
  class space    used 8133K, capacity 8837K, committed 8960K, reserved 1048576K
}
Event: 38.953 GC heap before
{Heap before GC invocations=63 (full 0):
 garbage-first heap   total 211968K, used 169520K [0x0000000080000000, 0x0000000100000000)
  region size 1024K, 46 young (47104K), 4 survivors (4096K)
 Metaspace       used 66768K, capacity 68667K, committed 68784K, reserved 1110016K
  class space    used 8451K, capacity 9170K, committed 9216K, reserved 1048576K
}
Event: 38.973 GC heap after
{Heap after GC invocations=64 (full 0):
 garbage-first heap   total 211968K, used 122695K [0x0000000080000000, 0x0000000100000000)
  region size 1024K, 6 young (6144K), 6 survivors (6144K)
 Metaspace       used 66768K, capacity 68667K, committed 68784K, reserved 1110016K
  class space    used 8451K, capacity 9170K, committed 9216K, reserved 1048576K
}
Event: 39.115 GC heap before
{Heap before GC invocations=64 (full 0):
 garbage-first heap   total 211968K, used 126791K [0x0000000080000000, 0x0000000100000000)
  region size 1024K, 10 young (10240K), 6 survivors (6144K)
 Metaspace       used 66973K, capacity 68842K, committed 69040K, reserved 1110016K
  class space    used 8479K, capacity 9207K, committed 9216K, reserved 1048576K
}
Event: 39.129 GC heap after
{Heap after GC invocations=65 (full 0):
 garbage-first heap   total 211968K, used 123494K [0x0000000080000000, 0x0000000100000000)
  region size 1024K, 1 young (1024K), 1 survivors (1024K)
 Metaspace       used 66973K, capacity 68842K, committed 69040K, reserved 1110016K
  class space    used 8479K, capacity 9207K, committed 9216K, reserved 1048576K
}
Event: 39.650 GC heap before
{Heap before GC invocations=66 (full 0):
 garbage-first heap   total 211968K, used 134758K [0x0000000080000000, 0x0000000100000000)
  region size 1024K, 13 young (13312K), 1 survivors (1024K)
 Metaspace       used 67966K, capacity 69812K, committed 69936K, reserved 1110016K
  class space    used 8623K, capacity 9337K, committed 9344K, reserved 1048576K
}
Event: 39.658 GC heap after
{Heap after GC invocations=67 (full 0):
 garbage-first heap   total 211968K, used 123832K [0x0000000080000000, 0x0000000100000000)
  region size 1024K, 2 young (2048K), 2 survivors (2048K)
 Metaspace       used 67966K, capacity 69812K, committed 69936K, reserved 1110016K
  class space    used 8623K, capacity 9337K, committed 9344K, reserved 1048576K
}
Event: 40.616 GC heap before
{Heap before GC invocations=68 (full 0):
 garbage-first heap   total 211968K, used 144312K [0x0000000080000000, 0x0000000100000000)
  region size 1024K, 21 young (21504K), 2 survivors (2048K)
 Metaspace       used 69768K, capacity 71636K, committed 71856K, reserved 1112064K
  class space    used 8864K, capacity 9621K, committed 9728K, reserved 1048576K
}
Event: 40.623 GC heap after
{Heap after GC invocations=69 (full 0):
 garbage-first heap   total 211968K, used 124121K [0x0000000080000000, 0x0000000100000000)
  region size 1024K, 2 young (2048K), 2 survivors (2048K)
 Metaspace       used 69768K, capacity 71636K, committed 71856K, reserved 1112064K
  class space    used 8864K, capacity 9621K, committed 9728K, reserved 1048576K
}
Event: 41.869 GC heap before
{Heap before GC invocations=69 (full 0):
 garbage-first heap   total 211968K, used 151769K [0x0000000080000000, 0x0000000100000000)
  region size 1024K, 29 young (29696K), 2 survivors (2048K)
 Metaspace       used 71435K, capacity 73312K, committed 73520K, reserved 1114112K
  class space    used 9060K, capacity 9792K, committed 9856K, reserved 1048576K
}
Event: 41.884 GC heap after
{Heap after GC invocations=70 (full 0):
 garbage-first heap   total 211968K, used 126193K [0x0000000080000000, 0x0000000100000000)
  region size 1024K, 4 young (4096K), 4 survivors (4096K)
 Metaspace       used 71435K, capacity 73312K, committed 73520K, reserved 1114112K
  class space    used 9060K, capacity 9792K, committed 9856K, reserved 1048576K
}
Event: 42.505 GC heap before
{Heap before GC invocations=71 (full 0):
 garbage-first heap   total 211968K, used 157937K [0x0000000080000000, 0x0000000100000000)
  region size 1024K, 35 young (35840K), 4 survivors (4096K)
 Metaspace       used 71671K, capacity 73667K, committed 73776K, reserved 1114112K
  class space    used 9076K, capacity 9826K, committed 9856K, reserved 1048576K
}
Event: 42.524 GC heap after
{Heap after GC invocations=72 (full 0):
 garbage-first heap   total 211968K, used 128249K [0x0000000080000000, 0x0000000100000000)
  region size 1024K, 5 young (5120K), 5 survivors (5120K)
 Metaspace       used 71671K, capacity 73667K, committed 73776K, reserved 1114112K
  class space    used 9076K, capacity 9826K, committed 9856K, reserved 1048576K
}

Deoptimization events (20 events):
Event: 40.343 Thread 0x00000222d2ed1800 DEOPT PACKING pc=0x00000222bc3dd391 sp=0x0000009b75ff7100
Event: 40.343 Thread 0x00000222d2ed1800 DEOPT UNPACKING pc=0x00000222bb8fa95e sp=0x0000009b75ff65d8 mode 0
Event: 40.343 Thread 0x00000222d2ed1800 DEOPT PACKING pc=0x00000222bc507c96 sp=0x0000009b75ff70d0
Event: 40.343 Thread 0x00000222d2ed1800 DEOPT UNPACKING pc=0x00000222bb8fa95e sp=0x0000009b75ff65e8 mode 0
Event: 40.352 Thread 0x00000222d2ed1800 DEOPT PACKING pc=0x00000222bc3dd391 sp=0x0000009b75ff7100
Event: 40.352 Thread 0x00000222d2ed1800 DEOPT UNPACKING pc=0x00000222bb8fa95e sp=0x0000009b75ff65d8 mode 0
Event: 40.355 Thread 0x00000222d2ed1800 Uncommon trap: trap_request=0xffffff4d fr.pc=0x00000222c341ef10 relative=0x0000000000000550
Event: 40.355 Thread 0x00000222d2ed1800 Uncommon trap: reason=unstable_if action=reinterpret pc=0x00000222c341ef10 method=java.lang.String.replace(CC)Ljava/lang/String; @ 2 c2
Event: 40.355 Thread 0x00000222d2ed1800 DEOPT PACKING pc=0x00000222c341ef10 sp=0x0000009b75ff71f0
Event: 40.355 Thread 0x00000222d2ed1800 DEOPT UNPACKING pc=0x00000222bb8fa1af sp=0x0000009b75ff71b0 mode 2
Event: 40.652 Thread 0x00000222d2ed1800 Uncommon trap: trap_request=0xffffff4d fr.pc=0x00000222c34557fc relative=0x00000000000008bc
Event: 40.652 Thread 0x00000222d2ed1800 Uncommon trap: reason=unstable_if action=reinterpret pc=0x00000222c34557fc method=java.lang.Integer.stringSize(I)I @ 19 c2
Event: 40.652 Thread 0x00000222d2ed1800 DEOPT PACKING pc=0x00000222c34557fc sp=0x0000009b75ff8800
Event: 40.652 Thread 0x00000222d2ed1800 DEOPT UNPACKING pc=0x00000222bb8fa1af sp=0x0000009b75ff8748 mode 2
Event: 41.709 Thread 0x00000222d2ed1800 Uncommon trap: trap_request=0xffffff4d fr.pc=0x00000222c351cef4 relative=0x0000000000000334
Event: 41.709 Thread 0x00000222d2ed1800 Uncommon trap: reason=unstable_if action=reinterpret pc=0x00000222c351cef4 method=java.util.StringJoiner.add(Ljava/lang/CharSequence;)Ljava/util/StringJoiner; @ 33 c2
Event: 41.709 Thread 0x00000222d2ed1800 DEOPT PACKING pc=0x00000222c351cef4 sp=0x0000009b75ff4d20
Event: 41.709 Thread 0x00000222d2ed1800 DEOPT UNPACKING pc=0x00000222bb8fa1af sp=0x0000009b75ff4cd0 mode 2
Event: 42.069 Thread 0x00000222d2ed1800 DEOPT PACKING pc=0x00000222bc7c0fa5 sp=0x0000009b75ff5300
Event: 42.069 Thread 0x00000222d2ed1800 DEOPT UNPACKING pc=0x00000222bb8fa95e sp=0x0000009b75ff47b0 mode 0

Classes redefined (0 events):
No events

Internal exceptions (20 events):
Event: 42.387 Thread 0x00000222d2ed1800 Exception <a 'java/lang/ClassNotFoundException'{0x000000008b403820}: build_3vo4hfj68iatk96unplt2vdv6$_run_closure1$_closure4BeanInfo> (0x000000008b403820) thrown at [src/hotspot/share/classfile/systemDictionary.cpp, line 230]
Event: 42.389 Thread 0x00000222d2ed1800 Exception <a 'java/lang/ClassNotFoundException'{0x000000008b417608}: build_3vo4hfj68iatk96unplt2vdv6$_run_closure1$_closure4Customizer> (0x000000008b417608) thrown at [src/hotspot/share/classfile/systemDictionary.cpp, line 230]
Event: 42.404 Thread 0x00000222d2ed1800 Exception <a 'java/lang/ClassNotFoundException'{0x000000008b47dd18}: org/gradle/api/JavaVersionBeanInfo> (0x000000008b47dd18) thrown at [src/hotspot/share/classfile/systemDictionary.cpp, line 230]
Event: 42.407 Thread 0x00000222d2ed1800 Exception <a 'java/lang/ClassNotFoundException'{0x000000008b4afd78}: org/gradle/api/JavaVersionCustomizer> (0x000000008b4afd78) thrown at [src/hotspot/share/classfile/systemDictionary.cpp, line 230]
Event: 42.416 Thread 0x00000222d2ed1800 Exception <a 'java/lang/ClassNotFoundException'{0x000000008b31e160}: com/android/build/gradle/internal/CompileOptions$AgpDecorated_DecoratedBeanInfo> (0x000000008b31e160) thrown at [src/hotspot/share/classfile/systemDictionary.cpp, line 230]
Event: 42.418 Thread 0x00000222d2ed1800 Exception <a 'java/lang/ClassNotFoundException'{0x000000008b33dbe0}: com/android/build/gradle/internal/CompileOptions$AgpDecoratedBeanInfo> (0x000000008b33dbe0) thrown at [src/hotspot/share/classfile/systemDictionary.cpp, line 230]
Event: 42.420 Thread 0x00000222d2ed1800 Exception <a 'java/lang/ClassNotFoundException'{0x000000008b35ad90}: com/android/build/gradle/internal/CompileOptionsBeanInfo> (0x000000008b35ad90) thrown at [src/hotspot/share/classfile/systemDictionary.cpp, line 230]
Event: 42.421 Thread 0x00000222d2ed1800 Exception <a 'java/lang/ClassNotFoundException'{0x000000008b3785d0}: com/android/build/gradle/internal/CompileOptionsCustomizer> (0x000000008b3785d0) thrown at [src/hotspot/share/classfile/systemDictionary.cpp, line 230]
Event: 42.423 Thread 0x00000222d2ed1800 Exception <a 'java/lang/ClassNotFoundException'{0x000000008b3a46d0}: com/android/build/gradle/internal/CompileOptions$AgpDecoratedCustomizer> (0x000000008b3a46d0) thrown at [src/hotspot/share/classfile/systemDictionary.cpp, line 230]
Event: 42.425 Thread 0x00000222d2ed1800 Exception <a 'java/lang/ClassNotFoundException'{0x000000008b3d4148}: com/android/build/gradle/internal/CompileOptions$AgpDecorated_DecoratedCustomizer> (0x000000008b3d4148) thrown at [src/hotspot/share/classfile/systemDictionary.cpp, line 230]
Event: 42.470 Thread 0x00000222d2ed1800 Exception <a 'java/lang/ClassNotFoundException'{0x000000008ad4b600}: org/jetbrains/kotlin/gradle/dsl/KotlinJvmOptionsImplBeanInfo> (0x000000008ad4b600) thrown at [src/hotspot/share/classfile/systemDictionary.cpp, line 230]
Event: 42.471 Thread 0x00000222d2ed1800 Exception <a 'java/lang/ClassNotFoundException'{0x000000008ad696f8}: org/jetbrains/kotlin/gradle/dsl/KotlinJvmOptionsBaseBeanInfo> (0x000000008ad696f8) thrown at [src/hotspot/share/classfile/systemDictionary.cpp, line 230]
Event: 42.472 Thread 0x00000222d2ed1800 Exception <a 'java/lang/ClassNotFoundException'{0x000000008ad87e40}: org/jetbrains/kotlin/gradle/dsl/KotlinJvmOptionsBaseCustomizer> (0x000000008ad87e40) thrown at [src/hotspot/share/classfile/systemDictionary.cpp, line 230]
Event: 42.475 Thread 0x00000222d2ed1800 Exception <a 'java/lang/ClassNotFoundException'{0x000000008adbe970}: org/jetbrains/kotlin/gradle/dsl/KotlinJvmOptionsImplCustomizer> (0x000000008adbe970) thrown at [src/hotspot/share/classfile/systemDictionary.cpp, line 230]
Event: 42.496 Thread 0x00000222d2ed1800 Exception <a 'java/lang/ClassNotFoundException'{0x000000008ac69c00}: com/android/build/gradle/internal/dsl/ViewBindingOptionsImpl$AgpDecorated_DecoratedBeanInfo> (0x000000008ac69c00) thrown at [src/hotspot/share/classfile/systemDictionary.cpp, line 230]
Event: 42.497 Thread 0x00000222d2ed1800 Exception <a 'java/lang/ClassNotFoundException'{0x000000008ac8b590}: com/android/build/gradle/internal/dsl/ViewBindingOptionsImpl$AgpDecoratedBeanInfo> (0x000000008ac8b590) thrown at [src/hotspot/share/classfile/systemDictionary.cpp, line 230]
Event: 42.499 Thread 0x00000222d2ed1800 Exception <a 'java/lang/ClassNotFoundException'{0x000000008acaaf30}: com/android/build/gradle/internal/dsl/ViewBindingOptionsImplBeanInfo> (0x000000008acaaf30) thrown at [src/hotspot/share/classfile/systemDictionary.cpp, line 230]
Event: 42.501 Thread 0x00000222d2ed1800 Exception <a 'java/lang/ClassNotFoundException'{0x000000008accac88}: com/android/build/gradle/internal/dsl/ViewBindingOptionsImplCustomizer> (0x000000008accac88) thrown at [src/hotspot/share/classfile/systemDictionary.cpp, line 230]
Event: 42.504 Thread 0x00000222d2ed1800 Exception <a 'java/lang/ClassNotFoundException'{0x000000008acf18c0}: com/android/build/gradle/internal/dsl/ViewBindingOptionsImpl$AgpDecoratedCustomizer> (0x000000008acf18c0) thrown at [src/hotspot/share/classfile/systemDictionary.cpp, line 230]
Event: 42.526 Thread 0x00000222d2ed1800 Exception <a 'java/lang/ClassNotFoundException'{0x000000008ce18fa8}: com/android/build/gradle/internal/dsl/ViewBindingOptionsImpl$AgpDecorated_DecoratedCustomizer> (0x000000008ce18fa8) thrown at [src/hotspot/share/classfile/systemDictionary.cpp, line 230]

Events (20 events):
Event: 42.502 loading class com/android/build/gradle/internal/dsl/ViewBindingOptionsImpl$AgpDecoratedCustomizer
Event: 42.502 loading class com/android/build/gradle/internal/dsl/ViewBindingOptionsImpl$AgpDecoratedCustomizer done
Event: 42.503 loading class com/android/build/gradle/internal/dsl/ViewBindingOptionsImpl$AgpDecoratedCustomizer
Event: 42.503 loading class com/android/build/gradle/internal/dsl/ViewBindingOptionsImpl$AgpDecoratedCustomizer done
Event: 42.504 loading class com/android/build/gradle/internal/dsl/ViewBindingOptionsImpl$AgpDecorated_DecoratedCustomizer
Event: 42.504 loading class com/android/build/gradle/internal/dsl/ViewBindingOptionsImpl$AgpDecorated_DecoratedCustomizer done
Event: 42.505 Executing VM operation: G1CollectForAllocation
Event: 42.524 Executing VM operation: G1CollectForAllocation done
Event: 42.526 loading class com/android/build/gradle/internal/dsl/ViewBindingOptionsImpl$AgpDecorated_DecoratedCustomizer
Event: 42.526 loading class com/android/build/gradle/internal/dsl/ViewBindingOptionsImpl$AgpDecorated_DecoratedCustomizer done
Event: 42.530 loading class groovy/runtime/metaclass/build_3vo4hfj68iatk96unplt2vdv6$_run_closure1$_closure8MetaClass
Event: 42.530 loading class groovy/runtime/metaclass/build_3vo4hfj68iatk96unplt2vdv6$_run_closure1$_closure8MetaClass done
Event: 42.533 loading class groovy/runtime/metaclass/build_3vo4hfj68iatk96unplt2vdv6$_run_closure1$_closure8$_closure10MetaClass
Event: 42.533 loading class groovy/runtime/metaclass/build_3vo4hfj68iatk96unplt2vdv6$_run_closure1$_closure8$_closure10MetaClass done
Event: 42.535 loading class com/android/build/gradle/internal/dsl/ProductFlavor$AgpDecorated
Event: 42.535 loading class com/android/build/gradle/internal/dsl/ProductFlavor$AgpDecorated done
Event: 42.553 loading class org/gradle/internal/instantiation/generator/AsmBackedClassGenerator$AttachedProperty
Event: 42.553 loading class org/gradle/internal/instantiation/generator/AsmBackedClassGenerator$AttachedProperty done
Event: 42.646 loading class groovy/runtime/metaclass/com/android/build/gradle/internal/dsl/ProductFlavor$AgpDecorated_DecoratedMetaClass
Event: 42.646 loading class groovy/runtime/metaclass/com/android/build/gradle/internal/dsl/ProductFlavor$AgpDecorated_DecoratedMetaClass done


Dynamic libraries:
0x00007ff6bf700000 - 0x00007ff6bf70a000 	C:\Program Files\Android\Android Studio\jbr\bin\java.exe
0x00007ff9ad830000 - 0x00007ff9ada28000 	C:\WINDOWS\SYSTEM32\ntdll.dll
0x00007ff9ad690000 - 0x00007ff9ad74f000 	C:\WINDOWS\System32\KERNEL32.DLL
0x00007ff9ab450000 - 0x00007ff9ab722000 	C:\WINDOWS\System32\KERNELBASE.dll
0x00007ff9ab060000 - 0x00007ff9ab160000 	C:\WINDOWS\System32\ucrtbase.dll
0x00007ff99de50000 - 0x00007ff99de67000 	C:\Program Files\Android\Android Studio\jbr\bin\jli.dll
0x00007ff99de30000 - 0x00007ff99de4b000 	C:\Program Files\Android\Android Studio\jbr\bin\VCRUNTIME140.dll
0x00007ff9ac540000 - 0x00007ff9ac6e1000 	C:\WINDOWS\System32\USER32.dll
0x00007ff9ab030000 - 0x00007ff9ab052000 	C:\WINDOWS\System32\win32u.dll
0x00007ff9ac850000 - 0x00007ff9ac87b000 	C:\WINDOWS\System32\GDI32.dll
0x00007ff99c760000 - 0x00007ff99c9fa000 	C:\WINDOWS\WinSxS\amd64_microsoft.windows.common-controls_6595b64144ccf1df_6.0.19041.1110_none_60b5254171f9507e\COMCTL32.dll
0x00007ff9aaf20000 - 0x00007ff9ab02f000 	C:\WINDOWS\System32\gdi32full.dll
0x00007ff9ac490000 - 0x00007ff9ac52e000 	C:\WINDOWS\System32\msvcrt.dll
0x00007ff9ab1e0000 - 0x00007ff9ab27d000 	C:\WINDOWS\System32\msvcp_win.dll
0x00007ff9ac810000 - 0x00007ff9ac842000 	C:\WINDOWS\System32\IMM32.DLL
0x00007ff9a6af0000 - 0x00007ff9a6afc000 	C:\Program Files\Android\Android Studio\jbr\bin\vcruntime140_1.dll
0x00007ff97fa50000 - 0x00007ff97fadd000 	C:\Program Files\Android\Android Studio\jbr\bin\msvcp140.dll
0x00007ff973720000 - 0x00007ff9742dc000 	C:\Program Files\Android\Android Studio\jbr\bin\server\jvm.dll
0x00007ff9accc0000 - 0x00007ff9acd6e000 	C:\WINDOWS\System32\ADVAPI32.dll
0x00007ff9ad750000 - 0x00007ff9ad7ec000 	C:\WINDOWS\System32\sechost.dll
0x00007ff9ad3a0000 - 0x00007ff9ad4c5000 	C:\WINDOWS\System32\RPCRT4.dll
0x00007ff9ac880000 - 0x00007ff9ac888000 	C:\WINDOWS\System32\PSAPI.DLL
0x00007ff9a2630000 - 0x00007ff9a2657000 	C:\WINDOWS\SYSTEM32\WINMM.dll
0x00007ff9a2620000 - 0x00007ff9a262a000 	C:\WINDOWS\SYSTEM32\VERSION.dll
0x00007ff9a4820000 - 0x00007ff9a4829000 	C:\WINDOWS\SYSTEM32\WSOCK32.dll
0x00007ff9ad2d0000 - 0x00007ff9ad33b000 	C:\WINDOWS\System32\WS2_32.dll
0x00007ff9a9770000 - 0x00007ff9a9782000 	C:\WINDOWS\SYSTEM32\kernel.appcore.dll
0x00007ff9a4810000 - 0x00007ff9a4820000 	C:\Program Files\Android\Android Studio\jbr\bin\verify.dll
0x00007ff9a9550000 - 0x00007ff9a9734000 	C:\WINDOWS\SYSTEM32\DBGHELP.DLL
0x00007ff999900000 - 0x00007ff999935000 	C:\WINDOWS\SYSTEM32\dbgcore.DLL
0x00007ff9ab730000 - 0x00007ff9ab7b2000 	C:\WINDOWS\System32\bcryptPrimitives.dll
0x00007ff9a3db0000 - 0x00007ff9a3dd8000 	C:\Program Files\Android\Android Studio\jbr\bin\java.dll
0x00007ff9a4800000 - 0x00007ff9a480a000 	C:\Program Files\Android\Android Studio\jbr\bin\jimage.dll
0x00007ff9a2580000 - 0x00007ff9a2598000 	C:\Program Files\Android\Android Studio\jbr\bin\zip.dll
0x00007ff9ab870000 - 0x00007ff9abfb4000 	C:\WINDOWS\System32\SHELL32.dll
0x00007ff9a8cf0000 - 0x00007ff9a9482000 	C:\WINDOWS\SYSTEM32\windows.storage.dll
0x00007ff9acdf0000 - 0x00007ff9ad145000 	C:\WINDOWS\System32\combase.dll
0x00007ff9aa980000 - 0x00007ff9aa9b0000 	C:\WINDOWS\SYSTEM32\Wldp.dll
0x00007ff9ac9c0000 - 0x00007ff9aca6d000 	C:\WINDOWS\System32\SHCORE.dll
0x00007ff9ad340000 - 0x00007ff9ad395000 	C:\WINDOWS\System32\shlwapi.dll
0x00007ff9aae60000 - 0x00007ff9aae7f000 	C:\WINDOWS\SYSTEM32\profapi.dll
0x00007ff9a2560000 - 0x00007ff9a2579000 	C:\Program Files\Android\Android Studio\jbr\bin\net.dll
0x00007ff9a17d0000 - 0x00007ff9a18dc000 	C:\WINDOWS\SYSTEM32\WINHTTP.dll
0x00007ff9aa6e0000 - 0x00007ff9aa74a000 	C:\WINDOWS\system32\mswsock.dll
0x00007ff9a24f0000 - 0x00007ff9a2503000 	C:\Program Files\Android\Android Studio\jbr\bin\nio.dll
0x00007ff999530000 - 0x00007ff999557000 	C:\Users\dwise\.gradle\native\e1d6ef7f7dcc3fd88c89a11ec53ec762bb8ba0a96d01ffa2cd45eb1d1d8dd5c5\windows-amd64\native-platform.dll
0x00007ff962030000 - 0x00007ff962174000 	C:\Users\dwise\.gradle\native\0d407fdbe67a94daf76414ababcb853783967236a71b16ec16e742cd7a986fd3\windows-amd64\native-platform-file-events.dll
0x00007ff9a47e0000 - 0x00007ff9a47ea000 	C:\Program Files\Android\Android Studio\jbr\bin\management.dll
0x00007ff9a2270000 - 0x00007ff9a227b000 	C:\Program Files\Android\Android Studio\jbr\bin\management_ext.dll
0x00007ff9aa8e0000 - 0x00007ff9aa8f8000 	C:\WINDOWS\SYSTEM32\CRYPTSP.dll
0x00007ff9a9f20000 - 0x00007ff9a9f54000 	C:\WINDOWS\system32\rsaenh.dll
0x00007ff9ab1b0000 - 0x00007ff9ab1d7000 	C:\WINDOWS\System32\bcrypt.dll
0x00007ff9aae20000 - 0x00007ff9aae4e000 	C:\WINDOWS\SYSTEM32\USERENV.dll
0x00007ff9aa8d0000 - 0x00007ff9aa8dc000 	C:\WINDOWS\SYSTEM32\CRYPTBASE.dll
0x00007ff9aa360000 - 0x00007ff9aa39b000 	C:\WINDOWS\SYSTEM32\IPHLPAPI.DLL
0x00007ff9ac530000 - 0x00007ff9ac538000 	C:\WINDOWS\System32\NSI.dll
0x00007ff9a1a60000 - 0x00007ff9a1a77000 	C:\WINDOWS\SYSTEM32\dhcpcsvc6.DLL
0x00007ff9a1b60000 - 0x00007ff9a1b7d000 	C:\WINDOWS\SYSTEM32\dhcpcsvc.DLL
0x00007ff9aa3c0000 - 0x00007ff9aa48a000 	C:\WINDOWS\SYSTEM32\DNSAPI.dll

dbghelp: loaded successfully - version: 4.0.5 - missing functions: none
symbol engine: initialized successfully - sym options: 0x614 - pdb path: .;C:\Program Files\Android\Android Studio\jbr\bin;C:\WINDOWS\SYSTEM32;C:\WINDOWS\WinSxS\amd64_microsoft.windows.common-controls_6595b64144ccf1df_6.0.19041.1110_none_60b5254171f9507e;C:\Program Files\Android\Android Studio\jbr\bin\server;C:\Users\dwise\.gradle\native\e1d6ef7f7dcc3fd88c89a11ec53ec762bb8ba0a96d01ffa2cd45eb1d1d8dd5c5\windows-amd64;C:\Users\dwise\.gradle\native\0d407fdbe67a94daf76414ababcb853783967236a71b16ec16e742cd7a986fd3\windows-amd64

VM Arguments:
jvm_args: --add-opens=java.base/java.util=ALL-UNNAMED --add-opens=java.base/java.lang=ALL-UNNAMED --add-opens=java.base/java.lang.invoke=ALL-UNNAMED --add-opens=java.base/java.util=ALL-UNNAMED --add-opens=java.prefs/java.util.prefs=ALL-UNNAMED --add-opens=java.prefs/java.util.prefs=ALL-UNNAMED --add-opens=java.base/java.nio.charset=ALL-UNNAMED --add-opens=java.base/java.net=ALL-UNNAMED --add-opens=java.base/java.util.concurrent.atomic=ALL-UNNAMED -Xmx2048m -Dfile.encoding=UTF-8 -Duser.country=ID -Duser.language=en -Duser.variant 
java_command: org.gradle.launcher.daemon.bootstrap.GradleDaemon 7.5
java_class_path (initial): C:\Users\dwise\.gradle\wrapper\dists\gradle-7.5-bin\f1w0cc9nuo0eivz97x2xlu9sv\gradle-7.5\lib\gradle-launcher-7.5.jar
Launcher Type: SUN_STANDARD

[Global flags]
     intx CICompilerCount                          = 3                                         {product} {ergonomic}
     uint ConcGCThreads                            = 1                                         {product} {ergonomic}
     uint G1ConcRefinementThreads                  = 4                                         {product} {ergonomic}
   size_t G1HeapRegionSize                         = 1048576                                   {product} {ergonomic}
    uintx GCDrainStackTargetSize                   = 64                                        {product} {ergonomic}
   size_t InitialHeapSize                          = 58720256                                  {product} {ergonomic}
   size_t MarkStackSize                            = 4194304                                   {product} {ergonomic}
   size_t MaxHeapSize                              = 2147483648                                {product} {command line}
   size_t MaxNewSize                               = 1287651328                                {product} {ergonomic}
   size_t MinHeapDeltaBytes                        = 1048576                                   {product} {ergonomic}
    uintx NonNMethodCodeHeapSize                   = 5830732                                {pd product} {ergonomic}
    uintx NonProfiledCodeHeapSize                  = 122913754                              {pd product} {ergonomic}
    uintx ProfiledCodeHeapSize                     = 122913754                              {pd product} {ergonomic}
    uintx ReservedCodeCacheSize                    = 251658240                              {pd product} {ergonomic}
     bool SegmentedCodeCache                       = true                                      {product} {ergonomic}
     bool UseCompressedClassPointers               = true                                 {lp64_product} {ergonomic}
     bool UseCompressedOops                        = true                                 {lp64_product} {ergonomic}
     bool UseG1GC                                  = true                                      {product} {ergonomic}
     bool UseLargePagesIndividualAllocation        = false                                  {pd product} {ergonomic}

Logging:
Log output configuration:
 #0: stdout all=warning uptime,level,tags
 #1: stderr all=off uptime,level,tags

Environment Variables:
PATH=C:\Python310\Scripts\;C:\Python310\;C:\Program Files (x86)\Common Files\Intel\Shared Files\cpp\bin\Intel64;C:\Program Files\Eclipse Adoptium\jdk-17.0.1.12-hotspot\bin;C:\WINDOWS\system32;C:\WINDOWS;C:\WINDOWS\System32\Wbem;C:\WINDOWS\System32\WindowsPowerShell\v1.0\;C:\WINDOWS\System32\OpenSSH\;C:\Program Files\Git\cmd;C:\xampp\php;C:\composer;C:\Program Files\Dart\dart-sdk\bin;C:\Program Files\nodejs\;C:\ProgramData\chocolatey\bin;C:\Users\dwise\AppData\Local\Programs\Python\Python38\Scripts\;C:\Users\dwise\AppData\Local\Programs\Python\Python38\;C:\Users\dwise\AppData\Local\Microsoft\WindowsApps;C:\Users\dwise\AppData\Local\Programs\Microsoft VS Code\bin;C:\Users\dwise\AppData\Local\GitHubDesktop\bin;C:\Users\dwise\AppData\Roaming\Composer\vendor\bin;C:\Users\dwise\OneDrive\Documents\flutter\flutter\bin;C:\Users\dwise\AppData\Roaming\npm
USERNAME=dwise
OS=Windows_NT
PROCESSOR_IDENTIFIER=AMD64 Family 22 Model 48 Stepping 1, AuthenticAMD



---------------  S Y S T E M  ---------------

OS: Windows 10 , 64 bit Build 19041 (10.0.19041.2364)
OS uptime: 1 days 11:38 hours

CPU:total 4 (initial active 4) (4 cores per cpu, 1 threads per core) family 22 model 48 stepping 1 microcode 0x0, cmov, cx8, fxsr, mmx, sse, sse2, sse3, ssse3, sse4.1, sse4.2, popcnt, avx, aes, clmul, mmxext, 3dnowpref, lzcnt, sse4a, tsc, tscinvbit, tscinv, bmi1

Memory: 4k page, system-wide physical 3550M (260M free)
TotalPageFile size 14302M (AvailPageFile size 5M)
current process WorkingSet (physical memory assigned to process): 366M, peak: 375M
current process commit charge ("private bytes"): 445M, peak: 446M

vm_info: OpenJDK 64-Bit Server VM (11.0.15+0-b2043.56-9505619) for windows-amd64 JRE (11.0.15+0-b2043.56-9505619), built on Jan 19 2023 02:48:00 by "builduser" with unknown MS VC++:1929

END.
