#
# There is insufficient memory for the Java Runtime Environment to continue.
# Native memory allocation (malloc) failed to allocate 1081776 bytes for Chunk::new
# Possible reasons:
#   The system is out of physical RAM or swap space
#   The process is running with CompressedOops enabled, and the Java Heap may be blocking the growth of the native heap
# Possible solutions:
#   Reduce memory load on the system
#   Increase physical memory or swap space
#   Check if swap backing store is full
#   Decrease Java heap size (-Xmx/-Xms)
#   Decrease number of Java threads
#   Decrease Java thread stack sizes (-Xss)
#   Set larger code cache with -XX:ReservedCodeCacheSize=
#   JVM is running with Unscaled Compressed Oops mode in which the Java heap is
#     placed in the first 4GB address space. The Java Heap base address is the
#     maximum limit for the native heap growth. Please use -XX:HeapBaseMinAddress
#     to set the Java Heap base and to place the Java Heap above 4GB virtual address.
# This output file may be truncated or incomplete.
#
#  Out of Memory Error (src/hotspot/share/memory/arena.cpp:197), pid=11916, tid=18240
#
# JRE version: OpenJDK Runtime Environment (11.0.15) (build 11.0.15+0-b2043.56-9505619)
# Java VM: OpenJDK 64-Bit Server VM (11.0.15+0-b2043.56-9505619, mixed mode, tiered, compressed oops, g1 gc, windows-amd64)
# No core dump will be written. Minidumps are not enabled by default on client versions of Windows
#

---------------  S U M M A R Y ------------

Command Line: --add-opens=java.base/java.util=ALL-UNNAMED --add-opens=java.base/java.lang=ALL-UNNAMED --add-opens=java.base/java.lang.invoke=ALL-UNNAMED --add-opens=java.base/java.util=ALL-UNNAMED --add-opens=java.prefs/java.util.prefs=ALL-UNNAMED --add-opens=java.prefs/java.util.prefs=ALL-UNNAMED --add-opens=java.base/java.nio.charset=ALL-UNNAMED --add-opens=java.base/java.net=ALL-UNNAMED --add-opens=java.base/java.util.concurrent.atomic=ALL-UNNAMED -Xmx2048m -Dfile.encoding=UTF-8 -Duser.country=ID -Duser.language=en -Duser.variant org.gradle.launcher.daemon.bootstrap.GradleDaemon 7.5

Host: AMD A8-7410 APU with AMD Radeon R5 Graphics    , 4 cores, 3G,  Windows 10 , 64 bit Build 19041 (10.0.19041.2364)
Time: Fri Feb 17 20:21:24 2023 SE Asia Standard Time elapsed time: 87.364877 seconds (0d 0h 1m 27s)

---------------  T H R E A D  ---------------

Current thread (0x000002ca4e845800):  JavaThread "C2 CompilerThread0" daemon [_thread_in_native, id=18240, stack(0x000000d1f7900000,0x000000d1f7a00000)]


Current CompileTask:
C2:  87365 8517       4       org.gradle.internal.instantiation.generator.AbstractClassGenerator::inspectType (560 bytes)

Stack: [0x000000d1f7900000,0x000000d1f7a00000]
Native frames: (J=compiled Java code, j=interpreted, Vv=VM code, C=native code)
V  [jvm.dll+0x64135a]
V  [jvm.dll+0x7d39f9]
V  [jvm.dll+0x7d51b9]
V  [jvm.dll+0x7d58a3]
V  [jvm.dll+0x2691c5]
V  [jvm.dll+0xc1a5c]
V  [jvm.dll+0xc200c]
V  [jvm.dll+0x2da2c2]
V  [jvm.dll+0x54cad9]
V  [jvm.dll+0x220c9d]
V  [jvm.dll+0x223024]
V  [jvm.dll+0x220384]
V  [jvm.dll+0x19e851]
V  [jvm.dll+0x230479]
V  [jvm.dll+0x22e5ef]
V  [jvm.dll+0x794de1]
V  [jvm.dll+0x78dc24]
V  [jvm.dll+0x6400f6]
C  [ucrtbase.dll+0x21bb2]
C  [KERNEL32.DLL+0x17614]
C  [ntdll.dll+0x526a1]


---------------  P R O C E S S  ---------------

Threads class SMR info:
_java_thread_list=0x000002ca555ebfd0, length=79, elements={
0x000002ca34c04800, 0x000002ca4e7e3800, 0x000002ca4e7e6800, 0x000002ca34cdd800,
0x000002ca4e840800, 0x000002ca4e842000, 0x000002ca4e845800, 0x000002ca4e848800,
0x000002ca4e86e000, 0x000002ca4f29d000, 0x000002ca5123c800, 0x000002ca5126d800,
0x000002ca51281000, 0x000002ca4ff59000, 0x000002ca4f40d800, 0x000002ca50d38000,
0x000002ca509c3800, 0x000002ca4f569000, 0x000002ca500b9000, 0x000002ca4fb81000,
0x000002ca4fea3800, 0x000002ca4fea4800, 0x000002ca4fea2000, 0x000002ca4fea5000,
0x000002ca4fea6000, 0x000002ca4fea2800, 0x000002ca4fea0800, 0x000002ca4fea7000,
0x000002ca4fea1000, 0x000002ca51aac000, 0x000002ca51aae000, 0x000002ca51aab800,
0x000002ca51aad000, 0x000002ca51aaf800, 0x000002ca51aa9800, 0x000002ca51ab0000,
0x000002ca51aaa800, 0x000002ca51ab2800, 0x000002ca51ab6800, 0x000002ca51ab2000,
0x000002ca51ab1000, 0x000002ca51ab5000, 0x000002ca51ab7800, 0x000002ca51ab8800,
0x000002ca51ab3800, 0x000002ca51ab4800, 0x000002ca50806000, 0x000002ca50807800,
0x000002ca50806800, 0x000002ca50804800, 0x000002ca50809000, 0x000002ca5080a000,
0x000002ca50808800, 0x000002ca5080b000, 0x000002ca50805000, 0x000002ca525a9000,
0x000002ca525a8000, 0x000002ca525ac000, 0x000002ca525aa000, 0x000002ca525aa800,
0x000002ca525ab800, 0x000002ca525ad000, 0x000002ca525ae000, 0x000002ca525ae800,
0x000002ca527d7800, 0x000002ca527d6800, 0x000002ca527d6000, 0x000002ca527d8800,
0x000002ca527d9000, 0x000002ca527d5000, 0x000002ca527da000, 0x000002ca527d4000,
0x000002ca527dd000, 0x000002ca527db800, 0x000002ca527e0800, 0x000002ca527de000,
0x000002ca527da800, 0x000002ca527e1800, 0x000002ca527e2000
}

Java Threads: ( => current thread )
  0x000002ca34c04800 JavaThread "main" [_thread_blocked, id=18144, stack(0x000000d1f6d00000,0x000000d1f6e00000)]
  0x000002ca4e7e3800 JavaThread "Reference Handler" daemon [_thread_blocked, id=12036, stack(0x000000d1f7400000,0x000000d1f7500000)]
  0x000002ca4e7e6800 JavaThread "Finalizer" daemon [_thread_blocked, id=10288, stack(0x000000d1f7500000,0x000000d1f7600000)]
  0x000002ca34cdd800 JavaThread "Signal Dispatcher" daemon [_thread_blocked, id=13828, stack(0x000000d1f7600000,0x000000d1f7700000)]
  0x000002ca4e840800 JavaThread "Attach Listener" daemon [_thread_blocked, id=15576, stack(0x000000d1f7700000,0x000000d1f7800000)]
  0x000002ca4e842000 JavaThread "Service Thread" daemon [_thread_blocked, id=7376, stack(0x000000d1f7800000,0x000000d1f7900000)]
=>0x000002ca4e845800 JavaThread "C2 CompilerThread0" daemon [_thread_in_native, id=18240, stack(0x000000d1f7900000,0x000000d1f7a00000)]
  0x000002ca4e848800 JavaThread "C1 CompilerThread0" daemon [_thread_blocked, id=18080, stack(0x000000d1f7a00000,0x000000d1f7b00000)]
  0x000002ca4e86e000 JavaThread "Sweeper thread" daemon [_thread_blocked, id=15288, stack(0x000000d1f7b00000,0x000000d1f7c00000)]
  0x000002ca4f29d000 JavaThread "Common-Cleaner" daemon [_thread_blocked, id=14876, stack(0x000000d1f7c00000,0x000000d1f7d00000)]
  0x000002ca5123c800 JavaThread "Daemon health stats" [_thread_blocked, id=17488, stack(0x000000d1f7f00000,0x000000d1f8000000)]
  0x000002ca5126d800 JavaThread "Incoming local TCP Connector on port 58531" [_thread_in_native, id=10332, stack(0x000000d1f6b00000,0x000000d1f6c00000)]
  0x000002ca51281000 JavaThread "Daemon periodic checks" [_thread_blocked, id=1084, stack(0x000000d1f8000000,0x000000d1f8100000)]
  0x000002ca4ff59000 JavaThread "Daemon" [_thread_blocked, id=8864, stack(0x000000d1f8100000,0x000000d1f8200000)]
  0x000002ca4f40d800 JavaThread "Handler for socket connection from /127.0.0.1:58531 to /127.0.0.1:58532" [_thread_in_native, id=18272, stack(0x000000d1f8200000,0x000000d1f8300000)]
  0x000002ca50d38000 JavaThread "Cancel handler" [_thread_blocked, id=5836, stack(0x000000d1f8300000,0x000000d1f8400000)]
  0x000002ca509c3800 JavaThread "Daemon worker" [_thread_in_vm, id=18064, stack(0x000000d1f8400000,0x000000d1f8500000)]
  0x000002ca4f569000 JavaThread "Asynchronous log dispatcher for DefaultDaemonConnection: socket connection from /127.0.0.1:58531 to /127.0.0.1:58532" [_thread_blocked, id=15792, stack(0x000000d1f8500000,0x000000d1f8600000)]
  0x000002ca500b9000 JavaThread "Stdin handler" [_thread_blocked, id=14712, stack(0x000000d1f8600000,0x000000d1f8700000)]
  0x000002ca4fb81000 JavaThread "Daemon client event forwarder" [_thread_blocked, id=8064, stack(0x000000d1f8700000,0x000000d1f8800000)]
  0x000002ca4fea3800 JavaThread "Cache worker for journal cache (C:\Users\dwise\.gradle\caches\journal-1)" [_thread_blocked, id=17172, stack(0x000000d1f8a00000,0x000000d1f8b00000)]
  0x000002ca4fea4800 JavaThread "File lock request listener" [_thread_in_native, id=15328, stack(0x000000d1f8b00000,0x000000d1f8c00000)]
  0x000002ca4fea2000 JavaThread "Cache worker for file hash cache (C:\Users\dwise\.gradle\caches\7.5\fileHashes)" [_thread_blocked, id=1520, stack(0x000000d1f8c00000,0x000000d1f8d00000)]
  0x000002ca4fea5000 JavaThread "File watcher server" daemon [_thread_in_native, id=7484, stack(0x000000d1f8d00000,0x000000d1f8e00000)]
  0x000002ca4fea6000 JavaThread "File watcher consumer" daemon [_thread_blocked, id=6092, stack(0x000000d1f8e00000,0x000000d1f8f00000)]
  0x000002ca4fea2800 JavaThread "Cache worker for checksums cache (C:\Users\dwise\OneDrive\Documents\bwa\kantinE-KTP\.gradle\7.5\checksums)" [_thread_blocked, id=476, stack(0x000000d1f8f00000,0x000000d1f9000000)]
  0x000002ca4fea0800 JavaThread "Cache worker for cache directory md-rule (C:\Users\dwise\.gradle\caches\7.5\md-rule)" [_thread_blocked, id=13600, stack(0x000000d1f9000000,0x000000d1f9100000)]
  0x000002ca4fea7000 JavaThread "Cache worker for file content cache (C:\Users\dwise\.gradle\caches\7.5\fileContent)" [_thread_blocked, id=16344, stack(0x000000d1f9100000,0x000000d1f9200000)]
  0x000002ca4fea1000 JavaThread "Cache worker for file hash cache (C:\Users\dwise\OneDrive\Documents\bwa\kantinE-KTP\.gradle\7.5\fileHashes)" [_thread_blocked, id=10792, stack(0x000000d1f9200000,0x000000d1f9300000)]
  0x000002ca51aac000 JavaThread "Cache worker for cache directory md-supplier (C:\Users\dwise\.gradle\caches\7.5\md-supplier)" [_thread_blocked, id=13436, stack(0x000000d1f9300000,0x000000d1f9400000)]
  0x000002ca51aae000 JavaThread "Cache worker for execution history cache (C:\Users\dwise\.gradle\caches\7.5\executionHistory)" [_thread_blocked, id=2144, stack(0x000000d1f9400000,0x000000d1f9500000)]
  0x000002ca51aab800 JavaThread "jar transforms" [_thread_blocked, id=10184, stack(0x000000d1f9500000,0x000000d1f9600000)]
  0x000002ca51aad000 JavaThread "jar transforms Thread 2" [_thread_blocked, id=18076, stack(0x000000d1f9600000,0x000000d1f9700000)]
  0x000002ca51aaf800 JavaThread "jar transforms Thread 3" [_thread_blocked, id=4524, stack(0x000000d1f9700000,0x000000d1f9800000)]
  0x000002ca51aa9800 JavaThread "jar transforms Thread 4" [_thread_blocked, id=10484, stack(0x000000d1f9800000,0x000000d1f9900000)]
  0x000002ca51ab0000 JavaThread "Cache worker for dependencies-accessors (C:\Users\dwise\OneDrive\Documents\bwa\kantinE-KTP\.gradle\7.5\dependencies-accessors)" [_thread_blocked, id=14492, stack(0x000000d1f9900000,0x000000d1f9a00000)]
  0x000002ca51aaa800 JavaThread "Cache worker for Build Output Cleanup Cache (C:\Users\dwise\OneDrive\Documents\bwa\kantinE-KTP\.gradle\buildOutputCleanup)" [_thread_blocked, id=18164, stack(0x000000d1f9a00000,0x000000d1f9b00000)]
  0x000002ca51ab2800 JavaThread "Unconstrained build operations" [_thread_blocked, id=6380, stack(0x000000d1f9d00000,0x000000d1f9e00000)]
  0x000002ca51ab6800 JavaThread "Unconstrained build operations Thread 2" [_thread_blocked, id=17292, stack(0x000000d1f9e00000,0x000000d1f9f00000)]
  0x000002ca51ab2000 JavaThread "Unconstrained build operations Thread 3" [_thread_blocked, id=6792, stack(0x000000d1f9f00000,0x000000d1fa000000)]
  0x000002ca51ab1000 JavaThread "Unconstrained build operations Thread 4" [_thread_blocked, id=16676, stack(0x000000d1fa000000,0x000000d1fa100000)]
  0x000002ca51ab5000 JavaThread "Unconstrained build operations Thread 5" [_thread_blocked, id=12424, stack(0x000000d1fa100000,0x000000d1fa200000)]
  0x000002ca51ab7800 JavaThread "Unconstrained build operations Thread 6" [_thread_blocked, id=7476, stack(0x000000d1fa200000,0x000000d1fa300000)]
  0x000002ca51ab8800 JavaThread "Unconstrained build operations Thread 7" [_thread_blocked, id=11560, stack(0x000000d1fa300000,0x000000d1fa400000)]
  0x000002ca51ab3800 JavaThread "Unconstrained build operations Thread 8" [_thread_blocked, id=16148, stack(0x000000d1fa400000,0x000000d1fa500000)]
  0x000002ca51ab4800 JavaThread "Unconstrained build operations Thread 9" [_thread_blocked, id=17672, stack(0x000000d1fa500000,0x000000d1fa600000)]
  0x000002ca50806000 JavaThread "Unconstrained build operations Thread 10" [_thread_blocked, id=6424, stack(0x000000d1fa600000,0x000000d1fa700000)]
  0x000002ca50807800 JavaThread "Unconstrained build operations Thread 11" [_thread_blocked, id=16956, stack(0x000000d1fa700000,0x000000d1fa800000)]
  0x000002ca50806800 JavaThread "Unconstrained build operations Thread 12" [_thread_blocked, id=18136, stack(0x000000d1fa800000,0x000000d1fa900000)]
  0x000002ca50804800 JavaThread "Unconstrained build operations Thread 13" [_thread_blocked, id=15644, stack(0x000000d1fa900000,0x000000d1faa00000)]
  0x000002ca50809000 JavaThread "Unconstrained build operations Thread 14" [_thread_blocked, id=15128, stack(0x000000d1faa00000,0x000000d1fab00000)]
  0x000002ca5080a000 JavaThread "Unconstrained build operations Thread 15" [_thread_blocked, id=11512, stack(0x000000d1fab00000,0x000000d1fac00000)]
  0x000002ca50808800 JavaThread "Unconstrained build operations Thread 16" [_thread_blocked, id=12056, stack(0x000000d1fac00000,0x000000d1fad00000)]
  0x000002ca5080b000 JavaThread "Unconstrained build operations Thread 17" [_thread_blocked, id=12552, stack(0x000000d1fad00000,0x000000d1fae00000)]
  0x000002ca50805000 JavaThread "Unconstrained build operations Thread 18" [_thread_blocked, id=16568, stack(0x000000d1fae00000,0x000000d1faf00000)]
  0x000002ca525a9000 JavaThread "Unconstrained build operations Thread 19" [_thread_blocked, id=3840, stack(0x000000d1faf00000,0x000000d1fb000000)]
  0x000002ca525a8000 JavaThread "Unconstrained build operations Thread 20" [_thread_blocked, id=4896, stack(0x000000d1fb000000,0x000000d1fb100000)]
  0x000002ca525ac000 JavaThread "Unconstrained build operations Thread 21" [_thread_blocked, id=7012, stack(0x000000d1fb100000,0x000000d1fb200000)]
  0x000002ca525aa000 JavaThread "Unconstrained build operations Thread 22" [_thread_blocked, id=17508, stack(0x000000d1fb200000,0x000000d1fb300000)]
  0x000002ca525aa800 JavaThread "Unconstrained build operations Thread 23" [_thread_blocked, id=18292, stack(0x000000d1fb300000,0x000000d1fb400000)]
  0x000002ca525ab800 JavaThread "Unconstrained build operations Thread 24" [_thread_blocked, id=15320, stack(0x000000d1fb400000,0x000000d1fb500000)]
  0x000002ca525ad000 JavaThread "Unconstrained build operations Thread 25" [_thread_blocked, id=10284, stack(0x000000d1fb500000,0x000000d1fb600000)]
  0x000002ca525ae000 JavaThread "Unconstrained build operations Thread 26" [_thread_blocked, id=17072, stack(0x000000d1fb600000,0x000000d1fb700000)]
  0x000002ca525ae800 JavaThread "Unconstrained build operations Thread 27" [_thread_blocked, id=9512, stack(0x000000d1fb700000,0x000000d1fb800000)]
  0x000002ca527d7800 JavaThread "Unconstrained build operations Thread 28" [_thread_blocked, id=3104, stack(0x000000d1fb800000,0x000000d1fb900000)]
  0x000002ca527d6800 JavaThread "Unconstrained build operations Thread 29" [_thread_blocked, id=3312, stack(0x000000d1fb900000,0x000000d1fba00000)]
  0x000002ca527d6000 JavaThread "Unconstrained build operations Thread 30" [_thread_blocked, id=16504, stack(0x000000d1fba00000,0x000000d1fbb00000)]
  0x000002ca527d8800 JavaThread "Unconstrained build operations Thread 31" [_thread_blocked, id=3564, stack(0x000000d1fbb00000,0x000000d1fbc00000)]
  0x000002ca527d9000 JavaThread "Unconstrained build operations Thread 32" [_thread_blocked, id=14012, stack(0x000000d1fbc00000,0x000000d1fbd00000)]
  0x000002ca527d5000 JavaThread "Unconstrained build operations Thread 33" [_thread_blocked, id=17200, stack(0x000000d1fbd00000,0x000000d1fbe00000)]
  0x000002ca527da000 JavaThread "Unconstrained build operations Thread 34" [_thread_blocked, id=17432, stack(0x000000d1fbe00000,0x000000d1fbf00000)]
  0x000002ca527d4000 JavaThread "Unconstrained build operations Thread 35" [_thread_blocked, id=12592, stack(0x000000d1fbf00000,0x000000d1fc000000)]
  0x000002ca527dd000 JavaThread "Unconstrained build operations Thread 36" [_thread_blocked, id=18328, stack(0x000000d1fc000000,0x000000d1fc100000)]
  0x000002ca527db800 JavaThread "Unconstrained build operations Thread 37" [_thread_blocked, id=11464, stack(0x000000d1fc100000,0x000000d1fc200000)]
  0x000002ca527e0800 JavaThread "Unconstrained build operations Thread 38" [_thread_blocked, id=10464, stack(0x000000d1fc200000,0x000000d1fc300000)]
  0x000002ca527de000 JavaThread "Unconstrained build operations Thread 39" [_thread_blocked, id=13420, stack(0x000000d1fc300000,0x000000d1fc400000)]
  0x000002ca527da800 JavaThread "Unconstrained build operations Thread 40" [_thread_blocked, id=13872, stack(0x000000d1fc400000,0x000000d1fc500000)]
  0x000002ca527e1800 JavaThread "build event listener" [_thread_blocked, id=16540, stack(0x000000d1f6a00000,0x000000d1f6b00000)]
  0x000002ca527e2000 JavaThread "Memory manager" [_thread_blocked, id=16472, stack(0x000000d1f6c00000,0x000000d1f6d00000)]

Other Threads:
  0x000002ca4e7e1000 VMThread "VM Thread" [stack: 0x000000d1f7300000,0x000000d1f7400000] [id=2752]
  0x000002ca4f2cf000 WatcherThread [stack: 0x000000d1f7d00000,0x000000d1f7e00000] [id=2724]
  0x000002ca34c1d800 GCTaskThread "GC Thread#0" [stack: 0x000000d1f6e00000,0x000000d1f6f00000] [id=10704]
  0x000002ca4f6ed800 GCTaskThread "GC Thread#1" [stack: 0x000000d1f7e00000,0x000000d1f7f00000] [id=10124]
  0x000002ca50a2d800 GCTaskThread "GC Thread#2" [stack: 0x000000d1f8800000,0x000000d1f8900000] [id=14168]
  0x000002ca50a2e000 GCTaskThread "GC Thread#3" [stack: 0x000000d1f8900000,0x000000d1f8a00000] [id=14208]
  0x000002ca34c50800 ConcurrentGCThread "G1 Main Marker" [stack: 0x000000d1f6f00000,0x000000d1f7000000] [id=16732]
  0x000002ca34c51800 ConcurrentGCThread "G1 Conc#0" [stack: 0x000000d1f7000000,0x000000d1f7100000] [id=4380]
  0x000002ca34c97800 ConcurrentGCThread "G1 Refine#0" [stack: 0x000000d1f7100000,0x000000d1f7200000] [id=2808]
  0x000002ca34c98800 ConcurrentGCThread "G1 Young RemSet Sampling" [stack: 0x000000d1f7200000,0x000000d1f7300000] [id=17016]

Threads with active compile tasks:
C2 CompilerThread0    87475 8517       4       org.gradle.internal.instantiation.generator.AbstractClassGenerator::inspectType (560 bytes)

VM state:not at safepoint (normal execution)

VM Mutex/Monitor currently owned by a thread: None

Heap address: 0x0000000080000000, size: 2048 MB, Compressed Oops mode: 32-bit
Narrow klass base: 0x0000000000000000, Narrow klass shift: 3
Compressed class space size: 1073741824 Address: 0x0000000100000000

Heap:
 garbage-first heap   total 146432K, used 106369K [0x0000000080000000, 0x0000000100000000)
  region size 1024K, 40 young (40960K), 5 survivors (5120K)
 Metaspace       used 83762K, capacity 85702K, committed 85808K, reserved 1124352K
  class space    used 10839K, capacity 11556K, committed 11648K, reserved 1048576K
Heap Regions: E=young(eden), S=young(survivor), O=old, HS=humongous(starts), HC=humongous(continues), CS=collection set, F=free, A=archive, TAMS=top-at-mark-start (previous, next)
|   0|0x0000000080000000, 0x0000000080100000, 0x0000000080100000|100%|HS|  |TAMS 0x0000000080100000, 0x0000000080000000| Complete 
|   1|0x0000000080100000, 0x0000000080200000, 0x0000000080200000|100%|HC|  |TAMS 0x0000000080200000, 0x0000000080100000| Complete 
|   2|0x0000000080200000, 0x0000000080300000, 0x0000000080300000|100%|HC|  |TAMS 0x0000000080300000, 0x0000000080200000| Complete 
|   3|0x0000000080300000, 0x0000000080400000, 0x0000000080400000|100%| O|  |TAMS 0x0000000080400000, 0x0000000080300000| Untracked 
|   4|0x0000000080400000, 0x0000000080500000, 0x0000000080500000|100%| O|  |TAMS 0x0000000080500000, 0x0000000080400000| Untracked 
|   5|0x0000000080500000, 0x0000000080600000, 0x0000000080600000|100%| O|  |TAMS 0x0000000080600000, 0x0000000080500000| Untracked 
|   6|0x0000000080600000, 0x0000000080700000, 0x0000000080700000|100%| O|  |TAMS 0x0000000080700000, 0x0000000080600000| Untracked 
|   7|0x0000000080700000, 0x0000000080800000, 0x0000000080800000|100%| O|  |TAMS 0x0000000080800000, 0x0000000080700000| Untracked 
|   8|0x0000000080800000, 0x0000000080900000, 0x0000000080900000|100%| O|  |TAMS 0x0000000080900000, 0x0000000080800000| Untracked 
|   9|0x0000000080900000, 0x0000000080a00000, 0x0000000080a00000|100%| O|  |TAMS 0x0000000080a00000, 0x0000000080900000| Untracked 
|  10|0x0000000080a00000, 0x0000000080b00000, 0x0000000080b00000|100%| O|  |TAMS 0x0000000080b00000, 0x0000000080a00000| Untracked 
|  11|0x0000000080b00000, 0x0000000080c00000, 0x0000000080c00000|100%| O|  |TAMS 0x0000000080c00000, 0x0000000080b00000| Untracked 
|  12|0x0000000080c00000, 0x0000000080d00000, 0x0000000080d00000|100%| O|  |TAMS 0x0000000080d00000, 0x0000000080c00000| Untracked 
|  13|0x0000000080d00000, 0x0000000080e00000, 0x0000000080e00000|100%| O|  |TAMS 0x0000000080e00000, 0x0000000080d00000| Untracked 
|  14|0x0000000080e00000, 0x0000000080f00000, 0x0000000080f00000|100%| O|  |TAMS 0x0000000080f00000, 0x0000000080e00000| Untracked 
|  15|0x0000000080f00000, 0x0000000081000000, 0x0000000081000000|100%| O|  |TAMS 0x0000000081000000, 0x0000000080f00000| Untracked 
|  16|0x0000000081000000, 0x0000000081100000, 0x0000000081100000|100%| O|  |TAMS 0x0000000081100000, 0x0000000081000000| Untracked 
|  17|0x0000000081100000, 0x0000000081200000, 0x0000000081200000|100%| O|  |TAMS 0x0000000081200000, 0x0000000081100000| Untracked 
|  18|0x0000000081200000, 0x0000000081300000, 0x0000000081300000|100%| O|  |TAMS 0x0000000081300000, 0x0000000081200000| Untracked 
|  19|0x0000000081300000, 0x0000000081400000, 0x0000000081400000|100%| O|  |TAMS 0x0000000081400000, 0x0000000081300000| Untracked 
|  20|0x0000000081400000, 0x0000000081500000, 0x0000000081500000|100%| O|  |TAMS 0x0000000081500000, 0x0000000081400000| Untracked 
|  21|0x0000000081500000, 0x0000000081600000, 0x0000000081600000|100%| O|  |TAMS 0x0000000081600000, 0x0000000081500000| Untracked 
|  22|0x0000000081600000, 0x0000000081700000, 0x0000000081700000|100%| O|  |TAMS 0x0000000081700000, 0x0000000081600000| Untracked 
|  23|0x0000000081700000, 0x0000000081800000, 0x0000000081800000|100%| O|  |TAMS 0x0000000081800000, 0x0000000081700000| Untracked 
|  24|0x0000000081800000, 0x0000000081900000, 0x0000000081900000|100%| O|  |TAMS 0x0000000081900000, 0x0000000081800000| Untracked 
|  25|0x0000000081900000, 0x0000000081a00000, 0x0000000081a00000|100%| O|  |TAMS 0x0000000081a00000, 0x0000000081900000| Untracked 
|  26|0x0000000081a00000, 0x0000000081b00000, 0x0000000081b00000|100%| O|  |TAMS 0x0000000081b00000, 0x0000000081a00000| Untracked 
|  27|0x0000000081b00000, 0x0000000081c00000, 0x0000000081c00000|100%| O|  |TAMS 0x0000000081c00000, 0x0000000081b00000| Untracked 
|  28|0x0000000081c00000, 0x0000000081d00000, 0x0000000081d00000|100%| O|  |TAMS 0x0000000081d00000, 0x0000000081c00000| Untracked 
|  29|0x0000000081d00000, 0x0000000081e00000, 0x0000000081e00000|100%| O|  |TAMS 0x0000000081e00000, 0x0000000081d00000| Untracked 
|  30|0x0000000081e00000, 0x0000000081f00000, 0x0000000081f00000|100%| O|  |TAMS 0x0000000081f00000, 0x0000000081e00000| Untracked 
|  31|0x0000000081f00000, 0x0000000082000000, 0x0000000082000000|100%| O|  |TAMS 0x0000000082000000, 0x0000000081f00000| Untracked 
|  32|0x0000000082000000, 0x0000000082100000, 0x0000000082100000|100%| O|  |TAMS 0x0000000082100000, 0x0000000082000000| Untracked 
|  33|0x0000000082100000, 0x0000000082200000, 0x0000000082200000|100%| O|  |TAMS 0x0000000082200000, 0x0000000082100000| Untracked 
|  34|0x0000000082200000, 0x0000000082300000, 0x0000000082300000|100%| O|  |TAMS 0x0000000082300000, 0x0000000082200000| Untracked 
|  35|0x0000000082300000, 0x0000000082400000, 0x0000000082400000|100%|HS|  |TAMS 0x0000000082400000, 0x0000000082300000| Complete 
|  36|0x0000000082400000, 0x0000000082500000, 0x0000000082500000|100%|HS|  |TAMS 0x0000000082500000, 0x0000000082400000| Complete 
|  37|0x0000000082500000, 0x0000000082600000, 0x0000000082600000|100%|HS|  |TAMS 0x0000000082600000, 0x0000000082500000| Complete 
|  38|0x0000000082600000, 0x0000000082700000, 0x0000000082700000|100%| O|  |TAMS 0x0000000082700000, 0x0000000082600000| Untracked 
|  39|0x0000000082700000, 0x0000000082800000, 0x0000000082800000|100%|HS|  |TAMS 0x0000000082800000, 0x0000000082700000| Complete 
|  40|0x0000000082800000, 0x0000000082900000, 0x0000000082900000|100%|HC|  |TAMS 0x0000000082900000, 0x0000000082800000| Complete 
|  41|0x0000000082900000, 0x0000000082a00000, 0x0000000082a00000|100%|HC|  |TAMS 0x0000000082a00000, 0x0000000082900000| Complete 
|  42|0x0000000082a00000, 0x0000000082b00000, 0x0000000082b00000|100%| O|  |TAMS 0x0000000082b00000, 0x0000000082a00000| Untracked 
|  43|0x0000000082b00000, 0x0000000082c00000, 0x0000000082c00000|100%| O|  |TAMS 0x0000000082c00000, 0x0000000082b00000| Untracked 
|  44|0x0000000082c00000, 0x0000000082d00000, 0x0000000082d00000|100%| O|  |TAMS 0x0000000082d00000, 0x0000000082c00000| Untracked 
|  45|0x0000000082d00000, 0x0000000082e00000, 0x0000000082e00000|100%| O|  |TAMS 0x0000000082e00000, 0x0000000082d00000| Untracked 
|  46|0x0000000082e00000, 0x0000000082f00000, 0x0000000082f00000|100%| O|  |TAMS 0x0000000082f00000, 0x0000000082e00000| Untracked 
|  47|0x0000000082f00000, 0x0000000083000000, 0x0000000083000000|100%| O|  |TAMS 0x0000000083000000, 0x0000000082f00000| Untracked 
|  48|0x0000000083000000, 0x0000000083100000, 0x0000000083100000|100%| O|  |TAMS 0x0000000083100000, 0x0000000083000000| Untracked 
|  49|0x0000000083100000, 0x0000000083200000, 0x0000000083200000|100%| O|  |TAMS 0x0000000083200000, 0x0000000083100000| Untracked 
|  50|0x0000000083200000, 0x0000000083300000, 0x0000000083300000|100%| O|  |TAMS 0x0000000083300000, 0x0000000083200000| Untracked 
|  51|0x0000000083300000, 0x0000000083400000, 0x0000000083400000|100%| O|  |TAMS 0x0000000083400000, 0x0000000083300000| Untracked 
|  52|0x0000000083400000, 0x0000000083500000, 0x0000000083500000|100%| O|  |TAMS 0x0000000083500000, 0x0000000083400000| Untracked 
|  53|0x0000000083500000, 0x0000000083600000, 0x0000000083600000|100%| O|  |TAMS 0x0000000083600000, 0x0000000083500000| Untracked 
|  54|0x0000000083600000, 0x0000000083700000, 0x0000000083700000|100%| O|  |TAMS 0x0000000083700000, 0x0000000083600000| Untracked 
|  55|0x0000000083700000, 0x0000000083800000, 0x0000000083800000|100%| O|  |TAMS 0x0000000083800000, 0x0000000083700000| Untracked 
|  56|0x0000000083800000, 0x0000000083900000, 0x0000000083900000|100%| O|  |TAMS 0x0000000083900000, 0x0000000083800000| Untracked 
|  57|0x0000000083900000, 0x0000000083a00000, 0x0000000083a00000|100%| O|  |TAMS 0x0000000083a00000, 0x0000000083900000| Untracked 
|  58|0x0000000083a00000, 0x0000000083b00000, 0x0000000083b00000|100%| O|  |TAMS 0x0000000083b00000, 0x0000000083a00000| Untracked 
|  59|0x0000000083b00000, 0x0000000083c00000, 0x0000000083c00000|100%| O|  |TAMS 0x0000000083c00000, 0x0000000083b00000| Untracked 
|  60|0x0000000083c00000, 0x0000000083d00000, 0x0000000083d00000|100%| O|  |TAMS 0x0000000083d00000, 0x0000000083c00000| Untracked 
|  61|0x0000000083d00000, 0x0000000083e00000, 0x0000000083e00000|100%| O|  |TAMS 0x0000000083d33000, 0x0000000083d00000| Untracked 
|  62|0x0000000083e00000, 0x0000000083f00000, 0x0000000083f00000|100%| O|  |TAMS 0x0000000083e00000, 0x0000000083e00000| Untracked 
|  63|0x0000000083f00000, 0x0000000084000000, 0x0000000084000000|100%| O|  |TAMS 0x0000000083f00000, 0x0000000083f00000| Untracked 
|  64|0x0000000084000000, 0x0000000084100000, 0x0000000084100000|100%| O|  |TAMS 0x0000000084000000, 0x0000000084000000| Untracked 
|  65|0x0000000084100000, 0x0000000084116a00, 0x0000000084200000|  8%| O|  |TAMS 0x0000000084100000, 0x0000000084100000| Untracked 
|  66|0x0000000084200000, 0x0000000084200000, 0x0000000084300000|  0%| F|  |TAMS 0x0000000084200000, 0x0000000084200000| Untracked 
|  67|0x0000000084300000, 0x0000000084300000, 0x0000000084400000|  0%| F|  |TAMS 0x0000000084300000, 0x0000000084300000| Untracked 
|  68|0x0000000084400000, 0x0000000084400000, 0x0000000084500000|  0%| F|  |TAMS 0x0000000084400000, 0x0000000084400000| Untracked 
|  69|0x0000000084500000, 0x0000000084500000, 0x0000000084600000|  0%| F|  |TAMS 0x0000000084500000, 0x0000000084500000| Untracked 
|  70|0x0000000084600000, 0x0000000084600000, 0x0000000084700000|  0%| F|  |TAMS 0x0000000084600000, 0x0000000084600000| Untracked 
|  71|0x0000000084700000, 0x0000000084700000, 0x0000000084800000|  0%| F|  |TAMS 0x0000000084700000, 0x0000000084700000| Untracked 
|  72|0x0000000084800000, 0x0000000084800000, 0x0000000084900000|  0%| F|  |TAMS 0x0000000084800000, 0x0000000084800000| Untracked 
|  73|0x0000000084900000, 0x0000000084900000, 0x0000000084a00000|  0%| F|  |TAMS 0x0000000084900000, 0x0000000084900000| Untracked 
|  74|0x0000000084a00000, 0x0000000084a00000, 0x0000000084b00000|  0%| F|  |TAMS 0x0000000084a00000, 0x0000000084a00000| Untracked 
|  75|0x0000000084b00000, 0x0000000084b00000, 0x0000000084c00000|  0%| F|  |TAMS 0x0000000084b00000, 0x0000000084b00000| Untracked 
|  76|0x0000000084c00000, 0x0000000084c00000, 0x0000000084d00000|  0%| F|  |TAMS 0x0000000084c00000, 0x0000000084c00000| Untracked 
|  77|0x0000000084d00000, 0x0000000084d00000, 0x0000000084e00000|  0%| F|  |TAMS 0x0000000084d00000, 0x0000000084d00000| Untracked 
|  78|0x0000000084e00000, 0x0000000084e00000, 0x0000000084f00000|  0%| F|  |TAMS 0x0000000084e00000, 0x0000000084e00000| Untracked 
|  79|0x0000000084f00000, 0x0000000084f00000, 0x0000000085000000|  0%| F|  |TAMS 0x0000000084f00000, 0x0000000084f00000| Untracked 
|  80|0x0000000085000000, 0x0000000085000000, 0x0000000085100000|  0%| F|  |TAMS 0x0000000085000000, 0x0000000085000000| Untracked 
|  81|0x0000000085100000, 0x0000000085100000, 0x0000000085200000|  0%| F|  |TAMS 0x0000000085100000, 0x0000000085100000| Untracked 
|  82|0x0000000085200000, 0x0000000085200000, 0x0000000085300000|  0%| F|  |TAMS 0x0000000085200000, 0x0000000085200000| Untracked 
|  83|0x0000000085300000, 0x0000000085300000, 0x0000000085400000|  0%| F|  |TAMS 0x0000000085300000, 0x0000000085300000| Untracked 
|  84|0x0000000085400000, 0x0000000085400000, 0x0000000085500000|  0%| F|  |TAMS 0x0000000085400000, 0x0000000085400000| Untracked 
|  85|0x0000000085500000, 0x0000000085500000, 0x0000000085600000|  0%| F|  |TAMS 0x0000000085500000, 0x0000000085500000| Untracked 
|  86|0x0000000085600000, 0x0000000085600000, 0x0000000085700000|  0%| F|  |TAMS 0x0000000085600000, 0x0000000085600000| Untracked 
|  87|0x0000000085700000, 0x0000000085700000, 0x0000000085800000|  0%| F|  |TAMS 0x0000000085700000, 0x0000000085700000| Untracked 
|  88|0x0000000085800000, 0x0000000085800000, 0x0000000085900000|  0%| F|  |TAMS 0x0000000085800000, 0x0000000085800000| Untracked 
|  89|0x0000000085900000, 0x0000000085900000, 0x0000000085a00000|  0%| F|  |TAMS 0x0000000085900000, 0x0000000085900000| Untracked 
|  90|0x0000000085a00000, 0x0000000085a00000, 0x0000000085b00000|  0%| F|  |TAMS 0x0000000085a00000, 0x0000000085a00000| Untracked 
|  91|0x0000000085b00000, 0x0000000085b00000, 0x0000000085c00000|  0%| F|  |TAMS 0x0000000085b00000, 0x0000000085b00000| Untracked 
|  92|0x0000000085c00000, 0x0000000085c00000, 0x0000000085d00000|  0%| F|  |TAMS 0x0000000085c00000, 0x0000000085c00000| Untracked 
|  93|0x0000000085d00000, 0x0000000085d00000, 0x0000000085e00000|  0%| F|  |TAMS 0x0000000085d00000, 0x0000000085d00000| Untracked 
|  94|0x0000000085e00000, 0x0000000085ec9de0, 0x0000000085f00000| 78%| S|CS|TAMS 0x0000000085e00000, 0x0000000085e00000| Complete 
|  95|0x0000000085f00000, 0x0000000086000000, 0x0000000086000000|100%| S|CS|TAMS 0x0000000085f00000, 0x0000000085f00000| Complete 
|  96|0x0000000086000000, 0x0000000086100000, 0x0000000086100000|100%| S|CS|TAMS 0x0000000086000000, 0x0000000086000000| Complete 
|  97|0x0000000086100000, 0x0000000086200000, 0x0000000086200000|100%| S|CS|TAMS 0x0000000086100000, 0x0000000086100000| Complete 
|  98|0x0000000086200000, 0x0000000086300000, 0x0000000086300000|100%| S|CS|TAMS 0x0000000086200000, 0x0000000086200000| Complete 
|  99|0x0000000086300000, 0x0000000086300000, 0x0000000086400000|  0%| F|  |TAMS 0x0000000086300000, 0x0000000086300000| Untracked 
| 100|0x0000000086400000, 0x0000000086400000, 0x0000000086500000|  0%| F|  |TAMS 0x0000000086400000, 0x0000000086400000| Untracked 
| 101|0x0000000086500000, 0x0000000086500000, 0x0000000086600000|  0%| F|  |TAMS 0x0000000086500000, 0x0000000086500000| Untracked 
| 102|0x0000000086600000, 0x0000000086600000, 0x0000000086700000|  0%| F|  |TAMS 0x0000000086600000, 0x0000000086600000| Untracked 
| 103|0x0000000086700000, 0x0000000086700000, 0x0000000086800000|  0%| F|  |TAMS 0x0000000086700000, 0x0000000086700000| Untracked 
| 104|0x0000000086800000, 0x0000000086800000, 0x0000000086900000|  0%| F|  |TAMS 0x0000000086800000, 0x0000000086800000| Untracked 
| 105|0x0000000086900000, 0x0000000086900000, 0x0000000086a00000|  0%| F|  |TAMS 0x0000000086900000, 0x0000000086900000| Untracked 
| 106|0x0000000086a00000, 0x0000000086a00000, 0x0000000086b00000|  0%| F|  |TAMS 0x0000000086a00000, 0x0000000086a00000| Untracked 
| 107|0x0000000086b00000, 0x0000000086b00000, 0x0000000086c00000|  0%| F|  |TAMS 0x0000000086b00000, 0x0000000086b00000| Untracked 
| 108|0x0000000086c00000, 0x0000000086c88270, 0x0000000086d00000| 53%| E|  |TAMS 0x0000000086c00000, 0x0000000086c00000| Complete 
| 109|0x0000000086d00000, 0x0000000086e00000, 0x0000000086e00000|100%| E|CS|TAMS 0x0000000086d00000, 0x0000000086d00000| Complete 
| 110|0x0000000086e00000, 0x0000000086f00000, 0x0000000086f00000|100%| E|CS|TAMS 0x0000000086e00000, 0x0000000086e00000| Complete 
| 111|0x0000000086f00000, 0x0000000087000000, 0x0000000087000000|100%| E|CS|TAMS 0x0000000086f00000, 0x0000000086f00000| Complete 
| 112|0x0000000087000000, 0x0000000087100000, 0x0000000087100000|100%| E|CS|TAMS 0x0000000087000000, 0x0000000087000000| Complete 
| 113|0x0000000087100000, 0x0000000087200000, 0x0000000087200000|100%| E|CS|TAMS 0x0000000087100000, 0x0000000087100000| Complete 
| 114|0x0000000087200000, 0x0000000087300000, 0x0000000087300000|100%| E|CS|TAMS 0x0000000087200000, 0x0000000087200000| Complete 
| 115|0x0000000087300000, 0x0000000087400000, 0x0000000087400000|100%| E|CS|TAMS 0x0000000087300000, 0x0000000087300000| Complete 
| 116|0x0000000087400000, 0x0000000087500000, 0x0000000087500000|100%| E|CS|TAMS 0x0000000087400000, 0x0000000087400000| Complete 
| 117|0x0000000087500000, 0x0000000087600000, 0x0000000087600000|100%| E|CS|TAMS 0x0000000087500000, 0x0000000087500000| Complete 
| 118|0x0000000087600000, 0x0000000087700000, 0x0000000087700000|100%| E|CS|TAMS 0x0000000087600000, 0x0000000087600000| Complete 
| 119|0x0000000087700000, 0x0000000087800000, 0x0000000087800000|100%| E|CS|TAMS 0x0000000087700000, 0x0000000087700000| Complete 
| 120|0x0000000087800000, 0x0000000087900000, 0x0000000087900000|100%| E|CS|TAMS 0x0000000087800000, 0x0000000087800000| Complete 
| 121|0x0000000087900000, 0x0000000087a00000, 0x0000000087a00000|100%| E|CS|TAMS 0x0000000087900000, 0x0000000087900000| Complete 
| 122|0x0000000087a00000, 0x0000000087b00000, 0x0000000087b00000|100%| E|CS|TAMS 0x0000000087a00000, 0x0000000087a00000| Complete 
| 123|0x0000000087b00000, 0x0000000087c00000, 0x0000000087c00000|100%| E|CS|TAMS 0x0000000087b00000, 0x0000000087b00000| Complete 
| 124|0x0000000087c00000, 0x0000000087d00000, 0x0000000087d00000|100%| E|CS|TAMS 0x0000000087c00000, 0x0000000087c00000| Complete 
| 125|0x0000000087d00000, 0x0000000087e00000, 0x0000000087e00000|100%| E|CS|TAMS 0x0000000087d00000, 0x0000000087d00000| Complete 
| 126|0x0000000087e00000, 0x0000000087f00000, 0x0000000087f00000|100%| E|CS|TAMS 0x0000000087e00000, 0x0000000087e00000| Complete 
| 127|0x0000000087f00000, 0x0000000088000000, 0x0000000088000000|100%| E|CS|TAMS 0x0000000087f00000, 0x0000000087f00000| Complete 
| 128|0x0000000088000000, 0x0000000088100000, 0x0000000088100000|100%| E|CS|TAMS 0x0000000088000000, 0x0000000088000000| Complete 
| 129|0x0000000088100000, 0x0000000088200000, 0x0000000088200000|100%| E|CS|TAMS 0x0000000088100000, 0x0000000088100000| Complete 
| 130|0x0000000088200000, 0x0000000088300000, 0x0000000088300000|100%| E|CS|TAMS 0x0000000088200000, 0x0000000088200000| Complete 
| 131|0x0000000088300000, 0x0000000088400000, 0x0000000088400000|100%| E|CS|TAMS 0x0000000088300000, 0x0000000088300000| Complete 
| 132|0x0000000088400000, 0x0000000088500000, 0x0000000088500000|100%| E|CS|TAMS 0x0000000088400000, 0x0000000088400000| Complete 
| 133|0x0000000088500000, 0x0000000088600000, 0x0000000088600000|100%| E|CS|TAMS 0x0000000088500000, 0x0000000088500000| Complete 
| 134|0x0000000088600000, 0x0000000088700000, 0x0000000088700000|100%| E|CS|TAMS 0x0000000088600000, 0x0000000088600000| Complete 
| 135|0x0000000088700000, 0x0000000088800000, 0x0000000088800000|100%| E|CS|TAMS 0x0000000088700000, 0x0000000088700000| Complete 
| 136|0x0000000088800000, 0x0000000088900000, 0x0000000088900000|100%| E|CS|TAMS 0x0000000088800000, 0x0000000088800000| Complete 
| 137|0x0000000088900000, 0x0000000088a00000, 0x0000000088a00000|100%| E|CS|TAMS 0x0000000088900000, 0x0000000088900000| Complete 
| 138|0x0000000088a00000, 0x0000000088b00000, 0x0000000088b00000|100%| E|CS|TAMS 0x0000000088a00000, 0x0000000088a00000| Complete 
| 139|0x0000000088b00000, 0x0000000088c00000, 0x0000000088c00000|100%| E|CS|TAMS 0x0000000088b00000, 0x0000000088b00000| Complete 
| 140|0x0000000088c00000, 0x0000000088d00000, 0x0000000088d00000|100%| E|CS|TAMS 0x0000000088c00000, 0x0000000088c00000| Complete 
| 141|0x0000000088d00000, 0x0000000088e00000, 0x0000000088e00000|100%| E|CS|TAMS 0x0000000088d00000, 0x0000000088d00000| Complete 
| 142|0x0000000088e00000, 0x0000000088f00000, 0x0000000088f00000|100%| E|CS|TAMS 0x0000000088e00000, 0x0000000088e00000| Complete 

Card table byte_map: [0x000002ca47b30000,0x000002ca47f30000] _byte_map_base: 0x000002ca47730000

Marking Bits (Prev, Next): (CMBitMap*) 0x000002ca34c47950, (CMBitMap*) 0x000002ca34c47918
 Prev Bits: [0x000002ca4a330000, 0x000002ca4c330000)
 Next Bits: [0x000002ca48330000, 0x000002ca4a330000)

Polling page: 0x000002ca32b00000

Metaspace:

Usage:
  Non-class:     72.41 MB capacity,    71.23 MB ( 98%) used,   985.88 KB (  1%) free+waste,   225.62 KB ( <1%) overhead. 
      Class:     11.29 MB capacity,    10.59 MB ( 94%) used,   609.97 KB (  5%) free+waste,   104.06 KB ( <1%) overhead. 
       Both:     83.69 MB capacity,    81.81 MB ( 98%) used,     1.56 MB (  2%) free+waste,   329.69 KB ( <1%) overhead. 

Virtual space:
  Non-class space:       74.00 MB reserved,      72.42 MB ( 98%) committed 
      Class space:        1.00 GB reserved,      11.38 MB (  1%) committed 
             Both:        1.07 GB reserved,      83.80 MB (  8%) committed 

Chunk freelists:
   Non-Class:  14.00 KB
       Class:  28.00 KB
        Both:  42.00 KB

MaxMetaspaceSize: 17179869184.00 GB
CompressedClassSpaceSize: 1.00 GB
Initial GC threshold: 20.80 MB
Current GC threshold: 121.54 MB
CDS: off

CodeHeap 'non-profiled nmethods': size=120064Kb used=4392Kb max_used=4392Kb free=115671Kb
 bounds [0x000002ca401f0000, 0x000002ca40640000, 0x000002ca47730000]
CodeHeap 'profiled nmethods': size=120000Kb used=18276Kb max_used=18276Kb free=101723Kb
 bounds [0x000002ca38cc0000, 0x000002ca39ea0000, 0x000002ca401f0000]
CodeHeap 'non-nmethods': size=5696Kb used=2371Kb max_used=2403Kb free=3324Kb
 bounds [0x000002ca38730000, 0x000002ca389a0000, 0x000002ca38cc0000]
 total_blobs=9348 nmethods=8455 adapters=806
 compilation: enabled
              stopped_count=0, restarted_count=0
 full_count=0

Compilation events (20 events):
Event: 87.118 Thread 0x000002ca4e848800 8551       3       org.gradle.internal.logging.slf4j.OutputEventListenerBackedLoggerContext::getLogger (69 bytes)
Event: 87.119 Thread 0x000002ca4e848800 nmethod 8551 0x000002ca39e87390 code [0x000002ca39e875c0, 0x000002ca39e87f68]
Event: 87.135 Thread 0x000002ca4e848800 8552       3       org.gradle.api.internal.file.collections.DefaultConfigurableFileCollection$UnresolvedItemsCollector::<init> (35 bytes)
Event: 87.136 Thread 0x000002ca4e848800 nmethod 8552 0x000002ca39e88190 code [0x000002ca39e883c0, 0x000002ca39e88a58]
Event: 87.185 Thread 0x000002ca4e848800 8553       3       com.android.build.gradle.options.ProjectOptions::get (40 bytes)
Event: 87.218 Thread 0x000002ca4e848800 nmethod 8553 0x000002ca39e88d10 code [0x000002ca39e88f60, 0x000002ca39e89878]
Event: 87.250 Thread 0x000002ca4e848800 8554       3       org.gradle.api.internal.artifacts.dependencies.AbstractExternalModuleDependency::getGroup (10 bytes)
Event: 87.253 Thread 0x000002ca4e848800 nmethod 8554 0x000002ca39e89b90 code [0x000002ca39e89d40, 0x000002ca39e89e98]
Event: 87.253 Thread 0x000002ca4e848800 8555       3       com.google.common.base.Platform::stringIsNullOrEmpty (17 bytes)
Event: 87.254 Thread 0x000002ca4e848800 nmethod 8555 0x000002ca39e89f90 code [0x000002ca39e8a140, 0x000002ca39e8a378]
Event: 87.254 Thread 0x000002ca4e848800 8556       3       org.gradle.api.internal.DefaultDomainObjectCollection::iterator (18 bytes)
Event: 87.255 Thread 0x000002ca4e848800 nmethod 8556 0x000002ca39e8a490 code [0x000002ca39e8a660, 0x000002ca39e8aa08]
Event: 87.296 Thread 0x000002ca4e848800 8557       3       com.google.common.collect.ImmutableList::contains (14 bytes)
Event: 87.296 Thread 0x000002ca4e848800 nmethod 8557 0x000002ca39e8ab90 code [0x000002ca39e8ad40, 0x000002ca39e8af48]
Event: 87.296 Thread 0x000002ca4e848800 8558       3       com.google.common.collect.ImmutableList::indexOf (14 bytes)
Event: 87.297 Thread 0x000002ca4e848800 nmethod 8558 0x000002ca39e8b010 code [0x000002ca39e8b1c0, 0x000002ca39e8b348]
Event: 87.298 Thread 0x000002ca4e848800 8559       3       com.google.common.collect.Lists::indexOfRandomAccess (70 bytes)
Event: 87.299 Thread 0x000002ca4e848800 nmethod 8559 0x000002ca39e8b410 code [0x000002ca39e8b620, 0x000002ca39e8bc78]
Event: 87.299 Thread 0x000002ca4e848800 8560       3       org.gradle.internal.resources.AbstractResourceLockRegistry::detailsForCurrentThread (54 bytes)
Event: 87.301 Thread 0x000002ca4e848800 nmethod 8560 0x000002ca39e8be90 code [0x000002ca39e8c0e0, 0x000002ca39e8ca18]

GC Heap History (20 events):
Event: 69.086 GC heap before
{Heap before GC invocations=61 (full 0):
 garbage-first heap   total 101376K, used 67228K [0x0000000080000000, 0x0000000100000000)
  region size 1024K, 12 young (12288K), 2 survivors (2048K)
 Metaspace       used 61898K, capacity 63547K, committed 63664K, reserved 1103872K
  class space    used 7780K, capacity 8403K, committed 8448K, reserved 1048576K
}
Event: 69.103 GC heap after
{Heap after GC invocations=62 (full 0):
 garbage-first heap   total 101376K, used 60567K [0x0000000080000000, 0x0000000100000000)
  region size 1024K, 3 young (3072K), 3 survivors (3072K)
 Metaspace       used 61898K, capacity 63547K, committed 63664K, reserved 1103872K
  class space    used 7780K, capacity 8403K, committed 8448K, reserved 1048576K
}
Event: 70.137 GC heap before
{Heap before GC invocations=63 (full 0):
 garbage-first heap   total 101376K, used 77975K [0x0000000080000000, 0x0000000100000000)
  region size 1024K, 18 young (18432K), 3 survivors (3072K)
 Metaspace       used 63259K, capacity 64858K, committed 65200K, reserved 1105920K
  class space    used 7957K, capacity 8599K, committed 8704K, reserved 1048576K
}
Event: 70.151 GC heap after
{Heap after GC invocations=64 (full 0):
 garbage-first heap   total 101376K, used 58236K [0x0000000080000000, 0x0000000100000000)
  region size 1024K, 1 young (1024K), 1 survivors (1024K)
 Metaspace       used 63259K, capacity 64858K, committed 65200K, reserved 1105920K
  class space    used 7957K, capacity 8599K, committed 8704K, reserved 1048576K
}
Event: 71.545 GC heap before
{Heap before GC invocations=64 (full 0):
 garbage-first heap   total 101376K, used 75644K [0x0000000080000000, 0x0000000100000000)
  region size 1024K, 18 young (18432K), 1 survivors (1024K)
 Metaspace       used 64510K, capacity 66184K, committed 66352K, reserved 1107968K
  class space    used 8101K, capacity 8735K, committed 8832K, reserved 1048576K
}
Event: 71.561 GC heap after
{Heap after GC invocations=65 (full 0):
 garbage-first heap   total 101376K, used 59258K [0x0000000080000000, 0x0000000100000000)
  region size 1024K, 2 young (2048K), 2 survivors (2048K)
 Metaspace       used 64510K, capacity 66184K, committed 66352K, reserved 1107968K
  class space    used 8101K, capacity 8735K, committed 8832K, reserved 1048576K
}
Event: 72.646 GC heap before
{Heap before GC invocations=66 (full 0):
 garbage-first heap   total 101376K, used 72570K [0x0000000080000000, 0x0000000100000000)
  region size 1024K, 18 young (18432K), 2 survivors (2048K)
 Metaspace       used 65783K, capacity 67466K, committed 67760K, reserved 1107968K
  class space    used 8274K, capacity 8904K, committed 8960K, reserved 1048576K
}
Event: 72.661 GC heap after
{Heap after GC invocations=67 (full 0):
 garbage-first heap   total 121856K, used 59427K [0x0000000080000000, 0x0000000100000000)
  region size 1024K, 3 young (3072K), 3 survivors (3072K)
 Metaspace       used 65783K, capacity 67466K, committed 67760K, reserved 1107968K
  class space    used 8274K, capacity 8904K, committed 8960K, reserved 1048576K
}
Event: 74.772 GC heap before
{Heap before GC invocations=68 (full 0):
 garbage-first heap   total 121856K, used 87075K [0x0000000080000000, 0x0000000100000000)
  region size 1024K, 29 young (29696K), 3 survivors (3072K)
 Metaspace       used 68487K, capacity 70146K, committed 70448K, reserved 1110016K
  class space    used 8617K, capacity 9257K, committed 9344K, reserved 1048576K
}
Event: 74.791 GC heap after
{Heap after GC invocations=69 (full 0):
 garbage-first heap   total 121856K, used 60164K [0x0000000080000000, 0x0000000100000000)
  region size 1024K, 2 young (2048K), 2 survivors (2048K)
 Metaspace       used 68487K, capacity 70146K, committed 70448K, reserved 1110016K
  class space    used 8617K, capacity 9257K, committed 9344K, reserved 1048576K
}
Event: 75.739 GC heap before
{Heap before GC invocations=69 (full 0):
 garbage-first heap   total 121856K, used 90884K [0x0000000080000000, 0x0000000100000000)
  region size 1024K, 32 young (32768K), 2 survivors (2048K)
 Metaspace       used 69110K, capacity 70780K, committed 71088K, reserved 1112064K
  class space    used 8702K, capacity 9359K, committed 9472K, reserved 1048576K
}
Event: 75.754 GC heap after
{Heap after GC invocations=70 (full 0):
 garbage-first heap   total 121856K, used 62511K [0x0000000080000000, 0x0000000100000000)
  region size 1024K, 4 young (4096K), 4 survivors (4096K)
 Metaspace       used 69110K, capacity 70780K, committed 71088K, reserved 1112064K
  class space    used 8702K, capacity 9359K, committed 9472K, reserved 1048576K
}
Event: 76.685 GC heap before
{Heap before GC invocations=71 (full 0):
 garbage-first heap   total 121856K, used 92207K [0x0000000080000000, 0x0000000100000000)
  region size 1024K, 33 young (33792K), 4 survivors (4096K)
 Metaspace       used 69472K, capacity 71237K, committed 71344K, reserved 1112064K
  class space    used 8729K, capacity 9426K, committed 9472K, reserved 1048576K
}
Event: 76.706 GC heap after
{Heap after GC invocations=72 (full 0):
 garbage-first heap   total 121856K, used 64621K [0x0000000080000000, 0x0000000100000000)
  region size 1024K, 5 young (5120K), 5 survivors (5120K)
 Metaspace       used 69472K, capacity 71237K, committed 71344K, reserved 1112064K
  class space    used 8729K, capacity 9426K, committed 9472K, reserved 1048576K
}
Event: 78.245 GC heap before
{Heap before GC invocations=72 (full 0):
 garbage-first heap   total 121856K, used 94317K [0x0000000080000000, 0x0000000100000000)
  region size 1024K, 34 young (34816K), 5 survivors (5120K)
 Metaspace       used 72248K, capacity 74040K, committed 74288K, reserved 1114112K
  class space    used 9107K, capacity 9781K, committed 9856K, reserved 1048576K
}
Event: 78.276 GC heap after
{Heap after GC invocations=73 (full 0):
 garbage-first heap   total 146432K, used 66725K [0x0000000080000000, 0x0000000100000000)
  region size 1024K, 4 young (4096K), 4 survivors (4096K)
 Metaspace       used 72248K, capacity 74040K, committed 74288K, reserved 1114112K
  class space    used 9107K, capacity 9781K, committed 9856K, reserved 1048576K
}
Event: 81.752 GC heap before
{Heap before GC invocations=74 (full 0):
 garbage-first heap   total 146432K, used 103589K [0x0000000080000000, 0x0000000100000000)
  region size 1024K, 40 young (40960K), 4 survivors (4096K)
 Metaspace       used 76202K, capacity 77891K, committed 78000K, reserved 1116160K
  class space    used 9782K, capacity 10456K, committed 10496K, reserved 1048576K
}
Event: 81.803 GC heap after
{Heap after GC invocations=75 (full 0):
 garbage-first heap   total 146432K, used 69083K [0x0000000080000000, 0x0000000100000000)
  region size 1024K, 5 young (5120K), 5 survivors (5120K)
 Metaspace       used 76202K, capacity 77891K, committed 78000K, reserved 1116160K
  class space    used 9782K, capacity 10456K, committed 10496K, reserved 1048576K
}
Event: 84.898 GC heap before
{Heap before GC invocations=75 (full 0):
 garbage-first heap   total 146432K, used 109019K [0x0000000080000000, 0x0000000100000000)
  region size 1024K, 44 young (45056K), 5 survivors (5120K)
 Metaspace       used 79642K, capacity 81538K, committed 81712K, reserved 1120256K
  class space    used 10288K, capacity 11017K, committed 11136K, reserved 1048576K
}
Event: 84.939 GC heap after
{Heap after GC invocations=76 (full 0):
 garbage-first heap   total 146432K, used 71553K [0x0000000080000000, 0x0000000100000000)
  region size 1024K, 5 young (5120K), 5 survivors (5120K)
 Metaspace       used 79642K, capacity 81538K, committed 81712K, reserved 1120256K
  class space    used 10288K, capacity 11017K, committed 11136K, reserved 1048576K
}

Deoptimization events (20 events):
Event: 86.409 Thread 0x000002ca509c3800 Uncommon trap: trap_request=0xffffff4d fr.pc=0x000002ca4062f0d4 relative=0x0000000000001754
Event: 86.409 Thread 0x000002ca509c3800 Uncommon trap: reason=unstable_if action=reinterpret pc=0x000002ca4062f0d4 method=java.util.regex.Pattern.atom()Ljava/util/regex/Pattern$Node; @ 14 c2
Event: 86.409 Thread 0x000002ca509c3800 DEOPT PACKING pc=0x000002ca4062f0d4 sp=0x000000d1f84f8b90
Event: 86.409 Thread 0x000002ca509c3800 DEOPT UNPACKING pc=0x000002ca3877a1af sp=0x000000d1f84f8b70 mode 2
Event: 86.470 Thread 0x000002ca509c3800 Uncommon trap: trap_request=0xffffff4d fr.pc=0x000002ca406311dc relative=0x00000000000005bc
Event: 86.470 Thread 0x000002ca509c3800 Uncommon trap: reason=unstable_if action=reinterpret pc=0x000002ca406311dc method=java.util.regex.Matcher.find()Z @ 10 c2
Event: 86.470 Thread 0x000002ca509c3800 DEOPT PACKING pc=0x000002ca406311dc sp=0x000000d1f84f8d50
Event: 86.470 Thread 0x000002ca509c3800 DEOPT UNPACKING pc=0x000002ca3877a1af sp=0x000000d1f84f8d10 mode 2
Event: 86.483 Thread 0x000002ca509c3800 DEOPT PACKING pc=0x000002ca395a1eb1 sp=0x000000d1f84f8d20
Event: 86.483 Thread 0x000002ca509c3800 DEOPT UNPACKING pc=0x000002ca3877a95e sp=0x000000d1f84f8250 mode 0
Event: 86.665 Thread 0x000002ca509c3800 DEOPT PACKING pc=0x000002ca39960ccd sp=0x000000d1f84f9240
Event: 86.665 Thread 0x000002ca509c3800 DEOPT UNPACKING pc=0x000002ca3877a95e sp=0x000000d1f84f8808 mode 0
Event: 86.755 Thread 0x000002ca509c3800 Uncommon trap: trap_request=0xffffff4d fr.pc=0x000002ca4044f7f4 relative=0x00000000000006f4
Event: 86.755 Thread 0x000002ca509c3800 Uncommon trap: reason=unstable_if action=reinterpret pc=0x000002ca4044f7f4 method=java.util.HashMap.putVal(ILjava/lang/Object;Ljava/lang/Object;ZZ)Ljava/lang/Object; @ 109 c2
Event: 86.755 Thread 0x000002ca509c3800 DEOPT PACKING pc=0x000002ca4044f7f4 sp=0x000000d1f84f8f80
Event: 86.755 Thread 0x000002ca509c3800 DEOPT UNPACKING pc=0x000002ca3877a1af sp=0x000000d1f84f8e98 mode 2
Event: 86.991 Thread 0x000002ca509c3800 Uncommon trap: trap_request=0xffffff4d fr.pc=0x000002ca4052f978 relative=0x0000000000000678
Event: 86.991 Thread 0x000002ca509c3800 Uncommon trap: reason=unstable_if action=reinterpret pc=0x000002ca4052f978 method=java.util.HashMap.putVal(ILjava/lang/Object;Ljava/lang/Object;ZZ)Ljava/lang/Object; @ 109 c2
Event: 86.991 Thread 0x000002ca509c3800 DEOPT PACKING pc=0x000002ca4052f978 sp=0x000000d1f84f8910
Event: 86.991 Thread 0x000002ca509c3800 DEOPT UNPACKING pc=0x000002ca3877a1af sp=0x000000d1f84f8898 mode 2

Classes redefined (0 events):
No events

Internal exceptions (20 events):
Event: 81.572 Thread 0x000002ca509c3800 Exception <a 'java/lang/ClassNotFoundException'{0x0000000086ffedd0}: com/android/build/gradle/internal/api/ApkVariantOutputImpl_DecoratedCustomizer> (0x0000000086ffedd0) thrown at [src/hotspot/share/classfile/systemDictionary.cpp, line 230]
Event: 81.668 Thread 0x000002ca509c3800 Exception <a 'java/lang/ClassNotFoundException'{0x0000000086dff4d8}: com/android/build/gradle/internal/api/ReadOnlyBuildTypeBeanInfo> (0x0000000086dff4d8) thrown at [src/hotspot/share/classfile/systemDictionary.cpp, line 230]
Event: 81.669 Thread 0x000002ca509c3800 Exception <a 'java/lang/ClassNotFoundException'{0x0000000086c1cfb0}: com/android/build/gradle/internal/api/ReadOnlyBaseConfigBeanInfo> (0x0000000086c1cfb0) thrown at [src/hotspot/share/classfile/systemDictionary.cpp, line 230]
Event: 81.671 Thread 0x000002ca509c3800 Exception <a 'java/lang/ClassNotFoundException'{0x0000000086c3ae48}: com/android/build/gradle/internal/api/ReadOnlyBaseConfigCustomizer> (0x0000000086c3ae48) thrown at [src/hotspot/share/classfile/systemDictionary.cpp, line 230]
Event: 81.674 Thread 0x000002ca509c3800 Exception <a 'java/lang/ClassNotFoundException'{0x0000000086c68b50}: com/android/build/gradle/internal/api/ReadOnlyBuildTypeCustomizer> (0x0000000086c68b50) thrown at [src/hotspot/share/classfile/systemDictionary.cpp, line 230]
Event: 82.304 Thread 0x000002ca509c3800 Implicit null exception at 0x000002ca405b531f to 0x000002ca405b5a88
Event: 82.304 Thread 0x000002ca509c3800 Implicit null exception at 0x000002ca405ac7db to 0x000002ca405ac86c
Event: 82.304 Thread 0x000002ca509c3800 Implicit null exception at 0x000002ca405b531f to 0x000002ca405b5a88
Event: 82.308 Thread 0x000002ca509c3800 Implicit null exception at 0x000002ca405b531f to 0x000002ca405b5a88
Event: 82.309 Thread 0x000002ca509c3800 Implicit null exception at 0x000002ca405b531f to 0x000002ca405b5a88
Event: 83.789 Thread 0x000002ca509c3800 Exception <a 'java/lang/NoSuchMethodError'{0x000000008769fba8}: 'java.lang.Object java.lang.invoke.DirectMethodHandle$Holder.invokeStatic(java.lang.Object, java.lang.Object, java.lang.Object, java.lang.Object, java.lang.Object, java.lang.Object, int)'> (0x000000008769fba8) thrown at [src/hotspot/share/interpreter/linkResolver.cpp, line 773]
Event: 83.796 Thread 0x000002ca509c3800 Exception <a 'java/lang/NoSuchMethodError'{0x00000000876b74f8}: 'java.lang.Object java.lang.invoke.DirectMethodHandle$Holder.invokeStatic(java.lang.Object, java.lang.Object, java.lang.Object, java.lang.Object, java.lang.Object, java.lang.Object, int, int)'> (0x00000000876b74f8) thrown at [src/hotspot/share/interpreter/linkResolver.cpp, line 773]
Event: 83.801 Thread 0x000002ca509c3800 Exception <a 'java/lang/NoSuchMethodError'{0x00000000876cfab0}: 'java.lang.Object java.lang.invoke.DirectMethodHandle$Holder.invokeStatic(java.lang.Object, java.lang.Object, java.lang.Object, java.lang.Object, java.lang.Object, java.lang.Object, int, int, java.lang.Object)'> (0x00000000876cfab0) thrown at [src/hotspot/share/interpreter/linkResolver.cpp, line 773]
Event: 84.515 Thread 0x000002ca509c3800 Exception <a 'sun/nio/fs/WindowsException'{0x0000000086c4de80}> (0x0000000086c4de80) thrown at [src/hotspot/share/prims/jni.cpp, line 617]
Event: 85.215 Thread 0x000002ca509c3800 Exception <a 'java/lang/NullPointerException'{0x00000000889bc8e8}> (0x00000000889bc8e8) thrown at [src/hotspot/share/interpreter/linkResolver.cpp, line 1440]
Event: 85.580 Thread 0x000002ca509c3800 Implicit null exception at 0x000002ca40568ba6 to 0x000002ca4056a5bc
Event: 86.442 Thread 0x000002ca509c3800 Exception <a 'sun/nio/fs/WindowsException'{0x0000000087749900}> (0x0000000087749900) thrown at [src/hotspot/share/prims/jni.cpp, line 617]
Event: 86.443 Thread 0x000002ca509c3800 Exception <a 'sun/nio/fs/WindowsException'{0x000000008774ac90}> (0x000000008774ac90) thrown at [src/hotspot/share/prims/jni.cpp, line 617]
Event: 86.444 Thread 0x000002ca509c3800 Exception <a 'sun/nio/fs/WindowsException'{0x000000008774c058}> (0x000000008774c058) thrown at [src/hotspot/share/prims/jni.cpp, line 617]
Event: 86.445 Thread 0x000002ca509c3800 Exception <a 'sun/nio/fs/WindowsException'{0x000000008774d420}> (0x000000008774d420) thrown at [src/hotspot/share/prims/jni.cpp, line 617]

Events (20 events):
Event: 87.089 loading class org/jetbrains/kotlin/config/MavenComparableVersion$IntegerItem
Event: 87.089 loading class org/jetbrains/kotlin/config/MavenComparableVersion$IntegerItem done
Event: 87.112 loading class org/jetbrains/kotlin/gradle/plugin/statistics/KotlinBuildStatHandler$report$1
Event: 87.112 loading class org/jetbrains/kotlin/gradle/plugin/statistics/KotlinBuildStatHandler$report$1 done
Event: 87.120 loading class org/jetbrains/kotlin/gradle/plugin/mpp/KotlinCompilationsKt$sam$java_util_concurrent_Callable$0
Event: 87.120 loading class org/jetbrains/kotlin/gradle/plugin/mpp/KotlinCompilationsKt$sam$java_util_concurrent_Callable$0 done
Event: 87.125 loading class org/jetbrains/kotlin/gradle/tasks/FilteringSourceRootsContainer$getFilteredSourceRootsFrom$1
Event: 87.125 loading class org/jetbrains/kotlin/gradle/tasks/FilteringSourceRootsContainer$getFilteredSourceRootsFrom$1 done
Event: 87.131 loading class org/jetbrains/kotlin/gradle/tasks/FilteringSourceRootsContainer$sam$org_gradle_api_specs_Spec$0
Event: 87.131 loading class org/jetbrains/kotlin/gradle/tasks/FilteringSourceRootsContainer$sam$org_gradle_api_specs_Spec$0 done
Event: 87.137 loading class org/jetbrains/kotlin/gradle/plugin/mpp/KotlinCompilationsKt$addSourcesToKotlinCompileTask$configureAction$1
Event: 87.137 loading class org/jetbrains/kotlin/gradle/plugin/mpp/KotlinCompilationsKt$addSourcesToKotlinCompileTask$configureAction$1 done
Event: 87.160 loading class com/google/wireless/android/sdk/stats/GradleBuildVariant$KotlinOptions$1
Event: 87.160 loading class com/google/wireless/android/sdk/stats/GradleBuildVariant$KotlinOptions$1 done
Event: 87.163 loading class com/google/wireless/android/sdk/stats/GradleBuildVariant$KotlinOptions$Builder
Event: 87.163 loading class com/google/wireless/android/sdk/stats/GradleBuildVariant$KotlinOptions$Builder done
Event: 87.213 loading class org/jetbrains/kotlin/gradle/plugin/Android25ProjectHandler$wireKotlinTasks$1$1
Event: 87.213 loading class org/jetbrains/kotlin/gradle/plugin/Android25ProjectHandler$wireKotlinTasks$1$1 done
Event: 87.224 loading class org/jetbrains/kotlin/gradle/plugin/Android25ProjectHandler$wireKotlinTasks$1$2
Event: 87.224 loading class org/jetbrains/kotlin/gradle/plugin/Android25ProjectHandler$wireKotlinTasks$1$2 done


Dynamic libraries:
0x00007ff7be2f0000 - 0x00007ff7be2fa000 	C:\Program Files\Android\Android Studio\jbr\bin\java.exe
0x00007ff9ad830000 - 0x00007ff9ada28000 	C:\WINDOWS\SYSTEM32\ntdll.dll
0x00007ff9ad690000 - 0x00007ff9ad74f000 	C:\WINDOWS\System32\KERNEL32.DLL
0x00007ff9ab450000 - 0x00007ff9ab722000 	C:\WINDOWS\System32\KERNELBASE.dll
0x00007ff9ab060000 - 0x00007ff9ab160000 	C:\WINDOWS\System32\ucrtbase.dll
0x00007ff99ded0000 - 0x00007ff99deeb000 	C:\Program Files\Android\Android Studio\jbr\bin\VCRUNTIME140.dll
0x00007ff9a23d0000 - 0x00007ff9a23e7000 	C:\Program Files\Android\Android Studio\jbr\bin\jli.dll
0x00007ff9ac540000 - 0x00007ff9ac6e1000 	C:\WINDOWS\System32\USER32.dll
0x00007ff99c760000 - 0x00007ff99c9fa000 	C:\WINDOWS\WinSxS\amd64_microsoft.windows.common-controls_6595b64144ccf1df_6.0.19041.1110_none_60b5254171f9507e\COMCTL32.dll
0x00007ff9ab030000 - 0x00007ff9ab052000 	C:\WINDOWS\System32\win32u.dll
0x00007ff9ac490000 - 0x00007ff9ac52e000 	C:\WINDOWS\System32\msvcrt.dll
0x00007ff9ac850000 - 0x00007ff9ac87b000 	C:\WINDOWS\System32\GDI32.dll
0x00007ff9aaf20000 - 0x00007ff9ab02f000 	C:\WINDOWS\System32\gdi32full.dll
0x00007ff9ab1e0000 - 0x00007ff9ab27d000 	C:\WINDOWS\System32\msvcp_win.dll
0x00007ff9ac810000 - 0x00007ff9ac842000 	C:\WINDOWS\System32\IMM32.DLL
0x00007ff9a3250000 - 0x00007ff9a325c000 	C:\Program Files\Android\Android Studio\jbr\bin\vcruntime140_1.dll
0x00007ff98cd20000 - 0x00007ff98cdad000 	C:\Program Files\Android\Android Studio\jbr\bin\msvcp140.dll
0x00007ff973720000 - 0x00007ff9742dc000 	C:\Program Files\Android\Android Studio\jbr\bin\server\jvm.dll
0x00007ff9accc0000 - 0x00007ff9acd6e000 	C:\WINDOWS\System32\ADVAPI32.dll
0x00007ff9ad750000 - 0x00007ff9ad7ec000 	C:\WINDOWS\System32\sechost.dll
0x00007ff9ad3a0000 - 0x00007ff9ad4c5000 	C:\WINDOWS\System32\RPCRT4.dll
0x00007ff9ac880000 - 0x00007ff9ac888000 	C:\WINDOWS\System32\PSAPI.DLL
0x00007ff9a2630000 - 0x00007ff9a2657000 	C:\WINDOWS\SYSTEM32\WINMM.dll
0x00007ff9a4820000 - 0x00007ff9a4829000 	C:\WINDOWS\SYSTEM32\WSOCK32.dll
0x00007ff9a2620000 - 0x00007ff9a262a000 	C:\WINDOWS\SYSTEM32\VERSION.dll
0x00007ff9ad2d0000 - 0x00007ff9ad33b000 	C:\WINDOWS\System32\WS2_32.dll
0x00007ff9a9770000 - 0x00007ff9a9782000 	C:\WINDOWS\SYSTEM32\kernel.appcore.dll
0x00007ff9a4810000 - 0x00007ff9a4820000 	C:\Program Files\Android\Android Studio\jbr\bin\verify.dll
0x00007ff9a9550000 - 0x00007ff9a9734000 	C:\WINDOWS\SYSTEM32\DBGHELP.DLL
0x00007ff999900000 - 0x00007ff999935000 	C:\WINDOWS\SYSTEM32\dbgcore.DLL
0x00007ff9ab730000 - 0x00007ff9ab7b2000 	C:\WINDOWS\System32\bcryptPrimitives.dll
0x00007ff9a3db0000 - 0x00007ff9a3dd8000 	C:\Program Files\Android\Android Studio\jbr\bin\java.dll
0x00007ff9a4800000 - 0x00007ff9a480a000 	C:\Program Files\Android\Android Studio\jbr\bin\jimage.dll
0x00007ff9a2580000 - 0x00007ff9a2598000 	C:\Program Files\Android\Android Studio\jbr\bin\zip.dll
0x00007ff9ab870000 - 0x00007ff9abfb4000 	C:\WINDOWS\System32\SHELL32.dll
0x00007ff9a8cf0000 - 0x00007ff9a9482000 	C:\WINDOWS\SYSTEM32\windows.storage.dll
0x00007ff9acdf0000 - 0x00007ff9ad145000 	C:\WINDOWS\System32\combase.dll
0x00007ff9aa980000 - 0x00007ff9aa9b0000 	C:\WINDOWS\SYSTEM32\Wldp.dll
0x00007ff9ac9c0000 - 0x00007ff9aca6d000 	C:\WINDOWS\System32\SHCORE.dll
0x00007ff9ad340000 - 0x00007ff9ad395000 	C:\WINDOWS\System32\shlwapi.dll
0x00007ff9aae60000 - 0x00007ff9aae7f000 	C:\WINDOWS\SYSTEM32\profapi.dll
0x00007ff9a2560000 - 0x00007ff9a2579000 	C:\Program Files\Android\Android Studio\jbr\bin\net.dll
0x00007ff9a17d0000 - 0x00007ff9a18dc000 	C:\WINDOWS\SYSTEM32\WINHTTP.dll
0x00007ff9aa6e0000 - 0x00007ff9aa74a000 	C:\WINDOWS\system32\mswsock.dll
0x00007ff9a24f0000 - 0x00007ff9a2503000 	C:\Program Files\Android\Android Studio\jbr\bin\nio.dll
0x00007ff999530000 - 0x00007ff999557000 	C:\Users\dwise\.gradle\native\e1d6ef7f7dcc3fd88c89a11ec53ec762bb8ba0a96d01ffa2cd45eb1d1d8dd5c5\windows-amd64\native-platform.dll
0x00007ff9735d0000 - 0x00007ff973714000 	C:\Users\dwise\.gradle\native\0d407fdbe67a94daf76414ababcb853783967236a71b16ec16e742cd7a986fd3\windows-amd64\native-platform-file-events.dll
0x00007ff9a47e0000 - 0x00007ff9a47ea000 	C:\Program Files\Android\Android Studio\jbr\bin\management.dll
0x00007ff9a2270000 - 0x00007ff9a227b000 	C:\Program Files\Android\Android Studio\jbr\bin\management_ext.dll
0x00007ff9aa8e0000 - 0x00007ff9aa8f8000 	C:\WINDOWS\SYSTEM32\CRYPTSP.dll
0x00007ff9a9f20000 - 0x00007ff9a9f54000 	C:\WINDOWS\system32\rsaenh.dll
0x00007ff9ab1b0000 - 0x00007ff9ab1d7000 	C:\WINDOWS\System32\bcrypt.dll
0x00007ff9aae20000 - 0x00007ff9aae4e000 	C:\WINDOWS\SYSTEM32\USERENV.dll
0x00007ff9aa8d0000 - 0x00007ff9aa8dc000 	C:\WINDOWS\SYSTEM32\CRYPTBASE.dll
0x00007ff9aa360000 - 0x00007ff9aa39b000 	C:\WINDOWS\SYSTEM32\IPHLPAPI.DLL
0x00007ff9ac530000 - 0x00007ff9ac538000 	C:\WINDOWS\System32\NSI.dll
0x00007ff9a1a60000 - 0x00007ff9a1a77000 	C:\WINDOWS\SYSTEM32\dhcpcsvc6.DLL
0x00007ff9a1b60000 - 0x00007ff9a1b7d000 	C:\WINDOWS\SYSTEM32\dhcpcsvc.DLL
0x00007ff9aa3c0000 - 0x00007ff9aa48a000 	C:\WINDOWS\SYSTEM32\DNSAPI.dll

dbghelp: loaded successfully - version: 4.0.5 - missing functions: none
symbol engine: initialized successfully - sym options: 0x614 - pdb path: .;C:\Program Files\Android\Android Studio\jbr\bin;C:\WINDOWS\SYSTEM32;C:\WINDOWS\WinSxS\amd64_microsoft.windows.common-controls_6595b64144ccf1df_6.0.19041.1110_none_60b5254171f9507e;C:\Program Files\Android\Android Studio\jbr\bin\server;C:\Users\dwise\.gradle\native\e1d6ef7f7dcc3fd88c89a11ec53ec762bb8ba0a96d01ffa2cd45eb1d1d8dd5c5\windows-amd64;C:\Users\dwise\.gradle\native\0d407fdbe67a94daf76414ababcb853783967236a71b16ec16e742cd7a986fd3\windows-amd64

VM Arguments:
jvm_args: --add-opens=java.base/java.util=ALL-UNNAMED --add-opens=java.base/java.lang=ALL-UNNAMED --add-opens=java.base/java.lang.invoke=ALL-UNNAMED --add-opens=java.base/java.util=ALL-UNNAMED --add-opens=java.prefs/java.util.prefs=ALL-UNNAMED --add-opens=java.prefs/java.util.prefs=ALL-UNNAMED --add-opens=java.base/java.nio.charset=ALL-UNNAMED --add-opens=java.base/java.net=ALL-UNNAMED --add-opens=java.base/java.util.concurrent.atomic=ALL-UNNAMED -Xmx2048m -Dfile.encoding=UTF-8 -Duser.country=ID -Duser.language=en -Duser.variant 
java_command: org.gradle.launcher.daemon.bootstrap.GradleDaemon 7.5
java_class_path (initial): C:\Users\dwise\.gradle\wrapper\dists\gradle-7.5-bin\f1w0cc9nuo0eivz97x2xlu9sv\gradle-7.5\lib\gradle-launcher-7.5.jar
Launcher Type: SUN_STANDARD

[Global flags]
     intx CICompilerCount                          = 3                                         {product} {ergonomic}
     uint ConcGCThreads                            = 1                                         {product} {ergonomic}
     uint G1ConcRefinementThreads                  = 4                                         {product} {ergonomic}
   size_t G1HeapRegionSize                         = 1048576                                   {product} {ergonomic}
    uintx GCDrainStackTargetSize                   = 64                                        {product} {ergonomic}
   size_t InitialHeapSize                          = 58720256                                  {product} {ergonomic}
   size_t MarkStackSize                            = 4194304                                   {product} {ergonomic}
   size_t MaxHeapSize                              = 2147483648                                {product} {command line}
   size_t MaxNewSize                               = 1287651328                                {product} {ergonomic}
   size_t MinHeapDeltaBytes                        = 1048576                                   {product} {ergonomic}
    uintx NonNMethodCodeHeapSize                   = 5830732                                {pd product} {ergonomic}
    uintx NonProfiledCodeHeapSize                  = 122913754                              {pd product} {ergonomic}
    uintx ProfiledCodeHeapSize                     = 122913754                              {pd product} {ergonomic}
    uintx ReservedCodeCacheSize                    = 251658240                              {pd product} {ergonomic}
     bool SegmentedCodeCache                       = true                                      {product} {ergonomic}
     bool UseCompressedClassPointers               = true                                 {lp64_product} {ergonomic}
     bool UseCompressedOops                        = true                                 {lp64_product} {ergonomic}
     bool UseG1GC                                  = true                                      {product} {ergonomic}
     bool UseLargePagesIndividualAllocation        = false                                  {pd product} {ergonomic}

Logging:
Log output configuration:
 #0: stdout all=warning uptime,level,tags
 #1: stderr all=off uptime,level,tags

Environment Variables:
PATH=C:\Python310\Scripts\;C:\Python310\;C:\Program Files (x86)\Common Files\Intel\Shared Files\cpp\bin\Intel64;C:\Program Files\Eclipse Adoptium\jdk-17.0.1.12-hotspot\bin;C:\WINDOWS\system32;C:\WINDOWS;C:\WINDOWS\System32\Wbem;C:\WINDOWS\System32\WindowsPowerShell\v1.0\;C:\WINDOWS\System32\OpenSSH\;C:\Program Files\Git\cmd;C:\xampp\php;C:\composer;C:\Program Files\Dart\dart-sdk\bin;C:\Program Files\nodejs\;C:\ProgramData\chocolatey\bin;C:\Users\dwise\AppData\Local\Programs\Python\Python38\Scripts\;C:\Users\dwise\AppData\Local\Programs\Python\Python38\;C:\Users\dwise\AppData\Local\Microsoft\WindowsApps;C:\Users\dwise\AppData\Local\Programs\Microsoft VS Code\bin;C:\Users\dwise\AppData\Local\GitHubDesktop\bin;C:\Users\dwise\AppData\Roaming\Composer\vendor\bin;C:\Users\dwise\OneDrive\Documents\flutter\flutter\bin;C:\Users\dwise\AppData\Roaming\npm
USERNAME=dwise
OS=Windows_NT
PROCESSOR_IDENTIFIER=AMD64 Family 22 Model 48 Stepping 1, AuthenticAMD



---------------  S Y S T E M  ---------------

OS: Windows 10 , 64 bit Build 19041 (10.0.19041.2364)
OS uptime: 1 days 12:07 hours

CPU:total 4 (initial active 4) (4 cores per cpu, 1 threads per core) family 22 model 48 stepping 1 microcode 0x0, cmov, cx8, fxsr, mmx, sse, sse2, sse3, ssse3, sse4.1, sse4.2, popcnt, avx, aes, clmul, mmxext, 3dnowpref, lzcnt, sse4a, tsc, tscinvbit, tscinv, bmi1

Memory: 4k page, system-wide physical 3550M (122M free)
TotalPageFile size 14302M (AvailPageFile size 1M)
current process WorkingSet (physical memory assigned to process): 176M, peak: 214M
current process commit charge ("private bytes"): 393M, peak: 394M

vm_info: OpenJDK 64-Bit Server VM (11.0.15+0-b2043.56-9505619) for windows-amd64 JRE (11.0.15+0-b2043.56-9505619), built on Jan 19 2023 02:48:00 by "builduser" with unknown MS VC++:1929

END.
