#
# There is insufficient memory for the Java Runtime Environment to continue.
# Native memory allocation (mmap) failed to map 14680064 bytes for Failed to commit area from 0x0000000084200000 to 0x0000000085000000 of length 14680064.
# Possible reasons:
#   The system is out of physical RAM or swap space
#   The process is running with CompressedOops enabled, and the Java Heap may be blocking the growth of the native heap
# Possible solutions:
#   Reduce memory load on the system
#   Increase physical memory or swap space
#   Check if swap backing store is full
#   Decrease Java heap size (-Xmx/-Xms)
#   Decrease number of Java threads
#   Decrease Java thread stack sizes (-Xss)
#   Set larger code cache with -XX:ReservedCodeCacheSize=
#   JVM is running with Unscaled Compressed Oops mode in which the Java heap is
#     placed in the first 4GB address space. The Java Heap base address is the
#     maximum limit for the native heap growth. Please use -XX:HeapBaseMinAddress
#     to set the Java Heap base and to place the Java Heap above 4GB virtual address.
# This output file may be truncated or incomplete.
#
#  Out of Memory Error (src/hotspot/os/windows/os_windows.cpp:3627), pid=4592, tid=15404
#
# JRE version: OpenJDK Runtime Environment (11.0.15) (build 11.0.15+0-b2043.56-9505619)
# Java VM: OpenJDK 64-Bit Server VM (11.0.15+0-b2043.56-9505619, mixed mode, tiered, compressed oops, g1 gc, windows-amd64)
# No core dump will be written. Minidumps are not enabled by default on client versions of Windows
#

---------------  S U M M A R Y ------------

Command Line: --add-opens=java.base/java.util=ALL-UNNAMED --add-opens=java.base/java.lang=ALL-UNNAMED --add-opens=java.base/java.lang.invoke=ALL-UNNAMED --add-opens=java.base/java.util=ALL-UNNAMED --add-opens=java.prefs/java.util.prefs=ALL-UNNAMED --add-opens=java.prefs/java.util.prefs=ALL-UNNAMED --add-opens=java.base/java.nio.charset=ALL-UNNAMED --add-opens=java.base/java.net=ALL-UNNAMED --add-opens=java.base/java.util.concurrent.atomic=ALL-UNNAMED -Xmx2048m -Dfile.encoding=UTF-8 -Duser.country=ID -Duser.language=en -Duser.variant org.gradle.launcher.daemon.bootstrap.GradleDaemon 7.5

Host: AMD A8-7410 APU with AMD Radeon R5 Graphics    , 4 cores, 3G,  Windows 10 , 64 bit Build 19041 (10.0.19041.2364)
Time: Fri Feb 17 19:08:59 2023 SE Asia Standard Time elapsed time: 14.858823 seconds (0d 0h 0m 14s)

---------------  T H R E A D  ---------------

Current thread (0x000001e5d6e80000):  VMThread "VM Thread" [stack: 0x000000c340400000,0x000000c340500000] [id=15404]

Stack: [0x000000c340400000,0x000000c340500000]
[error occurred during error reporting (printing stack bounds), id 0xc0000005, EXCEPTION_ACCESS_VIOLATION (0xc0000005) at pc=0x000001e5c0da112d]

Native frames: (J=compiled Java code, j=interpreted, Vv=VM code, C=native code)
V  [jvm.dll+0x64135a]
V  [jvm.dll+0x7d39f9]
V  [jvm.dll+0x7d51b9]
V  [jvm.dll+0x7d5805]
V  [jvm.dll+0x7d57bb]
V  [jvm.dll+0x640655]
V  [jvm.dll+0x640d68]
C  [ntdll.dll+0xa241f]
C  [ntdll.dll+0x514a4]
C  [ntdll.dll+0xa0f4e]
C  0x000001e5c0da112d

VM_Operation (0x000000c3416f3190): G1CollectForAllocation, mode: safepoint, requested by thread 0x000001e5d879b000


---------------  P R O C E S S  ---------------

Threads class SMR info:
_java_thread_list=0x000001e5d9b9f800, length=29, elements={
0x000001e5bd274800, 0x000001e5d6e82000, 0x000001e5d6e85800, 0x000001e5d6e9e800,
0x000001e5d6e9f000, 0x000001e5d6ea0000, 0x000001e5d6ea6000, 0x000001e5d6eaa800,
0x000001e5d6eb8800, 0x000001e5d794f000, 0x000001e5d989d800, 0x000001e5d9900000,
0x000001e5d929f800, 0x000001e5d98e2000, 0x000001e5d98bc000, 0x000001e5d91c6800,
0x000001e5d879b000, 0x000001e5d879c000, 0x000001e5d8eac800, 0x000001e5d8ead000,
0x000001e5d92cb800, 0x000001e5d92ca800, 0x000001e5d92cd000, 0x000001e5d92cc800,
0x000001e5d92c7800, 0x000001e5d92ce000, 0x000001e5d92c8000, 0x000001e5d92c9000,
0x000001e5d92ca000
}

Java Threads: ( => current thread )
  0x000001e5bd274800 JavaThread "main" [_thread_blocked, id=10288, stack(0x000000c33fe00000,0x000000c33ff00000)]
  0x000001e5d6e82000 JavaThread "Reference Handler" daemon [_thread_blocked, id=18208, stack(0x000000c340500000,0x000000c340600000)]
  0x000001e5d6e85800 JavaThread "Finalizer" daemon [_thread_blocked, id=17652, stack(0x000000c340600000,0x000000c340700000)]
  0x000001e5d6e9e800 JavaThread "Signal Dispatcher" daemon [_thread_blocked, id=480, stack(0x000000c340700000,0x000000c340800000)]
  0x000001e5d6e9f000 JavaThread "Attach Listener" daemon [_thread_blocked, id=16536, stack(0x000000c340800000,0x000000c340900000)]
  0x000001e5d6ea0000 JavaThread "Service Thread" daemon [_thread_blocked, id=17192, stack(0x000000c340900000,0x000000c340a00000)]
  0x000001e5d6ea6000 JavaThread "C2 CompilerThread0" daemon [_thread_blocked, id=16684, stack(0x000000c340a00000,0x000000c340b00000)]
  0x000001e5d6eaa800 JavaThread "C1 CompilerThread0" daemon [_thread_blocked, id=17216, stack(0x000000c340b00000,0x000000c340c00000)]
  0x000001e5d6eb8800 JavaThread "Sweeper thread" daemon [_thread_blocked, id=13928, stack(0x000000c340c00000,0x000000c340d00000)]
  0x000001e5d794f000 JavaThread "Common-Cleaner" daemon [_thread_blocked, id=11032, stack(0x000000c340d00000,0x000000c340e00000)]
  0x000001e5d989d800 JavaThread "Daemon health stats" [_thread_blocked, id=17464, stack(0x000000c341000000,0x000000c341100000)]
  0x000001e5d9900000 JavaThread "Incoming local TCP Connector on port 60244" [_thread_in_native, id=17004, stack(0x000000c341100000,0x000000c341200000)]
  0x000001e5d929f800 JavaThread "Daemon periodic checks" [_thread_blocked, id=3312, stack(0x000000c341200000,0x000000c341300000)]
  0x000001e5d98e2000 JavaThread "Daemon" [_thread_blocked, id=5224, stack(0x000000c341300000,0x000000c341400000)]
  0x000001e5d98bc000 JavaThread "Handler for socket connection from /127.0.0.1:60244 to /127.0.0.1:60245" [_thread_in_native, id=9100, stack(0x000000c341400000,0x000000c341500000)]
  0x000001e5d91c6800 JavaThread "Cancel handler" [_thread_blocked, id=8636, stack(0x000000c341500000,0x000000c341600000)]
  0x000001e5d879b000 JavaThread "Daemon worker" [_thread_blocked, id=17300, stack(0x000000c341600000,0x000000c341700000)]
  0x000001e5d879c000 JavaThread "Asynchronous log dispatcher for DefaultDaemonConnection: socket connection from /127.0.0.1:60244 to /127.0.0.1:60245" [_thread_blocked, id=16564, stack(0x000000c341700000,0x000000c341800000)]
  0x000001e5d8eac800 JavaThread "Stdin handler" [_thread_blocked, id=12968, stack(0x000000c341800000,0x000000c341900000)]
  0x000001e5d8ead000 JavaThread "Daemon client event forwarder" [_thread_blocked, id=17248, stack(0x000000c341900000,0x000000c341a00000)]
  0x000001e5d92cb800 JavaThread "Cache worker for journal cache (C:\Users\dwise\.gradle\caches\journal-1)" [_thread_blocked, id=16752, stack(0x000000c341c00000,0x000000c341d00000)]
  0x000001e5d92ca800 JavaThread "File lock request listener" [_thread_in_native, id=16688, stack(0x000000c341d00000,0x000000c341e00000)]
  0x000001e5d92cd000 JavaThread "Cache worker for file hash cache (C:\Users\dwise\.gradle\caches\7.5\fileHashes)" [_thread_blocked, id=17980, stack(0x000000c341e00000,0x000000c341f00000)]
  0x000001e5d92cc800 JavaThread "File watcher server" daemon [_thread_in_native, id=16416, stack(0x000000c341f00000,0x000000c342000000)]
  0x000001e5d92c7800 JavaThread "File watcher consumer" daemon [_thread_blocked, id=1280, stack(0x000000c342000000,0x000000c342100000)]
  0x000001e5d92ce000 JavaThread "jar transforms" [_thread_blocked, id=18220, stack(0x000000c342100000,0x000000c342200000)]
  0x000001e5d92c8000 JavaThread "jar transforms Thread 2" [_thread_blocked, id=17040, stack(0x000000c342200000,0x000000c342300000)]
  0x000001e5d92c9000 JavaThread "jar transforms Thread 3" [_thread_blocked, id=2860, stack(0x000000c342300000,0x000000c342400000)]
  0x000001e5d92ca000 JavaThread "jar transforms Thread 4" [_thread_blocked, id=456, stack(0x000000c342400000,0x000000c342500000)]

Other Threads:
=>0x000001e5d6e80000 VMThread "VM Thread" [stack: 0x000000c340400000,0x000000c340500000] [id=15404]
  0x000001e5d7984800 WatcherThread [stack: 0x000000c340e00000,0x000000c340f00000] [id=16604]
  0x000001e5bd28c800 GCTaskThread "GC Thread#0" [stack: 0x000000c33ff00000,0x000000c340000000] [id=13960]
  0x000001e5d7f2e800 GCTaskThread "GC Thread#1" [stack: 0x000000c340f00000,0x000000c341000000] [id=16736]
  0x000001e5d9971000 GCTaskThread "GC Thread#2" [stack: 0x000000c341a00000,0x000000c341b00000] [id=16868]
  0x000001e5d9838000 GCTaskThread "GC Thread#3" [stack: 0x000000c341b00000,0x000000c341c00000] [id=16404]
  0x000001e5bd2bf000 ConcurrentGCThread "G1 Main Marker" [stack: 0x000000c340000000,0x000000c340100000] [id=10036]
  0x000001e5bd2c0000 ConcurrentGCThread "G1 Conc#0" [stack: 0x000000c340100000,0x000000c340200000] [id=17308]
  0x000001e5bd33b000 ConcurrentGCThread "G1 Refine#0" [stack: 0x000000c340200000,0x000000c340300000] [id=12136]
  0x000001e5bd33c000 ConcurrentGCThread "G1 Young RemSet Sampling" [stack: 0x000000c340300000,0x000000c340400000] [id=204]

Threads with active compile tasks:

VM state:at safepoint (normal execution)

VM Mutex/Monitor currently owned by a thread:  ([mutex/lock_event])
[0x000001e5bd270e60] Threads_lock - owner thread: 0x000001e5d6e80000
[0x000001e5bd2711c0] Heap_lock - owner thread: 0x000001e5d879b000

Heap address: 0x0000000080000000, size: 2048 MB, Compressed Oops mode: 32-bit
Narrow klass base: 0x0000000000000000, Narrow klass shift: 3
Compressed class space size: 1073741824 Address: 0x0000000100000000

Heap:
 garbage-first heap   total 81920K, used 50652K [0x0000000080000000, 0x0000000100000000)
  region size 1024K, 1 young (1024K), 1 survivors (1024K)
 Metaspace       used 27805K, capacity 28633K, committed 28720K, reserved 1075200K
  class space    used 3642K, capacity 3955K, committed 3968K, reserved 1048576K
Heap Regions: E=young(eden), S=young(survivor), O=old, HS=humongous(starts), HC=humongous(continues), CS=collection set, F=free, A=archive, TAMS=top-at-mark-start (previous, next)
|   0|0x0000000080000000, 0x0000000080100000, 0x0000000080100000|100%|HS|  |TAMS 0x0000000080100000, 0x0000000080100000| Complete 
|   1|0x0000000080100000, 0x0000000080200000, 0x0000000080200000|100%|HC|  |TAMS 0x0000000080200000, 0x0000000080200000| Complete 
|   2|0x0000000080200000, 0x0000000080300000, 0x0000000080300000|100%|HC|  |TAMS 0x0000000080300000, 0x0000000080300000| Complete 
|   3|0x0000000080300000, 0x0000000080400000, 0x0000000080400000|100%| O|  |TAMS 0x0000000080400000, 0x0000000080400000| Untracked 
|   4|0x0000000080400000, 0x0000000080500000, 0x0000000080500000|100%| O|  |TAMS 0x0000000080500000, 0x0000000080500000| Untracked 
|   5|0x0000000080500000, 0x0000000080600000, 0x0000000080600000|100%| O|  |TAMS 0x0000000080600000, 0x0000000080600000| Untracked 
|   6|0x0000000080600000, 0x0000000080700000, 0x0000000080700000|100%| O|  |TAMS 0x0000000080700000, 0x0000000080700000| Untracked 
|   7|0x0000000080700000, 0x0000000080800000, 0x0000000080800000|100%| O|  |TAMS 0x0000000080800000, 0x0000000080800000| Untracked 
|   8|0x0000000080800000, 0x0000000080900000, 0x0000000080900000|100%| O|  |TAMS 0x0000000080900000, 0x0000000080900000| Untracked 
|   9|0x0000000080900000, 0x0000000080a00000, 0x0000000080a00000|100%| O|  |TAMS 0x0000000080a00000, 0x0000000080a00000| Untracked 
|  10|0x0000000080a00000, 0x0000000080b00000, 0x0000000080b00000|100%| O|  |TAMS 0x0000000080b00000, 0x0000000080b00000| Untracked 
|  11|0x0000000080b00000, 0x0000000080c00000, 0x0000000080c00000|100%| O|  |TAMS 0x0000000080c00000, 0x0000000080c00000| Untracked 
|  12|0x0000000080c00000, 0x0000000080d00000, 0x0000000080d00000|100%| O|  |TAMS 0x0000000080d00000, 0x0000000080d00000| Untracked 
|  13|0x0000000080d00000, 0x0000000080e00000, 0x0000000080e00000|100%| O|  |TAMS 0x0000000080e00000, 0x0000000080e00000| Untracked 
|  14|0x0000000080e00000, 0x0000000080f00000, 0x0000000080f00000|100%| O|  |TAMS 0x0000000080f00000, 0x0000000080f00000| Untracked 
|  15|0x0000000080f00000, 0x0000000081000000, 0x0000000081000000|100%| O|  |TAMS 0x0000000081000000, 0x0000000081000000| Untracked 
|  16|0x0000000081000000, 0x0000000081100000, 0x0000000081100000|100%| O|  |TAMS 0x0000000081100000, 0x0000000081100000| Untracked 
|  17|0x0000000081100000, 0x0000000081200000, 0x0000000081200000|100%|HS|  |TAMS 0x0000000081200000, 0x0000000081200000| Complete 
|  18|0x0000000081200000, 0x0000000081300000, 0x0000000081300000|100%|HC|  |TAMS 0x0000000081300000, 0x0000000081300000| Complete 
|  19|0x0000000081300000, 0x0000000081400000, 0x0000000081400000|100%|HS|  |TAMS 0x0000000081400000, 0x0000000081400000| Complete 
|  20|0x0000000081400000, 0x0000000081500000, 0x0000000081500000|100%|HC|  |TAMS 0x0000000081500000, 0x0000000081500000| Complete 
|  21|0x0000000081500000, 0x0000000081600000, 0x0000000081600000|100%|HC|  |TAMS 0x0000000081600000, 0x0000000081600000| Complete 
|  22|0x0000000081600000, 0x0000000081700000, 0x0000000081700000|100%|HS|  |TAMS 0x0000000081700000, 0x0000000081700000| Complete 
|  23|0x0000000081700000, 0x0000000081800000, 0x0000000081800000|100%|HC|  |TAMS 0x0000000081800000, 0x0000000081800000| Complete 
|  24|0x0000000081800000, 0x0000000081900000, 0x0000000081900000|100%|HC|  |TAMS 0x0000000081900000, 0x0000000081900000| Complete 
|  25|0x0000000081900000, 0x0000000081a00000, 0x0000000081a00000|100%| O|  |TAMS 0x0000000081a00000, 0x0000000081a00000| Untracked 
|  26|0x0000000081a00000, 0x0000000081b00000, 0x0000000081b00000|100%| O|  |TAMS 0x0000000081b00000, 0x0000000081b00000| Untracked 
|  27|0x0000000081b00000, 0x0000000081c00000, 0x0000000081c00000|100%| O|  |TAMS 0x0000000081b00000, 0x0000000081c00000| Untracked 
|  28|0x0000000081c00000, 0x0000000081d00000, 0x0000000081d00000|100%| O|  |TAMS 0x0000000081c00000, 0x0000000081d00000| Untracked 
|  29|0x0000000081d00000, 0x0000000081d67a00, 0x0000000081e00000| 40%| O|  |TAMS 0x0000000081d00000, 0x0000000081d67a00| Untracked 
|  30|0x0000000081e00000, 0x0000000081e00000, 0x0000000081f00000|  0%| F|  |TAMS 0x0000000081e00000, 0x0000000081e00000| Untracked 
|  31|0x0000000081f00000, 0x0000000082000000, 0x0000000082000000|100%|HS|  |TAMS 0x0000000082000000, 0x0000000082000000| Complete 
|  32|0x0000000082000000, 0x0000000082100000, 0x0000000082100000|100%|HC|  |TAMS 0x0000000082100000, 0x0000000082100000| Complete 
|  33|0x0000000082100000, 0x0000000082200000, 0x0000000082200000|100%|HS|  |TAMS 0x0000000082200000, 0x0000000082200000| Complete 
|  34|0x0000000082200000, 0x0000000082300000, 0x0000000082300000|100%|HC|  |TAMS 0x0000000082300000, 0x0000000082300000| Complete 
|  35|0x0000000082300000, 0x0000000082400000, 0x0000000082400000|100%|HC|  |TAMS 0x0000000082400000, 0x0000000082400000| Complete 
|  36|0x0000000082400000, 0x0000000082500000, 0x0000000082500000|100%|HC|  |TAMS 0x0000000082500000, 0x0000000082500000| Complete 
|  37|0x0000000082500000, 0x0000000082600000, 0x0000000082600000|100%|HC|  |TAMS 0x0000000082600000, 0x0000000082600000| Complete 
|  38|0x0000000082600000, 0x0000000082700000, 0x0000000082700000|100%| O|  |TAMS 0x0000000082700000, 0x0000000082700000| Untracked 
|  39|0x0000000082700000, 0x0000000082800000, 0x0000000082800000|100%| O|  |TAMS 0x0000000082800000, 0x0000000082800000| Untracked 
|  40|0x0000000082800000, 0x0000000082900000, 0x0000000082900000|100%| O|  |TAMS 0x0000000082900000, 0x0000000082900000| Untracked 
|  41|0x0000000082900000, 0x0000000082900000, 0x0000000082a00000|  0%| F|  |TAMS 0x0000000082900000, 0x0000000082900000| Untracked 
|  42|0x0000000082a00000, 0x0000000082a00000, 0x0000000082b00000|  0%| F|  |TAMS 0x0000000082a00000, 0x0000000082a00000| Untracked 
|  43|0x0000000082b00000, 0x0000000082b00000, 0x0000000082c00000|  0%| F|  |TAMS 0x0000000082b00000, 0x0000000082b00000| Untracked 
|  44|0x0000000082c00000, 0x0000000082c00000, 0x0000000082d00000|  0%| F|  |TAMS 0x0000000082c00000, 0x0000000082c00000| Untracked 
|  45|0x0000000082d00000, 0x0000000082d00000, 0x0000000082e00000|  0%| F|  |TAMS 0x0000000082d00000, 0x0000000082d00000| Untracked 
|  46|0x0000000082e00000, 0x0000000082e00000, 0x0000000082f00000|  0%| F|  |TAMS 0x0000000082e00000, 0x0000000082e00000| Untracked 
|  47|0x0000000082f00000, 0x0000000082f00000, 0x0000000083000000|  0%| F|  |TAMS 0x0000000082f00000, 0x0000000082f00000| Untracked 
|  48|0x0000000083000000, 0x0000000083000000, 0x0000000083100000|  0%| F|  |TAMS 0x0000000083000000, 0x0000000083000000| Untracked 
|  49|0x0000000083100000, 0x0000000083100000, 0x0000000083200000|  0%| F|  |TAMS 0x0000000083100000, 0x0000000083100000| Untracked 
|  50|0x0000000083200000, 0x0000000083200000, 0x0000000083300000|  0%| F|  |TAMS 0x0000000083200000, 0x0000000083200000| Untracked 
|  51|0x0000000083300000, 0x0000000083400000, 0x0000000083400000|100%|HS|  |TAMS 0x0000000083300000, 0x0000000083400000| Complete 
|  52|0x0000000083400000, 0x0000000083500000, 0x0000000083500000|100%|HC|  |TAMS 0x0000000083400000, 0x0000000083500000| Complete 
|  53|0x0000000083500000, 0x0000000083600000, 0x0000000083600000|100%|HC|  |TAMS 0x0000000083500000, 0x0000000083600000| Complete 
|  54|0x0000000083600000, 0x0000000083700000, 0x0000000083700000|100%|HC|  |TAMS 0x0000000083600000, 0x0000000083700000| Complete 
|  55|0x0000000083700000, 0x0000000083800000, 0x0000000083800000|100%|HC|  |TAMS 0x0000000083700000, 0x0000000083800000| Complete 
|  56|0x0000000083800000, 0x0000000083900000, 0x0000000083900000|100%|HC|  |TAMS 0x0000000083800000, 0x0000000083900000| Complete 
|  57|0x0000000083900000, 0x0000000083a00000, 0x0000000083a00000|100%|HC|  |TAMS 0x0000000083900000, 0x0000000083a00000| Complete 
|  58|0x0000000083a00000, 0x0000000083b00000, 0x0000000083b00000|100%|HC|  |TAMS 0x0000000083a00000, 0x0000000083b00000| Complete 
|  59|0x0000000083b00000, 0x0000000083c00000, 0x0000000083c00000|100%|HC|  |TAMS 0x0000000083b00000, 0x0000000083c00000| Complete 
|  60|0x0000000083c00000, 0x0000000083d00000, 0x0000000083d00000|100%|HC|  |TAMS 0x0000000083c00000, 0x0000000083d00000| Complete 
|  61|0x0000000083d00000, 0x0000000083d00000, 0x0000000083e00000|  0%| F|  |TAMS 0x0000000083d00000, 0x0000000083d00000| Untracked 
|  62|0x0000000083e00000, 0x0000000083e00000, 0x0000000083f00000|  0%| F|  |TAMS 0x0000000083e00000, 0x0000000083e00000| Untracked 
|  63|0x0000000083f00000, 0x0000000083f00000, 0x0000000084000000|  0%| F|  |TAMS 0x0000000083f00000, 0x0000000083f00000| Untracked 
|  64|0x0000000084000000, 0x000000008400f900, 0x0000000084100000|  6%| S|CS|TAMS 0x0000000084000000, 0x0000000084000000| Complete 
|  65|0x0000000084100000, 0x0000000084100000, 0x0000000084200000|  0%| F|  |TAMS 0x0000000084100000, 0x0000000084100000| Untracked 

Card table byte_map: [0x000001e5d01a0000,0x000001e5d05a0000] _byte_map_base: 0x000001e5cfda0000

Marking Bits (Prev, Next): (CMBitMap*) 0x000001e5bd2b6440, (CMBitMap*) 0x000001e5bd2b6408
 Prev Bits: [0x000001e5d29a0000, 0x000001e5d49a0000)
 Next Bits: [0x000001e5d09a0000, 0x000001e5d29a0000)

Polling page: 0x000001e5bca50000

Metaspace:

Usage:
  Non-class:     24.10 MB capacity,    23.60 MB ( 98%) used,   449.47 KB (  2%) free+waste,    66.19 KB ( <1%) overhead. 
      Class:      3.86 MB capacity,     3.56 MB ( 92%) used,   278.51 KB (  7%) free+waste,    33.75 KB ( <1%) overhead. 
       Both:     27.96 MB capacity,    27.15 MB ( 97%) used,   727.98 KB (  3%) free+waste,    99.94 KB ( <1%) overhead. 

Virtual space:
  Non-class space:       26.00 MB reserved,      24.17 MB ( 93%) committed 
      Class space:        1.00 GB reserved,       3.88 MB ( <1%) committed 
             Both:        1.03 GB reserved,      28.05 MB (  3%) committed 

Chunk freelists:
   Non-Class:  10.00 KB
       Class:  13.00 KB
        Both:  23.00 KB

MaxMetaspaceSize: 17179869184.00 GB
CompressedClassSpaceSize: 1.00 GB
Initial GC threshold: 20.80 MB
Current GC threshold: 46.75 MB
CDS: off

CodeHeap 'non-profiled nmethods': size=120064Kb used=1199Kb max_used=1199Kb free=118864Kb
 bounds [0x000001e5c8860000, 0x000001e5c8ad0000, 0x000001e5cfda0000]
CodeHeap 'profiled nmethods': size=120000Kb used=5600Kb max_used=5600Kb free=114399Kb
 bounds [0x000001e5c1330000, 0x000001e5c18b0000, 0x000001e5c8860000]
CodeHeap 'non-nmethods': size=5696Kb used=1233Kb max_used=1271Kb free=4463Kb
 bounds [0x000001e5c0da0000, 0x000001e5c1010000, 0x000001e5c1330000]
 total_blobs=3114 nmethods=2604 adapters=423
 compilation: enabled
              stopped_count=0, restarted_count=0
 full_count=0

Compilation events (20 events):
Event: 14.610 Thread 0x000001e5d6eaa800 2599       3       jdk.internal.perf.PerfCounter::getParentDelegationTime (4 bytes)
Event: 14.611 Thread 0x000001e5d6eaa800 nmethod 2599 0x000001e5c18a4f90 code [0x000001e5c18a5140, 0x000001e5c18a5238]
Event: 14.611 Thread 0x000001e5d6eaa800 2600       3       jdk.internal.perf.PerfCounter::addTime (6 bytes)
Event: 14.611 Thread 0x000001e5d6eaa800 nmethod 2600 0x000001e5c18a5290 code [0x000001e5c18a5480, 0x000001e5c18a5b38]
Event: 14.611 Thread 0x000001e5d6eaa800 2601       3       jdk.internal.perf.PerfCounter::getFindClassTime (4 bytes)
Event: 14.612 Thread 0x000001e5d6eaa800 nmethod 2601 0x000001e5c18a5d90 code [0x000001e5c18a5f40, 0x000001e5c18a6038]
Event: 14.612 Thread 0x000001e5d6eaa800 2602       3       jdk.internal.perf.PerfCounter::getFindClasses (4 bytes)
Event: 14.612 Thread 0x000001e5d6eaa800 nmethod 2602 0x000001e5c18a6090 code [0x000001e5c18a6240, 0x000001e5c18a6338]
Event: 14.615 Thread 0x000001e5d6eaa800 2603       3       java.util.AbstractQueue::add (20 bytes)
Event: 14.615 Thread 0x000001e5d6eaa800 nmethod 2603 0x000001e5c18a6390 code [0x000001e5c18a6560, 0x000001e5c18a6818]
Event: 14.617 Thread 0x000001e5d6eaa800 2604       3       java.util.concurrent.ConcurrentHashMap::resizeStamp (8 bytes)
Event: 14.618 Thread 0x000001e5d6eaa800 nmethod 2604 0x000001e5c18a6910 code [0x000001e5c18a6ac0, 0x000001e5c18a6bc8]
Event: 14.622 Thread 0x000001e5d6ea6000 2605   !   4       java.lang.ClassLoader::loadClass (122 bytes)
Event: 14.625 Thread 0x000001e5d6eaa800 2606       3       jdk.internal.reflect.ClassFileAssembler::append (30 bytes)
Event: 14.626 Thread 0x000001e5d6eaa800 nmethod 2606 0x000001e5c18a6c90 code [0x000001e5c18a6ea0, 0x000001e5c18a7358]
Event: 14.630 Thread 0x000001e5d6eaa800 2607       3       java.io.ObjectInputStream$BlockDataInputStream::readUTF (10 bytes)
Event: 14.631 Thread 0x000001e5d6eaa800 nmethod 2607 0x000001e5c18a7610 code [0x000001e5c18a77e0, 0x000001e5c18a7958]
Event: 14.631 Thread 0x000001e5d6eaa800 2608       3       java.io.ObjectInputStream$BlockDataInputStream::readUnsignedShort (76 bytes)
Event: 14.632 Thread 0x000001e5d6eaa800 nmethod 2608 0x000001e5c18a7a10 code [0x000001e5c18a7c00, 0x000001e5c18a7f18]
Event: 14.675 Thread 0x000001e5d6ea6000 nmethod 2605 0x000001e5c8989f90 code [0x000001e5c898a220, 0x000001e5c898b320]

GC Heap History (19 events):
Event: 2.056 GC heap before
{Heap before GC invocations=0 (full 0):
 garbage-first heap   total 57344K, used 16384K [0x0000000080000000, 0x0000000100000000)
  region size 1024K, 14 young (14336K), 0 survivors (0K)
 Metaspace       used 6758K, capacity 7001K, committed 7168K, reserved 1056768K
  class space    used 571K, capacity 650K, committed 768K, reserved 1048576K
}
Event: 2.074 GC heap after
{Heap after GC invocations=1 (full 0):
 garbage-first heap   total 57344K, used 4033K [0x0000000080000000, 0x0000000100000000)
  region size 1024K, 2 young (2048K), 2 survivors (2048K)
 Metaspace       used 6758K, capacity 7001K, committed 7168K, reserved 1056768K
  class space    used 571K, capacity 650K, committed 768K, reserved 1048576K
}
Event: 5.237 GC heap before
{Heap before GC invocations=1 (full 0):
 garbage-first heap   total 57344K, used 38849K [0x0000000080000000, 0x0000000100000000)
  region size 1024K, 33 young (33792K), 2 survivors (2048K)
 Metaspace       used 11247K, capacity 11459K, committed 11520K, reserved 1058816K
  class space    used 1154K, capacity 1245K, committed 1280K, reserved 1048576K
}
Event: 5.250 GC heap after
{Heap after GC invocations=2 (full 0):
 garbage-first heap   total 57344K, used 9818K [0x0000000080000000, 0x0000000100000000)
  region size 1024K, 5 young (5120K), 5 survivors (5120K)
 Metaspace       used 11247K, capacity 11459K, committed 11520K, reserved 1058816K
  class space    used 1154K, capacity 1245K, committed 1280K, reserved 1048576K
}
Event: 6.417 GC heap before
{Heap before GC invocations=2 (full 0):
 garbage-first heap   total 57344K, used 37466K [0x0000000080000000, 0x0000000100000000)
  region size 1024K, 31 young (31744K), 5 survivors (5120K)
 Metaspace       used 12476K, capacity 12711K, committed 12800K, reserved 1060864K
  class space    used 1341K, capacity 1449K, committed 1536K, reserved 1048576K
}
Event: 6.436 GC heap after
{Heap after GC invocations=3 (full 0):
 garbage-first heap   total 57344K, used 14550K [0x0000000080000000, 0x0000000100000000)
  region size 1024K, 4 young (4096K), 4 survivors (4096K)
 Metaspace       used 12476K, capacity 12711K, committed 12800K, reserved 1060864K
  class space    used 1341K, capacity 1449K, committed 1536K, reserved 1048576K
}
Event: 9.774 GC heap before
{Heap before GC invocations=3 (full 0):
 garbage-first heap   total 57344K, used 38102K [0x0000000080000000, 0x0000000100000000)
  region size 1024K, 27 young (27648K), 4 survivors (4096K)
 Metaspace       used 18354K, capacity 18709K, committed 18944K, reserved 1067008K
  class space    used 2142K, capacity 2292K, committed 2304K, reserved 1048576K
}
Event: 9.786 GC heap after
{Heap after GC invocations=4 (full 0):
 garbage-first heap   total 57344K, used 16572K [0x0000000080000000, 0x0000000100000000)
  region size 1024K, 2 young (2048K), 2 survivors (2048K)
 Metaspace       used 18354K, capacity 18709K, committed 18944K, reserved 1067008K
  class space    used 2142K, capacity 2292K, committed 2304K, reserved 1048576K
}
Event: 10.701 GC heap before
{Heap before GC invocations=4 (full 0):
 garbage-first heap   total 57344K, used 33980K [0x0000000080000000, 0x0000000100000000)
  region size 1024K, 20 young (20480K), 2 survivors (2048K)
 Metaspace       used 20751K, capacity 21137K, committed 21296K, reserved 1069056K
  class space    used 2491K, capacity 2634K, committed 2688K, reserved 1048576K
}
Event: 10.707 GC heap after
{Heap after GC invocations=5 (full 0):
 garbage-first heap   total 57344K, used 17073K [0x0000000080000000, 0x0000000100000000)
  region size 1024K, 3 young (3072K), 3 survivors (3072K)
 Metaspace       used 20751K, capacity 21137K, committed 21296K, reserved 1069056K
  class space    used 2491K, capacity 2634K, committed 2688K, reserved 1048576K
}
Event: 11.630 GC heap before
{Heap before GC invocations=6 (full 0):
 garbage-first heap   total 57344K, used 39601K [0x0000000080000000, 0x0000000100000000)
  region size 1024K, 25 young (25600K), 3 survivors (3072K)
 Metaspace       used 22771K, capacity 23228K, committed 23472K, reserved 1069056K
  class space    used 2848K, capacity 3017K, committed 3072K, reserved 1048576K
}
Event: 11.640 GC heap after
{Heap after GC invocations=7 (full 0):
 garbage-first heap   total 57344K, used 17854K [0x0000000080000000, 0x0000000100000000)
  region size 1024K, 2 young (2048K), 2 survivors (2048K)
 Metaspace       used 22771K, capacity 23228K, committed 23472K, reserved 1069056K
  class space    used 2848K, capacity 3017K, committed 3072K, reserved 1048576K
}
Event: 12.617 GC heap before
{Heap before GC invocations=7 (full 0):
 garbage-first heap   total 57344K, used 40382K [0x0000000080000000, 0x0000000100000000)
  region size 1024K, 24 young (24576K), 2 survivors (2048K)
 Metaspace       used 24974K, capacity 25514K, committed 25648K, reserved 1071104K
  class space    used 3191K, capacity 3398K, committed 3456K, reserved 1048576K
}
Event: 12.623 GC heap after
{Heap after GC invocations=8 (full 0):
 garbage-first heap   total 57344K, used 18540K [0x0000000080000000, 0x0000000100000000)
  region size 1024K, 3 young (3072K), 3 survivors (3072K)
 Metaspace       used 24974K, capacity 25514K, committed 25648K, reserved 1071104K
  class space    used 3191K, capacity 3398K, committed 3456K, reserved 1048576K
}
Event: 14.329 GC heap before
{Heap before GC invocations=8 (full 0):
 garbage-first heap   total 57344K, used 47212K [0x0000000080000000, 0x0000000100000000)
  region size 1024K, 25 young (25600K), 3 survivors (3072K)
 Metaspace       used 27646K, capacity 28459K, committed 28720K, reserved 1075200K
  class space    used 3621K, capacity 3910K, committed 3968K, reserved 1048576K
}
Event: 14.350 GC heap after
{Heap after GC invocations=9 (full 0):
 garbage-first heap   total 57344K, used 29749K [0x0000000080000000, 0x0000000100000000)
  region size 1024K, 4 young (4096K), 4 survivors (4096K)
 Metaspace       used 27646K, capacity 28459K, committed 28720K, reserved 1075200K
  class space    used 3621K, capacity 3910K, committed 3968K, reserved 1048576K
}
Event: 14.681 GC heap before
{Heap before GC invocations=10 (full 0):
 garbage-first heap   total 57344K, used 39989K [0x0000000080000000, 0x0000000100000000)
  region size 1024K, 9 young (9216K), 4 survivors (4096K)
 Metaspace       used 27805K, capacity 28633K, committed 28720K, reserved 1075200K
  class space    used 3642K, capacity 3955K, committed 3968K, reserved 1048576K
}
Event: 14.697 GC heap after
{Heap after GC invocations=11 (full 0):
 garbage-first heap   total 57344K, used 40960K [0x0000000080000000, 0x0000000100000000)
  region size 1024K, 3 young (3072K), 3 survivors (3072K)
 Metaspace       used 27805K, capacity 28633K, committed 28720K, reserved 1075200K
  class space    used 3642K, capacity 3955K, committed 3968K, reserved 1048576K
}
Event: 14.846 GC heap before
{Heap before GC invocations=12 (full 0):
 garbage-first heap   total 67584K, used 51200K [0x0000000080000000, 0x0000000100000000)
  region size 1024K, 4 young (4096K), 3 survivors (3072K)
 Metaspace       used 27805K, capacity 28633K, committed 28720K, reserved 1075200K
  class space    used 3642K, capacity 3955K, committed 3968K, reserved 1048576K
}

Deoptimization events (20 events):
Event: 13.989 Thread 0x000001e5d879b000 DEOPT PACKING pc=0x000001e5c8946f08 sp=0x000000c3416fa1f0
Event: 13.989 Thread 0x000001e5d879b000 DEOPT UNPACKING pc=0x000001e5c0dea1af sp=0x000000c3416fa220 mode 2
Event: 13.999 Thread 0x000001e5d879b000 Uncommon trap: trap_request=0xffffff4d fr.pc=0x000001e5c896bb84 relative=0x00000000000058c4
Event: 13.999 Thread 0x000001e5d879b000 Uncommon trap: reason=unstable_if action=reinterpret pc=0x000001e5c896bb84 method=java.net.URLClassLoader.getAndVerifyPackage(Ljava/lang/String;Ljava/util/jar/Manifest;Ljava/net/URL;)Ljava/lang/Package; @ 62 c2
Event: 13.999 Thread 0x000001e5d879b000 DEOPT PACKING pc=0x000001e5c896bb84 sp=0x000000c3416fa0f0
Event: 14.000 Thread 0x000001e5d879b000 DEOPT UNPACKING pc=0x000001e5c0dea1af sp=0x000000c3416f9fa8 mode 2
Event: 14.081 Thread 0x000001e5d879b000 Uncommon trap: trap_request=0xffffff4d fr.pc=0x000001e5c88de580 relative=0x0000000000002100
Event: 14.081 Thread 0x000001e5d879b000 Uncommon trap: reason=unstable_if action=reinterpret pc=0x000001e5c88de580 method=java.util.zip.ZipFile$Source.initCEN(ILjava/util/zip/ZipCoder;)V @ 621 c2
Event: 14.081 Thread 0x000001e5d879b000 DEOPT PACKING pc=0x000001e5c88de580 sp=0x000000c3416f60a0
Event: 14.081 Thread 0x000001e5d879b000 DEOPT UNPACKING pc=0x000001e5c0dea1af sp=0x000000c3416f6060 mode 2
Event: 14.134 Thread 0x000001e5d879b000 DEOPT PACKING pc=0x000001e5c1694bc9 sp=0x000000c3416fa620
Event: 14.134 Thread 0x000001e5d879b000 DEOPT UNPACKING pc=0x000001e5c0dea95e sp=0x000000c3416f9a98 mode 0
Event: 14.326 Thread 0x000001e5d879b000 DEOPT PACKING pc=0x000001e5c1883a16 sp=0x000000c3416f4f50
Event: 14.326 Thread 0x000001e5d879b000 DEOPT UNPACKING pc=0x000001e5c0dea95e sp=0x000000c3416f4528 mode 0
Event: 14.386 Thread 0x000001e5d879b000 DEOPT PACKING pc=0x000001e5c18834d3 sp=0x000000c3416f4f50
Event: 14.386 Thread 0x000001e5d879b000 DEOPT UNPACKING pc=0x000001e5c0dea95e sp=0x000000c3416f44b0 mode 0
Event: 14.526 Thread 0x000001e5d879b000 DEOPT PACKING pc=0x000001e5c1893a84 sp=0x000000c3416f4f50
Event: 14.526 Thread 0x000001e5d879b000 DEOPT UNPACKING pc=0x000001e5c0dea95e sp=0x000000c3416f4528 mode 0
Event: 14.655 Thread 0x000001e5d879b000 DEOPT PACKING pc=0x000001e5c1893a84 sp=0x000000c3416f3a80
Event: 14.655 Thread 0x000001e5d879b000 DEOPT UNPACKING pc=0x000001e5c0dea95e sp=0x000000c3416f3058 mode 0

Classes redefined (0 events):
No events

Internal exceptions (20 events):
Event: 14.310 Thread 0x000001e5d879b000 Exception <a 'java/lang/NoSuchMethodError'{0x00000000822460d8}: <clinit>> (0x00000000822460d8) thrown at [src/hotspot/share/prims/jni.cpp, line 1367]
Event: 14.313 Thread 0x000001e5d879b000 Exception <a 'java/lang/NoSuchMethodError'{0x0000000082255e28}: <clinit>> (0x0000000082255e28) thrown at [src/hotspot/share/prims/jni.cpp, line 1367]
Event: 14.556 Thread 0x000001e5d879b000 Exception <a 'java/lang/NoSuchMethodError'{0x00000000837ee3b8}: <clinit>> (0x00000000837ee3b8) thrown at [src/hotspot/share/prims/jni.cpp, line 1367]
Event: 14.571 Thread 0x000001e5d879b000 Exception <a 'java/lang/NoSuchMethodError'{0x000000008363d340}: <clinit>> (0x000000008363d340) thrown at [src/hotspot/share/prims/jni.cpp, line 1367]
Event: 14.572 Thread 0x000001e5d879b000 Exception <a 'java/lang/NoSuchMethodError'{0x000000008363f1c8}: <clinit>> (0x000000008363f1c8) thrown at [src/hotspot/share/prims/jni.cpp, line 1367]
Event: 14.572 Thread 0x000001e5d879b000 Exception <a 'java/lang/NoSuchMethodError'{0x0000000083641e08}: <clinit>> (0x0000000083641e08) thrown at [src/hotspot/share/prims/jni.cpp, line 1367]
Event: 14.575 Thread 0x000001e5d879b000 Exception <a 'java/lang/NoSuchMethodError'{0x00000000836515d0}: <clinit>> (0x00000000836515d0) thrown at [src/hotspot/share/prims/jni.cpp, line 1367]
Event: 14.578 Thread 0x000001e5d879b000 Exception <a 'java/lang/NoSuchMethodError'{0x000000008365fd08}: <clinit>> (0x000000008365fd08) thrown at [src/hotspot/share/prims/jni.cpp, line 1367]
Event: 14.584 Thread 0x000001e5d879b000 Exception <a 'java/lang/NoSuchMethodError'{0x0000000083674ce8}: <clinit>> (0x0000000083674ce8) thrown at [src/hotspot/share/prims/jni.cpp, line 1367]
Event: 14.593 Thread 0x000001e5d879b000 Exception <a 'java/lang/NoSuchMethodError'{0x00000000836a3868}: <clinit>> (0x00000000836a3868) thrown at [src/hotspot/share/prims/jni.cpp, line 1367]
Event: 14.595 Thread 0x000001e5d879b000 Exception <a 'java/lang/NoSuchMethodError'{0x00000000836b6448}: <clinit>> (0x00000000836b6448) thrown at [src/hotspot/share/prims/jni.cpp, line 1367]
Event: 14.601 Thread 0x000001e5d879b000 Exception <a 'java/lang/NoSuchMethodError'{0x00000000836cc688}: <clinit>> (0x00000000836cc688) thrown at [src/hotspot/share/prims/jni.cpp, line 1367]
Event: 14.605 Thread 0x000001e5d879b000 Exception <a 'java/lang/NoSuchMethodError'{0x00000000836e0040}: <clinit>> (0x00000000836e0040) thrown at [src/hotspot/share/prims/jni.cpp, line 1367]
Event: 14.607 Thread 0x000001e5d879b000 Exception <a 'java/lang/NoSuchMethodError'{0x00000000836ecd68}: <clinit>> (0x00000000836ecd68) thrown at [src/hotspot/share/prims/jni.cpp, line 1367]
Event: 14.614 Thread 0x000001e5d879b000 Exception <a 'java/lang/NoSuchMethodError'{0x0000000083518210}: <clinit>> (0x0000000083518210) thrown at [src/hotspot/share/prims/jni.cpp, line 1367]
Event: 14.617 Thread 0x000001e5d879b000 Exception <a 'java/lang/NoSuchMethodError'{0x0000000083522810}: <clinit>> (0x0000000083522810) thrown at [src/hotspot/share/prims/jni.cpp, line 1367]
Event: 14.618 Thread 0x000001e5d879b000 Exception <a 'java/lang/NoSuchMethodError'{0x000000008352d768}: <clinit>> (0x000000008352d768) thrown at [src/hotspot/share/prims/jni.cpp, line 1367]
Event: 14.620 Thread 0x000001e5d879b000 Exception <a 'java/lang/NoSuchMethodError'{0x0000000083539f00}: <clinit>> (0x0000000083539f00) thrown at [src/hotspot/share/prims/jni.cpp, line 1367]
Event: 14.621 Thread 0x000001e5d879b000 Exception <a 'java/lang/NoSuchMethodError'{0x0000000083540e78}: <clinit>> (0x0000000083540e78) thrown at [src/hotspot/share/prims/jni.cpp, line 1367]
Event: 14.629 Thread 0x000001e5d879b000 Exception <a 'java/lang/NoSuchMethodError'{0x0000000083572428}: <clinit>> (0x0000000083572428) thrown at [src/hotspot/share/prims/jni.cpp, line 1367]

Events (20 events):
Event: 14.617 loading class org/jetbrains/plugins/gradle/model/tests/ExternalTestsModel done
Event: 14.619 loading class org/jetbrains/plugins/gradle/model/IntelliJProjectSettings
Event: 14.619 loading class org/jetbrains/plugins/gradle/model/IntelliJProjectSettings done
Event: 14.619 loading class org/jetbrains/plugins/gradle/model/IntelliJSettings
Event: 14.619 loading class org/jetbrains/plugins/gradle/model/IntelliJSettings done
Event: 14.622 loading class org/jetbrains/kotlin/idea/gradleTooling/AndroidAwareGradleModelProvider
Event: 14.622 loading class org/jetbrains/kotlin/idea/gradleTooling/AndroidAwareGradleModelProvider done
Event: 14.623 loading class org/jetbrains/kotlin/idea/gradleTooling/AndroidAwareGradleModelProvider$Companion
Event: 14.623 loading class org/jetbrains/kotlin/idea/gradleTooling/AndroidAwareGradleModelProvider$Companion done
Event: 14.627 loading class org/jetbrains/kotlin/idea/gradleTooling/KotlinGradleModel
Event: 14.627 loading class org/jetbrains/kotlin/idea/gradleTooling/KotlinGradleModel done
Event: 14.630 loading class org/jetbrains/kotlin/android/synthetic/idea/AndroidExtensionsGradleModel
Event: 14.630 loading class org/jetbrains/kotlin/android/synthetic/idea/AndroidExtensionsGradleModel done
Event: 14.681 Executing VM operation: G1CollectForAllocation
Event: 14.697 Executing VM operation: G1CollectForAllocation done
Event: 14.751 Executing VM operation: CGC_Operation
Event: 14.758 Executing VM operation: CGC_Operation done
Event: 14.781 Executing VM operation: CGC_Operation
Event: 14.781 Executing VM operation: CGC_Operation done
Event: 14.846 Executing VM operation: G1CollectForAllocation


Dynamic libraries:
0x00007ff763000000 - 0x00007ff76300a000 	C:\Program Files\Android\Android Studio\jbr\bin\java.exe
0x00007ff9ad830000 - 0x00007ff9ada28000 	C:\WINDOWS\SYSTEM32\ntdll.dll
0x00007ff9ad690000 - 0x00007ff9ad74f000 	C:\WINDOWS\System32\KERNEL32.DLL
0x00007ff9ab450000 - 0x00007ff9ab722000 	C:\WINDOWS\System32\KERNELBASE.dll
0x00007ff9ab060000 - 0x00007ff9ab160000 	C:\WINDOWS\System32\ucrtbase.dll
0x00007ff98cb70000 - 0x00007ff98cb8b000 	C:\Program Files\Android\Android Studio\jbr\bin\VCRUNTIME140.dll
0x00007ff98cb10000 - 0x00007ff98cb27000 	C:\Program Files\Android\Android Studio\jbr\bin\jli.dll
0x00007ff9ac540000 - 0x00007ff9ac6e1000 	C:\WINDOWS\System32\USER32.dll
0x00007ff9ab030000 - 0x00007ff9ab052000 	C:\WINDOWS\System32\win32u.dll
0x00007ff9ac850000 - 0x00007ff9ac87b000 	C:\WINDOWS\System32\GDI32.dll
0x00007ff9aaf20000 - 0x00007ff9ab02f000 	C:\WINDOWS\System32\gdi32full.dll
0x00007ff9ab1e0000 - 0x00007ff9ab27d000 	C:\WINDOWS\System32\msvcp_win.dll
0x00007ff99c760000 - 0x00007ff99c9fa000 	C:\WINDOWS\WinSxS\amd64_microsoft.windows.common-controls_6595b64144ccf1df_6.0.19041.1110_none_60b5254171f9507e\COMCTL32.dll
0x00007ff9ac490000 - 0x00007ff9ac52e000 	C:\WINDOWS\System32\msvcrt.dll
0x00007ff9ac810000 - 0x00007ff9ac842000 	C:\WINDOWS\System32\IMM32.DLL
0x00007ff9a3250000 - 0x00007ff9a325c000 	C:\Program Files\Android\Android Studio\jbr\bin\vcruntime140_1.dll
0x00007ff9744b0000 - 0x00007ff97453d000 	C:\Program Files\Android\Android Studio\jbr\bin\msvcp140.dll
0x00007ff973720000 - 0x00007ff9742dc000 	C:\Program Files\Android\Android Studio\jbr\bin\server\jvm.dll
0x00007ff9accc0000 - 0x00007ff9acd6e000 	C:\WINDOWS\System32\ADVAPI32.dll
0x00007ff9ad750000 - 0x00007ff9ad7ec000 	C:\WINDOWS\System32\sechost.dll
0x00007ff9ad3a0000 - 0x00007ff9ad4c5000 	C:\WINDOWS\System32\RPCRT4.dll
0x00007ff9ac880000 - 0x00007ff9ac888000 	C:\WINDOWS\System32\PSAPI.DLL
0x00007ff9a2620000 - 0x00007ff9a262a000 	C:\WINDOWS\SYSTEM32\VERSION.dll
0x00007ff9a2630000 - 0x00007ff9a2657000 	C:\WINDOWS\SYSTEM32\WINMM.dll
0x00007ff9a4820000 - 0x00007ff9a4829000 	C:\WINDOWS\SYSTEM32\WSOCK32.dll
0x00007ff9ad2d0000 - 0x00007ff9ad33b000 	C:\WINDOWS\System32\ws2_32.DLL
0x00007ff9a9770000 - 0x00007ff9a9782000 	C:\WINDOWS\SYSTEM32\kernel.appcore.dll
0x00007ff9a4810000 - 0x00007ff9a4820000 	C:\Program Files\Android\Android Studio\jbr\bin\verify.dll
0x00007ff9a9550000 - 0x00007ff9a9734000 	C:\WINDOWS\SYSTEM32\DBGHELP.DLL
0x00007ff999900000 - 0x00007ff999935000 	C:\WINDOWS\SYSTEM32\dbgcore.DLL
0x00007ff9ab730000 - 0x00007ff9ab7b2000 	C:\WINDOWS\System32\bcryptPrimitives.dll
0x00007ff9a3db0000 - 0x00007ff9a3dd8000 	C:\Program Files\Android\Android Studio\jbr\bin\java.dll
0x00007ff9a4800000 - 0x00007ff9a480a000 	C:\Program Files\Android\Android Studio\jbr\bin\jimage.dll
0x00007ff9a2580000 - 0x00007ff9a2598000 	C:\Program Files\Android\Android Studio\jbr\bin\zip.dll
0x00007ff9ab870000 - 0x00007ff9abfb4000 	C:\WINDOWS\System32\SHELL32.dll
0x00007ff9a8cf0000 - 0x00007ff9a9482000 	C:\WINDOWS\SYSTEM32\windows.storage.dll
0x00007ff9acdf0000 - 0x00007ff9ad145000 	C:\WINDOWS\System32\combase.dll
0x00007ff9aa980000 - 0x00007ff9aa9b0000 	C:\WINDOWS\SYSTEM32\Wldp.dll
0x00007ff9ac9c0000 - 0x00007ff9aca6d000 	C:\WINDOWS\System32\SHCORE.dll
0x00007ff9ad340000 - 0x00007ff9ad395000 	C:\WINDOWS\System32\shlwapi.dll
0x00007ff9aae60000 - 0x00007ff9aae7f000 	C:\WINDOWS\SYSTEM32\profapi.dll
0x00007ff9a2560000 - 0x00007ff9a2579000 	C:\Program Files\Android\Android Studio\jbr\bin\net.dll
0x00007ff9a17d0000 - 0x00007ff9a18dc000 	C:\WINDOWS\SYSTEM32\WINHTTP.dll
0x00007ff9aa6e0000 - 0x00007ff9aa74a000 	C:\WINDOWS\system32\mswsock.dll
0x00007ff9a24f0000 - 0x00007ff9a2503000 	C:\Program Files\Android\Android Studio\jbr\bin\nio.dll
0x00007ff999530000 - 0x00007ff999557000 	C:\Users\dwise\.gradle\native\e1d6ef7f7dcc3fd88c89a11ec53ec762bb8ba0a96d01ffa2cd45eb1d1d8dd5c5\windows-amd64\native-platform.dll
0x00007ff962030000 - 0x00007ff962174000 	C:\Users\dwise\.gradle\native\0d407fdbe67a94daf76414ababcb853783967236a71b16ec16e742cd7a986fd3\windows-amd64\native-platform-file-events.dll
0x00007ff9a47e0000 - 0x00007ff9a47ea000 	C:\Program Files\Android\Android Studio\jbr\bin\management.dll
0x00007ff9a2270000 - 0x00007ff9a227b000 	C:\Program Files\Android\Android Studio\jbr\bin\management_ext.dll
0x00007ff9aa8e0000 - 0x00007ff9aa8f8000 	C:\WINDOWS\SYSTEM32\CRYPTSP.dll
0x00007ff9a9f20000 - 0x00007ff9a9f54000 	C:\WINDOWS\system32\rsaenh.dll
0x00007ff9ab1b0000 - 0x00007ff9ab1d7000 	C:\WINDOWS\System32\bcrypt.dll
0x00007ff9aae20000 - 0x00007ff9aae4e000 	C:\WINDOWS\SYSTEM32\USERENV.dll
0x00007ff9aa8d0000 - 0x00007ff9aa8dc000 	C:\WINDOWS\SYSTEM32\CRYPTBASE.dll
0x00007ff9aa360000 - 0x00007ff9aa39b000 	C:\WINDOWS\SYSTEM32\IPHLPAPI.DLL
0x00007ff9ac530000 - 0x00007ff9ac538000 	C:\WINDOWS\System32\NSI.dll
0x00007ff9a1a60000 - 0x00007ff9a1a77000 	C:\WINDOWS\SYSTEM32\dhcpcsvc6.DLL
0x00007ff9a1b60000 - 0x00007ff9a1b7d000 	C:\WINDOWS\SYSTEM32\dhcpcsvc.DLL
0x00007ff9aa3c0000 - 0x00007ff9aa48a000 	C:\WINDOWS\SYSTEM32\DNSAPI.dll

dbghelp: loaded successfully - version: 4.0.5 - missing functions: none
symbol engine: initialized successfully - sym options: 0x614 - pdb path: .;C:\Program Files\Android\Android Studio\jbr\bin;C:\WINDOWS\SYSTEM32;C:\WINDOWS\WinSxS\amd64_microsoft.windows.common-controls_6595b64144ccf1df_6.0.19041.1110_none_60b5254171f9507e;C:\Program Files\Android\Android Studio\jbr\bin\server;C:\Users\dwise\.gradle\native\e1d6ef7f7dcc3fd88c89a11ec53ec762bb8ba0a96d01ffa2cd45eb1d1d8dd5c5\windows-amd64;C:\Users\dwise\.gradle\native\0d407fdbe67a94daf76414ababcb853783967236a71b16ec16e742cd7a986fd3\windows-amd64

VM Arguments:
jvm_args: --add-opens=java.base/java.util=ALL-UNNAMED --add-opens=java.base/java.lang=ALL-UNNAMED --add-opens=java.base/java.lang.invoke=ALL-UNNAMED --add-opens=java.base/java.util=ALL-UNNAMED --add-opens=java.prefs/java.util.prefs=ALL-UNNAMED --add-opens=java.prefs/java.util.prefs=ALL-UNNAMED --add-opens=java.base/java.nio.charset=ALL-UNNAMED --add-opens=java.base/java.net=ALL-UNNAMED --add-opens=java.base/java.util.concurrent.atomic=ALL-UNNAMED -Xmx2048m -Dfile.encoding=UTF-8 -Duser.country=ID -Duser.language=en -Duser.variant 
java_command: org.gradle.launcher.daemon.bootstrap.GradleDaemon 7.5
java_class_path (initial): C:\Users\dwise\.gradle\wrapper\dists\gradle-7.5-bin\f1w0cc9nuo0eivz97x2xlu9sv\gradle-7.5\lib\gradle-launcher-7.5.jar
Launcher Type: SUN_STANDARD

[Global flags]
     intx CICompilerCount                          = 3                                         {product} {ergonomic}
     uint ConcGCThreads                            = 1                                         {product} {ergonomic}
     uint G1ConcRefinementThreads                  = 4                                         {product} {ergonomic}
   size_t G1HeapRegionSize                         = 1048576                                   {product} {ergonomic}
    uintx GCDrainStackTargetSize                   = 64                                        {product} {ergonomic}
   size_t InitialHeapSize                          = 58720256                                  {product} {ergonomic}
   size_t MarkStackSize                            = 4194304                                   {product} {ergonomic}
   size_t MaxHeapSize                              = 2147483648                                {product} {command line}
   size_t MaxNewSize                               = 1287651328                                {product} {ergonomic}
   size_t MinHeapDeltaBytes                        = 1048576                                   {product} {ergonomic}
    uintx NonNMethodCodeHeapSize                   = 5830732                                {pd product} {ergonomic}
    uintx NonProfiledCodeHeapSize                  = 122913754                              {pd product} {ergonomic}
    uintx ProfiledCodeHeapSize                     = 122913754                              {pd product} {ergonomic}
    uintx ReservedCodeCacheSize                    = 251658240                              {pd product} {ergonomic}
     bool SegmentedCodeCache                       = true                                      {product} {ergonomic}
     bool UseCompressedClassPointers               = true                                 {lp64_product} {ergonomic}
     bool UseCompressedOops                        = true                                 {lp64_product} {ergonomic}
     bool UseG1GC                                  = true                                      {product} {ergonomic}
     bool UseLargePagesIndividualAllocation        = false                                  {pd product} {ergonomic}

Logging:
Log output configuration:
 #0: stdout all=warning uptime,level,tags
 #1: stderr all=off uptime,level,tags

Environment Variables:
PATH=C:\Python310\Scripts\;C:\Python310\;C:\Program Files (x86)\Common Files\Intel\Shared Files\cpp\bin\Intel64;C:\Program Files\Eclipse Adoptium\jdk-17.0.1.12-hotspot\bin;C:\WINDOWS\system32;C:\WINDOWS;C:\WINDOWS\System32\Wbem;C:\WINDOWS\System32\WindowsPowerShell\v1.0\;C:\WINDOWS\System32\OpenSSH\;C:\Program Files\Git\cmd;C:\xampp\php;C:\composer;C:\Program Files\Dart\dart-sdk\bin;C:\Program Files\nodejs\;C:\ProgramData\chocolatey\bin;C:\Users\dwise\AppData\Local\Programs\Python\Python38\Scripts\;C:\Users\dwise\AppData\Local\Programs\Python\Python38\;C:\Users\dwise\AppData\Local\Microsoft\WindowsApps;C:\Users\dwise\AppData\Local\Programs\Microsoft VS Code\bin;C:\Users\dwise\AppData\Local\GitHubDesktop\bin;C:\Users\dwise\AppData\Roaming\Composer\vendor\bin;C:\Users\dwise\OneDrive\Documents\flutter\flutter\bin;C:\Users\dwise\AppData\Roaming\npm
USERNAME=dwise
OS=Windows_NT
PROCESSOR_IDENTIFIER=AMD64 Family 22 Model 48 Stepping 1, AuthenticAMD



---------------  S Y S T E M  ---------------

OS: Windows 10 , 64 bit Build 19041 (10.0.19041.2364)
OS uptime: 1 days 10:55 hours

CPU:total 4 (initial active 4) (4 cores per cpu, 1 threads per core) family 22 model 48 stepping 1 microcode 0x0, cmov, cx8, fxsr, mmx, sse, sse2, sse3, ssse3, sse4.1, sse4.2, popcnt, avx, aes, clmul, mmxext, 3dnowpref, lzcnt, sse4a, tsc, tscinvbit, tscinv, bmi1

Memory: 4k page, system-wide physical 3550M (128M free)
TotalPageFile size 14302M (AvailPageFile size 7M)
current process WorkingSet (physical memory assigned to process): 167M, peak: 167M
current process commit charge ("private bytes"): 204M, peak: 218M

vm_info: OpenJDK 64-Bit Server VM (11.0.15+0-b2043.56-9505619) for windows-amd64 JRE (11.0.15+0-b2043.56-9505619), built on Jan 19 2023 02:48:00 by "builduser" with unknown MS VC++:1929

END.
